#
# There is insufficient memory for the Java Runtime Environment to continue.
# Native memory allocation (mmap) failed to map 132120576 bytes for G1 virtual space
# Possible reasons:
#   The system is out of physical RAM or swap space
#   The process is running with CompressedOops enabled, and the Java Heap may be blocking the growth of the native heap
# Possible solutions:
#   Reduce memory load on the system
#   Increase physical memory or swap space
#   Check if swap backing store is full
#   Decrease Java heap size (-Xmx/-Xms)
#   Decrease number of Java threads
#   Decrease Java thread stack sizes (-Xss)
#   Set larger code cache with -XX:ReservedCodeCacheSize=
#   JVM is running with Unscaled Compressed Oops mode in which the Java heap is
#     placed in the first 4GB address space. The Java Heap base address is the
#     maximum limit for the native heap growth. Please use -XX:HeapBaseMinAddress
#     to set the Java Heap base and to place the Java Heap above 4GB virtual address.
# This output file may be truncated or incomplete.
#
#  Out of Memory Error (os_windows.cpp:3769), pid=5820, tid=860
#
# JRE version:  (17.0.6) (build )
# Java VM: OpenJDK 64-Bit Server VM (17.0.6+0-b2043.56-10027231, mixed mode, sharing, tiered, compressed oops, compressed class ptrs, g1 gc, windows-amd64)
# No core dump will be written. Minidumps are not enabled by default on client versions of Windows
#

---------------  S U M M A R Y ------------

Command Line: org.jetbrains.kotlin.cli.jvm.K2JVMCompiler @C:\Users\Rizky\StudioProjects\MacroGroup6\app\build\20231011_7239006633813317636.compiler.options

Host: Intel(R) Core(TM) i7-3770 CPU @ 3.40GHz, 8 cores, 7G,  Windows 10 , 64 bit Build 19041 (10.0.19041.3393)
Time: Wed Oct 11 21:41:06 2023 SE Asia Standard Time elapsed time: 0.020160 seconds (0d 0h 0m 0s)

---------------  T H R E A D  ---------------

Current thread (0x000002195af1dff0):  JavaThread "Unknown thread" [_thread_in_vm, id=860, stack(0x000000667b500000,0x000000667b600000)]

Stack: [0x000000667b500000,0x000000667b600000]
Native frames: (J=compiled Java code, j=interpreted, Vv=VM code, C=native code)
V  [jvm.dll+0x683c9a]
V  [jvm.dll+0x8427a4]
V  [jvm.dll+0x843f9e]
V  [jvm.dll+0x844603]
V  [jvm.dll+0x249b75]
V  [jvm.dll+0x680b69]
V  [jvm.dll+0x67505a]
V  [jvm.dll+0x309acb]
V  [jvm.dll+0x310f86]
V  [jvm.dll+0x3608ee]
V  [jvm.dll+0x360b1f]
V  [jvm.dll+0x2dfbf8]
V  [jvm.dll+0x2e0b64]
V  [jvm.dll+0x814091]
V  [jvm.dll+0x36e6a1]
V  [jvm.dll+0x7f35cc]
V  [jvm.dll+0x3f0e8f]
V  [jvm.dll+0x3f29d1]
C  [jli.dll+0x526b]
C  [ucrtbase.dll+0x21bb2]
C  [KERNEL32.DLL+0x17344]
C  [ntdll.dll+0x526b1]


---------------  P R O C E S S  ---------------

Threads class SMR info:
_java_thread_list=0x00007ffc5af4c058, length=0, elements={
}

Java Threads: ( => current thread )

Other Threads:
  0x000002195d007760 GCTaskThread "GC Thread#0" [stack: 0x000000667b600000,0x000000667b700000] [id=11772]
  0x000002195d0192b0 ConcurrentGCThread "G1 Main Marker" [stack: 0x000000667b700000,0x000000667b800000] [id=13336]
  0x000002195d01a460 ConcurrentGCThread "G1 Conc#0" [stack: 0x000000667b800000,0x000000667b900000] [id=7824]

[error occurred during error reporting (printing all threads), id 0xc0000005, EXCEPTION_ACCESS_VIOLATION (0xc0000005) at pc=0x00007ffc5a700797]

VM state: not at safepoint (not fully initialized)

VM Mutex/Monitor currently owned by a thread:  ([mutex/lock_event])
[0x000002195af1ab60] Heap_lock - owner thread: 0x000002195af1dff0

Heap address: 0x0000000082000000, size: 2016 MB, Compressed Oops mode: 32-bit

CDS archive(s) mapped at: [0x0000000000000000-0x0000000000000000-0x0000000000000000), size 0, SharedBaseAddress: 0x0000000800000000, ArchiveRelocationMode: 0.
Narrow klass base: 0x0000000000000000, Narrow klass shift: 0, Narrow klass range: 0x0

GC Precious Log:
<Empty>

Heap:
 garbage-first heap   total 0K, used 0K [0x0000000082000000, 0x0000000100000000)
  region size 1024K, 0 young (0K), 0 survivors (0K)

[error occurred during error reporting (printing heap information), id 0xc0000005, EXCEPTION_ACCESS_VIOLATION (0xc0000005) at pc=0x00007ffc5aaeda89]

GC Heap History (0 events):
No events

Dll operation events (1 events):
Event: 0.012 Loaded shared library C:\Program Files\Android\Android Studio\jbr\bin\java.dll

Deoptimization events (0 events):
No events

Classes unloaded (0 events):
No events

Classes redefined (0 events):
No events

Internal exceptions (0 events):
No events

VM Operations (0 events):
No events

Events (0 events):
No events


Dynamic libraries:
0x00007ff610a60000 - 0x00007ff610a6a000 	C:\Program Files\Android\Android Studio\jbr\bin\java.exe
0x00007ffc88610000 - 0x00007ffc88808000 	C:\WINDOWS\SYSTEM32\ntdll.dll
0x00007ffc87380000 - 0x00007ffc8743d000 	C:\WINDOWS\System32\KERNEL32.DLL
0x00007ffc861e0000 - 0x00007ffc864d6000 	C:\WINDOWS\System32\KERNELBASE.dll
0x00007ffc860e0000 - 0x00007ffc861e0000 	C:\WINDOWS\System32\ucrtbase.dll
0x00007ffc7f880000 - 0x00007ffc7f897000 	C:\Program Files\Android\Android Studio\jbr\bin\jli.dll
0x00007ffc736b0000 - 0x00007ffc736cb000 	C:\Program Files\Android\Android Studio\jbr\bin\VCRUNTIME140.dll
0x00007ffc870f0000 - 0x00007ffc8728e000 	C:\WINDOWS\System32\USER32.dll
0x00007ffc85d90000 - 0x00007ffc85db2000 	C:\WINDOWS\System32\win32u.dll
0x00007ffc727d0000 - 0x00007ffc72a6a000 	C:\WINDOWS\WinSxS\amd64_microsoft.windows.common-controls_6595b64144ccf1df_6.0.19041.1110_none_60b5254171f9507e\COMCTL32.dll
0x00007ffc88070000 - 0x00007ffc8809c000 	C:\WINDOWS\System32\GDI32.dll
0x00007ffc86f20000 - 0x00007ffc86fbe000 	C:\WINDOWS\System32\msvcrt.dll
0x00007ffc864e0000 - 0x00007ffc865fa000 	C:\WINDOWS\System32\gdi32full.dll
0x00007ffc85cf0000 - 0x00007ffc85d8d000 	C:\WINDOWS\System32\msvcp_win.dll
0x00007ffc866f0000 - 0x00007ffc86720000 	C:\WINDOWS\System32\IMM32.DLL
0x00007ffc7f870000 - 0x00007ffc7f87c000 	C:\Program Files\Android\Android Studio\jbr\bin\vcruntime140_1.dll
0x00007ffc5df50000 - 0x00007ffc5dfdd000 	C:\Program Files\Android\Android Studio\jbr\bin\msvcp140.dll
0x00007ffc5a410000 - 0x00007ffc5b07e000 	C:\Program Files\Android\Android Studio\jbr\bin\server\jvm.dll
0x00007ffc86e70000 - 0x00007ffc86f1e000 	C:\WINDOWS\System32\ADVAPI32.dll
0x00007ffc880a0000 - 0x00007ffc8813c000 	C:\WINDOWS\System32\sechost.dll
0x00007ffc88140000 - 0x00007ffc88266000 	C:\WINDOWS\System32\RPCRT4.dll
0x00007ffc79370000 - 0x00007ffc79379000 	C:\WINDOWS\SYSTEM32\WSOCK32.dll
0x00007ffc874a0000 - 0x00007ffc8750b000 	C:\WINDOWS\System32\WS2_32.dll
0x00007ffc7b7e0000 - 0x00007ffc7b807000 	C:\WINDOWS\SYSTEM32\WINMM.dll
0x00007ffc7f940000 - 0x00007ffc7f94a000 	C:\WINDOWS\SYSTEM32\VERSION.dll
0x00007ffc83b60000 - 0x00007ffc83b72000 	C:\WINDOWS\SYSTEM32\kernel.appcore.dll
0x00007ffc81ab0000 - 0x00007ffc81aba000 	C:\Program Files\Android\Android Studio\jbr\bin\jimage.dll
0x00007ffc7e840000 - 0x00007ffc7ea24000 	C:\WINDOWS\SYSTEM32\DBGHELP.DLL
0x00007ffc70890000 - 0x00007ffc708c4000 	C:\WINDOWS\SYSTEM32\dbgcore.DLL
0x00007ffc86000000 - 0x00007ffc86082000 	C:\WINDOWS\System32\bcryptPrimitives.dll
0x00007ffc80440000 - 0x00007ffc80465000 	C:\Program Files\Android\Android Studio\jbr\bin\java.dll

dbghelp: loaded successfully - version: 4.0.5 - missing functions: none
symbol engine: initialized successfully - sym options: 0x614 - pdb path: .;C:\Program Files\Android\Android Studio\jbr\bin;C:\WINDOWS\SYSTEM32;C:\WINDOWS\WinSxS\amd64_microsoft.windows.common-controls_6595b64144ccf1df_6.0.19041.1110_none_60b5254171f9507e;C:\Program Files\Android\Android Studio\jbr\bin\server

VM Arguments:
java_command: org.jetbrains.kotlin.cli.jvm.K2JVMCompiler @C:\Users\Rizky\StudioProjects\MacroGroup6\app\build\20231011_7239006633813317636.compiler.options
java_class_path (initial): C:\Users\Rizky\.gradle\caches\modules-2\files-2.1\org.jetbrains.kotlin\kotlin-compiler-embeddable\1.9.0\2c8c3a7402becca891f12739b3e9fd2dc2adbd7a\kotlin-compiler-embeddable-1.9.0.jar;C:\Users\Rizky\.gradle\caches\modules-2\files-2.1\org.jetbrains.kotlin\kotlin-stdlib\1.9.0\8ee15ef0c67dc83d874f412d84378d7f0eb50b63\kotlin-stdlib-1.9.0.jar;C:\Users\Rizky\.gradle\caches\modules-2\files-2.1\org.jetbrains.kotlin\kotlin-script-runtime\1.9.0\4b3102cbbb7e1b58d9d1adf89563f00069ffa7d1\kotlin-script-runtime-1.9.0.jar;C:\Users\Rizky\.gradle\caches\modules-2\files-2.1\org.jetbrains.kotlin\kotlin-reflect\1.6.10\1cbe9c92c12a94eea200d23c2bbaedaf3daf5132\kotlin-reflect-1.6.10.jar;C:\Users\Rizky\.gradle\caches\modules-2\files-2.1\org.jetbrains.kotlin\kotlin-daemon-embeddable\1.9.0\186543f5e28cf8d9a0290fecc2cf34301c40a65c\kotlin-daemon-embeddable-1.9.0.jar;C:\Users\Rizky\.gradle\caches\modules-2\files-2.1\org.jetbrains.intellij.deps\trove4j\1.0.20200330\3afb14d5f9ceb459d724e907a21145e8ff394f02\trove4j-1.0.20200330.jar;C:\Users\Rizky\.gradle\caches\modules-2\files-2.1\org.jetbrains.kotlin\kotlin-stdlib-common\1.9.0\cd65c21cfd1eec4d44ef09f9f52b6d9f8a720636\kotlin-stdlib-common-1.9.0.jar;C:\Users\Rizky\.gradle\caches\modules-2\files-2.1\org.jetbrains\annotations\13.0\919f0dfe192fb4e063e7dacadee7f8bb9a2672a9\annotations-13.0.jar
Launcher Type: SUN_STANDARD

[Global flags]
     intx CICompilerCount                          = 4                                         {product} {ergonomic}
     uint ConcGCThreads                            = 2                                         {product} {ergonomic}
     uint G1ConcRefinementThreads                  = 8                                         {product} {ergonomic}
   size_t G1HeapRegionSize                         = 1048576                                   {product} {ergonomic}
    uintx GCDrainStackTargetSize                   = 64                                        {product} {ergonomic}
   size_t InitialHeapSize                          = 132120576                                 {product} {ergonomic}
   size_t MarkStackSize                            = 4194304                                   {product} {ergonomic}
   size_t MaxHeapSize                              = 2113929216                                {product} {ergonomic}
   size_t MinHeapDeltaBytes                        = 1048576                                   {product} {ergonomic}
   size_t MinHeapSize                              = 8388608                                   {product} {ergonomic}
    uintx NonNMethodCodeHeapSize                   = 5839372                                {pd product} {ergonomic}
    uintx NonProfiledCodeHeapSize                  = 122909434                              {pd product} {ergonomic}
    uintx ProfiledCodeHeapSize                     = 122909434                              {pd product} {ergonomic}
    uintx ReservedCodeCacheSize                    = 251658240                              {pd product} {ergonomic}
     bool SegmentedCodeCache                       = true                                      {product} {ergonomic}
   size_t SoftMaxHeapSize                          = 2113929216                             {manageable} {ergonomic}
     bool UseCompressedClassPointers               = true                           {product lp64_product} {ergonomic}
     bool UseCompressedOops                        = true                           {product lp64_product} {ergonomic}
     bool UseG1GC                                  = true                                      {product} {ergonomic}
     bool UseLargePagesIndividualAllocation        = false                                  {pd product} {ergonomic}

Logging:
Log output configuration:
 #0: stdout all=warning uptime,level,tags
 #1: stderr all=off uptime,level,tags

Environment Variables:
JAVA_HOME=C:\Program Files\Java\jdk-17.0.1
CLASSPATH=.;
PATH=C:\Program Files\Eclipse Adoptium\jdk-17.0.7.7-hotspot\bin;C:\Program Files (x86)\Common Files\Oracle\Java\javapath;C:\Program Files (x86)\NVIDIA Corporation\PhysX\Common;C:\Python310\Scripts\;C:\Python310\;C:\Program Files\Common Files\Oracle\Java\javapath;C:\WINDOWS\system32;C:\WINDOWS;C:\WINDOWS\System32\Wbem;C:\WINDOWS\System32\WindowsPowerShell\v1.0\;C:\WINDOWS\System32\OpenSSH\;C:\ProgramData\chocolatey\bin;C:\Users\Rizky\AppData\Local\Android\Sdk;C:\Users\Rizky\AppData\Local\Android\Sdk\platform-tools;C:\Program Files\Java\jdk1.8.0_211\bin;C:\Program Files\Java\jdk1.8.0_202\bin;C:\xampp\php;C:\ProgramData\ComposerSetup\bin;C:\Users\Rizky\AppData\Local\Android\Sdk\platform-tools;C:\Program Files\nodejs\;C:\Program Files\MongoDB\Server\5.0\bin;C:\Program Files\PowerShell\7\;C:\Program Files\Git\cmd;C:\hadoop\bin;C:\Windows\system32\cmd.exe\bin;C:\hadoop\sbin;C:\Python310;C:\xampp\htdocs\frontend-programming\movie-database\node_modules;";C:\Program Files\Java\jdk-17.0.1\bin";C:\Gradle\gradle-8.1.1\bin;C:\Users\Rizky\AppData\Local\Microsoft\WindowsApps;C:\Users\Rizky\AppData\Local\Android\Sdk\platform-tools;C:\Users\Rizky\AppData\Local\Programs\Microsoft VS Code\bin;C:\Users\Rizky\AppData\Roaming\Composer\vendor\bin;C:\Users\Rizky\AppData\Roaming\npm;C:\src\flutter\bin;C:\xampp\htdocs\frontend-programming\movie-database\node_modules;
USERNAME=Rizky
OS=Windows_NT
PROCESSOR_IDENTIFIER=Intel64 Family 6 Model 58 Stepping 9, GenuineIntel
TMP=C:\Users\Rizky\AppData\Local\Temp
TEMP=C:\Users\Rizky\AppData\Local\Temp


JNI global refs:

[error occurred during error reporting (JNI global references), id 0xc0000005, EXCEPTION_ACCESS_VIOLATION (0xc0000005) at pc=0x00007ffc5a4c7a10]


---------------  S Y S T E M  ---------------

OS:
 Windows 10 , 64 bit Build 19041 (10.0.19041.3393)
OS uptime: 0 days 11:44 hours
Hyper-V role detected

CPU: total 8 (initial active 8) (4 cores per cpu, 2 threads per core) family 6 model 58 stepping 9 microcode 0x21, cx8, cmov, fxsr, ht, mmx, sse, sse2, sse3, ssse3, sse4.1, sse4.2, popcnt, tsc, tscinvbit, avx, aes, erms, clmul, vzeroupper, clflush, hv

Memory: 4k page, system-wide physical 8063M (489M free)
TotalPageFile size 18303M (AvailPageFile size 121M)
current process WorkingSet (physical memory assigned to process): 10M, peak: 10M
current process commit charge ("private bytes"): 60M, peak: 186M

vm_info: OpenJDK 64-Bit Server VM (17.0.6+0-b2043.56-10027231) for windows-amd64 JRE (17.0.6+0-b2043.56-10027231), built on Apr 28 2023 00:43:19 by "androidbuild" with MS VC++ 16.10 / 16.11 (VS2019)

END.
