#
# There is insufficient memory for the Java Runtime Environment to continue.
# Native memory allocation (mmap) failed to map 28311552 bytes for G1 virtual space
# Possible reasons:
#   The system is out of physical RAM or swap space
#   The process is running with CompressedOops enabled, and the Java Heap may be blocking the growth of the native heap
# Possible solutions:
#   Reduce memory load on the system
#   Increase physical memory or swap space
#   Check if swap backing store is full
#   Decrease Java heap size (-Xmx/-Xms)
#   Decrease number of Java threads
#   Decrease Java thread stack sizes (-Xss)
#   Set larger code cache with -XX:ReservedCodeCacheSize=
#   JVM is running with Unscaled Compressed Oops mode in which the Java heap is
#     placed in the first 4GB address space. The Java Heap base address is the
#     maximum limit for the native heap growth. Please use -XX:HeapBaseMinAddress
#     to set the Java Heap base and to place the Java Heap above 4GB virtual address.
# This output file may be truncated or incomplete.
#
#  Out of Memory Error (os_windows.cpp:3469), pid=8708, tid=2820
#
# JRE version: Java(TM) SE Runtime Environment (17.0.1+12) (build 17.0.1+12-LTS-39)
# Java VM: Java HotSpot(TM) 64-Bit Server VM (17.0.1+12-LTS-39, mixed mode, sharing, tiered, compressed oops, compressed class ptrs, g1 gc, windows-amd64)
# No core dump will be written. Minidumps are not enabled by default on client versions of Windows
#

---------------  S U M M A R Y ------------

Command Line: --add-opens=java.base/java.util=ALL-UNNAMED --add-opens=java.base/java.lang=ALL-UNNAMED --add-opens=java.base/java.lang.invoke=ALL-UNNAMED --add-opens=java.prefs/java.util.prefs=ALL-UNNAMED --add-opens=java.base/java.nio.charset=ALL-UNNAMED --add-opens=java.base/java.net=ALL-UNNAMED --add-opens=java.base/java.util.concurrent.atomic=ALL-UNNAMED -Xmx2048m -Dfile.encoding=UTF-8 -Duser.country=ID -Duser.language=en -Duser.variant org.gradle.launcher.daemon.bootstrap.GradleDaemon 8.0

Host: Intel(R) Core(TM) i7-3770 CPU @ 3.40GHz, 8 cores, 7G,  Windows 10 , 64 bit Build 19041 (10.0.19041.3393)
Time: Wed Oct 11 21:49:30 2023 SE Asia Standard Time elapsed time: 16.870782 seconds (0d 0h 0m 16s)

---------------  T H R E A D  ---------------

Current thread (0x000001beffdd4d40):  VMThread "VM Thread" [stack: 0x0000003412700000,0x0000003412800000] [id=2820]

Stack: [0x0000003412700000,0x0000003412800000]
Native frames: (J=compiled Java code, j=interpreted, Vv=VM code, C=native code)
V  [jvm.dll+0x66fa1a]
V  [jvm.dll+0x7ce5a4]
V  [jvm.dll+0x7cfd4e]
V  [jvm.dll+0x7d03b3]
V  [jvm.dll+0x242b05]
V  [jvm.dll+0x66ca39]
V  [jvm.dll+0x661502]
V  [jvm.dll+0x30081b]
V  [jvm.dll+0x307da6]
V  [jvm.dll+0x357a1e]
V  [jvm.dll+0x357c4f]
V  [jvm.dll+0x2d7ad8]
V  [jvm.dll+0x2dab56]
V  [jvm.dll+0x2e5198]
V  [jvm.dll+0x318f20]
V  [jvm.dll+0x7d484b]
V  [jvm.dll+0x7d5584]
V  [jvm.dll+0x7d5a9c]
V  [jvm.dll+0x7d5e74]
V  [jvm.dll+0x7d5f40]
V  [jvm.dll+0x77e91a]
V  [jvm.dll+0x66e845]
C  [ucrtbase.dll+0x21bb2]
C  [KERNEL32.DLL+0x17344]
C  [ntdll.dll+0x526b1]

VM_Operation (0x00000034123ffab0): G1Concurrent, mode: safepoint, requested by thread 0x000001bee7d11ec0


---------------  P R O C E S S  ---------------

Threads class SMR info:
_java_thread_list=0x000001be8c5d7010, length=128, elements={
0x000001bee7cc0b80, 0x000001beffdd8fe0, 0x000001beffdda500, 0x000001beffdebf60,
0x000001beffdeda30, 0x000001beffdf0800, 0x000001beffdf10c0, 0x000001beffdf2500,
0x000001beffdf3ec0, 0x000001beffdfcc20, 0x000001be868c3920, 0x000001be868c8620,
0x000001be87de57a0, 0x000001be89ab5a20, 0x000001be88027b60, 0x000001be88d6b020,
0x000001be87b993d0, 0x000001be879ecc20, 0x000001be879ed0f0, 0x000001be8885edb0,
0x000001be8885da70, 0x000001be8885e410, 0x000001be888605c0, 0x000001be8885fc20,
0x000001be8885f280, 0x000001be888600f0, 0x000001be8885f750, 0x000001be8885cc00,
0x000001be8885e8e0, 0x000001be8885d0d0, 0x000001be8885df40, 0x000001be8885d5a0,
0x000001be88bf2260, 0x000001be88bf1d90, 0x000001be88bf13f0, 0x000001be88bf3f40,
0x000001be88bf2c00, 0x000001be88bf0f20, 0x000001be88bf18c0, 0x000001be88bf2730,
0x000001be88bf5750, 0x000001be88bf60f0, 0x000001be88bf7430, 0x000001be88bf6f60,
0x000001be88bf0a50, 0x000001be868322a0, 0x000001be86833ab0, 0x000001be86834450,
0x000001be86832c40, 0x000001be86834920, 0x000001be86831dd0, 0x000001be86830f60,
0x000001be86833f80, 0x000001be86831430, 0x000001be86831900, 0x000001be868335e0,
0x000001be86832770, 0x000001be86833110, 0x000001be8916c440, 0x000001be89165590,
0x000001be8916b5d0, 0x000001be89167c10, 0x000001be89166da0, 0x000001be8916bf70,
0x000001be891685b0, 0x000001be8916c910, 0x000001be89167270, 0x000001be89165f30,
0x000001be89169420, 0x000001be89167740, 0x000001be8916cde0, 0x000001be89166400,
0x000001be891680e0, 0x000001be891668d0, 0x000001be89165a60, 0x000001be89168a80,
0x000001be8916baa0, 0x000001be89168f50, 0x000001be891698f0, 0x000001be89169dc0,
0x000001be8916a290, 0x000001be8916a760, 0x000001be8916b100, 0x000001be8916ac30,
0x000001be8a845bc0, 0x000001be8a843070, 0x000001be8a8443b0, 0x000001be8a845220,
0x000001be8a846f00, 0x000001be8a849f20, 0x000001be8a846560, 0x000001be8a8490b0,
0x000001be8a849580, 0x000001be8a844d50, 0x000001be8a846090, 0x000001be8a8478a0,
0x000001be8a84a3f0, 0x000001be8a849a50, 0x000001be8a844880, 0x000001be8a84a8c0,
0x000001be8a8456f0, 0x000001be8a843540, 0x000001be8a846a30, 0x000001be8a8473d0,
0x000001be8a843ee0, 0x000001be8a843a10, 0x000001be8a847d70, 0x000001be8a848240,
0x000001be8a848710, 0x000001be8a848be0, 0x000001be88e03820, 0x000001be88e03cf0,
0x000001be88e06370, 0x000001be88e06d10, 0x000001be88e089f0, 0x000001be88e09860,
0x000001be88e0a200, 0x000001be88e0a6d0, 0x000001be88e09d30, 0x000001be88e059d0,
0x000001be88e04b60, 0x000001be88e05030, 0x000001be88e076b0, 0x000001be88e071e0,
0x000001be88e04690, 0x000001be88e08520, 0x000001be88e05500, 0x000001be88280df0
}

Java Threads: ( => current thread )
  0x000001bee7cc0b80 JavaThread "main" [_thread_blocked, id=12748, stack(0x0000003412100000,0x0000003412200000)]
  0x000001beffdd8fe0 JavaThread "Reference Handler" daemon [_thread_blocked, id=1304, stack(0x0000003412800000,0x0000003412900000)]
  0x000001beffdda500 JavaThread "Finalizer" daemon [_thread_blocked, id=8620, stack(0x0000003412900000,0x0000003412a00000)]
  0x000001beffdebf60 JavaThread "Signal Dispatcher" daemon [_thread_blocked, id=13400, stack(0x0000003412a00000,0x0000003412b00000)]
  0x000001beffdeda30 JavaThread "Attach Listener" daemon [_thread_blocked, id=2144, stack(0x0000003412b00000,0x0000003412c00000)]
  0x000001beffdf0800 JavaThread "Service Thread" daemon [_thread_blocked, id=7340, stack(0x0000003412c00000,0x0000003412d00000)]
  0x000001beffdf10c0 JavaThread "Monitor Deflation Thread" daemon [_thread_blocked, id=9364, stack(0x0000003412d00000,0x0000003412e00000)]
  0x000001beffdf2500 JavaThread "C2 CompilerThread0" daemon [_thread_blocked, id=4244, stack(0x0000003412e00000,0x0000003412f00000)]
  0x000001beffdf3ec0 JavaThread "C1 CompilerThread0" daemon [_thread_blocked, id=11600, stack(0x0000003412f00000,0x0000003413000000)]
  0x000001beffdfcc20 JavaThread "Sweeper thread" daemon [_thread_blocked, id=13528, stack(0x0000003413000000,0x0000003413100000)]
  0x000001be868c3920 JavaThread "Common-Cleaner" daemon [_thread_blocked, id=11156, stack(0x0000003413100000,0x0000003413200000)]
  0x000001be868c8620 JavaThread "Notification Thread" daemon [_thread_blocked, id=13764, stack(0x0000003413200000,0x0000003413300000)]
  0x000001be87de57a0 JavaThread "Daemon health stats" [_thread_blocked, id=3972, stack(0x0000003413900000,0x0000003413a00000)]
  0x000001be89ab5a20 JavaThread "Incoming local TCP Connector on port 54603" [_thread_in_native, id=1188, stack(0x0000003413a00000,0x0000003413b00000)]
  0x000001be88027b60 JavaThread "Daemon periodic checks" [_thread_blocked, id=3124, stack(0x0000003413b00000,0x0000003413c00000)]
  0x000001be88d6b020 JavaThread "Daemon" [_thread_blocked, id=11772, stack(0x0000003413c00000,0x0000003413d00000)]
  0x000001be87b993d0 JavaThread "Handler for socket connection from /127.0.0.1:54603 to /127.0.0.1:54604" [_thread_in_native, id=9056, stack(0x0000003413d00000,0x0000003413e00000)]
  0x000001be879ecc20 JavaThread "Cancel handler" [_thread_blocked, id=10772, stack(0x0000003413e00000,0x0000003413f00000)]
  0x000001be879ed0f0 JavaThread "Daemon worker" [_thread_blocked, id=14612, stack(0x0000003413f00000,0x0000003414000000)]
  0x000001be8885edb0 JavaThread "Asynchronous log dispatcher for DefaultDaemonConnection: socket connection from /127.0.0.1:54603 to /127.0.0.1:54604" [_thread_blocked, id=3384, stack(0x0000003414000000,0x0000003414100000)]
  0x000001be8885da70 JavaThread "Stdin handler" [_thread_blocked, id=14704, stack(0x0000003414100000,0x0000003414200000)]
  0x000001be8885e410 JavaThread "Daemon client event forwarder" [_thread_blocked, id=3876, stack(0x0000003414200000,0x0000003414300000)]
  0x000001be888605c0 JavaThread "Cache worker for journal cache (C:\Users\Rizky\.gradle\caches\journal-1)" [_thread_blocked, id=6328, stack(0x0000003413400000,0x0000003413500000)]
  0x000001be8885fc20 JavaThread "File lock request listener" [_thread_in_native, id=14692, stack(0x0000003414300000,0x0000003414400000)]
  0x000001be8885f280 JavaThread "Cache worker for file hash cache (C:\Users\Rizky\.gradle\caches\8.0\fileHashes)" [_thread_blocked, id=14900, stack(0x0000003414400000,0x0000003414500000)]
  0x000001be888600f0 JavaThread "File watcher server" daemon [_thread_in_native, id=4452, stack(0x0000003414900000,0x0000003414a00000)]
  0x000001be8885f750 JavaThread "File watcher consumer" daemon [_thread_blocked, id=10492, stack(0x0000003414a00000,0x0000003414b00000)]
  0x000001be8885cc00 JavaThread "jar transforms" [_thread_blocked, id=13016, stack(0x0000003414b00000,0x0000003414c00000)]
  0x000001be8885e8e0 JavaThread "jar transforms Thread 2" [_thread_blocked, id=12956, stack(0x0000003414c00000,0x0000003414d00000)]
  0x000001be8885d0d0 JavaThread "jar transforms Thread 3" [_thread_blocked, id=1936, stack(0x0000003414d00000,0x0000003414e00000)]
  0x000001be8885df40 JavaThread "jar transforms Thread 4" [_thread_blocked, id=14536, stack(0x0000003414e00000,0x0000003414f00000)]
  0x000001be8885d5a0 JavaThread "jar transforms Thread 5" [_thread_blocked, id=14668, stack(0x0000003414f00000,0x0000003415000000)]
  0x000001be88bf2260 JavaThread "jar transforms Thread 6" [_thread_blocked, id=7544, stack(0x0000003415000000,0x0000003415100000)]
  0x000001be88bf1d90 JavaThread "jar transforms Thread 7" [_thread_blocked, id=5212, stack(0x0000003415100000,0x0000003415200000)]
  0x000001be88bf13f0 JavaThread "jar transforms Thread 8" [_thread_blocked, id=2624, stack(0x0000003415200000,0x0000003415300000)]
  0x000001be88bf3f40 JavaThread "Cache worker for checksums cache (C:\Users\Rizky\StudioProjects\MacroGroup6\.gradle\8.0\checksums)" [_thread_blocked, id=8384, stack(0x0000003415400000,0x0000003415500000)]
  0x000001be88bf2c00 JavaThread "Cache worker for cache directory md-rule (C:\Users\Rizky\.gradle\caches\8.0\md-rule)" [_thread_blocked, id=1280, stack(0x0000003415500000,0x0000003415600000)]
  0x000001be88bf0f20 JavaThread "Cache worker for file content cache (C:\Users\Rizky\.gradle\caches\8.0\fileContent)" [_thread_blocked, id=5288, stack(0x0000003415600000,0x0000003415700000)]
  0x000001be88bf18c0 JavaThread "Cache worker for file hash cache (C:\Users\Rizky\StudioProjects\MacroGroup6\.gradle\8.0\fileHashes)" [_thread_blocked, id=3708, stack(0x0000003415700000,0x0000003415800000)]
  0x000001be88bf2730 JavaThread "Cache worker for cache directory md-supplier (C:\Users\Rizky\.gradle\caches\8.0\md-supplier)" [_thread_blocked, id=9976, stack(0x0000003415800000,0x0000003415900000)]
  0x000001be88bf5750 JavaThread "Cache worker for execution history cache (C:\Users\Rizky\.gradle\caches\8.0\executionHistory)" [_thread_blocked, id=5216, stack(0x0000003415900000,0x0000003415a00000)]
  0x000001be88bf60f0 JavaThread "Cache worker for kotlin-dsl (C:\Users\Rizky\.gradle\caches\8.0\kotlin-dsl)" [_thread_blocked, id=11160, stack(0x0000003415a00000,0x0000003415b00000)]
  0x000001be88bf7430 JavaThread "Cache worker for dependencies-accessors (C:\Users\Rizky\StudioProjects\MacroGroup6\.gradle\8.0\dependencies-accessors)" [_thread_blocked, id=12864, stack(0x0000003415b00000,0x0000003415c00000)]
  0x000001be88bf6f60 JavaThread "Cache worker for Build Output Cleanup Cache (C:\Users\Rizky\StudioProjects\MacroGroup6\.gradle\buildOutputCleanup)" [_thread_blocked, id=14876, stack(0x0000003415c00000,0x0000003415d00000)]
  0x000001be88bf0a50 JavaThread "Unconstrained build operations" [_thread_blocked, id=14904, stack(0x0000003415d00000,0x0000003415e00000)]
  0x000001be868322a0 JavaThread "Unconstrained build operations Thread 2" [_thread_blocked, id=12624, stack(0x0000003415e00000,0x0000003415f00000)]
  0x000001be86833ab0 JavaThread "Unconstrained build operations Thread 3" [_thread_blocked, id=15264, stack(0x0000003415f00000,0x0000003416000000)]
  0x000001be86834450 JavaThread "Unconstrained build operations Thread 4" [_thread_blocked, id=2968, stack(0x0000003416000000,0x0000003416100000)]
  0x000001be86832c40 JavaThread "Unconstrained build operations Thread 5" [_thread_blocked, id=7600, stack(0x0000003416100000,0x0000003416200000)]
  0x000001be86834920 JavaThread "Unconstrained build operations Thread 6" [_thread_blocked, id=3276, stack(0x0000003416200000,0x0000003416300000)]
  0x000001be86831dd0 JavaThread "Unconstrained build operations Thread 7" [_thread_blocked, id=8924, stack(0x0000003416300000,0x0000003416400000)]
  0x000001be86830f60 JavaThread "Unconstrained build operations Thread 8" [_thread_blocked, id=15092, stack(0x0000003416400000,0x0000003416500000)]
  0x000001be86833f80 JavaThread "Unconstrained build operations Thread 9" [_thread_blocked, id=13420, stack(0x0000003416500000,0x0000003416600000)]
  0x000001be86831430 JavaThread "Unconstrained build operations Thread 10" [_thread_blocked, id=4904, stack(0x0000003416600000,0x0000003416700000)]
  0x000001be86831900 JavaThread "Unconstrained build operations Thread 11" [_thread_blocked, id=3236, stack(0x0000003416700000,0x0000003416800000)]
  0x000001be868335e0 JavaThread "Unconstrained build operations Thread 12" [_thread_blocked, id=8468, stack(0x0000003416800000,0x0000003416900000)]
  0x000001be86832770 JavaThread "Unconstrained build operations Thread 13" [_thread_blocked, id=8660, stack(0x0000003416900000,0x0000003416a00000)]
  0x000001be86833110 JavaThread "Unconstrained build operations Thread 14" [_thread_blocked, id=7100, stack(0x0000003416a00000,0x0000003416b00000)]
  0x000001be8916c440 JavaThread "Unconstrained build operations Thread 15" [_thread_blocked, id=12292, stack(0x0000003416b00000,0x0000003416c00000)]
  0x000001be89165590 JavaThread "Unconstrained build operations Thread 16" [_thread_blocked, id=4644, stack(0x0000003416c00000,0x0000003416d00000)]
  0x000001be8916b5d0 JavaThread "Unconstrained build operations Thread 17" [_thread_blocked, id=3716, stack(0x0000003416d00000,0x0000003416e00000)]
  0x000001be89167c10 JavaThread "Unconstrained build operations Thread 18" [_thread_blocked, id=8556, stack(0x0000003416e00000,0x0000003416f00000)]
  0x000001be89166da0 JavaThread "Unconstrained build operations Thread 19" [_thread_blocked, id=8804, stack(0x0000003416f00000,0x0000003417000000)]
  0x000001be8916bf70 JavaThread "Unconstrained build operations Thread 20" [_thread_blocked, id=14416, stack(0x0000003417000000,0x0000003417100000)]
  0x000001be891685b0 JavaThread "Unconstrained build operations Thread 21" [_thread_blocked, id=4300, stack(0x0000003417100000,0x0000003417200000)]
  0x000001be8916c910 JavaThread "Unconstrained build operations Thread 22" [_thread_blocked, id=8796, stack(0x0000003417200000,0x0000003417300000)]
  0x000001be89167270 JavaThread "Unconstrained build operations Thread 23" [_thread_blocked, id=8224, stack(0x0000003417300000,0x0000003417400000)]
  0x000001be89165f30 JavaThread "Unconstrained build operations Thread 24" [_thread_blocked, id=15028, stack(0x0000003417400000,0x0000003417500000)]
  0x000001be89169420 JavaThread "Unconstrained build operations Thread 25" [_thread_blocked, id=10148, stack(0x0000003417500000,0x0000003417600000)]
  0x000001be89167740 JavaThread "Unconstrained build operations Thread 26" [_thread_blocked, id=3808, stack(0x0000003417600000,0x0000003417700000)]
  0x000001be8916cde0 JavaThread "Unconstrained build operations Thread 27" [_thread_blocked, id=9556, stack(0x0000003417700000,0x0000003417800000)]
  0x000001be89166400 JavaThread "Unconstrained build operations Thread 28" [_thread_blocked, id=7860, stack(0x0000003417800000,0x0000003417900000)]
  0x000001be891680e0 JavaThread "Unconstrained build operations Thread 29" [_thread_blocked, id=13576, stack(0x0000003417900000,0x0000003417a00000)]
  0x000001be891668d0 JavaThread "Unconstrained build operations Thread 30" [_thread_blocked, id=5432, stack(0x0000003417a00000,0x0000003417b00000)]
  0x000001be89165a60 JavaThread "Unconstrained build operations Thread 31" [_thread_blocked, id=4436, stack(0x0000003417b00000,0x0000003417c00000)]
  0x000001be89168a80 JavaThread "Unconstrained build operations Thread 32" [_thread_blocked, id=15180, stack(0x0000003417c00000,0x0000003417d00000)]
  0x000001be8916baa0 JavaThread "Unconstrained build operations Thread 33" [_thread_blocked, id=6580, stack(0x0000003417d00000,0x0000003417e00000)]
  0x000001be89168f50 JavaThread "Unconstrained build operations Thread 34" [_thread_blocked, id=14352, stack(0x0000003417e00000,0x0000003417f00000)]
  0x000001be891698f0 JavaThread "Unconstrained build operations Thread 35" [_thread_blocked, id=13972, stack(0x0000003417f00000,0x0000003418000000)]
  0x000001be89169dc0 JavaThread "Unconstrained build operations Thread 36" [_thread_blocked, id=6512, stack(0x0000003418000000,0x0000003418100000)]
  0x000001be8916a290 JavaThread "Unconstrained build operations Thread 37" [_thread_blocked, id=9104, stack(0x0000003418100000,0x0000003418200000)]
  0x000001be8916a760 JavaThread "Unconstrained build operations Thread 38" [_thread_blocked, id=2676, stack(0x0000003418200000,0x0000003418300000)]
  0x000001be8916b100 JavaThread "Unconstrained build operations Thread 39" [_thread_blocked, id=7832, stack(0x0000003418300000,0x0000003418400000)]
  0x000001be8916ac30 JavaThread "Unconstrained build operations Thread 40" [_thread_blocked, id=3688, stack(0x0000003418400000,0x0000003418500000)]
  0x000001be8a845bc0 JavaThread "Unconstrained build operations Thread 41" [_thread_blocked, id=14648, stack(0x0000003418500000,0x0000003418600000)]
  0x000001be8a843070 JavaThread "Unconstrained build operations Thread 42" [_thread_blocked, id=13472, stack(0x0000003418600000,0x0000003418700000)]
  0x000001be8a8443b0 JavaThread "Unconstrained build operations Thread 43" [_thread_blocked, id=15152, stack(0x0000003418700000,0x0000003418800000)]
  0x000001be8a845220 JavaThread "Unconstrained build operations Thread 44" [_thread_blocked, id=14560, stack(0x0000003418800000,0x0000003418900000)]
  0x000001be8a846f00 JavaThread "Unconstrained build operations Thread 45" [_thread_blocked, id=14320, stack(0x0000003418900000,0x0000003418a00000)]
  0x000001be8a849f20 JavaThread "Unconstrained build operations Thread 46" [_thread_blocked, id=3768, stack(0x0000003418a00000,0x0000003418b00000)]
  0x000001be8a846560 JavaThread "Unconstrained build operations Thread 47" [_thread_blocked, id=7804, stack(0x0000003418b00000,0x0000003418c00000)]
  0x000001be8a8490b0 JavaThread "Unconstrained build operations Thread 48" [_thread_blocked, id=4104, stack(0x0000003418c00000,0x0000003418d00000)]
  0x000001be8a849580 JavaThread "Unconstrained build operations Thread 49" [_thread_blocked, id=11080, stack(0x0000003418d00000,0x0000003418e00000)]
  0x000001be8a844d50 JavaThread "Unconstrained build operations Thread 50" [_thread_blocked, id=9900, stack(0x0000003418e00000,0x0000003418f00000)]
  0x000001be8a846090 JavaThread "Unconstrained build operations Thread 51" [_thread_blocked, id=14064, stack(0x0000003418f00000,0x0000003419000000)]
  0x000001be8a8478a0 JavaThread "Unconstrained build operations Thread 52" [_thread_blocked, id=15132, stack(0x0000003419000000,0x0000003419100000)]
  0x000001be8a84a3f0 JavaThread "Unconstrained build operations Thread 53" [_thread_blocked, id=4060, stack(0x0000003419100000,0x0000003419200000)]
  0x000001be8a849a50 JavaThread "Unconstrained build operations Thread 54" [_thread_blocked, id=6736, stack(0x0000003419200000,0x0000003419300000)]
  0x000001be8a844880 JavaThread "Unconstrained build operations Thread 55" [_thread_blocked, id=12444, stack(0x0000003419300000,0x0000003419400000)]
  0x000001be8a84a8c0 JavaThread "Unconstrained build operations Thread 56" [_thread_blocked, id=11536, stack(0x0000003419400000,0x0000003419500000)]
  0x000001be8a8456f0 JavaThread "Unconstrained build operations Thread 57" [_thread_blocked, id=14740, stack(0x0000003419500000,0x0000003419600000)]
  0x000001be8a843540 JavaThread "Unconstrained build operations Thread 58" [_thread_blocked, id=8828, stack(0x0000003419600000,0x0000003419700000)]
  0x000001be8a846a30 JavaThread "Unconstrained build operations Thread 59" [_thread_blocked, id=14924, stack(0x0000003419700000,0x0000003419800000)]
  0x000001be8a8473d0 JavaThread "Unconstrained build operations Thread 60" [_thread_blocked, id=12696, stack(0x0000003419800000,0x0000003419900000)]
  0x000001be8a843ee0 JavaThread "Unconstrained build operations Thread 61" [_thread_blocked, id=1656, stack(0x0000003419900000,0x0000003419a00000)]
  0x000001be8a843a10 JavaThread "Unconstrained build operations Thread 62" [_thread_blocked, id=4080, stack(0x0000003419a00000,0x0000003419b00000)]
  0x000001be8a847d70 JavaThread "Unconstrained build operations Thread 63" [_thread_blocked, id=8448, stack(0x0000003419b00000,0x0000003419c00000)]
  0x000001be8a848240 JavaThread "Unconstrained build operations Thread 64" [_thread_blocked, id=9672, stack(0x0000003419c00000,0x0000003419d00000)]
  0x000001be8a848710 JavaThread "Unconstrained build operations Thread 65" [_thread_blocked, id=14584, stack(0x0000003419d00000,0x0000003419e00000)]
  0x000001be8a848be0 JavaThread "Unconstrained build operations Thread 66" [_thread_blocked, id=13804, stack(0x0000003419e00000,0x0000003419f00000)]
  0x000001be88e03820 JavaThread "Unconstrained build operations Thread 67" [_thread_blocked, id=11668, stack(0x0000003419f00000,0x000000341a000000)]
  0x000001be88e03cf0 JavaThread "Unconstrained build operations Thread 68" [_thread_blocked, id=3036, stack(0x000000341a000000,0x000000341a100000)]
  0x000001be88e06370 JavaThread "Unconstrained build operations Thread 69" [_thread_blocked, id=5148, stack(0x000000341a100000,0x000000341a200000)]
  0x000001be88e06d10 JavaThread "Unconstrained build operations Thread 70" [_thread_blocked, id=5420, stack(0x000000341a200000,0x000000341a300000)]
  0x000001be88e089f0 JavaThread "Unconstrained build operations Thread 71" [_thread_blocked, id=3100, stack(0x000000341a300000,0x000000341a400000)]
  0x000001be88e09860 JavaThread "Unconstrained build operations Thread 72" [_thread_blocked, id=9108, stack(0x000000341a400000,0x000000341a500000)]
  0x000001be88e0a200 JavaThread "Unconstrained build operations Thread 73" [_thread_blocked, id=14984, stack(0x000000341a500000,0x000000341a600000)]
  0x000001be88e0a6d0 JavaThread "Unconstrained build operations Thread 74" [_thread_blocked, id=4764, stack(0x000000341a600000,0x000000341a700000)]
  0x000001be88e09d30 JavaThread "Unconstrained build operations Thread 75" [_thread_blocked, id=9192, stack(0x000000341a700000,0x000000341a800000)]
  0x000001be88e059d0 JavaThread "Unconstrained build operations Thread 76" [_thread_blocked, id=14920, stack(0x000000341a800000,0x000000341a900000)]
  0x000001be88e04b60 JavaThread "Unconstrained build operations Thread 77" [_thread_blocked, id=3984, stack(0x000000341a900000,0x000000341aa00000)]
  0x000001be88e05030 JavaThread "Unconstrained build operations Thread 78" [_thread_blocked, id=5096, stack(0x000000341aa00000,0x000000341ab00000)]
  0x000001be88e076b0 JavaThread "Unconstrained build operations Thread 79" [_thread_blocked, id=12680, stack(0x000000341ab00000,0x000000341ac00000)]
  0x000001be88e071e0 JavaThread "Unconstrained build operations Thread 80" [_thread_blocked, id=5836, stack(0x000000341ac00000,0x000000341ad00000)]
  0x000001be88e04690 JavaThread "Memory manager" [_thread_blocked, id=15168, stack(0x000000341ad00000,0x000000341ae00000)]
  0x000001be88e08520 JavaThread "build event listener" [_thread_blocked, id=1564, stack(0x000000341ae00000,0x000000341af00000)]
  0x000001be88e05500 JavaThread "build event listener" [_thread_blocked, id=10904, stack(0x000000341af00000,0x000000341b000000)]
  0x000001be88280df0 JavaThread "C2 CompilerThread1" daemon [_thread_blocked, id=4000, stack(0x0000003414500000,0x0000003414600000)]

Other Threads:
=>0x000001beffdd4d40 VMThread "VM Thread" [stack: 0x0000003412700000,0x0000003412800000] [id=2820]
  0x000001bee7d1ad00 WatcherThread [stack: 0x0000003413300000,0x0000003413400000] [id=4076]
  0x000001bee7d00060 GCTaskThread "GC Thread#0" [stack: 0x0000003412200000,0x0000003412300000] [id=15096]
  0x000001be87468050 GCTaskThread "GC Thread#1" [stack: 0x0000003413600000,0x0000003413700000] [id=11132]
  0x000001be874d3110 GCTaskThread "GC Thread#2" [stack: 0x0000003413700000,0x0000003413800000] [id=7668]
  0x000001be87226400 GCTaskThread "GC Thread#3" [stack: 0x0000003413800000,0x0000003413900000] [id=2004]
  0x000001be87895400 GCTaskThread "GC Thread#4" [stack: 0x0000003413500000,0x0000003413600000] [id=15052]
  0x000001be885295f0 GCTaskThread "GC Thread#5" [stack: 0x0000003414600000,0x0000003414700000] [id=14380]
  0x000001be8852ae20 GCTaskThread "GC Thread#6" [stack: 0x0000003414700000,0x0000003414800000] [id=13508]
  0x000001be885298a0 GCTaskThread "GC Thread#7" [stack: 0x0000003414800000,0x0000003414900000] [id=14148]
  0x000001bee7d11ec0 ConcurrentGCThread "G1 Main Marker" [stack: 0x0000003412300000,0x0000003412400000] [id=14864]
  0x000001bee7d12f80 ConcurrentGCThread "G1 Conc#0" [stack: 0x0000003412400000,0x0000003412500000] [id=9972]
  0x000001be88529b50 ConcurrentGCThread "G1 Conc#1" [stack: 0x0000003415300000,0x0000003415400000] [id=6676]
  0x000001bee7d9bbe0 ConcurrentGCThread "G1 Refine#0" [stack: 0x0000003412500000,0x0000003412600000] [id=9160]
  0x000001be88b25900 ConcurrentGCThread "G1 Refine#1" [stack: 0x000000341b000000,0x000000341b100000] [id=14980]
  0x000001be88b28420 ConcurrentGCThread "G1 Refine#2" [stack: 0x000000341b100000,0x000000341b200000] [id=15200]
  0x000001be88b26480 ConcurrentGCThread "G1 Refine#3" [stack: 0x000000341b200000,0x000000341b300000] [id=15172]
  0x000001be88b25be0 ConcurrentGCThread "G1 Refine#4" [stack: 0x000000341b300000,0x000000341b400000] [id=8764]
  0x000001be88b27e60 ConcurrentGCThread "G1 Refine#5" [stack: 0x000000341b400000,0x000000341b500000] [id=8936]
  0x000001be88b25ec0 ConcurrentGCThread "G1 Refine#6" [stack: 0x000000341b500000,0x000000341b600000] [id=6672]
  0x000001bee7d9c510 ConcurrentGCThread "G1 Service" [stack: 0x0000003412600000,0x0000003412700000] [id=2620]

Threads with active compile tasks:
C1 CompilerThread0    16922 8534       3       kotlin.text.StringsKt__StringsJVMKt::replace (133 bytes)

VM state: at safepoint (normal execution)

VM Mutex/Monitor currently owned by a thread:  ([mutex/lock_event])
[0x000001bee7cbe3e0] Threads_lock - owner thread: 0x000001beffdd4d40
[0x000001bee7cbe470] Heap_lock - owner thread: 0x000001bee7d11ec0

Heap address: 0x0000000080000000, size: 2048 MB, Compressed Oops mode: 32-bit

CDS archive(s) mapped at: [0x0000000800000000-0x0000000800bc0000-0x0000000800bc0000), size 12320768, SharedBaseAddress: 0x0000000800000000, ArchiveRelocationMode: 0.
Compressed class space mapped at: 0x0000000800c00000-0x0000000840c00000, reserved size: 1073741824
Narrow klass base: 0x0000000800000000, Narrow klass shift: 0, Narrow klass range: 0x100000000

GC Precious Log:
 CPUs: 8 total, 8 available
 Memory: 8063M
 Large Page Support: Disabled
 NUMA Support: Disabled
 Compressed Oops: Enabled (32-bit)
 Heap Region Size: 1M
 Heap Min Capacity: 8M
 Heap Initial Capacity: 126M
 Heap Max Capacity: 2G
 Pre-touch: Disabled
 Parallel Workers: 8
 Concurrent Workers: 2
 Concurrent Refinement Workers: 8
 Periodic GC: Disabled

Heap:
 garbage-first heap   total 204800K, used 138090K [0x0000000080000000, 0x0000000100000000)
  region size 1024K, 9 young (9216K), 6 survivors (6144K)
 Metaspace       used 81139K, committed 81920K, reserved 1122304K
  class space    used 11329K, committed 11712K, reserved 1048576K

Heap Regions: E=young(eden), S=young(survivor), O=old, HS=humongous(starts), HC=humongous(continues), CS=collection set, F=free, OA=open archive, CA=closed archive, TAMS=top-at-mark-start (previous, next)
|   0|0x0000000080000000, 0x0000000080100000, 0x0000000080100000|100%|HS|  |TAMS 0x0000000080100000, 0x0000000080000000| Complete 
|   1|0x0000000080100000, 0x0000000080200000, 0x0000000080200000|100%|HC|  |TAMS 0x0000000080200000, 0x0000000080100000| Complete 
|   2|0x0000000080200000, 0x0000000080300000, 0x0000000080300000|100%|HC|  |TAMS 0x0000000080300000, 0x0000000080200000| Complete 
|   3|0x0000000080300000, 0x0000000080400000, 0x0000000080400000|100%|HC|  |TAMS 0x0000000080400000, 0x0000000080300000| Complete 
|   4|0x0000000080400000, 0x0000000080500000, 0x0000000080500000|100%| O|  |TAMS 0x0000000080500000, 0x0000000080400000| Untracked 
|   5|0x0000000080500000, 0x0000000080600000, 0x0000000080600000|100%| O|  |TAMS 0x0000000080600000, 0x0000000080500000| Updating 
|   6|0x0000000080600000, 0x0000000080700000, 0x0000000080700000|100%| O|  |TAMS 0x0000000080700000, 0x0000000080600000| Untracked 
|   7|0x0000000080700000, 0x0000000080800000, 0x0000000080800000|100%| O|  |TAMS 0x0000000080800000, 0x0000000080700000| Updating 
|   8|0x0000000080800000, 0x0000000080900000, 0x0000000080900000|100%| O|  |TAMS 0x0000000080900000, 0x0000000080800000| Untracked 
|   9|0x0000000080900000, 0x0000000080a00000, 0x0000000080a00000|100%| O|  |TAMS 0x0000000080a00000, 0x0000000080900000| Updating 
|  10|0x0000000080a00000, 0x0000000080b00000, 0x0000000080b00000|100%| O|  |TAMS 0x0000000080b00000, 0x0000000080a00000| Updating 
|  11|0x0000000080b00000, 0x0000000080c00000, 0x0000000080c00000|100%| O|  |TAMS 0x0000000080c00000, 0x0000000080b00000| Updating 
|  12|0x0000000080c00000, 0x0000000080d00000, 0x0000000080d00000|100%|HS|  |TAMS 0x0000000080d00000, 0x0000000080c00000| Complete 
|  13|0x0000000080d00000, 0x0000000080e00000, 0x0000000080e00000|100%|HC|  |TAMS 0x0000000080e00000, 0x0000000080d00000| Complete 
|  14|0x0000000080e00000, 0x0000000080f00000, 0x0000000080f00000|100%|HS|  |TAMS 0x0000000080f00000, 0x0000000080e00000| Complete 
|  15|0x0000000080f00000, 0x0000000081000000, 0x0000000081000000|100%|HC|  |TAMS 0x0000000081000000, 0x0000000080f00000| Complete 
|  16|0x0000000081000000, 0x0000000081100000, 0x0000000081100000|100%|HC|  |TAMS 0x0000000081100000, 0x0000000081000000| Complete 
|  17|0x0000000081100000, 0x0000000081200000, 0x0000000081200000|100%|HS|  |TAMS 0x0000000081200000, 0x0000000081100000| Complete 
|  18|0x0000000081200000, 0x0000000081300000, 0x0000000081300000|100%|HC|  |TAMS 0x0000000081300000, 0x0000000081200000| Complete 
|  19|0x0000000081300000, 0x0000000081400000, 0x0000000081400000|100%|HC|  |TAMS 0x0000000081400000, 0x0000000081300000| Complete 
|  20|0x0000000081400000, 0x0000000081500000, 0x0000000081500000|100%|HS|  |TAMS 0x0000000081500000, 0x0000000081400000| Complete 
|  21|0x0000000081500000, 0x0000000081600000, 0x0000000081600000|100%|HC|  |TAMS 0x0000000081600000, 0x0000000081500000| Complete 
|  22|0x0000000081600000, 0x0000000081700000, 0x0000000081700000|100%|HC|  |TAMS 0x0000000081700000, 0x0000000081600000| Complete 
|  23|0x0000000081700000, 0x0000000081800000, 0x0000000081800000|100%|HC|  |TAMS 0x0000000081800000, 0x0000000081700000| Complete 
|  24|0x0000000081800000, 0x0000000081900000, 0x0000000081900000|100%|HC|  |TAMS 0x0000000081900000, 0x0000000081800000| Complete 
|  25|0x0000000081900000, 0x0000000081a00000, 0x0000000081a00000|100%|HC|  |TAMS 0x0000000081a00000, 0x0000000081900000| Complete 
|  26|0x0000000081a00000, 0x0000000081b00000, 0x0000000081b00000|100%|HC|  |TAMS 0x0000000081b00000, 0x0000000081a00000| Complete 
|  27|0x0000000081b00000, 0x0000000081c00000, 0x0000000081c00000|100%|HC|  |TAMS 0x0000000081c00000, 0x0000000081b00000| Complete 
|  28|0x0000000081c00000, 0x0000000081d00000, 0x0000000081d00000|100%|HC|  |TAMS 0x0000000081d00000, 0x0000000081c00000| Complete 
|  29|0x0000000081d00000, 0x0000000081e00000, 0x0000000081e00000|100%|HC|  |TAMS 0x0000000081e00000, 0x0000000081d00000| Complete 
|  30|0x0000000081e00000, 0x0000000081f00000, 0x0000000081f00000|100%|HC|  |TAMS 0x0000000081f00000, 0x0000000081e00000| Complete 
|  31|0x0000000081f00000, 0x0000000082000000, 0x0000000082000000|100%|HC|  |TAMS 0x0000000082000000, 0x0000000081f00000| Complete 
|  32|0x0000000082000000, 0x0000000082100000, 0x0000000082100000|100%|HS|  |TAMS 0x0000000082100000, 0x0000000082000000| Complete 
|  33|0x0000000082100000, 0x0000000082200000, 0x0000000082200000|100%|HC|  |TAMS 0x0000000082200000, 0x0000000082100000| Complete 
|  34|0x0000000082200000, 0x0000000082300000, 0x0000000082300000|100%| O|  |TAMS 0x0000000082300000, 0x0000000082200000| Untracked 
|  35|0x0000000082300000, 0x0000000082400000, 0x0000000082400000|100%| O|  |TAMS 0x0000000082400000, 0x0000000082300000| Untracked 
|  36|0x0000000082400000, 0x0000000082500000, 0x0000000082500000|100%| O|  |TAMS 0x0000000082500000, 0x0000000082400000| Untracked 
|  37|0x0000000082500000, 0x0000000082600000, 0x0000000082600000|100%| O|  |TAMS 0x0000000082600000, 0x0000000082500000| Untracked 
|  38|0x0000000082600000, 0x0000000082700000, 0x0000000082700000|100%| O|  |TAMS 0x0000000082700000, 0x0000000082600000| Updating 
|  39|0x0000000082700000, 0x0000000082800000, 0x0000000082800000|100%| O|  |TAMS 0x0000000082800000, 0x0000000082700000| Untracked 
|  40|0x0000000082800000, 0x0000000082900000, 0x0000000082900000|100%| O|  |TAMS 0x0000000082900000, 0x0000000082800000| Untracked 
|  41|0x0000000082900000, 0x0000000082a00000, 0x0000000082a00000|100%| O|  |TAMS 0x0000000082a00000, 0x0000000082900000| Untracked 
|  42|0x0000000082a00000, 0x0000000082b00000, 0x0000000082b00000|100%| O|  |TAMS 0x0000000082b00000, 0x0000000082a00000| Updating 
|  43|0x0000000082b00000, 0x0000000082c00000, 0x0000000082c00000|100%| O|  |TAMS 0x0000000082c00000, 0x0000000082b00000| Untracked 
|  44|0x0000000082c00000, 0x0000000082d00000, 0x0000000082d00000|100%| O|  |TAMS 0x0000000082d00000, 0x0000000082c00000| Untracked 
|  45|0x0000000082d00000, 0x0000000082e00000, 0x0000000082e00000|100%| O|  |TAMS 0x0000000082e00000, 0x0000000082d00000| Untracked 
|  46|0x0000000082e00000, 0x0000000082f00000, 0x0000000082f00000|100%| O|  |TAMS 0x0000000082f00000, 0x0000000082e00000| Untracked 
|  47|0x0000000082f00000, 0x0000000083000000, 0x0000000083000000|100%| O|  |TAMS 0x0000000083000000, 0x0000000082f00000| Untracked 
|  48|0x0000000083000000, 0x0000000083100000, 0x0000000083100000|100%| O|  |TAMS 0x0000000083100000, 0x0000000083000000| Untracked 
|  49|0x0000000083100000, 0x0000000083200000, 0x0000000083200000|100%| O|  |TAMS 0x0000000083200000, 0x0000000083100000| Untracked 
|  50|0x0000000083200000, 0x0000000083300000, 0x0000000083300000|100%| O|  |TAMS 0x0000000083300000, 0x0000000083200000| Untracked 
|  51|0x0000000083300000, 0x0000000083400000, 0x0000000083400000|100%| O|  |TAMS 0x0000000083400000, 0x0000000083300000| Untracked 
|  52|0x0000000083400000, 0x0000000083500000, 0x0000000083500000|100%| O|  |TAMS 0x0000000083500000, 0x0000000083400000| Untracked 
|  53|0x0000000083500000, 0x0000000083600000, 0x0000000083600000|100%| O|  |TAMS 0x0000000083600000, 0x0000000083500000| Untracked 
|  54|0x0000000083600000, 0x0000000083700000, 0x0000000083700000|100%| O|  |TAMS 0x0000000083700000, 0x0000000083600000| Untracked 
|  55|0x0000000083700000, 0x0000000083800000, 0x0000000083800000|100%| O|  |TAMS 0x0000000083800000, 0x0000000083700000| Untracked 
|  56|0x0000000083800000, 0x0000000083900000, 0x0000000083900000|100%| O|  |TAMS 0x0000000083900000, 0x0000000083800000| Untracked 
|  57|0x0000000083900000, 0x0000000083a00000, 0x0000000083a00000|100%|HS|  |TAMS 0x0000000083a00000, 0x0000000083900000| Complete 
|  58|0x0000000083a00000, 0x0000000083b00000, 0x0000000083b00000|100%|HC|  |TAMS 0x0000000083b00000, 0x0000000083a00000| Complete 
|  59|0x0000000083b00000, 0x0000000083c00000, 0x0000000083c00000|100%|HC|  |TAMS 0x0000000083c00000, 0x0000000083b00000| Complete 
|  60|0x0000000083c00000, 0x0000000083d00000, 0x0000000083d00000|100%|HS|  |TAMS 0x0000000083d00000, 0x0000000083c00000| Complete 
|  61|0x0000000083d00000, 0x0000000083e00000, 0x0000000083e00000|100%|HC|  |TAMS 0x0000000083e00000, 0x0000000083d00000| Complete 
|  62|0x0000000083e00000, 0x0000000083f00000, 0x0000000083f00000|100%|HC|  |TAMS 0x0000000083f00000, 0x0000000083e00000| Complete 
|  63|0x0000000083f00000, 0x0000000084000000, 0x0000000084000000|100%| O|  |TAMS 0x0000000084000000, 0x0000000083f00000| Untracked 
|  64|0x0000000084000000, 0x0000000084100000, 0x0000000084100000|100%| O|  |TAMS 0x0000000084100000, 0x0000000084000000| Untracked 
|  65|0x0000000084100000, 0x0000000084200000, 0x0000000084200000|100%| O|  |TAMS 0x0000000084200000, 0x0000000084100000| Untracked 
|  66|0x0000000084200000, 0x0000000084300000, 0x0000000084300000|100%| O|  |TAMS 0x0000000084300000, 0x0000000084200000| Untracked 
|  67|0x0000000084300000, 0x0000000084400000, 0x0000000084400000|100%| O|  |TAMS 0x0000000084400000, 0x0000000084300000| Untracked 
|  68|0x0000000084400000, 0x0000000084500000, 0x0000000084500000|100%| O|  |TAMS 0x0000000084500000, 0x0000000084400000| Untracked 
|  69|0x0000000084500000, 0x0000000084600000, 0x0000000084600000|100%| O|  |TAMS 0x0000000084600000, 0x0000000084500000| Untracked 
|  70|0x0000000084600000, 0x0000000084700000, 0x0000000084700000|100%| O|  |TAMS 0x0000000084700000, 0x0000000084600000| Untracked 
|  71|0x0000000084700000, 0x0000000084800000, 0x0000000084800000|100%| O|  |TAMS 0x0000000084800000, 0x0000000084700000| Updating 
|  72|0x0000000084800000, 0x0000000084900000, 0x0000000084900000|100%|HS|  |TAMS 0x0000000084900000, 0x0000000084800000| Complete 
|  73|0x0000000084900000, 0x0000000084a00000, 0x0000000084a00000|100%|HS|  |TAMS 0x0000000084a00000, 0x0000000084900000| Complete 
|  74|0x0000000084a00000, 0x0000000084b00000, 0x0000000084b00000|100%|HS|  |TAMS 0x0000000084b00000, 0x0000000084a00000| Complete 
|  75|0x0000000084b00000, 0x0000000084c00000, 0x0000000084c00000|100%|HC|  |TAMS 0x0000000084c00000, 0x0000000084b00000| Complete 
|  76|0x0000000084c00000, 0x0000000084d00000, 0x0000000084d00000|100%|HS|  |TAMS 0x0000000084d00000, 0x0000000084c00000| Complete 
|  77|0x0000000084d00000, 0x0000000084e00000, 0x0000000084e00000|100%|HS|  |TAMS 0x0000000084e00000, 0x0000000084d00000| Complete 
|  78|0x0000000084e00000, 0x0000000084f00000, 0x0000000084f00000|100%|HC|  |TAMS 0x0000000084f00000, 0x0000000084e00000| Complete 
|  79|0x0000000084f00000, 0x0000000085000000, 0x0000000085000000|100%|HC|  |TAMS 0x0000000085000000, 0x0000000084f00000| Complete 
|  80|0x0000000085000000, 0x0000000085100000, 0x0000000085100000|100%|HC|  |TAMS 0x0000000085100000, 0x0000000085000000| Complete 
|  81|0x0000000085100000, 0x0000000085200000, 0x0000000085200000|100%| O|  |TAMS 0x0000000085200000, 0x0000000085100000| Untracked 
|  82|0x0000000085200000, 0x0000000085300000, 0x0000000085300000|100%| O|  |TAMS 0x0000000085300000, 0x0000000085200000| Untracked 
|  83|0x0000000085300000, 0x0000000085400000, 0x0000000085400000|100%| O|  |TAMS 0x0000000085400000, 0x0000000085300000| Untracked 
|  84|0x0000000085400000, 0x0000000085500000, 0x0000000085500000|100%| O|  |TAMS 0x0000000085500000, 0x0000000085400000| Untracked 
|  85|0x0000000085500000, 0x0000000085600000, 0x0000000085600000|100%| O|  |TAMS 0x0000000085600000, 0x0000000085500000| Untracked 
|  86|0x0000000085600000, 0x0000000085700000, 0x0000000085700000|100%| O|  |TAMS 0x0000000085700000, 0x0000000085600000| Untracked 
|  87|0x0000000085700000, 0x0000000085800000, 0x0000000085800000|100%| O|  |TAMS 0x0000000085800000, 0x0000000085700000| Untracked 
|  88|0x0000000085800000, 0x0000000085900000, 0x0000000085900000|100%| O|  |TAMS 0x0000000085900000, 0x0000000085800000| Untracked 
|  89|0x0000000085900000, 0x0000000085a00000, 0x0000000085a00000|100%| O|  |TAMS 0x0000000085a00000, 0x0000000085900000| Untracked 
|  90|0x0000000085a00000, 0x0000000085b00000, 0x0000000085b00000|100%| O|  |TAMS 0x0000000085b00000, 0x0000000085a00000| Untracked 
|  91|0x0000000085b00000, 0x0000000085c00000, 0x0000000085c00000|100%| O|  |TAMS 0x0000000085c00000, 0x0000000085b00000| Untracked 
|  92|0x0000000085c00000, 0x0000000085d00000, 0x0000000085d00000|100%| O|  |TAMS 0x0000000085d00000, 0x0000000085c00000| Untracked 
|  93|0x0000000085d00000, 0x0000000085e00000, 0x0000000085e00000|100%| O|  |TAMS 0x0000000085e00000, 0x0000000085d00000| Untracked 
|  94|0x0000000085e00000, 0x0000000085f00000, 0x0000000085f00000|100%| O|  |TAMS 0x0000000085f00000, 0x0000000085e00000| Untracked 
|  95|0x0000000085f00000, 0x0000000086000000, 0x0000000086000000|100%| O|  |TAMS 0x0000000086000000, 0x0000000085f00000| Untracked 
|  96|0x0000000086000000, 0x0000000086100000, 0x0000000086100000|100%| O|  |TAMS 0x0000000086100000, 0x0000000086000000| Untracked 
|  97|0x0000000086100000, 0x0000000086200000, 0x0000000086200000|100%| O|  |TAMS 0x0000000086200000, 0x0000000086100000| Untracked 
|  98|0x0000000086200000, 0x0000000086300000, 0x0000000086300000|100%| O|  |TAMS 0x0000000086300000, 0x0000000086200000| Untracked 
|  99|0x0000000086300000, 0x0000000086400000, 0x0000000086400000|100%| O|  |TAMS 0x0000000086400000, 0x0000000086300000| Untracked 
| 100|0x0000000086400000, 0x0000000086500000, 0x0000000086500000|100%| O|  |TAMS 0x0000000086500000, 0x0000000086400000| Untracked 
| 101|0x0000000086500000, 0x0000000086600000, 0x0000000086600000|100%| O|  |TAMS 0x0000000086600000, 0x0000000086500000| Untracked 
| 102|0x0000000086600000, 0x0000000086700000, 0x0000000086700000|100%|HS|  |TAMS 0x0000000086700000, 0x0000000086600000| Complete 
| 103|0x0000000086700000, 0x0000000086800000, 0x0000000086800000|100%|HC|  |TAMS 0x0000000086800000, 0x0000000086700000| Complete 
| 104|0x0000000086800000, 0x0000000086900000, 0x0000000086900000|100%|HC|  |TAMS 0x0000000086900000, 0x0000000086800000| Complete 
| 105|0x0000000086900000, 0x0000000086a00000, 0x0000000086a00000|100%|HC|  |TAMS 0x0000000086a00000, 0x0000000086900000| Complete 
| 106|0x0000000086a00000, 0x0000000086b00000, 0x0000000086b00000|100%| O|  |TAMS 0x0000000086a00000, 0x0000000086a00000| Untracked 
| 107|0x0000000086b00000, 0x0000000086c00000, 0x0000000086c00000|100%| O|  |TAMS 0x0000000086b00000, 0x0000000086b00000| Untracked 
| 108|0x0000000086c00000, 0x0000000086d00000, 0x0000000086d00000|100%| O|  |TAMS 0x0000000086c00000, 0x0000000086c00000| Untracked 
| 109|0x0000000086d00000, 0x0000000086e00000, 0x0000000086e00000|100%| O|  |TAMS 0x0000000086d00000, 0x0000000086d00000| Untracked 
| 110|0x0000000086e00000, 0x0000000086f00000, 0x0000000086f00000|100%| O|  |TAMS 0x0000000086e00000, 0x0000000086e00000| Untracked 
| 111|0x0000000086f00000, 0x0000000087000000, 0x0000000087000000|100%| O|  |TAMS 0x0000000086f00000, 0x0000000086f00000| Untracked 
| 112|0x0000000087000000, 0x0000000087100000, 0x0000000087100000|100%| O|  |TAMS 0x0000000087100000, 0x0000000087000000| Untracked 
| 113|0x0000000087100000, 0x0000000087200000, 0x0000000087200000|100%| O|  |TAMS 0x0000000087200000, 0x0000000087100000| Untracked 
| 114|0x0000000087200000, 0x0000000087300000, 0x0000000087300000|100%| O|  |TAMS 0x0000000087300000, 0x0000000087200000| Untracked 
| 115|0x0000000087300000, 0x0000000087400000, 0x0000000087400000|100%| O|  |TAMS 0x0000000087400000, 0x0000000087300000| Untracked 
| 116|0x0000000087400000, 0x0000000087500000, 0x0000000087500000|100%| O|  |TAMS 0x0000000087500000, 0x0000000087400000| Untracked 
| 117|0x0000000087500000, 0x0000000087600000, 0x0000000087600000|100%| O|  |TAMS 0x0000000087600000, 0x0000000087500000| Untracked 
| 118|0x0000000087600000, 0x0000000087700000, 0x0000000087700000|100%| O|  |TAMS 0x0000000087700000, 0x0000000087600000| Untracked 
| 119|0x0000000087700000, 0x0000000087800000, 0x0000000087800000|100%| O|  |TAMS 0x0000000087800000, 0x0000000087700000| Untracked 
| 120|0x0000000087800000, 0x0000000087900000, 0x0000000087900000|100%| O|  |TAMS 0x0000000087831c00, 0x0000000087800000| Untracked 
| 121|0x0000000087900000, 0x0000000087a00000, 0x0000000087a00000|100%| O|  |TAMS 0x0000000087900000, 0x0000000087900000| Untracked 
| 122|0x0000000087a00000, 0x0000000087b00000, 0x0000000087b00000|100%| O|  |TAMS 0x0000000087a00000, 0x0000000087a00000| Untracked 
| 123|0x0000000087b00000, 0x0000000087c00000, 0x0000000087c00000|100%| O|  |TAMS 0x0000000087b00000, 0x0000000087b00000| Untracked 
| 124|0x0000000087c00000, 0x0000000087d00000, 0x0000000087d00000|100%| O|  |TAMS 0x0000000087c00000, 0x0000000087c00000| Untracked 
| 125|0x0000000087d00000, 0x0000000087e00000, 0x0000000087e00000|100%| O|  |TAMS 0x0000000087d00000, 0x0000000087d00000| Untracked 
| 126|0x0000000087e00000, 0x0000000087eda800, 0x0000000087f00000| 85%| O|  |TAMS 0x0000000087e00000, 0x0000000087e00000| Untracked 
| 127|0x0000000087f00000, 0x0000000087f00000, 0x0000000088000000|  0%| F|  |TAMS 0x0000000087f00000, 0x0000000087f00000| Untracked 
| 128|0x0000000088000000, 0x0000000088000000, 0x0000000088100000|  0%| F|  |TAMS 0x0000000088000000, 0x0000000088000000| Untracked 
| 129|0x0000000088100000, 0x0000000088100000, 0x0000000088200000|  0%| F|  |TAMS 0x0000000088100000, 0x0000000088100000| Untracked 
| 130|0x0000000088200000, 0x0000000088200000, 0x0000000088300000|  0%| F|  |TAMS 0x0000000088200000, 0x0000000088200000| Untracked 
| 131|0x0000000088300000, 0x0000000088300000, 0x0000000088400000|  0%| F|  |TAMS 0x0000000088300000, 0x0000000088300000| Untracked 
| 132|0x0000000088400000, 0x0000000088400000, 0x0000000088500000|  0%| F|  |TAMS 0x0000000088400000, 0x0000000088400000| Untracked 
| 133|0x0000000088500000, 0x0000000088500000, 0x0000000088600000|  0%| F|  |TAMS 0x0000000088500000, 0x0000000088500000| Untracked 
| 134|0x0000000088600000, 0x0000000088600000, 0x0000000088700000|  0%| F|  |TAMS 0x0000000088600000, 0x0000000088600000| Untracked 
| 135|0x0000000088700000, 0x0000000088700000, 0x0000000088800000|  0%| F|  |TAMS 0x0000000088700000, 0x0000000088700000| Untracked 
| 136|0x0000000088800000, 0x0000000088800000, 0x0000000088900000|  0%| F|  |TAMS 0x0000000088800000, 0x0000000088800000| Untracked 
| 137|0x0000000088900000, 0x0000000088900000, 0x0000000088a00000|  0%| F|  |TAMS 0x0000000088900000, 0x0000000088900000| Untracked 
| 138|0x0000000088a00000, 0x0000000088a00000, 0x0000000088b00000|  0%| F|  |TAMS 0x0000000088a00000, 0x0000000088a00000| Untracked 
| 139|0x0000000088b00000, 0x0000000088b00000, 0x0000000088c00000|  0%| F|  |TAMS 0x0000000088b00000, 0x0000000088b00000| Untracked 
| 140|0x0000000088c00000, 0x0000000088c00000, 0x0000000088d00000|  0%| F|  |TAMS 0x0000000088c00000, 0x0000000088c00000| Untracked 
| 141|0x0000000088d00000, 0x0000000088d00000, 0x0000000088e00000|  0%| F|  |TAMS 0x0000000088d00000, 0x0000000088d00000| Untracked 
| 142|0x0000000088e00000, 0x0000000088e00000, 0x0000000088f00000|  0%| F|  |TAMS 0x0000000088e00000, 0x0000000088e00000| Untracked 
| 143|0x0000000088f00000, 0x0000000088f00000, 0x0000000089000000|  0%| F|  |TAMS 0x0000000088f00000, 0x0000000088f00000| Untracked 
| 144|0x0000000089000000, 0x0000000089000000, 0x0000000089100000|  0%| F|  |TAMS 0x0000000089000000, 0x0000000089000000| Untracked 
| 145|0x0000000089100000, 0x0000000089100000, 0x0000000089200000|  0%| F|  |TAMS 0x0000000089100000, 0x0000000089100000| Untracked 
| 146|0x0000000089200000, 0x0000000089200000, 0x0000000089300000|  0%| F|  |TAMS 0x0000000089200000, 0x0000000089200000| Untracked 
| 147|0x0000000089300000, 0x0000000089300000, 0x0000000089400000|  0%| F|  |TAMS 0x0000000089300000, 0x0000000089300000| Untracked 
| 148|0x0000000089400000, 0x0000000089400000, 0x0000000089500000|  0%| F|  |TAMS 0x0000000089400000, 0x0000000089400000| Untracked 
| 149|0x0000000089500000, 0x0000000089500000, 0x0000000089600000|  0%| F|  |TAMS 0x0000000089500000, 0x0000000089500000| Untracked 
| 150|0x0000000089600000, 0x0000000089600000, 0x0000000089700000|  0%| F|  |TAMS 0x0000000089600000, 0x0000000089600000| Untracked 
| 151|0x0000000089700000, 0x0000000089700000, 0x0000000089800000|  0%| F|  |TAMS 0x0000000089700000, 0x0000000089700000| Untracked 
| 152|0x0000000089800000, 0x0000000089800000, 0x0000000089900000|  0%| F|  |TAMS 0x0000000089800000, 0x0000000089800000| Untracked 
| 153|0x0000000089900000, 0x0000000089900000, 0x0000000089a00000|  0%| F|  |TAMS 0x0000000089900000, 0x0000000089900000| Untracked 
| 154|0x0000000089a00000, 0x0000000089a00000, 0x0000000089b00000|  0%| F|  |TAMS 0x0000000089a00000, 0x0000000089a00000| Untracked 
| 155|0x0000000089b00000, 0x0000000089b00000, 0x0000000089c00000|  0%| F|  |TAMS 0x0000000089b00000, 0x0000000089b00000| Untracked 
| 156|0x0000000089c00000, 0x0000000089d00000, 0x0000000089d00000|100%| S|CS|TAMS 0x0000000089c00000, 0x0000000089c00000| Complete 
| 157|0x0000000089d00000, 0x0000000089e00000, 0x0000000089e00000|100%| S|CS|TAMS 0x0000000089d00000, 0x0000000089d00000| Complete 
| 158|0x0000000089e00000, 0x0000000089f00000, 0x0000000089f00000|100%| S|CS|TAMS 0x0000000089e00000, 0x0000000089e00000| Complete 
| 159|0x0000000089f00000, 0x000000008a000000, 0x000000008a000000|100%| S|CS|TAMS 0x0000000089f00000, 0x0000000089f00000| Complete 
| 160|0x000000008a000000, 0x000000008a100000, 0x000000008a100000|100%| S|CS|TAMS 0x000000008a000000, 0x000000008a000000| Complete 
| 161|0x000000008a100000, 0x000000008a200000, 0x000000008a200000|100%| S|CS|TAMS 0x000000008a100000, 0x000000008a100000| Complete 
| 162|0x000000008a200000, 0x000000008a200000, 0x000000008a300000|  0%| F|  |TAMS 0x000000008a200000, 0x000000008a200000| Untracked 
| 163|0x000000008a300000, 0x000000008a300000, 0x000000008a400000|  0%| F|  |TAMS 0x000000008a300000, 0x000000008a300000| Untracked 
| 164|0x000000008a400000, 0x000000008a400000, 0x000000008a500000|  0%| F|  |TAMS 0x000000008a400000, 0x000000008a400000| Untracked 
| 165|0x000000008a500000, 0x000000008a500000, 0x000000008a600000|  0%| F|  |TAMS 0x000000008a500000, 0x000000008a500000| Untracked 
| 166|0x000000008a600000, 0x000000008a600000, 0x000000008a700000|  0%| F|  |TAMS 0x000000008a600000, 0x000000008a600000| Untracked 
| 167|0x000000008a700000, 0x000000008a700000, 0x000000008a800000|  0%| F|  |TAMS 0x000000008a700000, 0x000000008a700000| Untracked 
| 168|0x000000008a800000, 0x000000008a800000, 0x000000008a900000|  0%| F|  |TAMS 0x000000008a800000, 0x000000008a800000| Untracked 
| 169|0x000000008a900000, 0x000000008a900000, 0x000000008aa00000|  0%| F|  |TAMS 0x000000008a900000, 0x000000008a900000| Untracked 
| 170|0x000000008aa00000, 0x000000008aa00000, 0x000000008ab00000|  0%| F|  |TAMS 0x000000008aa00000, 0x000000008aa00000| Untracked 
| 171|0x000000008ab00000, 0x000000008ab00000, 0x000000008ac00000|  0%| F|  |TAMS 0x000000008ab00000, 0x000000008ab00000| Untracked 
| 172|0x000000008ac00000, 0x000000008ac00000, 0x000000008ad00000|  0%| F|  |TAMS 0x000000008ac00000, 0x000000008ac00000| Untracked 
| 173|0x000000008ad00000, 0x000000008ad00000, 0x000000008ae00000|  0%| F|  |TAMS 0x000000008ad00000, 0x000000008ad00000| Untracked 
| 174|0x000000008ae00000, 0x000000008ae00000, 0x000000008af00000|  0%| F|  |TAMS 0x000000008ae00000, 0x000000008ae00000| Untracked 
| 175|0x000000008af00000, 0x000000008af00000, 0x000000008b000000|  0%| F|  |TAMS 0x000000008af00000, 0x000000008af00000| Untracked 
| 176|0x000000008b000000, 0x000000008b000000, 0x000000008b100000|  0%| F|  |TAMS 0x000000008b000000, 0x000000008b000000| Untracked 
| 177|0x000000008b100000, 0x000000008b100000, 0x000000008b200000|  0%| F|  |TAMS 0x000000008b100000, 0x000000008b100000| Untracked 
| 178|0x000000008b200000, 0x000000008b200000, 0x000000008b300000|  0%| F|  |TAMS 0x000000008b200000, 0x000000008b200000| Untracked 
| 179|0x000000008b300000, 0x000000008b300000, 0x000000008b400000|  0%| F|  |TAMS 0x000000008b300000, 0x000000008b300000| Untracked 
| 180|0x000000008b400000, 0x000000008b400000, 0x000000008b500000|  0%| F|  |TAMS 0x000000008b400000, 0x000000008b400000| Untracked 
| 181|0x000000008b500000, 0x000000008b500000, 0x000000008b600000|  0%| F|  |TAMS 0x000000008b500000, 0x000000008b500000| Untracked 
| 182|0x000000008b600000, 0x000000008b600000, 0x000000008b700000|  0%| F|  |TAMS 0x000000008b600000, 0x000000008b600000| Untracked 
| 183|0x000000008b700000, 0x000000008b700000, 0x000000008b800000|  0%| F|  |TAMS 0x000000008b700000, 0x000000008b700000| Untracked 
| 184|0x000000008b800000, 0x000000008b800000, 0x000000008b900000|  0%| F|  |TAMS 0x000000008b800000, 0x000000008b800000| Untracked 
| 185|0x000000008b900000, 0x000000008b900000, 0x000000008ba00000|  0%| F|  |TAMS 0x000000008b900000, 0x000000008b900000| Untracked 
| 186|0x000000008ba00000, 0x000000008ba00000, 0x000000008bb00000|  0%| F|  |TAMS 0x000000008ba00000, 0x000000008ba00000| Untracked 
| 187|0x000000008bb00000, 0x000000008bb00000, 0x000000008bc00000|  0%| F|  |TAMS 0x000000008bb00000, 0x000000008bb00000| Untracked 
| 188|0x000000008bc00000, 0x000000008bc00000, 0x000000008bd00000|  0%| F|  |TAMS 0x000000008bc00000, 0x000000008bc00000| Untracked 
| 189|0x000000008bd00000, 0x000000008bd00000, 0x000000008be00000|  0%| F|  |TAMS 0x000000008bd00000, 0x000000008bd00000| Untracked 
| 190|0x000000008be00000, 0x000000008be00000, 0x000000008bf00000|  0%| F|  |TAMS 0x000000008be00000, 0x000000008be00000| Untracked 
| 191|0x000000008bf00000, 0x000000008bf00000, 0x000000008c000000|  0%| F|  |TAMS 0x000000008bf00000, 0x000000008bf00000| Untracked 
| 192|0x000000008c000000, 0x000000008c000000, 0x000000008c100000|  0%| F|  |TAMS 0x000000008c000000, 0x000000008c000000| Untracked 
| 193|0x000000008c100000, 0x000000008c100000, 0x000000008c200000|  0%| F|  |TAMS 0x000000008c100000, 0x000000008c100000| Untracked 
| 194|0x000000008c200000, 0x000000008c200000, 0x000000008c300000|  0%| F|  |TAMS 0x000000008c200000, 0x000000008c200000| Untracked 
| 195|0x000000008c300000, 0x000000008c300000, 0x000000008c400000|  0%| F|  |TAMS 0x000000008c300000, 0x000000008c300000| Untracked 
| 196|0x000000008c400000, 0x000000008c400000, 0x000000008c500000|  0%| F|  |TAMS 0x000000008c400000, 0x000000008c400000| Untracked 
| 197|0x000000008c500000, 0x000000008c588668, 0x000000008c600000| 53%| E|  |TAMS 0x000000008c500000, 0x000000008c500000| Complete 
| 198|0x000000008c600000, 0x000000008c700000, 0x000000008c700000|100%| E|CS|TAMS 0x000000008c600000, 0x000000008c600000| Complete 
| 199|0x000000008c700000, 0x000000008c800000, 0x000000008c800000|100%| E|CS|TAMS 0x000000008c700000, 0x000000008c700000| Complete 

Card table byte_map: [0x000001befec00000,0x000001beff000000] _byte_map_base: 0x000001befe800000

Marking Bits (Prev, Next): (CMBitMap*) 0x000001bee7d01590, (CMBitMap*) 0x000001bee7d015d0
 Prev Bits: [0x000001be80000000, 0x000001be82000000)
 Next Bits: [0x000001be82000000, 0x000001be84000000)

Polling page: 0x000001bee5c20000

Metaspace:

Usage:
  Non-class:     68.17 MB used.
      Class:     11.06 MB used.
       Both:     79.24 MB used.

Virtual space:
  Non-class space:       72.00 MB reserved,      68.56 MB ( 95%) committed,  9 nodes.
      Class space:        1.00 GB reserved,      11.44 MB (  1%) committed,  1 nodes.
             Both:        1.07 GB reserved,      80.00 MB (  7%) committed. 

Chunk freelists:
   Non-Class:  3.47 MB
       Class:  528.00 KB
        Both:  3.98 MB

MaxMetaspaceSize: unlimited
CompressedClassSpaceSize: 1.00 GB
Initial GC threshold: 21.00 MB
Current GC threshold: 132.94 MB
CDS: on
MetaspaceReclaimPolicy: balanced
 - commit_granule_bytes: 65536.
 - commit_granule_words: 8192.
 - virtual_space_node_default_size: 1048576.
 - enlarge_chunks_in_place: 1.
 - new_chunks_are_fully_committed: 0.
 - uncommit_free_chunks: 1.
 - use_allocation_guard: 0.
 - handle_deallocations: 1.


Internal statistics:

num_allocs_failed_limit: 6.
num_arena_births: 952.
num_arena_deaths: 0.
num_vsnodes_births: 10.
num_vsnodes_deaths: 0.
num_space_committed: 1279.
num_space_uncommitted: 0.
num_chunks_returned_to_freelist: 6.
num_chunks_taken_from_freelist: 4095.
num_chunk_merges: 6.
num_chunk_splits: 2848.
num_chunks_enlarged: 2029.
num_purges: 0.
num_inconsistent_stats: 0.

CodeHeap 'non-profiled nmethods': size=120000Kb used=4716Kb max_used=4716Kb free=115283Kb
 bounds [0x000001bef6fa0000, 0x000001bef7440000, 0x000001befe4d0000]
CodeHeap 'profiled nmethods': size=120000Kb used=15154Kb max_used=15154Kb free=104845Kb
 bounds [0x000001beefa70000, 0x000001bef0940000, 0x000001bef6fa0000]
CodeHeap 'non-nmethods': size=5760Kb used=2398Kb max_used=2454Kb free=3361Kb
 bounds [0x000001beef4d0000, 0x000001beef750000, 0x000001beefa70000]
 total_blobs=8619 nmethods=7685 adapters=846
 compilation: enabled
              stopped_count=0, restarted_count=0
 full_count=0

Compilation events (20 events):
Event: 16.857 Thread 0x000001beffdf2500 8525       4       org.jetbrains.org.objectweb.asm.ClassReader::readUnsignedShort (26 bytes)
Event: 16.857 Thread 0x000001beffdf3ec0 nmethod 8522 0x000001bef0938910 code [0x000001bef0938ac0, 0x000001bef0938cf8]
Event: 16.857 Thread 0x000001beffdf3ec0 8523       3       org.jetbrains.org.objectweb.asm.ClassReader::readUtf (44 bytes)
Event: 16.857 Thread 0x000001beffdf3ec0 nmethod 8523 0x000001bef0938e10 code [0x000001bef0938fe0, 0x000001bef09393d8]
Event: 16.857 Thread 0x000001beffdf3ec0 8524       3       org.jetbrains.org.objectweb.asm.ClassReader::readStringish (16 bytes)
Event: 16.857 Thread 0x000001beffdf3ec0 nmethod 8524 0x000001bef0939590 code [0x000001bef0939760, 0x000001bef0939a68]
Event: 16.857 Thread 0x000001beffdf3ec0 8526       3       kotlin.text.StringsKt__StringsJVMKt::replace$default (17 bytes)
Event: 16.858 Thread 0x000001beffdf2500 nmethod 8525 0x000001bef743ab10 code [0x000001bef743ac80, 0x000001bef743ad58]
Event: 16.858 Thread 0x000001beffdf3ec0 nmethod 8526 0x000001bef0939c10 code [0x000001bef0939da0, 0x000001bef0939ee8]
Event: 16.860 Thread 0x000001beffdf3ec0 8527       3       java.util.zip.ZipCoder::hash (36 bytes)
Event: 16.860 Thread 0x000001beffdf3ec0 nmethod 8527 0x000001bef0939f90 code [0x000001bef093a1a0, 0x000001bef093a928]
Event: 16.861 Thread 0x000001beffdf3ec0 8528       3       jdk.internal.jrtfs.JrtPath::<init> (31 bytes)
Event: 16.861 Thread 0x000001beffdf3ec0 nmethod 8528 0x000001bef093ac10 code [0x000001bef093adc0, 0x000001bef093b0e8]
Event: 16.861 Thread 0x000001beffdf3ec0 8529       3       jdk.internal.jrtfs.JrtPath::normalize (97 bytes)
Event: 16.862 Thread 0x000001beffdf3ec0 nmethod 8529 0x000001bef093b210 code [0x000001bef093b480, 0x000001bef093bf68]
Event: 16.862 Thread 0x000001beffdf3ec0 8530       1       jdk.internal.jimage.ImageReader$Node::getNameString (5 bytes)
Event: 16.862 Thread 0x000001beffdf3ec0 nmethod 8530 0x000001bef743ae90 code [0x000001bef743b020, 0x000001bef743b0f8]
Event: 16.862 Thread 0x000001beffdf3ec0 8532       3       org.jetbrains.org.objectweb.asm.ClassReader::readPackage (7 bytes)
Event: 16.862 Thread 0x000001beffdf3ec0 nmethod 8532 0x000001bef093c390 code [0x000001bef093c560, 0x000001bef093c8a8]
Event: 16.862 Thread 0x000001beffdf3ec0 8534       3       kotlin.text.StringsKt__StringsJVMKt::replace (133 bytes)

GC Heap History (20 events):
Event: 11.928 GC heap before
{Heap before GC invocations=28 (full 0):
 garbage-first heap   total 160768K, used 95688K [0x0000000080000000, 0x0000000100000000)
  region size 1024K, 2 young (2048K), 1 survivors (1024K)
 Metaspace       used 59959K, committed 60736K, reserved 1105920K
  class space    used 8626K, committed 8960K, reserved 1048576K
}
Event: 11.931 GC heap after
{Heap after GC invocations=29 (full 0):
 garbage-first heap   total 160768K, used 96599K [0x0000000080000000, 0x0000000100000000)
  region size 1024K, 2 young (2048K), 2 survivors (2048K)
 Metaspace       used 59959K, committed 60736K, reserved 1105920K
  class space    used 8626K, committed 8960K, reserved 1048576K
}
Event: 12.035 GC heap before
{Heap before GC invocations=30 (full 0):
 garbage-first heap   total 176128K, used 104791K [0x0000000080000000, 0x0000000100000000)
  region size 1024K, 8 young (8192K), 2 survivors (2048K)
 Metaspace       used 59964K, committed 60736K, reserved 1105920K
  class space    used 8626K, committed 8960K, reserved 1048576K
}
Event: 12.039 GC heap after
{Heap after GC invocations=31 (full 0):
 garbage-first heap   total 176128K, used 100496K [0x0000000080000000, 0x0000000100000000)
  region size 1024K, 3 young (3072K), 3 survivors (3072K)
 Metaspace       used 59964K, committed 60736K, reserved 1105920K
  class space    used 8626K, committed 8960K, reserved 1048576K
}
Event: 12.631 GC heap before
{Heap before GC invocations=32 (full 0):
 garbage-first heap   total 178176K, used 127120K [0x0000000080000000, 0x0000000100000000)
  region size 1024K, 27 young (27648K), 3 survivors (3072K)
 Metaspace       used 62026K, committed 62720K, reserved 1105920K
  class space    used 8900K, committed 9216K, reserved 1048576K
}
Event: 12.634 GC heap after
{Heap after GC invocations=33 (full 0):
 garbage-first heap   total 178176K, used 100193K [0x0000000080000000, 0x0000000100000000)
  region size 1024K, 2 young (2048K), 2 survivors (2048K)
 Metaspace       used 62026K, committed 62720K, reserved 1105920K
  class space    used 8900K, committed 9216K, reserved 1048576K
}
Event: 13.109 GC heap before
{Heap before GC invocations=33 (full 0):
 garbage-first heap   total 178176K, used 128865K [0x0000000080000000, 0x0000000100000000)
  region size 1024K, 30 young (30720K), 2 survivors (2048K)
 Metaspace       used 64824K, committed 65600K, reserved 1105920K
  class space    used 9285K, committed 9664K, reserved 1048576K
}
Event: 13.113 GC heap after
{Heap after GC invocations=34 (full 0):
 garbage-first heap   total 178176K, used 101881K [0x0000000080000000, 0x0000000100000000)
  region size 1024K, 4 young (4096K), 4 survivors (4096K)
 Metaspace       used 64824K, committed 65600K, reserved 1105920K
  class space    used 9285K, committed 9664K, reserved 1048576K
}
Event: 13.599 GC heap before
{Heap before GC invocations=35 (full 0):
 garbage-first heap   total 178176K, used 130553K [0x0000000080000000, 0x0000000100000000)
  region size 1024K, 34 young (34816K), 4 survivors (4096K)
 Metaspace       used 68542K, committed 69376K, reserved 1114112K
  class space    used 9779K, committed 10176K, reserved 1048576K
}
Event: 13.603 GC heap after
{Heap after GC invocations=36 (full 0):
 garbage-first heap   total 178176K, used 100800K [0x0000000080000000, 0x0000000100000000)
  region size 1024K, 4 young (4096K), 4 survivors (4096K)
 Metaspace       used 68542K, committed 69376K, reserved 1114112K
  class space    used 9779K, committed 10176K, reserved 1048576K
}
Event: 14.175 GC heap before
{Heap before GC invocations=36 (full 0):
 garbage-first heap   total 178176K, used 135616K [0x0000000080000000, 0x0000000100000000)
  region size 1024K, 38 young (38912K), 4 survivors (4096K)
 Metaspace       used 71056K, committed 71808K, reserved 1114112K
  class space    used 10098K, committed 10496K, reserved 1048576K
}
Event: 14.181 GC heap after
{Heap after GC invocations=37 (full 0):
 garbage-first heap   total 178176K, used 103916K [0x0000000080000000, 0x0000000100000000)
  region size 1024K, 5 young (5120K), 5 survivors (5120K)
 Metaspace       used 71056K, committed 71808K, reserved 1114112K
  class space    used 10098K, committed 10496K, reserved 1048576K
}
Event: 14.971 GC heap before
{Heap before GC invocations=38 (full 0):
 garbage-first heap   total 183296K, used 134636K [0x0000000080000000, 0x0000000100000000)
  region size 1024K, 36 young (36864K), 5 survivors (5120K)
 Metaspace       used 75041K, committed 75776K, reserved 1114112K
  class space    used 10592K, committed 10944K, reserved 1048576K
}
Event: 14.977 GC heap after
{Heap after GC invocations=39 (full 0):
 garbage-first heap   total 183296K, used 105451K [0x0000000080000000, 0x0000000100000000)
  region size 1024K, 2 young (2048K), 2 survivors (2048K)
 Metaspace       used 75041K, committed 75776K, reserved 1114112K
  class space    used 10592K, committed 10944K, reserved 1048576K
}
Event: 15.944 GC heap before
{Heap before GC invocations=40 (full 0):
 garbage-first heap   total 194560K, used 146411K [0x0000000080000000, 0x0000000100000000)
  region size 1024K, 39 young (39936K), 2 survivors (2048K)
 Metaspace       used 80792K, committed 81600K, reserved 1122304K
  class space    used 11303K, committed 11712K, reserved 1048576K
}
Event: 15.950 GC heap after
{Heap after GC invocations=41 (full 0):
 garbage-first heap   total 194560K, used 110016K [0x0000000080000000, 0x0000000100000000)
  region size 1024K, 3 young (3072K), 3 survivors (3072K)
 Metaspace       used 80792K, committed 81600K, reserved 1122304K
  class space    used 11303K, committed 11712K, reserved 1048576K
}
Event: 16.484 GC heap before
{Heap before GC invocations=42 (full 0):
 garbage-first heap   total 204800K, used 161216K [0x0000000080000000, 0x0000000100000000)
  region size 1024K, 47 young (48128K), 3 survivors (3072K)
 Metaspace       used 80975K, committed 81792K, reserved 1122304K
  class space    used 11311K, committed 11712K, reserved 1048576K
}
Event: 16.497 GC heap after
{Heap after GC invocations=43 (full 0):
 garbage-first heap   total 204800K, used 123079K [0x0000000080000000, 0x0000000100000000)
  region size 1024K, 6 young (6144K), 6 survivors (6144K)
 Metaspace       used 80975K, committed 81792K, reserved 1122304K
  class space    used 11311K, committed 11712K, reserved 1048576K
}
Event: 16.756 GC heap before
{Heap before GC invocations=43 (full 0):
 garbage-first heap   total 204800K, used 161991K [0x0000000080000000, 0x0000000100000000)
  region size 1024K, 44 young (45056K), 6 survivors (6144K)
 Metaspace       used 80998K, committed 81792K, reserved 1122304K
  class space    used 11314K, committed 11712K, reserved 1048576K
}
Event: 16.772 GC heap after
{Heap after GC invocations=44 (full 0):
 garbage-first heap   total 204800K, used 136042K [0x0000000080000000, 0x0000000100000000)
  region size 1024K, 6 young (6144K), 6 survivors (6144K)
 Metaspace       used 80998K, committed 81792K, reserved 1122304K
  class space    used 11314K, committed 11712K, reserved 1048576K
}

Deoptimization events (20 events):
Event: 16.605 Thread 0x000001be879ed0f0 Uncommon trap: trap_request=0xffffff45 fr.pc=0x000001bef7417b50 relative=0x00000000000011d0
Event: 16.605 Thread 0x000001be879ed0f0 Uncommon trap: reason=unstable_if action=reinterpret pc=0x000001bef7417b50 method=java.lang.String.lastIndexOf(II)I @ 4 c2
Event: 16.605 Thread 0x000001be879ed0f0 DEOPT PACKING pc=0x000001bef7417b50 sp=0x0000003413ff5160
Event: 16.605 Thread 0x000001be879ed0f0 DEOPT UNPACKING pc=0x000001beef5223a3 sp=0x0000003413ff5060 mode 2
Event: 16.605 Thread 0x000001be879ed0f0 Uncommon trap: trap_request=0xffffff45 fr.pc=0x000001bef717eefc relative=0x00000000000001dc
Event: 16.605 Thread 0x000001be879ed0f0 Uncommon trap: reason=unstable_if action=reinterpret pc=0x000001bef717eefc method=java.lang.String.lastIndexOf(II)I @ 4 c2
Event: 16.605 Thread 0x000001be879ed0f0 DEOPT PACKING pc=0x000001bef717eefc sp=0x0000003413ff5120
Event: 16.605 Thread 0x000001be879ed0f0 DEOPT UNPACKING pc=0x000001beef5223a3 sp=0x0000003413ff5050 mode 2
Event: 16.605 Thread 0x000001be879ed0f0 Uncommon trap: trap_request=0xffffff45 fr.pc=0x000001bef6fd6668 relative=0x0000000000000448
Event: 16.605 Thread 0x000001be879ed0f0 Uncommon trap: reason=unstable_if action=reinterpret pc=0x000001bef6fd6668 method=java.lang.String.substring(II)Ljava/lang/String; @ 31 c2
Event: 16.605 Thread 0x000001be879ed0f0 DEOPT PACKING pc=0x000001bef6fd6668 sp=0x0000003413ff50e0
Event: 16.605 Thread 0x000001be879ed0f0 DEOPT UNPACKING pc=0x000001beef5223a3 sp=0x0000003413ff50b0 mode 2
Event: 16.605 Thread 0x000001be879ed0f0 Uncommon trap: trap_request=0xffffff45 fr.pc=0x000001bef706a658 relative=0x0000000000000438
Event: 16.605 Thread 0x000001be879ed0f0 Uncommon trap: reason=unstable_if action=reinterpret pc=0x000001bef706a658 method=java.lang.String.substring(II)Ljava/lang/String; @ 31 c2
Event: 16.605 Thread 0x000001be879ed0f0 DEOPT PACKING pc=0x000001bef706a658 sp=0x0000003413ff50e0
Event: 16.605 Thread 0x000001be879ed0f0 DEOPT UNPACKING pc=0x000001beef5223a3 sp=0x0000003413ff5040 mode 2
Event: 16.605 Thread 0x000001be879ed0f0 Uncommon trap: trap_request=0xffffff45 fr.pc=0x000001bef6fc4200 relative=0x0000000000000180
Event: 16.605 Thread 0x000001be879ed0f0 Uncommon trap: reason=unstable_if action=reinterpret pc=0x000001bef6fc4200 method=java.lang.String.equals(Ljava/lang/Object;)Z @ 33 c2
Event: 16.605 Thread 0x000001be879ed0f0 DEOPT PACKING pc=0x000001bef6fc4200 sp=0x0000003413ff51b0
Event: 16.605 Thread 0x000001be879ed0f0 DEOPT UNPACKING pc=0x000001beef5223a3 sp=0x0000003413ff5150 mode 2

Classes unloaded (0 events):
No events

Classes redefined (0 events):
No events

Internal exceptions (20 events):
Event: 13.058 Thread 0x000001be879ed0f0 Exception <a 'java/lang/NoSuchMethodError'{0x00000000894926a8}: static Lorg/jetbrains/kotlin/gradle/plugin/internal/DefaultBasePluginConfigurationVariantFactory;.<clinit>()V> (0x00000000894926a8) 
thrown [t:\workspace\open\src\hotspot\share\prims\jni.cpp, line 1107]
Event: 13.060 Thread 0x000001be879ed0f0 Exception <a 'java/lang/NoSuchMethodError'{0x00000000894aaf40}: static Lorg/jetbrains/kotlin/gradle/plugin/internal/DefaultIdeaSyncDetectorVariantFactory;.<clinit>()V> (0x00000000894aaf40) 
thrown [t:\workspace\open\src\hotspot\share\prims\jni.cpp, line 1107]
Event: 13.061 Thread 0x000001be879ed0f0 Exception <a 'java/lang/NoSuchMethodError'{0x00000000894c4460}: static Lorg/jetbrains/kotlin/gradle/plugin/internal/DefaultKotlinTestReportCompatibilityHelperVariantFactory;.<clinit>()V> (0x00000000894c4460) 
thrown [t:\workspace\open\src\hotspot\share\prims\jni.cpp, line 1107]
Event: 13.898 Thread 0x000001be879ed0f0 Exception <a 'java/lang/ClassNotFoundException'{0x0000000089c85200}: org/jetbrains/kotlin/gradle/targets/js/npm/DefaultNpmDependencyExtensionBeanInfo> (0x0000000089c85200) 
thrown [t:\workspace\open\src\hotspot\share\classfile\systemDictionary.cpp, line 256]
Event: 13.898 Thread 0x000001be879ed0f0 Exception <a 'java/lang/ClassNotFoundException'{0x0000000089c91950}: org/jetbrains/kotlin/gradle/targets/js/npm/DefaultNpmDependencyExtensionCustomizer> (0x0000000089c91950) 
thrown [t:\workspace\open\src\hotspot\share\classfile\systemDictionary.cpp, line 256]
Event: 13.904 Thread 0x000001be879ed0f0 Exception <a 'java/lang/ClassNotFoundException'{0x0000000089cfc5a0}: org/jetbrains/kotlin/gradle/targets/js/npm/NpmDependencyExtensionKt$defaultNpmDependencyDelegate$1BeanInfo> (0x0000000089cfc5a0) 
thrown [t:\workspace\open\src\hotspot\share\classfile\systemDictionary.cpp, line 256]
Event: 13.905 Thread 0x000001be879ed0f0 Exception <a 'java/lang/ClassNotFoundException'{0x0000000089b09210}: org/jetbrains/kotlin/gradle/targets/js/npm/NpmDependencyExtensionDelegateBeanInfo> (0x0000000089b09210) 
thrown [t:\workspace\open\src\hotspot\share\classfile\systemDictionary.cpp, line 256]
Event: 13.905 Thread 0x000001be879ed0f0 Exception <a 'java/lang/ClassNotFoundException'{0x0000000089b15970}: org/jetbrains/kotlin/gradle/targets/js/npm/NpmDependencyExtensionDelegateCustomizer> (0x0000000089b15970) 
thrown [t:\workspace\open\src\hotspot\share\classfile\systemDictionary.cpp, line 256]
Event: 13.906 Thread 0x000001be879ed0f0 Exception <a 'java/lang/ClassNotFoundException'{0x0000000089b371e0}: org/jetbrains/kotlin/gradle/targets/js/npm/NpmDependencyExtensionKt$defaultNpmDependencyDelegate$1Customizer> (0x0000000089b371e0) 
thrown [t:\workspace\open\src\hotspot\share\classfile\systemDictionary.cpp, line 256]
Event: 13.909 Thread 0x000001be879ed0f0 Exception <a 'java/lang/ClassNotFoundException'{0x0000000089b6e798}: org/jetbrains/kotlin/gradle/targets/js/npm/DefaultDevNpmDependencyExtensionBeanInfo> (0x0000000089b6e798) 
thrown [t:\workspace\open\src\hotspot\share\classfile\systemDictionary.cpp, line 256]
Event: 13.909 Thread 0x000001be879ed0f0 Exception <a 'java/lang/ClassNotFoundException'{0x0000000089b7af00}: org/jetbrains/kotlin/gradle/targets/js/npm/DefaultDevNpmDependencyExtensionCustomizer> (0x0000000089b7af00) 
thrown [t:\workspace\open\src\hotspot\share\classfile\systemDictionary.cpp, line 256]
Event: 13.913 Thread 0x000001be879ed0f0 Exception <a 'java/lang/ClassNotFoundException'{0x0000000089bb5990}: org/jetbrains/kotlin/gradle/targets/js/npm/DefaultPeerNpmDependencyExtensionBeanInfo> (0x0000000089bb5990) 
thrown [t:\workspace\open\src\hotspot\share\classfile\systemDictionary.cpp, line 256]
Event: 13.913 Thread 0x000001be879ed0f0 Exception <a 'java/lang/ClassNotFoundException'{0x0000000089bc2148}: org/jetbrains/kotlin/gradle/targets/js/npm/DefaultPeerNpmDependencyExtensionCustomizer> (0x0000000089bc2148) 
thrown [t:\workspace\open\src\hotspot\share\classfile\systemDictionary.cpp, line 256]
Event: 13.916 Thread 0x000001be879ed0f0 Exception <a 'java/lang/ClassNotFoundException'{0x0000000089a046b0}: org/jetbrains/kotlin/gradle/targets/js/npm/DefaultPeerNpmDependencyExtension$delegate$1BeanInfo> (0x0000000089a046b0) 
thrown [t:\workspace\open\src\hotspot\share\classfile\systemDictionary.cpp, line 256]
Event: 13.917 Thread 0x000001be879ed0f0 Exception <a 'java/lang/ClassNotFoundException'{0x0000000089a11130}: org/jetbrains/kotlin/gradle/targets/js/npm/DefaultPeerNpmDependencyExtension$delegate$1Customizer> (0x0000000089a11130) 
thrown [t:\workspace\open\src\hotspot\share\classfile\systemDictionary.cpp, line 256]
Event: 14.684 Thread 0x000001be879ed0f0 Exception <a 'java/lang/NoSuchMethodError'{0x0000000089e419c8}: 'long java.lang.invoke.DirectMethodHandle$Holder.invokeStatic(java.lang.Object)'> (0x0000000089e419c8) 
thrown [t:\workspace\open\src\hotspot\share\interpreter\linkResolver.cpp, line 766]
Event: 14.685 Thread 0x000001be879ed0f0 Exception <a 'java/lang/NoSuchMethodError'{0x0000000089e46568}: 'long java.lang.invoke.DirectMethodHandle$Holder.invokeStaticInit(java.lang.Object)'> (0x0000000089e46568) 
thrown [t:\workspace\open\src\hotspot\share\interpreter\linkResolver.cpp, line 766]
Event: 15.828 Thread 0x000001be879ed0f0 Exception <a 'java/lang/NoSuchMethodError'{0x0000000089a2bb88}: 'java.lang.Object java.lang.invoke.Invokers$Holder.invoke_MT(java.lang.Object, java.lang.Object, java.lang.Object)'> (0x0000000089a2bb88) 
thrown [t:\workspace\open\src\hotspot\share\interpreter\linkResolver.cpp, line 766]
Event: 16.294 Thread 0x000001be879ed0f0 Implicit null exception at 0x000001bef73ede5e to 0x000001bef73efcac
Event: 16.372 Thread 0x000001be879ed0f0 Implicit null exception at 0x000001bef7404259 to 0x000001bef7406158

VM Operations (20 events):
Event: 15.089 Executing VM operation: G1Concurrent done
Event: 15.098 Executing VM operation: HandshakeAllThreads
Event: 15.099 Executing VM operation: HandshakeAllThreads done
Event: 15.611 Executing VM operation: HandshakeAllThreads
Event: 15.611 Executing VM operation: HandshakeAllThreads done
Event: 15.937 Executing VM operation: HandshakeAllThreads
Event: 15.938 Executing VM operation: HandshakeAllThreads done
Event: 15.944 Executing VM operation: G1TryInitiateConcMark
Event: 15.950 Executing VM operation: G1TryInitiateConcMark done
Event: 16.042 Executing VM operation: G1Concurrent
Event: 16.050 Executing VM operation: G1Concurrent done
Event: 16.084 Executing VM operation: G1Concurrent
Event: 16.084 Executing VM operation: G1Concurrent done
Event: 16.484 Executing VM operation: G1CollectForAllocation
Event: 16.497 Executing VM operation: G1CollectForAllocation done
Event: 16.531 Executing VM operation: HandshakeAllThreads
Event: 16.531 Executing VM operation: HandshakeAllThreads done
Event: 16.756 Executing VM operation: G1CollectForAllocation
Event: 16.772 Executing VM operation: G1CollectForAllocation done
Event: 16.863 Executing VM operation: G1Concurrent

Events (20 events):
Event: 15.826 loading class java/nio/channels/FileChannel$MapMode
Event: 15.826 loading class java/nio/channels/FileChannel$MapMode done
Event: 15.826 loading class jdk/internal/misc/ExtendedMapMode
Event: 15.827 loading class jdk/internal/misc/ExtendedMapMode done
Event: 15.829 loading class sun/nio/ch/FileChannelImpl$DefaultUnmapper
Event: 15.829 loading class sun/nio/ch/FileChannelImpl$Unmapper
Event: 15.829 loading class jdk/internal/access/foreign/UnmapperProxy
Event: 15.829 loading class jdk/internal/access/foreign/UnmapperProxy done
Event: 15.829 loading class sun/nio/ch/FileChannelImpl$Unmapper done
Event: 15.829 loading class sun/nio/ch/FileChannelImpl$DefaultUnmapper done
Event: 15.829 loading class sun/nio/ch/Util$4
Event: 15.829 loading class sun/nio/ch/Util$4 done
Event: 15.831 loading class java/io/UTFDataFormatException
Event: 15.832 loading class java/io/UTFDataFormatException done
Event: 15.935 loading class sun/nio/fs/WindowsFileAttributeViews$Dos
Event: 15.935 loading class sun/nio/fs/WindowsFileAttributeViews$Dos done
Event: 16.845 loading class java/nio/channels/Channels$ReadableByteChannelImpl
Event: 16.845 loading class java/nio/channels/Channels$ReadableByteChannelImpl done
Event: 16.845 loading class java/nio/channels/NonWritableChannelException
Event: 16.845 loading class java/nio/channels/NonWritableChannelException done


Dynamic libraries:
0x00007ff7ba280000 - 0x00007ff7ba290000 	C:\Program Files\Java\jdk-17.0.1\bin\java.exe
0x00007ffc88610000 - 0x00007ffc88808000 	C:\WINDOWS\SYSTEM32\ntdll.dll
0x00007ffc87380000 - 0x00007ffc8743d000 	C:\WINDOWS\System32\KERNEL32.DLL
0x00007ffc861e0000 - 0x00007ffc864d6000 	C:\WINDOWS\System32\KERNELBASE.dll
0x00007ffc860e0000 - 0x00007ffc861e0000 	C:\WINDOWS\System32\ucrtbase.dll
0x00007ffc5dc60000 - 0x00007ffc5dc78000 	C:\Program Files\Java\jdk-17.0.1\bin\jli.dll
0x00007ffc86e70000 - 0x00007ffc86f1e000 	C:\WINDOWS\System32\ADVAPI32.dll
0x00007ffc5c880000 - 0x00007ffc5c89a000 	C:\Program Files\Java\jdk-17.0.1\bin\VCRUNTIME140.dll
0x00007ffc86f20000 - 0x00007ffc86fbe000 	C:\WINDOWS\System32\msvcrt.dll
0x00007ffc880a0000 - 0x00007ffc8813c000 	C:\WINDOWS\System32\sechost.dll
0x00007ffc88140000 - 0x00007ffc88266000 	C:\WINDOWS\System32\RPCRT4.dll
0x00007ffc870f0000 - 0x00007ffc8728e000 	C:\WINDOWS\System32\USER32.dll
0x00007ffc85d90000 - 0x00007ffc85db2000 	C:\WINDOWS\System32\win32u.dll
0x00007ffc88070000 - 0x00007ffc8809c000 	C:\WINDOWS\System32\GDI32.dll
0x00007ffc864e0000 - 0x00007ffc865fa000 	C:\WINDOWS\System32\gdi32full.dll
0x00007ffc85cf0000 - 0x00007ffc85d8d000 	C:\WINDOWS\System32\msvcp_win.dll
0x00007ffc727d0000 - 0x00007ffc72a6a000 	C:\WINDOWS\WinSxS\amd64_microsoft.windows.common-controls_6595b64144ccf1df_6.0.19041.1110_none_60b5254171f9507e\COMCTL32.dll
0x00007ffc7f940000 - 0x00007ffc7f94a000 	C:\WINDOWS\SYSTEM32\VERSION.dll
0x00007ffc866f0000 - 0x00007ffc86720000 	C:\WINDOWS\System32\IMM32.DLL
0x00007ffc79240000 - 0x00007ffc7924c000 	C:\Program Files\Java\jdk-17.0.1\bin\vcruntime140_1.dll
0x00007ffc55f10000 - 0x00007ffc55f9d000 	C:\Program Files\Java\jdk-17.0.1\bin\msvcp140.dll
0x00007ffc4d3c0000 - 0x00007ffc4df7e000 	C:\Program Files\Java\jdk-17.0.1\bin\server\jvm.dll
0x00007ffc87960000 - 0x00007ffc87968000 	C:\WINDOWS\System32\PSAPI.DLL
0x00007ffc79370000 - 0x00007ffc79379000 	C:\WINDOWS\SYSTEM32\WSOCK32.dll
0x00007ffc874a0000 - 0x00007ffc8750b000 	C:\WINDOWS\System32\WS2_32.dll
0x00007ffc7b7e0000 - 0x00007ffc7b807000 	C:\WINDOWS\SYSTEM32\WINMM.dll
0x00007ffc83b60000 - 0x00007ffc83b72000 	C:\WINDOWS\SYSTEM32\kernel.appcore.dll
0x00007ffc74630000 - 0x00007ffc7463a000 	C:\Program Files\Java\jdk-17.0.1\bin\jimage.dll
0x00007ffc7e840000 - 0x00007ffc7ea24000 	C:\WINDOWS\SYSTEM32\DBGHELP.DLL
0x00007ffc70890000 - 0x00007ffc708c4000 	C:\WINDOWS\SYSTEM32\dbgcore.DLL
0x00007ffc86000000 - 0x00007ffc86082000 	C:\WINDOWS\System32\bcryptPrimitives.dll
0x00007ffc55ee0000 - 0x00007ffc55f05000 	C:\Program Files\Java\jdk-17.0.1\bin\java.dll
0x00007ffc55790000 - 0x00007ffc55866000 	C:\Program Files\Java\jdk-17.0.1\bin\svml.dll
0x00007ffc86720000 - 0x00007ffc86e65000 	C:\WINDOWS\System32\SHELL32.dll
0x00007ffc83d60000 - 0x00007ffc844fb000 	C:\WINDOWS\SYSTEM32\windows.storage.dll
0x00007ffc88270000 - 0x00007ffc885c4000 	C:\WINDOWS\System32\combase.dll
0x00007ffc85580000 - 0x00007ffc855ae000 	C:\WINDOWS\SYSTEM32\Wldp.dll
0x00007ffc87640000 - 0x00007ffc876ed000 	C:\WINDOWS\System32\SHCORE.dll
0x00007ffc87440000 - 0x00007ffc87495000 	C:\WINDOWS\System32\shlwapi.dll
0x00007ffc85c20000 - 0x00007ffc85c45000 	C:\WINDOWS\SYSTEM32\profapi.dll
0x00007ffc5c860000 - 0x00007ffc5c879000 	C:\Program Files\Java\jdk-17.0.1\bin\net.dll
0x00007ffc7df70000 - 0x00007ffc7e07a000 	C:\WINDOWS\SYSTEM32\WINHTTP.dll
0x00007ffc85360000 - 0x00007ffc853ca000 	C:\WINDOWS\system32\mswsock.dll
0x00007ffc5c640000 - 0x00007ffc5c655000 	C:\Program Files\Java\jdk-17.0.1\bin\nio.dll
0x00007ffc55ec0000 - 0x00007ffc55ed8000 	C:\Program Files\Java\jdk-17.0.1\bin\zip.dll
0x00007ffc73f60000 - 0x00007ffc73f70000 	C:\Program Files\Java\jdk-17.0.1\bin\verify.dll
0x00007ffc5db30000 - 0x00007ffc5db57000 	C:\Users\Rizky\.gradle\native\68d5fa5c4cc2d200863cafc0d521ce42e7d3e7ee720ec0a83991735586a16f82\windows-amd64\native-platform.dll
0x00007ffc5c6d0000 - 0x00007ffc5c814000 	C:\Users\Rizky\.gradle\native\e376f236ea51e6404a007f0833ffe2c6e607c4080706a723a18a27aeea778392\windows-amd64\native-platform-file-events.dll
0x00007ffc730e0000 - 0x00007ffc730e9000 	C:\Program Files\Java\jdk-17.0.1\bin\management.dll
0x00007ffc72d10000 - 0x00007ffc72d1b000 	C:\Program Files\Java\jdk-17.0.1\bin\management_ext.dll
0x00007ffc855c0000 - 0x00007ffc855d8000 	C:\WINDOWS\SYSTEM32\CRYPTSP.dll
0x00007ffc84c90000 - 0x00007ffc84cc4000 	C:\WINDOWS\system32\rsaenh.dll
0x00007ffc85dc0000 - 0x00007ffc85de7000 	C:\WINDOWS\System32\bcrypt.dll
0x00007ffc85be0000 - 0x00007ffc85c0e000 	C:\WINDOWS\SYSTEM32\USERENV.dll
0x00007ffc854f0000 - 0x00007ffc854fc000 	C:\WINDOWS\SYSTEM32\CRYPTBASE.dll
0x00007ffc85070000 - 0x00007ffc850ab000 	C:\WINDOWS\SYSTEM32\IPHLPAPI.DLL
0x00007ffc87290000 - 0x00007ffc87298000 	C:\WINDOWS\System32\NSI.dll
0x00007ffc7f1e0000 - 0x00007ffc7f1f7000 	C:\WINDOWS\SYSTEM32\dhcpcsvc6.DLL
0x00007ffc7f1c0000 - 0x00007ffc7f1dd000 	C:\WINDOWS\SYSTEM32\dhcpcsvc.DLL
0x00007ffc850b0000 - 0x00007ffc8517a000 	C:\WINDOWS\SYSTEM32\DNSAPI.dll
0x00007ffc6d550000 - 0x00007ffc6d55e000 	C:\Program Files\Java\jdk-17.0.1\bin\sunmscapi.dll
0x00007ffc85df0000 - 0x00007ffc85f4e000 	C:\WINDOWS\System32\CRYPT32.dll
0x00007ffc857a0000 - 0x00007ffc857c8000 	C:\WINDOWS\SYSTEM32\ncrypt.dll
0x00007ffc85760000 - 0x00007ffc8579b000 	C:\WINDOWS\SYSTEM32\NTASN1.dll
0x00007ffc81920000 - 0x00007ffc81927000 	C:\WINDOWS\system32\wshunix.dll

dbghelp: loaded successfully - version: 4.0.5 - missing functions: none
symbol engine: initialized successfully - sym options: 0x614 - pdb path: .;C:\Program Files\Java\jdk-17.0.1\bin;C:\WINDOWS\SYSTEM32;C:\WINDOWS\WinSxS\amd64_microsoft.windows.common-controls_6595b64144ccf1df_6.0.19041.1110_none_60b5254171f9507e;C:\Program Files\Java\jdk-17.0.1\bin\server;C:\Users\Rizky\.gradle\native\68d5fa5c4cc2d200863cafc0d521ce42e7d3e7ee720ec0a83991735586a16f82\windows-amd64;C:\Users\Rizky\.gradle\native\e376f236ea51e6404a007f0833ffe2c6e607c4080706a723a18a27aeea778392\windows-amd64

VM Arguments:
jvm_args: --add-opens=java.base/java.util=ALL-UNNAMED --add-opens=java.base/java.lang=ALL-UNNAMED --add-opens=java.base/java.lang.invoke=ALL-UNNAMED --add-opens=java.prefs/java.util.prefs=ALL-UNNAMED --add-opens=java.base/java.nio.charset=ALL-UNNAMED --add-opens=java.base/java.net=ALL-UNNAMED --add-opens=java.base/java.util.concurrent.atomic=ALL-UNNAMED -Xmx2048m -Dfile.encoding=UTF-8 -Duser.country=ID -Duser.language=en -Duser.variant 
java_command: org.gradle.launcher.daemon.bootstrap.GradleDaemon 8.0
java_class_path (initial): C:\Users\Rizky\.gradle\wrapper\dists\gradle-8.0-bin\ca5e32bp14vu59qr306oxotwh\gradle-8.0\lib\gradle-launcher-8.0.jar
Launcher Type: SUN_STANDARD

[Global flags]
     intx CICompilerCount                          = 4                                         {product} {ergonomic}
     uint ConcGCThreads                            = 2                                         {product} {ergonomic}
     uint G1ConcRefinementThreads                  = 8                                         {product} {ergonomic}
   size_t G1HeapRegionSize                         = 1048576                                   {product} {ergonomic}
    uintx GCDrainStackTargetSize                   = 64                                        {product} {ergonomic}
   size_t InitialHeapSize                          = 132120576                                 {product} {ergonomic}
   size_t MarkStackSize                            = 4194304                                   {product} {ergonomic}
   size_t MaxHeapSize                              = 2147483648                                {product} {command line}
   size_t MaxNewSize                               = 1287651328                                {product} {ergonomic}
   size_t MinHeapDeltaBytes                        = 1048576                                   {product} {ergonomic}
   size_t MinHeapSize                              = 8388608                                   {product} {ergonomic}
    uintx NonNMethodCodeHeapSize                   = 5839372                                {pd product} {ergonomic}
    uintx NonProfiledCodeHeapSize                  = 122909434                              {pd product} {ergonomic}
    uintx ProfiledCodeHeapSize                     = 122909434                              {pd product} {ergonomic}
    uintx ReservedCodeCacheSize                    = 251658240                              {pd product} {ergonomic}
     bool SegmentedCodeCache                       = true                                      {product} {ergonomic}
   size_t SoftMaxHeapSize                          = 2147483648                             {manageable} {ergonomic}
     bool UseCompressedClassPointers               = true                           {product lp64_product} {ergonomic}
     bool UseCompressedOops                        = true                           {product lp64_product} {ergonomic}
     bool UseG1GC                                  = true                                      {product} {ergonomic}
     bool UseLargePagesIndividualAllocation        = false                                  {pd product} {ergonomic}

Logging:
Log output configuration:
 #0: stdout all=warning uptime,level,tags
 #1: stderr all=off uptime,level,tags

Environment Variables:
JAVA_HOME=C:\Program Files\Java\jdk-17.0.1
CLASSPATH=.;
PATH=C:\Program Files\Eclipse Adoptium\jdk-17.0.7.7-hotspot\bin;C:\Program Files (x86)\Common Files\Oracle\Java\javapath;C:\Program Files (x86)\NVIDIA Corporation\PhysX\Common;C:\Python310\Scripts\;C:\Python310\;C:\Program Files\Common Files\Oracle\Java\javapath;C:\WINDOWS\system32;C:\WINDOWS;C:\WINDOWS\System32\Wbem;C:\WINDOWS\System32\WindowsPowerShell\v1.0\;C:\WINDOWS\System32\OpenSSH\;C:\ProgramData\chocolatey\bin;C:\Users\Rizky\AppData\Local\Android\Sdk;C:\Users\Rizky\AppData\Local\Android\Sdk\platform-tools;C:\Program Files\Java\jdk1.8.0_211\bin;C:\Program Files\Java\jdk1.8.0_202\bin;C:\xampp\php;C:\ProgramData\ComposerSetup\bin;C:\Users\Rizky\AppData\Local\Android\Sdk\platform-tools;C:\Program Files\nodejs\;C:\Program Files\MongoDB\Server\5.0\bin;C:\Program Files\PowerShell\7\;C:\Program Files\Git\cmd;C:\hadoop\bin;C:\Windows\system32\cmd.exe\bin;C:\hadoop\sbin;C:\Python310;C:\xampp\htdocs\frontend-programming\movie-database\node_modules;";C:\Program Files\Java\jdk-17.0.1\bin";C:\Gradle\gradle-8.1.1\bin;C:\Users\Rizky\AppData\Local\Microsoft\WindowsApps;C:\Users\Rizky\AppData\Local\Android\Sdk\platform-tools;C:\Users\Rizky\AppData\Local\Programs\Microsoft VS Code\bin;C:\Users\Rizky\AppData\Roaming\Composer\vendor\bin;C:\Users\Rizky\AppData\Roaming\npm;C:\src\flutter\bin;C:\xampp\htdocs\frontend-programming\movie-database\node_modules;
USERNAME=Rizky
OS=Windows_NT
PROCESSOR_IDENTIFIER=Intel64 Family 6 Model 58 Stepping 9, GenuineIntel



---------------  S Y S T E M  ---------------

OS:
 Windows 10 , 64 bit Build 19041 (10.0.19041.3393)
OS uptime: 0 days 11:52 hours
Hyper-V role detected

CPU: total 8 (initial active 8) (4 cores per cpu, 2 threads per core) family 6 model 58 stepping 9 microcode 0x21, cx8, cmov, fxsr, ht, mmx, sse, sse2, sse3, ssse3, sse4.1, sse4.2, popcnt, tsc, tscinvbit, avx, aes, erms, clmul, vzeroupper, clflush, hv

Memory: 4k page, system-wide physical 8063M (402M free)
TotalPageFile size 18303M (AvailPageFile size 24M)
current process WorkingSet (physical memory assigned to process): 441M, peak: 445M
current process commit charge ("private bytes"): 488M, peak: 515M

vm_info: Java HotSpot(TM) 64-Bit Server VM (17.0.1+12-LTS-39) for windows-amd64 JRE (17.0.1+12-LTS-39), built on Sep 27 2021 18:41:35 by "mach5one" with MS VC++ 16.8 (VS2019)

END.
