#
# There is insufficient memory for the Java Runtime Environment to continue.
# Native memory allocation (mmap) failed to map 38797312 bytes for G1 virtual space
# Possible reasons:
#   The system is out of physical RAM or swap space
#   The process is running with CompressedOops enabled, and the Java Heap may be blocking the growth of the native heap
# Possible solutions:
#   Reduce memory load on the system
#   Increase physical memory or swap space
#   Check if swap backing store is full
#   Decrease Java heap size (-Xmx/-Xms)
#   Decrease number of Java threads
#   Decrease Java thread stack sizes (-Xss)
#   Set larger code cache with -XX:ReservedCodeCacheSize=
#   JVM is running with Unscaled Compressed Oops mode in which the Java heap is
#     placed in the first 4GB address space. The Java Heap base address is the
#     maximum limit for the native heap growth. Please use -XX:HeapBaseMinAddress
#     to set the Java Heap base and to place the Java Heap above 4GB virtual address.
# This output file may be truncated or incomplete.
#
#  Out of Memory Error (os_windows.cpp:3469), pid=9900, tid=7804
#
# JRE version: Java(TM) SE Runtime Environment (17.0.1+12) (build 17.0.1+12-LTS-39)
# Java VM: Java HotSpot(TM) 64-Bit Server VM (17.0.1+12-LTS-39, mixed mode, sharing, tiered, compressed oops, compressed class ptrs, g1 gc, windows-amd64)
# No core dump will be written. Minidumps are not enabled by default on client versions of Windows
#

---------------  S U M M A R Y ------------

Command Line: --add-opens=java.base/java.util=ALL-UNNAMED --add-opens=java.base/java.lang=ALL-UNNAMED --add-opens=java.base/java.lang.invoke=ALL-UNNAMED --add-opens=java.prefs/java.util.prefs=ALL-UNNAMED --add-opens=java.base/java.nio.charset=ALL-UNNAMED --add-opens=java.base/java.net=ALL-UNNAMED --add-opens=java.base/java.util.concurrent.atomic=ALL-UNNAMED -Xmx2048m -Dfile.encoding=UTF-8 -Duser.country=ID -Duser.language=en -Duser.variant org.gradle.launcher.daemon.bootstrap.GradleDaemon 8.0

Host: Intel(R) Core(TM) i7-3770 CPU @ 3.40GHz, 8 cores, 7G,  Windows 10 , 64 bit Build 19041 (10.0.19041.3393)
Time: Wed Oct 11 21:48:28 2023 SE Asia Standard Time elapsed time: 10.792098 seconds (0d 0h 0m 10s)

---------------  T H R E A D  ---------------

Current thread (0x000001c7e0b21f90):  VMThread "VM Thread" [stack: 0x00000021f5300000,0x00000021f5400000] [id=7804]

Stack: [0x00000021f5300000,0x00000021f5400000]
Native frames: (J=compiled Java code, j=interpreted, Vv=VM code, C=native code)
V  [jvm.dll+0x66fa1a]
V  [jvm.dll+0x7ce5a4]
V  [jvm.dll+0x7cfd4e]
V  [jvm.dll+0x7d03b3]
V  [jvm.dll+0x242b05]
V  [jvm.dll+0x66ca39]
V  [jvm.dll+0x661502]
V  [jvm.dll+0x30081b]
V  [jvm.dll+0x307da6]
V  [jvm.dll+0x357a1e]
V  [jvm.dll+0x357c4f]
V  [jvm.dll+0x2d7ad8]
V  [jvm.dll+0x2d5da4]
V  [jvm.dll+0x2d53ac]
V  [jvm.dll+0x318d0b]
V  [jvm.dll+0x7d484b]
V  [jvm.dll+0x7d5584]
V  [jvm.dll+0x7d5a9c]
V  [jvm.dll+0x7d5e74]
V  [jvm.dll+0x7d5f40]
V  [jvm.dll+0x77e91a]
V  [jvm.dll+0x66e845]
C  [ucrtbase.dll+0x21bb2]
C  [KERNEL32.DLL+0x17344]
C  [ntdll.dll+0x526b1]

VM_Operation (0x00000021f6af5690): G1CollectForAllocation, mode: safepoint, requested by thread 0x000001c7e1e87730


---------------  P R O C E S S  ---------------

Threads class SMR info:
_java_thread_list=0x000001c7e8315020, length=127, elements={
0x000001c7c0a30fc0, 0x000001c7e0b28da0, 0x000001c7e0b29860, 0x000001c7e0b37d40,
0x000001c7e0b38800, 0x000001c7e0b3d980, 0x000001c7e0b3f9f0, 0x000001c7e0b44330,
0x000001c7e0b45480, 0x000001c7e0b4ecf0, 0x000001c7e15a2db0, 0x000001c7e15a5290,
0x000001c7e1e84be0, 0x000001c7e1e868c0, 0x000001c7e1e880d0, 0x000001c7e1e850b0,
0x000001c7e1e863f0, 0x000001c7e1e86d90, 0x000001c7e1e87730, 0x000001c7e1e87c00,
0x000001c7e1e85580, 0x000001c7e1e84710, 0x000001c7e1e85a50, 0x000001c7e1e85f20,
0x000001c7e3946430, 0x000001c7e39450f0, 0x000001c7e3943410, 0x000001c7e3946dd0,
0x000001c7e39472a0, 0x000001c7e3946900, 0x000001c7e3948110, 0x000001c7e39438e0,
0x000001c7e3948f80, 0x000001c7e3945f60, 0x000001c7e3949920, 0x000001c7e39455c0,
0x000001c7e3947770, 0x000001c7e3947c40, 0x000001c7e3944750, 0x000001c7e39485e0,
0x000001c7e3949450, 0x000001c7e3949df0, 0x000001c7e3945a90, 0x000001c7e3944c20,
0x000001c7e3944280, 0x000001c7e5953f20, 0x000001c7e594ed50, 0x000001c7e594d070,
0x000001c7e594e3b0, 0x000001c7e594f220, 0x000001c7e5950f00, 0x000001c7e59513d0,
0x000001c7e594e880, 0x000001c7e59530b0, 0x000001c7e5953580, 0x000001c7e5950090,
0x000001c7e59543f0, 0x000001c7e5952be0, 0x000001c7e59518a0, 0x000001c7e5953a50,
0x000001c7e59548c0, 0x000001c7e594dee0, 0x000001c7e594d540, 0x000001c7e5951d70,
0x000001c7e594f6f0, 0x000001c7e594da10, 0x000001c7e594fbc0, 0x000001c7e5950560,
0x000001c7e5950a30, 0x000001c7e5952240, 0x000001c7e5952710, 0x000001c7e59d2910,
0x000001c7e59d3c50, 0x000001c7e59d4120, 0x000001c7e59d5e00, 0x000001c7e59d4f90,
0x000001c7e59d2de0, 0x000001c7e59d4ac0, 0x000001c7e59d15d0, 0x000001c7e59d5930,
0x000001c7e59d1aa0, 0x000001c7e59d1f70, 0x000001c7e59d67a0, 0x000001c7e59d7fb0,
0x000001c7e59d2440, 0x000001c7e59d62d0, 0x000001c7e59d7610, 0x000001c7e59d5460,
0x000001c7e59d32b0, 0x000001c7e59d3780, 0x000001c7e59d45f0, 0x000001c7e59d1100,
0x000001c7e59d6c70, 0x000001c7e59d8480, 0x000001c7e59d8950, 0x000001c7e59d7140,
0x000001c7e59d7ae0, 0x000001c7e599e870, 0x000001c7e599d060, 0x000001c7e59a48b0,
0x000001c7e59a2700, 0x000001c7e59a30a0, 0x000001c7e59a3570, 0x000001c7e599ed40,
0x000001c7e599f210, 0x000001c7e59a3a40, 0x000001c7e599f6e0, 0x000001c7e59a0a20,
0x000001c7e59a3f10, 0x000001c7e599d530, 0x000001c7e599fbb0, 0x000001c7e599da00,
0x000001c7e59a0080, 0x000001c7e599ded0, 0x000001c7e59a43e0, 0x000001c7e59a1d60,
0x000001c7e599e3a0, 0x000001c7e59a0550, 0x000001c7e59a0ef0, 0x000001c7e59a13c0,
0x000001c7e59a1890, 0x000001c7e59a2230, 0x000001c7e59a2bd0, 0x000001c7e5a82f90,
0x000001c7e5a81c50, 0x000001c7e5a7ff70, 0x000001c7e5a85ae0
}

Java Threads: ( => current thread )
  0x000001c7c0a30fc0 JavaThread "main" [_thread_blocked, id=13064, stack(0x00000021f4d00000,0x00000021f4e00000)]
  0x000001c7e0b28da0 JavaThread "Reference Handler" daemon [_thread_blocked, id=2620, stack(0x00000021f5400000,0x00000021f5500000)]
  0x000001c7e0b29860 JavaThread "Finalizer" daemon [_thread_blocked, id=2820, stack(0x00000021f5500000,0x00000021f5600000)]
  0x000001c7e0b37d40 JavaThread "Signal Dispatcher" daemon [_thread_blocked, id=1304, stack(0x00000021f5600000,0x00000021f5700000)]
  0x000001c7e0b38800 JavaThread "Attach Listener" daemon [_thread_blocked, id=8620, stack(0x00000021f5700000,0x00000021f5800000)]
  0x000001c7e0b3d980 JavaThread "Service Thread" daemon [_thread_blocked, id=13400, stack(0x00000021f5800000,0x00000021f5900000)]
  0x000001c7e0b3f9f0 JavaThread "Monitor Deflation Thread" daemon [_thread_blocked, id=2144, stack(0x00000021f5900000,0x00000021f5a00000)]
  0x000001c7e0b44330 JavaThread "C2 CompilerThread0" daemon [_thread_blocked, id=7340, stack(0x00000021f5a00000,0x00000021f5b00000)]
  0x000001c7e0b45480 JavaThread "C1 CompilerThread0" daemon [_thread_blocked, id=9364, stack(0x00000021f5b00000,0x00000021f5c00000)]
  0x000001c7e0b4ecf0 JavaThread "Sweeper thread" daemon [_thread_blocked, id=4244, stack(0x00000021f5c00000,0x00000021f5d00000)]
  0x000001c7e15a2db0 JavaThread "Common-Cleaner" daemon [_thread_blocked, id=11600, stack(0x00000021f5d00000,0x00000021f5e00000)]
  0x000001c7e15a5290 JavaThread "Notification Thread" daemon [_thread_blocked, id=13528, stack(0x00000021f5e00000,0x00000021f5f00000)]
  0x000001c7e1e84be0 JavaThread "Daemon health stats" [_thread_blocked, id=1072, stack(0x00000021f6400000,0x00000021f6500000)]
  0x000001c7e1e868c0 JavaThread "Incoming local TCP Connector on port 54592" [_thread_in_native, id=11228, stack(0x00000021f6500000,0x00000021f6600000)]
  0x000001c7e1e880d0 JavaThread "Daemon periodic checks" [_thread_blocked, id=13216, stack(0x00000021f6600000,0x00000021f6700000)]
  0x000001c7e1e850b0 JavaThread "Daemon" [_thread_blocked, id=3692, stack(0x00000021f6700000,0x00000021f6800000)]
  0x000001c7e1e863f0 JavaThread "Handler for socket connection from /127.0.0.1:54592 to /127.0.0.1:54593" [_thread_in_native, id=2652, stack(0x00000021f6800000,0x00000021f6900000)]
  0x000001c7e1e86d90 JavaThread "Cancel handler" [_thread_blocked, id=4336, stack(0x00000021f6900000,0x00000021f6a00000)]
  0x000001c7e1e87730 JavaThread "Daemon worker" [_thread_blocked, id=11772, stack(0x00000021f6a00000,0x00000021f6b00000)]
  0x000001c7e1e87c00 JavaThread "Asynchronous log dispatcher for DefaultDaemonConnection: socket connection from /127.0.0.1:54592 to /127.0.0.1:54593" [_thread_blocked, id=10524, stack(0x00000021f6b00000,0x00000021f6c00000)]
  0x000001c7e1e85580 JavaThread "Stdin handler" [_thread_blocked, id=11156, stack(0x00000021f6c00000,0x00000021f6d00000)]
  0x000001c7e1e84710 JavaThread "Daemon client event forwarder" [_thread_blocked, id=13764, stack(0x00000021f6d00000,0x00000021f6e00000)]
  0x000001c7e1e85a50 JavaThread "Cache worker for journal cache (C:\Users\Rizky\.gradle\caches\journal-1)" [_thread_blocked, id=7756, stack(0x00000021f6e00000,0x00000021f6f00000)]
  0x000001c7e1e85f20 JavaThread "File lock request listener" [_thread_in_native, id=4076, stack(0x00000021f6f00000,0x00000021f7000000)]
  0x000001c7e3946430 JavaThread "Cache worker for file hash cache (C:\Users\Rizky\.gradle\caches\8.0\fileHashes)" [_thread_blocked, id=7144, stack(0x00000021f7000000,0x00000021f7100000)]
  0x000001c7e39450f0 JavaThread "File watcher server" daemon [_thread_in_native, id=14836, stack(0x00000021f7400000,0x00000021f7500000)]
  0x000001c7e3943410 JavaThread "File watcher consumer" daemon [_thread_blocked, id=10100, stack(0x00000021f7500000,0x00000021f7600000)]
  0x000001c7e3946dd0 JavaThread "jar transforms" [_thread_blocked, id=15060, stack(0x00000021f7600000,0x00000021f7700000)]
  0x000001c7e39472a0 JavaThread "jar transforms Thread 2" [_thread_blocked, id=2812, stack(0x00000021f7700000,0x00000021f7800000)]
  0x000001c7e3946900 JavaThread "jar transforms Thread 3" [_thread_blocked, id=13676, stack(0x00000021f7800000,0x00000021f7900000)]
  0x000001c7e3948110 JavaThread "jar transforms Thread 4" [_thread_blocked, id=14460, stack(0x00000021f7900000,0x00000021f7a00000)]
  0x000001c7e39438e0 JavaThread "jar transforms Thread 5" [_thread_blocked, id=4592, stack(0x00000021f7a00000,0x00000021f7b00000)]
  0x000001c7e3948f80 JavaThread "jar transforms Thread 6" [_thread_blocked, id=4212, stack(0x00000021f7b00000,0x00000021f7c00000)]
  0x000001c7e3945f60 JavaThread "jar transforms Thread 7" [_thread_blocked, id=13956, stack(0x00000021f7c00000,0x00000021f7d00000)]
  0x000001c7e3949920 JavaThread "jar transforms Thread 8" [_thread_blocked, id=2488, stack(0x00000021f7d00000,0x00000021f7e00000)]
  0x000001c7e39455c0 JavaThread "Cache worker for checksums cache (C:\Users\Rizky\StudioProjects\MacroGroup6\.gradle\8.0\checksums)" [_thread_blocked, id=11132, stack(0x00000021f7f00000,0x00000021f8000000)]
  0x000001c7e3947770 JavaThread "Cache worker for cache directory md-rule (C:\Users\Rizky\.gradle\caches\8.0\md-rule)" [_thread_blocked, id=2004, stack(0x00000021f8000000,0x00000021f8100000)]
  0x000001c7e3947c40 JavaThread "Cache worker for file content cache (C:\Users\Rizky\.gradle\caches\8.0\fileContent)" [_thread_blocked, id=15052, stack(0x00000021f8100000,0x00000021f8200000)]
  0x000001c7e3944750 JavaThread "Cache worker for file hash cache (C:\Users\Rizky\StudioProjects\MacroGroup6\.gradle\8.0\fileHashes)" [_thread_blocked, id=3972, stack(0x00000021f8200000,0x00000021f8300000)]
  0x000001c7e39485e0 JavaThread "Cache worker for cache directory md-supplier (C:\Users\Rizky\.gradle\caches\8.0\md-supplier)" [_thread_blocked, id=1188, stack(0x00000021f8300000,0x00000021f8400000)]
  0x000001c7e3949450 JavaThread "Cache worker for execution history cache (C:\Users\Rizky\.gradle\caches\8.0\executionHistory)" [_thread_blocked, id=3124, stack(0x00000021f8400000,0x00000021f8500000)]
  0x000001c7e3949df0 JavaThread "Cache worker for kotlin-dsl (C:\Users\Rizky\.gradle\caches\8.0\kotlin-dsl)" [_thread_blocked, id=9056, stack(0x00000021f8500000,0x00000021f8600000)]
  0x000001c7e3945a90 JavaThread "Cache worker for dependencies-accessors (C:\Users\Rizky\StudioProjects\MacroGroup6\.gradle\8.0\dependencies-accessors)" [_thread_blocked, id=10772, stack(0x00000021f8600000,0x00000021f8700000)]
  0x000001c7e3944c20 JavaThread "Cache worker for Build Output Cleanup Cache (C:\Users\Rizky\StudioProjects\MacroGroup6\.gradle\buildOutputCleanup)" [_thread_blocked, id=14612, stack(0x00000021f8700000,0x00000021f8800000)]
  0x000001c7e3944280 JavaThread "Unconstrained build operations" [_thread_blocked, id=12776, stack(0x00000021f8800000,0x00000021f8900000)]
  0x000001c7e5953f20 JavaThread "Unconstrained build operations Thread 2" [_thread_blocked, id=7564, stack(0x00000021f8900000,0x00000021f8a00000)]
  0x000001c7e594ed50 JavaThread "Unconstrained build operations Thread 3" [_thread_blocked, id=3384, stack(0x00000021f8a00000,0x00000021f8b00000)]
  0x000001c7e594d070 JavaThread "Unconstrained build operations Thread 4" [_thread_blocked, id=14704, stack(0x00000021f8b00000,0x00000021f8c00000)]
  0x000001c7e594e3b0 JavaThread "Unconstrained build operations Thread 5" [_thread_blocked, id=3876, stack(0x00000021f8c00000,0x00000021f8d00000)]
  0x000001c7e594f220 JavaThread "Unconstrained build operations Thread 6" [_thread_blocked, id=6328, stack(0x00000021f8d00000,0x00000021f8e00000)]
  0x000001c7e5950f00 JavaThread "Unconstrained build operations Thread 7" [_thread_blocked, id=14692, stack(0x00000021f8e00000,0x00000021f8f00000)]
  0x000001c7e59513d0 JavaThread "Unconstrained build operations Thread 8" [_thread_blocked, id=14900, stack(0x00000021f8f00000,0x00000021f9000000)]
  0x000001c7e594e880 JavaThread "Unconstrained build operations Thread 9" [_thread_blocked, id=3376, stack(0x00000021f9000000,0x00000021f9100000)]
  0x000001c7e59530b0 JavaThread "Unconstrained build operations Thread 10" [_thread_blocked, id=14380, stack(0x00000021f9100000,0x00000021f9200000)]
  0x000001c7e5953580 JavaThread "Unconstrained build operations Thread 11" [_thread_blocked, id=13508, stack(0x00000021f9200000,0x00000021f9300000)]
  0x000001c7e5950090 JavaThread "Unconstrained build operations Thread 12" [_thread_blocked, id=14148, stack(0x00000021f9300000,0x00000021f9400000)]
  0x000001c7e59543f0 JavaThread "Unconstrained build operations Thread 13" [_thread_blocked, id=4452, stack(0x00000021f9400000,0x00000021f9500000)]
  0x000001c7e5952be0 JavaThread "Unconstrained build operations Thread 14" [_thread_blocked, id=10492, stack(0x00000021f9500000,0x00000021f9600000)]
  0x000001c7e59518a0 JavaThread "Unconstrained build operations Thread 15" [_thread_blocked, id=13016, stack(0x00000021f9600000,0x00000021f9700000)]
  0x000001c7e5953a50 JavaThread "Unconstrained build operations Thread 16" [_thread_blocked, id=12956, stack(0x00000021f9700000,0x00000021f9800000)]
  0x000001c7e59548c0 JavaThread "Unconstrained build operations Thread 17" [_thread_blocked, id=1936, stack(0x00000021f9800000,0x00000021f9900000)]
  0x000001c7e594dee0 JavaThread "Unconstrained build operations Thread 18" [_thread_blocked, id=14536, stack(0x00000021f9900000,0x00000021f9a00000)]
  0x000001c7e594d540 JavaThread "Unconstrained build operations Thread 19" [_thread_blocked, id=14668, stack(0x00000021f9a00000,0x00000021f9b00000)]
  0x000001c7e5951d70 JavaThread "Unconstrained build operations Thread 20" [_thread_blocked, id=7544, stack(0x00000021f9b00000,0x00000021f9c00000)]
  0x000001c7e594f6f0 JavaThread "Unconstrained build operations Thread 21" [_thread_blocked, id=5212, stack(0x00000021f9c00000,0x00000021f9d00000)]
  0x000001c7e594da10 JavaThread "Unconstrained build operations Thread 22" [_thread_blocked, id=2624, stack(0x00000021f9d00000,0x00000021f9e00000)]
  0x000001c7e594fbc0 JavaThread "Unconstrained build operations Thread 23" [_thread_blocked, id=6676, stack(0x00000021f9e00000,0x00000021f9f00000)]
  0x000001c7e5950560 JavaThread "Unconstrained build operations Thread 24" [_thread_blocked, id=8384, stack(0x00000021f9f00000,0x00000021fa000000)]
  0x000001c7e5950a30 JavaThread "Unconstrained build operations Thread 25" [_thread_blocked, id=1280, stack(0x00000021fa000000,0x00000021fa100000)]
  0x000001c7e5952240 JavaThread "Unconstrained build operations Thread 26" [_thread_blocked, id=5288, stack(0x00000021fa100000,0x00000021fa200000)]
  0x000001c7e5952710 JavaThread "Unconstrained build operations Thread 27" [_thread_blocked, id=3708, stack(0x00000021fa200000,0x00000021fa300000)]
  0x000001c7e59d2910 JavaThread "Unconstrained build operations Thread 28" [_thread_blocked, id=9976, stack(0x00000021fa300000,0x00000021fa400000)]
  0x000001c7e59d3c50 JavaThread "Unconstrained build operations Thread 29" [_thread_blocked, id=15244, stack(0x00000021fa400000,0x00000021fa500000)]
  0x000001c7e59d4120 JavaThread "Unconstrained build operations Thread 30" [_thread_blocked, id=5216, stack(0x00000021fa500000,0x00000021fa600000)]
  0x000001c7e59d5e00 JavaThread "Unconstrained build operations Thread 31" [_thread_blocked, id=12724, stack(0x00000021fa600000,0x00000021fa700000)]
  0x000001c7e59d4f90 JavaThread "Unconstrained build operations Thread 32" [_thread_blocked, id=14728, stack(0x00000021fa700000,0x00000021fa800000)]
  0x000001c7e59d2de0 JavaThread "Unconstrained build operations Thread 33" [_thread_blocked, id=15100, stack(0x00000021fa800000,0x00000021fa900000)]
  0x000001c7e59d4ac0 JavaThread "Unconstrained build operations Thread 34" [_thread_blocked, id=11160, stack(0x00000021fa900000,0x00000021faa00000)]
  0x000001c7e59d15d0 JavaThread "Unconstrained build operations Thread 35" [_thread_blocked, id=12864, stack(0x00000021faa00000,0x00000021fab00000)]
  0x000001c7e59d5930 JavaThread "Unconstrained build operations Thread 36" [_thread_blocked, id=14876, stack(0x00000021fab00000,0x00000021fac00000)]
  0x000001c7e59d1aa0 JavaThread "Unconstrained build operations Thread 37" [_thread_blocked, id=12332, stack(0x00000021fac00000,0x00000021fad00000)]
  0x000001c7e59d1f70 JavaThread "Unconstrained build operations Thread 38" [_thread_blocked, id=14904, stack(0x00000021fad00000,0x00000021fae00000)]
  0x000001c7e59d67a0 JavaThread "Unconstrained build operations Thread 39" [_thread_blocked, id=12624, stack(0x00000021fae00000,0x00000021faf00000)]
  0x000001c7e59d7fb0 JavaThread "Unconstrained build operations Thread 40" [_thread_blocked, id=15264, stack(0x00000021faf00000,0x00000021fb000000)]
  0x000001c7e59d2440 JavaThread "Unconstrained build operations Thread 41" [_thread_blocked, id=2968, stack(0x00000021fb000000,0x00000021fb100000)]
  0x000001c7e59d62d0 JavaThread "Unconstrained build operations Thread 42" [_thread_blocked, id=7600, stack(0x00000021fb100000,0x00000021fb200000)]
  0x000001c7e59d7610 JavaThread "Unconstrained build operations Thread 43" [_thread_blocked, id=3276, stack(0x00000021fb200000,0x00000021fb300000)]
  0x000001c7e59d5460 JavaThread "Unconstrained build operations Thread 44" [_thread_blocked, id=8924, stack(0x00000021fb300000,0x00000021fb400000)]
  0x000001c7e59d32b0 JavaThread "Unconstrained build operations Thread 45" [_thread_blocked, id=15092, stack(0x00000021fb400000,0x00000021fb500000)]
  0x000001c7e59d3780 JavaThread "Unconstrained build operations Thread 46" [_thread_blocked, id=13420, stack(0x00000021fb500000,0x00000021fb600000)]
  0x000001c7e59d45f0 JavaThread "Unconstrained build operations Thread 47" [_thread_blocked, id=4904, stack(0x00000021fb600000,0x00000021fb700000)]
  0x000001c7e59d1100 JavaThread "Unconstrained build operations Thread 48" [_thread_blocked, id=3236, stack(0x00000021fb700000,0x00000021fb800000)]
  0x000001c7e59d6c70 JavaThread "Unconstrained build operations Thread 49" [_thread_blocked, id=8468, stack(0x00000021fb800000,0x00000021fb900000)]
  0x000001c7e59d8480 JavaThread "Unconstrained build operations Thread 50" [_thread_blocked, id=8660, stack(0x00000021fb900000,0x00000021fba00000)]
  0x000001c7e59d8950 JavaThread "Unconstrained build operations Thread 51" [_thread_blocked, id=7100, stack(0x00000021fba00000,0x00000021fbb00000)]
  0x000001c7e59d7140 JavaThread "Unconstrained build operations Thread 52" [_thread_blocked, id=12292, stack(0x00000021fbb00000,0x00000021fbc00000)]
  0x000001c7e59d7ae0 JavaThread "Unconstrained build operations Thread 53" [_thread_blocked, id=4644, stack(0x00000021fbc00000,0x00000021fbd00000)]
  0x000001c7e599e870 JavaThread "Unconstrained build operations Thread 54" [_thread_blocked, id=3716, stack(0x00000021fbd00000,0x00000021fbe00000)]
  0x000001c7e599d060 JavaThread "Unconstrained build operations Thread 55" [_thread_blocked, id=8556, stack(0x00000021fbe00000,0x00000021fbf00000)]
  0x000001c7e59a48b0 JavaThread "Unconstrained build operations Thread 56" [_thread_blocked, id=8804, stack(0x00000021fbf00000,0x00000021fc000000)]
  0x000001c7e59a2700 JavaThread "Unconstrained build operations Thread 57" [_thread_blocked, id=14416, stack(0x00000021fc000000,0x00000021fc100000)]
  0x000001c7e59a30a0 JavaThread "Unconstrained build operations Thread 58" [_thread_blocked, id=4300, stack(0x00000021fc100000,0x00000021fc200000)]
  0x000001c7e59a3570 JavaThread "Unconstrained build operations Thread 59" [_thread_blocked, id=8796, stack(0x00000021fc200000,0x00000021fc300000)]
  0x000001c7e599ed40 JavaThread "Unconstrained build operations Thread 60" [_thread_blocked, id=8224, stack(0x00000021fc300000,0x00000021fc400000)]
  0x000001c7e599f210 JavaThread "Unconstrained build operations Thread 61" [_thread_blocked, id=15028, stack(0x00000021fc400000,0x00000021fc500000)]
  0x000001c7e59a3a40 JavaThread "Unconstrained build operations Thread 62" [_thread_blocked, id=10148, stack(0x00000021fc500000,0x00000021fc600000)]
  0x000001c7e599f6e0 JavaThread "Unconstrained build operations Thread 63" [_thread_blocked, id=3808, stack(0x00000021fc600000,0x00000021fc700000)]
  0x000001c7e59a0a20 JavaThread "Unconstrained build operations Thread 64" [_thread_blocked, id=9556, stack(0x00000021fc700000,0x00000021fc800000)]
  0x000001c7e59a3f10 JavaThread "Unconstrained build operations Thread 65" [_thread_blocked, id=7860, stack(0x00000021fc800000,0x00000021fc900000)]
  0x000001c7e599d530 JavaThread "Unconstrained build operations Thread 66" [_thread_blocked, id=13576, stack(0x00000021fc900000,0x00000021fca00000)]
  0x000001c7e599fbb0 JavaThread "Unconstrained build operations Thread 67" [_thread_blocked, id=5432, stack(0x00000021fca00000,0x00000021fcb00000)]
  0x000001c7e599da00 JavaThread "Unconstrained build operations Thread 68" [_thread_blocked, id=4436, stack(0x00000021fcb00000,0x00000021fcc00000)]
  0x000001c7e59a0080 JavaThread "Unconstrained build operations Thread 69" [_thread_blocked, id=15180, stack(0x00000021fcc00000,0x00000021fcd00000)]
  0x000001c7e599ded0 JavaThread "Unconstrained build operations Thread 70" [_thread_blocked, id=6580, stack(0x00000021fcd00000,0x00000021fce00000)]
  0x000001c7e59a43e0 JavaThread "Unconstrained build operations Thread 71" [_thread_blocked, id=14352, stack(0x00000021fce00000,0x00000021fcf00000)]
  0x000001c7e59a1d60 JavaThread "Unconstrained build operations Thread 72" [_thread_blocked, id=13972, stack(0x00000021fcf00000,0x00000021fd000000)]
  0x000001c7e599e3a0 JavaThread "Unconstrained build operations Thread 73" [_thread_blocked, id=6512, stack(0x00000021fd000000,0x00000021fd100000)]
  0x000001c7e59a0550 JavaThread "Unconstrained build operations Thread 74" [_thread_blocked, id=9104, stack(0x00000021fd100000,0x00000021fd200000)]
  0x000001c7e59a0ef0 JavaThread "Unconstrained build operations Thread 75" [_thread_blocked, id=2676, stack(0x00000021fd200000,0x00000021fd300000)]
  0x000001c7e59a13c0 JavaThread "Unconstrained build operations Thread 76" [_thread_blocked, id=7832, stack(0x00000021fd300000,0x00000021fd400000)]
  0x000001c7e59a1890 JavaThread "Unconstrained build operations Thread 77" [_thread_blocked, id=3688, stack(0x00000021fd400000,0x00000021fd500000)]
  0x000001c7e59a2230 JavaThread "Unconstrained build operations Thread 78" [_thread_blocked, id=14648, stack(0x00000021fd500000,0x00000021fd600000)]
  0x000001c7e59a2bd0 JavaThread "Unconstrained build operations Thread 79" [_thread_blocked, id=13472, stack(0x00000021fd600000,0x00000021fd700000)]
  0x000001c7e5a82f90 JavaThread "Unconstrained build operations Thread 80" [_thread_blocked, id=15152, stack(0x00000021fd700000,0x00000021fd800000)]
  0x000001c7e5a81c50 JavaThread "Memory manager" [_thread_blocked, id=14560, stack(0x00000021fd800000,0x00000021fd900000)]
  0x000001c7e5a7ff70 JavaThread "build event listener" [_thread_blocked, id=14320, stack(0x00000021fd900000,0x00000021fda00000)]
  0x000001c7e5a85ae0 JavaThread "build event listener" [_thread_blocked, id=3768, stack(0x00000021fda00000,0x00000021fdb00000)]

Other Threads:
=>0x000001c7e0b21f90 VMThread "VM Thread" [stack: 0x00000021f5300000,0x00000021f5400000] [id=7804]
  0x000001c7e15a7770 WatcherThread [stack: 0x00000021f5f00000,0x00000021f6000000] [id=11508]
  0x000001c7c0a715a0 GCTaskThread "GC Thread#0" [stack: 0x00000021f4e00000,0x00000021f4f00000] [id=12748]
  0x000001c7e1e09a20 GCTaskThread "GC Thread#1" [stack: 0x00000021f6000000,0x00000021f6100000] [id=15328]
  0x000001c7e20aec40 GCTaskThread "GC Thread#2" [stack: 0x00000021f6100000,0x00000021f6200000] [id=2360]
  0x000001c7e17cd7f0 GCTaskThread "GC Thread#3" [stack: 0x00000021f6200000,0x00000021f6300000] [id=6872]
  0x000001c7e2250090 GCTaskThread "GC Thread#4" [stack: 0x00000021f6300000,0x00000021f6400000] [id=13116]
  0x000001c7e2d90b50 GCTaskThread "GC Thread#5" [stack: 0x00000021f7100000,0x00000021f7200000] [id=13564]
  0x000001c7e2d905f0 GCTaskThread "GC Thread#6" [stack: 0x00000021f7200000,0x00000021f7300000] [id=1292]
  0x000001c7e2d8fb30 GCTaskThread "GC Thread#7" [stack: 0x00000021f7300000,0x00000021f7400000] [id=14392]
  0x000001c7c0a823f0 ConcurrentGCThread "G1 Main Marker" [stack: 0x00000021f4f00000,0x00000021f5000000] [id=15096]
  0x000001c7c0a834b0 ConcurrentGCThread "G1 Conc#0" [stack: 0x00000021f5000000,0x00000021f5100000] [id=14864]
  0x000001c7e2d8f880 ConcurrentGCThread "G1 Conc#1" [stack: 0x00000021f7e00000,0x00000021f7f00000] [id=7096]
  0x000001c7c0b0b350 ConcurrentGCThread "G1 Refine#0" [stack: 0x00000021f5100000,0x00000021f5200000] [id=9972]
  0x000001c7c0b0bb20 ConcurrentGCThread "G1 Service" [stack: 0x00000021f5200000,0x00000021f5300000] [id=9160]

Threads with active compile tasks:

VM state: at safepoint (normal execution)

VM Mutex/Monitor currently owned by a thread:  ([mutex/lock_event])
[0x000001c7c0a2e0a0] Threads_lock - owner thread: 0x000001c7e0b21f90
[0x000001c7c0a2d4d0] Heap_lock - owner thread: 0x000001c7e1e87730

Heap address: 0x0000000080000000, size: 2048 MB, Compressed Oops mode: 32-bit

CDS archive(s) mapped at: [0x0000000800000000-0x0000000800bc0000-0x0000000800bc0000), size 12320768, SharedBaseAddress: 0x0000000800000000, ArchiveRelocationMode: 0.
Compressed class space mapped at: 0x0000000800c00000-0x0000000840c00000, reserved size: 1073741824
Narrow klass base: 0x0000000800000000, Narrow klass shift: 0, Narrow klass range: 0x100000000

GC Precious Log:
 CPUs: 8 total, 8 available
 Memory: 8063M
 Large Page Support: Disabled
 NUMA Support: Disabled
 Compressed Oops: Enabled (32-bit)
 Heap Region Size: 1M
 Heap Min Capacity: 8M
 Heap Initial Capacity: 126M
 Heap Max Capacity: 2G
 Pre-touch: Disabled
 Parallel Workers: 8
 Concurrent Workers: 2
 Concurrent Refinement Workers: 8
 Periodic GC: Disabled

Heap:
 garbage-first heap   total 186368K, used 101875K [0x0000000080000000, 0x0000000100000000)
  region size 1024K, 5 young (5120K), 5 survivors (5120K)
 Metaspace       used 64657K, committed 65408K, reserved 1105920K
  class space    used 8788K, committed 9152K, reserved 1048576K

Heap Regions: E=young(eden), S=young(survivor), O=old, HS=humongous(starts), HC=humongous(continues), CS=collection set, F=free, OA=open archive, CA=closed archive, TAMS=top-at-mark-start (previous, next)
|   0|0x0000000080000000, 0x0000000080100000, 0x0000000080100000|100%|HS|  |TAMS 0x0000000080100000, 0x0000000080100000| Complete 
|   1|0x0000000080100000, 0x0000000080200000, 0x0000000080200000|100%|HC|  |TAMS 0x0000000080200000, 0x0000000080200000| Complete 
|   2|0x0000000080200000, 0x0000000080300000, 0x0000000080300000|100%|HC|  |TAMS 0x0000000080300000, 0x0000000080300000| Complete 
|   3|0x0000000080300000, 0x0000000080400000, 0x0000000080400000|100%|HC|  |TAMS 0x0000000080400000, 0x0000000080400000| Complete 
|   4|0x0000000080400000, 0x0000000080500000, 0x0000000080500000|100%| O|  |TAMS 0x0000000080500000, 0x0000000080500000| Untracked 
|   5|0x0000000080500000, 0x0000000080600000, 0x0000000080600000|100%| O|  |TAMS 0x0000000080600000, 0x0000000080600000| Untracked 
|   6|0x0000000080600000, 0x0000000080700000, 0x0000000080700000|100%| O|  |TAMS 0x0000000080700000, 0x0000000080700000| Untracked 
|   7|0x0000000080700000, 0x0000000080800000, 0x0000000080800000|100%| O|  |TAMS 0x0000000080800000, 0x0000000080800000| Untracked 
|   8|0x0000000080800000, 0x0000000080900000, 0x0000000080900000|100%| O|  |TAMS 0x0000000080900000, 0x0000000080900000| Untracked 
|   9|0x0000000080900000, 0x0000000080a00000, 0x0000000080a00000|100%| O|  |TAMS 0x0000000080a00000, 0x0000000080a00000| Untracked 
|  10|0x0000000080a00000, 0x0000000080b00000, 0x0000000080b00000|100%| O|  |TAMS 0x0000000080b00000, 0x0000000080b00000| Untracked 
|  11|0x0000000080b00000, 0x0000000080c00000, 0x0000000080c00000|100%|HS|  |TAMS 0x0000000080c00000, 0x0000000080c00000| Complete 
|  12|0x0000000080c00000, 0x0000000080d00000, 0x0000000080d00000|100%|HC|  |TAMS 0x0000000080d00000, 0x0000000080d00000| Complete 
|  13|0x0000000080d00000, 0x0000000080e00000, 0x0000000080e00000|100%|HS|  |TAMS 0x0000000080e00000, 0x0000000080e00000| Complete 
|  14|0x0000000080e00000, 0x0000000080f00000, 0x0000000080f00000|100%|HC|  |TAMS 0x0000000080f00000, 0x0000000080f00000| Complete 
|  15|0x0000000080f00000, 0x0000000081000000, 0x0000000081000000|100%|HC|  |TAMS 0x0000000081000000, 0x0000000081000000| Complete 
|  16|0x0000000081000000, 0x0000000081100000, 0x0000000081100000|100%|HS|  |TAMS 0x0000000081100000, 0x0000000081100000| Complete 
|  17|0x0000000081100000, 0x0000000081200000, 0x0000000081200000|100%|HC|  |TAMS 0x0000000081200000, 0x0000000081200000| Complete 
|  18|0x0000000081200000, 0x0000000081300000, 0x0000000081300000|100%|HC|  |TAMS 0x0000000081300000, 0x0000000081300000| Complete 
|  19|0x0000000081300000, 0x0000000081400000, 0x0000000081400000|100%|HS|  |TAMS 0x0000000081400000, 0x0000000081400000| Complete 
|  20|0x0000000081400000, 0x0000000081500000, 0x0000000081500000|100%|HC|  |TAMS 0x0000000081500000, 0x0000000081500000| Complete 
|  21|0x0000000081500000, 0x0000000081600000, 0x0000000081600000|100%|HC|  |TAMS 0x0000000081600000, 0x0000000081600000| Complete 
|  22|0x0000000081600000, 0x0000000081700000, 0x0000000081700000|100%|HC|  |TAMS 0x0000000081700000, 0x0000000081700000| Complete 
|  23|0x0000000081700000, 0x0000000081800000, 0x0000000081800000|100%|HC|  |TAMS 0x0000000081800000, 0x0000000081800000| Complete 
|  24|0x0000000081800000, 0x0000000081900000, 0x0000000081900000|100%|HC|  |TAMS 0x0000000081900000, 0x0000000081900000| Complete 
|  25|0x0000000081900000, 0x0000000081a00000, 0x0000000081a00000|100%|HC|  |TAMS 0x0000000081a00000, 0x0000000081a00000| Complete 
|  26|0x0000000081a00000, 0x0000000081b00000, 0x0000000081b00000|100%|HC|  |TAMS 0x0000000081b00000, 0x0000000081b00000| Complete 
|  27|0x0000000081b00000, 0x0000000081c00000, 0x0000000081c00000|100%|HC|  |TAMS 0x0000000081c00000, 0x0000000081c00000| Complete 
|  28|0x0000000081c00000, 0x0000000081d00000, 0x0000000081d00000|100%|HC|  |TAMS 0x0000000081d00000, 0x0000000081d00000| Complete 
|  29|0x0000000081d00000, 0x0000000081e00000, 0x0000000081e00000|100%|HC|  |TAMS 0x0000000081e00000, 0x0000000081e00000| Complete 
|  30|0x0000000081e00000, 0x0000000081f00000, 0x0000000081f00000|100%|HC|  |TAMS 0x0000000081f00000, 0x0000000081f00000| Complete 
|  31|0x0000000081f00000, 0x0000000082000000, 0x0000000082000000|100%|HS|  |TAMS 0x0000000082000000, 0x0000000082000000| Complete 
|  32|0x0000000082000000, 0x0000000082100000, 0x0000000082100000|100%|HC|  |TAMS 0x0000000082100000, 0x0000000082100000| Complete 
|  33|0x0000000082100000, 0x0000000082200000, 0x0000000082200000|100%| O|  |TAMS 0x0000000082200000, 0x0000000082200000| Untracked 
|  34|0x0000000082200000, 0x0000000082300000, 0x0000000082300000|100%| O|  |TAMS 0x0000000082300000, 0x0000000082300000| Untracked 
|  35|0x0000000082300000, 0x0000000082400000, 0x0000000082400000|100%| O|  |TAMS 0x0000000082400000, 0x0000000082400000| Untracked 
|  36|0x0000000082400000, 0x0000000082500000, 0x0000000082500000|100%| O|  |TAMS 0x0000000082500000, 0x0000000082500000| Untracked 
|  37|0x0000000082500000, 0x0000000082600000, 0x0000000082600000|100%| O|  |TAMS 0x0000000082600000, 0x0000000082600000| Untracked 
|  38|0x0000000082600000, 0x0000000082700000, 0x0000000082700000|100%| O|  |TAMS 0x0000000082700000, 0x0000000082700000| Untracked 
|  39|0x0000000082700000, 0x0000000082800000, 0x0000000082800000|100%| O|  |TAMS 0x0000000082800000, 0x0000000082800000| Untracked 
|  40|0x0000000082800000, 0x0000000082900000, 0x0000000082900000|100%| O|  |TAMS 0x0000000082900000, 0x0000000082900000| Untracked 
|  41|0x0000000082900000, 0x0000000082a00000, 0x0000000082a00000|100%| O|  |TAMS 0x0000000082a00000, 0x0000000082a00000| Untracked 
|  42|0x0000000082a00000, 0x0000000082b00000, 0x0000000082b00000|100%| O|  |TAMS 0x0000000082b00000, 0x0000000082b00000| Untracked 
|  43|0x0000000082b00000, 0x0000000082c00000, 0x0000000082c00000|100%| O|  |TAMS 0x0000000082c00000, 0x0000000082c00000| Untracked 
|  44|0x0000000082c00000, 0x0000000082d00000, 0x0000000082d00000|100%| O|  |TAMS 0x0000000082d00000, 0x0000000082d00000| Untracked 
|  45|0x0000000082d00000, 0x0000000082e00000, 0x0000000082e00000|100%| O|  |TAMS 0x0000000082e00000, 0x0000000082e00000| Untracked 
|  46|0x0000000082e00000, 0x0000000082f00000, 0x0000000082f00000|100%| O|  |TAMS 0x0000000082f00000, 0x0000000082f00000| Untracked 
|  47|0x0000000082f00000, 0x0000000083000000, 0x0000000083000000|100%| O|  |TAMS 0x0000000083000000, 0x0000000083000000| Untracked 
|  48|0x0000000083000000, 0x0000000083100000, 0x0000000083100000|100%| O|  |TAMS 0x0000000083100000, 0x0000000083100000| Untracked 
|  49|0x0000000083100000, 0x0000000083200000, 0x0000000083200000|100%| O|  |TAMS 0x0000000083200000, 0x0000000083200000| Untracked 
|  50|0x0000000083200000, 0x0000000083300000, 0x0000000083300000|100%| O|  |TAMS 0x0000000083300000, 0x0000000083300000| Untracked 
|  51|0x0000000083300000, 0x0000000083400000, 0x0000000083400000|100%| O|  |TAMS 0x0000000083400000, 0x0000000083400000| Untracked 
|  52|0x0000000083400000, 0x0000000083500000, 0x0000000083500000|100%| O|  |TAMS 0x0000000083500000, 0x0000000083500000| Untracked 
|  53|0x0000000083500000, 0x0000000083600000, 0x0000000083600000|100%| O|  |TAMS 0x0000000083600000, 0x0000000083600000| Untracked 
|  54|0x0000000083600000, 0x0000000083700000, 0x0000000083700000|100%| O|  |TAMS 0x0000000083700000, 0x0000000083700000| Untracked 
|  55|0x0000000083700000, 0x0000000083800000, 0x0000000083800000|100%| O|  |TAMS 0x0000000083800000, 0x0000000083800000| Untracked 
|  56|0x0000000083800000, 0x0000000083900000, 0x0000000083900000|100%|HS|  |TAMS 0x0000000083900000, 0x0000000083900000| Complete 
|  57|0x0000000083900000, 0x0000000083a00000, 0x0000000083a00000|100%|HC|  |TAMS 0x0000000083a00000, 0x0000000083a00000| Complete 
|  58|0x0000000083a00000, 0x0000000083b00000, 0x0000000083b00000|100%|HC|  |TAMS 0x0000000083b00000, 0x0000000083b00000| Complete 
|  59|0x0000000083b00000, 0x0000000083c00000, 0x0000000083c00000|100%|HS|  |TAMS 0x0000000083c00000, 0x0000000083c00000| Complete 
|  60|0x0000000083c00000, 0x0000000083d00000, 0x0000000083d00000|100%|HC|  |TAMS 0x0000000083d00000, 0x0000000083d00000| Complete 
|  61|0x0000000083d00000, 0x0000000083e00000, 0x0000000083e00000|100%|HC|  |TAMS 0x0000000083e00000, 0x0000000083e00000| Complete 
|  62|0x0000000083e00000, 0x0000000083f00000, 0x0000000083f00000|100%| O|  |TAMS 0x0000000083f00000, 0x0000000083f00000| Untracked 
|  63|0x0000000083f00000, 0x0000000084000000, 0x0000000084000000|100%| O|  |TAMS 0x0000000084000000, 0x0000000084000000| Untracked 
|  64|0x0000000084000000, 0x0000000084100000, 0x0000000084100000|100%| O|  |TAMS 0x0000000084100000, 0x0000000084100000| Untracked 
|  65|0x0000000084100000, 0x0000000084200000, 0x0000000084200000|100%| O|  |TAMS 0x0000000084200000, 0x0000000084200000| Untracked 
|  66|0x0000000084200000, 0x0000000084300000, 0x0000000084300000|100%| O|  |TAMS 0x0000000084300000, 0x0000000084300000| Untracked 
|  67|0x0000000084300000, 0x0000000084400000, 0x0000000084400000|100%| O|  |TAMS 0x0000000084400000, 0x0000000084400000| Untracked 
|  68|0x0000000084400000, 0x0000000084500000, 0x0000000084500000|100%| O|  |TAMS 0x0000000084500000, 0x0000000084500000| Untracked 
|  69|0x0000000084500000, 0x0000000084600000, 0x0000000084600000|100%| O|  |TAMS 0x0000000084600000, 0x0000000084600000| Untracked 
|  70|0x0000000084600000, 0x0000000084700000, 0x0000000084700000|100%| O|  |TAMS 0x0000000084700000, 0x0000000084700000| Untracked 
|  71|0x0000000084700000, 0x0000000084800000, 0x0000000084800000|100%| O|  |TAMS 0x0000000084800000, 0x0000000084800000| Untracked 
|  72|0x0000000084800000, 0x0000000084900000, 0x0000000084900000|100%|HS|  |TAMS 0x0000000084900000, 0x0000000084900000| Complete 
|  73|0x0000000084900000, 0x0000000084a00000, 0x0000000084a00000|100%|HS|  |TAMS 0x0000000084a00000, 0x0000000084a00000| Complete 
|  74|0x0000000084a00000, 0x0000000084b00000, 0x0000000084b00000|100%|HS|  |TAMS 0x0000000084b00000, 0x0000000084b00000| Complete 
|  75|0x0000000084b00000, 0x0000000084c00000, 0x0000000084c00000|100%|HC|  |TAMS 0x0000000084c00000, 0x0000000084c00000| Complete 
|  76|0x0000000084c00000, 0x0000000084d00000, 0x0000000084d00000|100%|HS|  |TAMS 0x0000000084d00000, 0x0000000084d00000| Complete 
|  77|0x0000000084d00000, 0x0000000084e00000, 0x0000000084e00000|100%|HS|  |TAMS 0x0000000084e00000, 0x0000000084e00000| Complete 
|  78|0x0000000084e00000, 0x0000000084f00000, 0x0000000084f00000|100%|HC|  |TAMS 0x0000000084f00000, 0x0000000084f00000| Complete 
|  79|0x0000000084f00000, 0x0000000085000000, 0x0000000085000000|100%|HC|  |TAMS 0x0000000085000000, 0x0000000085000000| Complete 
|  80|0x0000000085000000, 0x0000000085100000, 0x0000000085100000|100%|HC|  |TAMS 0x0000000085100000, 0x0000000085100000| Complete 
|  81|0x0000000085100000, 0x0000000085200000, 0x0000000085200000|100%| O|  |TAMS 0x0000000085200000, 0x0000000085200000| Untracked 
|  82|0x0000000085200000, 0x0000000085300000, 0x0000000085300000|100%| O|  |TAMS 0x0000000085300000, 0x0000000085300000| Untracked 
|  83|0x0000000085300000, 0x0000000085400000, 0x0000000085400000|100%| O|  |TAMS 0x0000000085400000, 0x0000000085400000| Untracked 
|  84|0x0000000085400000, 0x0000000085500000, 0x0000000085500000|100%| O|  |TAMS 0x0000000085500000, 0x0000000085500000| Untracked 
|  85|0x0000000085500000, 0x0000000085600000, 0x0000000085600000|100%| O|  |TAMS 0x0000000085600000, 0x0000000085600000| Untracked 
|  86|0x0000000085600000, 0x0000000085700000, 0x0000000085700000|100%| O|  |TAMS 0x0000000085700000, 0x0000000085700000| Untracked 
|  87|0x0000000085700000, 0x0000000085800000, 0x0000000085800000|100%| O|  |TAMS 0x0000000085800000, 0x0000000085800000| Untracked 
|  88|0x0000000085800000, 0x0000000085900000, 0x0000000085900000|100%| O|  |TAMS 0x0000000085842600, 0x0000000085900000| Untracked 
|  89|0x0000000085900000, 0x0000000085a00000, 0x0000000085a00000|100%|HS|  |TAMS 0x0000000085a00000, 0x0000000085a00000| Untracked 
|  90|0x0000000085a00000, 0x0000000085a00000, 0x0000000085b00000|  0%| F|  |TAMS 0x0000000085a00000, 0x0000000085a00000| Untracked 
|  91|0x0000000085b00000, 0x0000000085b00000, 0x0000000085c00000|  0%| F|  |TAMS 0x0000000085b00000, 0x0000000085b00000| Untracked 
|  92|0x0000000085c00000, 0x0000000085c00000, 0x0000000085d00000|  0%| F|  |TAMS 0x0000000085c00000, 0x0000000085c00000| Untracked 
|  93|0x0000000085d00000, 0x0000000085e00000, 0x0000000085e00000|100%| O|  |TAMS 0x0000000085d00000, 0x0000000085e00000| Untracked 
|  94|0x0000000085e00000, 0x0000000085e00000, 0x0000000085f00000|  0%| F|  |TAMS 0x0000000085e00000, 0x0000000085e00000| Untracked 
|  95|0x0000000085f00000, 0x0000000086000000, 0x0000000086000000|100%| O|  |TAMS 0x0000000085f00000, 0x0000000086000000| Untracked 
|  96|0x0000000086000000, 0x0000000086100000, 0x0000000086100000|100%| O|  |TAMS 0x0000000086000000, 0x0000000086100000| Untracked 
|  97|0x0000000086100000, 0x0000000086200000, 0x0000000086200000|100%| O|  |TAMS 0x0000000086100000, 0x0000000086200000| Untracked 
|  98|0x0000000086200000, 0x000000008627cc00, 0x0000000086300000| 48%| O|  |TAMS 0x0000000086200000, 0x000000008627cc00| Untracked 
|  99|0x0000000086300000, 0x0000000086300000, 0x0000000086400000|  0%| F|  |TAMS 0x0000000086300000, 0x0000000086300000| Untracked 
| 100|0x0000000086400000, 0x0000000086400000, 0x0000000086500000|  0%| F|  |TAMS 0x0000000086400000, 0x0000000086400000| Untracked 
| 101|0x0000000086500000, 0x0000000086500000, 0x0000000086600000|  0%| F|  |TAMS 0x0000000086500000, 0x0000000086500000| Untracked 
| 102|0x0000000086600000, 0x0000000086600000, 0x0000000086700000|  0%| F|  |TAMS 0x0000000086600000, 0x0000000086600000| Untracked 
| 103|0x0000000086700000, 0x0000000086700000, 0x0000000086800000|  0%| F|  |TAMS 0x0000000086700000, 0x0000000086700000| Untracked 
| 104|0x0000000086800000, 0x0000000086800000, 0x0000000086900000|  0%| F|  |TAMS 0x0000000086800000, 0x0000000086800000| Untracked 
| 105|0x0000000086900000, 0x0000000086900000, 0x0000000086a00000|  0%| F|  |TAMS 0x0000000086900000, 0x0000000086900000| Untracked 
| 106|0x0000000086a00000, 0x0000000086a00000, 0x0000000086b00000|  0%| F|  |TAMS 0x0000000086a00000, 0x0000000086a00000| Untracked 
| 107|0x0000000086b00000, 0x0000000086b00000, 0x0000000086c00000|  0%| F|  |TAMS 0x0000000086b00000, 0x0000000086b00000| Untracked 
| 108|0x0000000086c00000, 0x0000000086c00000, 0x0000000086d00000|  0%| F|  |TAMS 0x0000000086c00000, 0x0000000086c00000| Untracked 
| 109|0x0000000086d00000, 0x0000000086d00000, 0x0000000086e00000|  0%| F|  |TAMS 0x0000000086d00000, 0x0000000086d00000| Untracked 
| 110|0x0000000086e00000, 0x0000000086e00000, 0x0000000086f00000|  0%| F|  |TAMS 0x0000000086e00000, 0x0000000086e00000| Untracked 
| 111|0x0000000086f00000, 0x0000000086f00000, 0x0000000087000000|  0%| F|  |TAMS 0x0000000086f00000, 0x0000000086f00000| Untracked 
| 112|0x0000000087000000, 0x0000000087000000, 0x0000000087100000|  0%| F|  |TAMS 0x0000000087000000, 0x0000000087000000| Untracked 
| 113|0x0000000087100000, 0x0000000087100000, 0x0000000087200000|  0%| F|  |TAMS 0x0000000087100000, 0x0000000087100000| Untracked 
| 114|0x0000000087200000, 0x0000000087200000, 0x0000000087300000|  0%| F|  |TAMS 0x0000000087200000, 0x0000000087200000| Untracked 
| 115|0x0000000087300000, 0x0000000087300000, 0x0000000087400000|  0%| F|  |TAMS 0x0000000087300000, 0x0000000087300000| Untracked 
| 116|0x0000000087400000, 0x0000000087400000, 0x0000000087500000|  0%| F|  |TAMS 0x0000000087400000, 0x0000000087400000| Untracked 
| 117|0x0000000087500000, 0x0000000087500000, 0x0000000087600000|  0%| F|  |TAMS 0x0000000087500000, 0x0000000087500000| Untracked 
| 118|0x0000000087600000, 0x0000000087600000, 0x0000000087700000|  0%| F|  |TAMS 0x0000000087600000, 0x0000000087600000| Untracked 
| 119|0x0000000087700000, 0x0000000087700000, 0x0000000087800000|  0%| F|  |TAMS 0x0000000087700000, 0x0000000087700000| Untracked 
| 120|0x0000000087800000, 0x0000000087800000, 0x0000000087900000|  0%| F|  |TAMS 0x0000000087800000, 0x0000000087800000| Untracked 
| 121|0x0000000087900000, 0x0000000087900000, 0x0000000087a00000|  0%| F|  |TAMS 0x0000000087900000, 0x0000000087900000| Untracked 
| 122|0x0000000087a00000, 0x0000000087a00000, 0x0000000087b00000|  0%| F|  |TAMS 0x0000000087a00000, 0x0000000087a00000| Untracked 
| 123|0x0000000087b00000, 0x0000000087b00000, 0x0000000087c00000|  0%| F|  |TAMS 0x0000000087b00000, 0x0000000087b00000| Untracked 
| 124|0x0000000087c00000, 0x0000000087c00000, 0x0000000087d00000|  0%| F|  |TAMS 0x0000000087c00000, 0x0000000087c00000| Untracked 
| 125|0x0000000087d00000, 0x0000000087d00000, 0x0000000087e00000|  0%| F|  |TAMS 0x0000000087d00000, 0x0000000087d00000| Untracked 
| 126|0x0000000087e00000, 0x0000000087e00000, 0x0000000087f00000|  0%| F|  |TAMS 0x0000000087e00000, 0x0000000087e00000| Untracked 
| 127|0x0000000087f00000, 0x0000000087f00000, 0x0000000088000000|  0%| F|  |TAMS 0x0000000087f00000, 0x0000000087f00000| Untracked 
| 128|0x0000000088000000, 0x0000000088000000, 0x0000000088100000|  0%| F|  |TAMS 0x0000000088000000, 0x0000000088000000| Untracked 
| 129|0x0000000088100000, 0x0000000088100000, 0x0000000088200000|  0%| F|  |TAMS 0x0000000088100000, 0x0000000088100000| Untracked 
| 130|0x0000000088200000, 0x0000000088200000, 0x0000000088300000|  0%| F|  |TAMS 0x0000000088200000, 0x0000000088200000| Untracked 
| 131|0x0000000088300000, 0x0000000088300000, 0x0000000088400000|  0%| F|  |TAMS 0x0000000088300000, 0x0000000088300000| Untracked 
| 132|0x0000000088400000, 0x0000000088500000, 0x0000000088500000|100%| S|CS|TAMS 0x0000000088400000, 0x0000000088400000| Complete 
| 133|0x0000000088500000, 0x0000000088600000, 0x0000000088600000|100%| S|CS|TAMS 0x0000000088500000, 0x0000000088500000| Complete 
| 134|0x0000000088600000, 0x0000000088700000, 0x0000000088700000|100%| S|CS|TAMS 0x0000000088600000, 0x0000000088600000| Complete 
| 135|0x0000000088700000, 0x0000000088700000, 0x0000000088800000|  0%| F|  |TAMS 0x0000000088700000, 0x0000000088700000| Untracked 
| 136|0x0000000088800000, 0x0000000088800000, 0x0000000088900000|  0%| F|  |TAMS 0x0000000088800000, 0x0000000088800000| Untracked 
| 137|0x0000000088900000, 0x0000000088900000, 0x0000000088a00000|  0%| F|  |TAMS 0x0000000088900000, 0x0000000088900000| Untracked 
| 138|0x0000000088a00000, 0x0000000088b00000, 0x0000000088b00000|100%| S|CS|TAMS 0x0000000088a00000, 0x0000000088a00000| Complete 
| 139|0x0000000088b00000, 0x0000000088c00000, 0x0000000088c00000|100%| S|CS|TAMS 0x0000000088b00000, 0x0000000088b00000| Complete 
| 140|0x0000000088c00000, 0x0000000088c00000, 0x0000000088d00000|  0%| F|  |TAMS 0x0000000088c00000, 0x0000000088c00000| Untracked 
| 141|0x0000000088d00000, 0x0000000088d00000, 0x0000000088e00000|  0%| F|  |TAMS 0x0000000088d00000, 0x0000000088d00000| Untracked 
| 142|0x0000000088e00000, 0x0000000088e00000, 0x0000000088f00000|  0%| F|  |TAMS 0x0000000088e00000, 0x0000000088e00000| Untracked 
| 143|0x0000000088f00000, 0x0000000088f00000, 0x0000000089000000|  0%| F|  |TAMS 0x0000000088f00000, 0x0000000088f00000| Untracked 
| 144|0x0000000089000000, 0x0000000089000000, 0x0000000089100000|  0%| F|  |TAMS 0x0000000089000000, 0x0000000089000000| Untracked 
| 145|0x0000000089100000, 0x0000000089100000, 0x0000000089200000|  0%| F|  |TAMS 0x0000000089100000, 0x0000000089100000| Untracked 
| 146|0x0000000089200000, 0x0000000089200000, 0x0000000089300000|  0%| F|  |TAMS 0x0000000089200000, 0x0000000089200000| Untracked 
| 147|0x0000000089300000, 0x0000000089300000, 0x0000000089400000|  0%| F|  |TAMS 0x0000000089300000, 0x0000000089300000| Untracked 
| 148|0x0000000089400000, 0x0000000089400000, 0x0000000089500000|  0%| F|  |TAMS 0x0000000089400000, 0x0000000089400000| Untracked 
| 149|0x0000000089500000, 0x0000000089500000, 0x0000000089600000|  0%| F|  |TAMS 0x0000000089500000, 0x0000000089500000| Untracked 
| 150|0x0000000089600000, 0x0000000089600000, 0x0000000089700000|  0%| F|  |TAMS 0x0000000089600000, 0x0000000089600000| Untracked 
| 151|0x0000000089700000, 0x0000000089700000, 0x0000000089800000|  0%| F|  |TAMS 0x0000000089700000, 0x0000000089700000| Untracked 
| 152|0x0000000089800000, 0x0000000089800000, 0x0000000089900000|  0%| F|  |TAMS 0x0000000089800000, 0x0000000089800000| Untracked 
| 153|0x0000000089900000, 0x0000000089900000, 0x0000000089a00000|  0%| F|  |TAMS 0x0000000089900000, 0x0000000089900000| Untracked 
| 154|0x0000000089a00000, 0x0000000089a00000, 0x0000000089b00000|  0%| F|  |TAMS 0x0000000089a00000, 0x0000000089a00000| Untracked 
| 155|0x0000000089b00000, 0x0000000089b00000, 0x0000000089c00000|  0%| F|  |TAMS 0x0000000089b00000, 0x0000000089b00000| Untracked 
| 156|0x0000000089c00000, 0x0000000089c00000, 0x0000000089d00000|  0%| F|  |TAMS 0x0000000089c00000, 0x0000000089c00000| Untracked 
| 157|0x0000000089d00000, 0x0000000089d00000, 0x0000000089e00000|  0%| F|  |TAMS 0x0000000089d00000, 0x0000000089d00000| Untracked 
| 158|0x0000000089e00000, 0x0000000089e00000, 0x0000000089f00000|  0%| F|  |TAMS 0x0000000089e00000, 0x0000000089e00000| Untracked 
| 159|0x0000000089f00000, 0x0000000089f00000, 0x000000008a000000|  0%| F|  |TAMS 0x0000000089f00000, 0x0000000089f00000| Untracked 
| 160|0x000000008a000000, 0x000000008a000000, 0x000000008a100000|  0%| F|  |TAMS 0x000000008a000000, 0x000000008a000000| Untracked 
| 161|0x000000008a100000, 0x000000008a100000, 0x000000008a200000|  0%| F|  |TAMS 0x000000008a100000, 0x000000008a100000| Untracked 
| 162|0x000000008a200000, 0x000000008a200000, 0x000000008a300000|  0%| F|  |TAMS 0x000000008a200000, 0x000000008a200000| Untracked 
| 163|0x000000008a300000, 0x000000008a300000, 0x000000008a400000|  0%| F|  |TAMS 0x000000008a300000, 0x000000008a300000| Untracked 
| 164|0x000000008a400000, 0x000000008a400000, 0x000000008a500000|  0%| F|  |TAMS 0x000000008a400000, 0x000000008a400000| Untracked 
| 165|0x000000008a500000, 0x000000008a500000, 0x000000008a600000|  0%| F|  |TAMS 0x000000008a500000, 0x000000008a500000| Untracked 
| 166|0x000000008a600000, 0x000000008a600000, 0x000000008a700000|  0%| F|  |TAMS 0x000000008a600000, 0x000000008a600000| Untracked 
| 167|0x000000008a700000, 0x000000008a700000, 0x000000008a800000|  0%| F|  |TAMS 0x000000008a700000, 0x000000008a700000| Untracked 
| 168|0x000000008a800000, 0x000000008a800000, 0x000000008a900000|  0%| F|  |TAMS 0x000000008a800000, 0x000000008a800000| Untracked 
| 169|0x000000008a900000, 0x000000008a900000, 0x000000008aa00000|  0%| F|  |TAMS 0x000000008a900000, 0x000000008a900000| Untracked 
| 170|0x000000008aa00000, 0x000000008aa00000, 0x000000008ab00000|  0%| F|  |TAMS 0x000000008aa00000, 0x000000008aa00000| Untracked 
| 171|0x000000008ab00000, 0x000000008ab00000, 0x000000008ac00000|  0%| F|  |TAMS 0x000000008ab00000, 0x000000008ab00000| Untracked 
| 172|0x000000008ac00000, 0x000000008ac00000, 0x000000008ad00000|  0%| F|  |TAMS 0x000000008ac00000, 0x000000008ac00000| Untracked 
| 173|0x000000008ad00000, 0x000000008ad00000, 0x000000008ae00000|  0%| F|  |TAMS 0x000000008ad00000, 0x000000008ad00000| Untracked 
| 174|0x000000008ae00000, 0x000000008ae00000, 0x000000008af00000|  0%| F|  |TAMS 0x000000008ae00000, 0x000000008ae00000| Untracked 
| 175|0x000000008af00000, 0x000000008af00000, 0x000000008b000000|  0%| F|  |TAMS 0x000000008af00000, 0x000000008af00000| Untracked 
| 176|0x000000008b000000, 0x000000008b000000, 0x000000008b100000|  0%| F|  |TAMS 0x000000008b000000, 0x000000008b000000| Untracked 
| 177|0x000000008b100000, 0x000000008b100000, 0x000000008b200000|  0%| F|  |TAMS 0x000000008b100000, 0x000000008b100000| Untracked 
| 178|0x000000008b200000, 0x000000008b200000, 0x000000008b300000|  0%| F|  |TAMS 0x000000008b200000, 0x000000008b200000| Untracked 
| 179|0x000000008b300000, 0x000000008b300000, 0x000000008b400000|  0%| F|  |TAMS 0x000000008b300000, 0x000000008b300000| Untracked 
| 180|0x000000008b400000, 0x000000008b400000, 0x000000008b500000|  0%| F|  |TAMS 0x000000008b400000, 0x000000008b400000| Untracked 
| 181|0x000000008b500000, 0x000000008b500000, 0x000000008b600000|  0%| F|  |TAMS 0x000000008b500000, 0x000000008b500000| Untracked 

Card table byte_map: [0x000001c7d98c0000,0x000001c7d9cc0000] _byte_map_base: 0x000001c7d94c0000

Marking Bits (Prev, Next): (CMBitMap*) 0x000001c7c0a71ac0, (CMBitMap*) 0x000001c7c0a71b00
 Prev Bits: [0x000001c7da0c0000, 0x000001c7dc0c0000)
 Next Bits: [0x000001c7dc0c0000, 0x000001c7de0c0000)

Polling page: 0x000001c7c0b10000

Metaspace:

Usage:
  Non-class:     54.56 MB used.
      Class:      8.58 MB used.
       Both:     63.14 MB used.

Virtual space:
  Non-class space:       56.00 MB reserved,      54.94 MB ( 98%) committed,  7 nodes.
      Class space:        1.00 GB reserved,       8.94 MB ( <1%) committed,  1 nodes.
             Both:        1.05 GB reserved,      63.88 MB (  6%) committed. 

Chunk freelists:
   Non-Class:  1.11 MB
       Class:  2.95 MB
        Both:  4.06 MB

MaxMetaspaceSize: unlimited
CompressedClassSpaceSize: 1.00 GB
Initial GC threshold: 21.00 MB
Current GC threshold: 92.62 MB
CDS: on
MetaspaceReclaimPolicy: balanced
 - commit_granule_bytes: 65536.
 - commit_granule_words: 8192.
 - virtual_space_node_default_size: 1048576.
 - enlarge_chunks_in_place: 1.
 - new_chunks_are_fully_committed: 0.
 - uncommit_free_chunks: 1.
 - use_allocation_guard: 0.
 - handle_deallocations: 1.


Internal statistics:

num_allocs_failed_limit: 6.
num_arena_births: 842.
num_arena_deaths: 0.
num_vsnodes_births: 8.
num_vsnodes_deaths: 0.
num_space_committed: 1022.
num_space_uncommitted: 0.
num_chunks_returned_to_freelist: 6.
num_chunks_taken_from_freelist: 3409.
num_chunk_merges: 6.
num_chunk_splits: 2286.
num_chunks_enlarged: 1529.
num_purges: 0.
num_inconsistent_stats: 0.

CodeHeap 'non-profiled nmethods': size=120000Kb used=2938Kb max_used=3163Kb free=117062Kb
 bounds [0x000001c7d1520000, 0x000001c7d1840000, 0x000001c7d8a50000]
CodeHeap 'profiled nmethods': size=120000Kb used=12689Kb max_used=13578Kb free=107310Kb
 bounds [0x000001c7c9ff0000, 0x000001c7cad40000, 0x000001c7d1520000]
CodeHeap 'non-nmethods': size=5760Kb used=2376Kb max_used=2409Kb free=3383Kb
 bounds [0x000001c7c9a50000, 0x000001c7c9cc0000, 0x000001c7c9ff0000]
 total_blobs=7520 nmethods=6616 adapters=815
 compilation: enabled
              stopped_count=0, restarted_count=0
 full_count=0

Compilation events (20 events):
Event: 10.774 Thread 0x000001c7e0b44330 7564       4       java.util.Collections$UnmodifiableList::get (11 bytes)
Event: 10.774 Thread 0x000001c7e0b45480 7557   !   3       kotlin.reflect.jvm.internal.impl.metadata.ProtoBuf$Annotation$Builder::mergeFrom (60 bytes)
Event: 10.774 Thread 0x000001c7e0b45480 nmethod 7557 0x000001c7cab49c10 code [0x000001c7cab49e00, 0x000001c7cab4a438]
Event: 10.774 Thread 0x000001c7e0b45480 7558       3       kotlin.reflect.jvm.internal.impl.metadata.ProtoBuf$Annotation$Builder::mergeFrom (107 bytes)
Event: 10.775 Thread 0x000001c7e0b45480 nmethod 7558 0x000001c7cab48d90 code [0x000001c7cab48fc0, 0x000001c7cab498c8]
Event: 10.775 Thread 0x000001c7e0b45480 7559       3       kotlin.reflect.jvm.internal.impl.metadata.ProtoBuf$Annotation$Builder::setId (17 bytes)
Event: 10.775 Thread 0x000001c7e0b45480 nmethod 7559 0x000001c7ca978810 code [0x000001c7ca9789a0, 0x000001c7ca978ab8]
Event: 10.775 Thread 0x000001c7e0b45480 7560       3       kotlin.reflect.jvm.internal.impl.metadata.ProtoBuf$Annotation$Builder::build (5 bytes)
Event: 10.775 Thread 0x000001c7e0b45480 nmethod 7560 0x000001c7ca67ec10 code [0x000001c7ca67ede0, 0x000001c7ca67f128]
Event: 10.775 Thread 0x000001c7e0b45480 7561       3       kotlin.reflect.jvm.internal.impl.metadata.ProtoBuf$Annotation$Builder::build (19 bytes)
Event: 10.775 Thread 0x000001c7e0b44330 nmethod 7564 0x000001c7d15dd290 code [0x000001c7d15dd420, 0x000001c7d15dd558]
Event: 10.775 Thread 0x000001c7e0b44330 7553       4       kotlin.reflect.jvm.internal.impl.protobuf.GeneratedMessageLite::makeExtensionsImmutable (1 bytes)
Event: 10.776 Thread 0x000001c7e0b45480 nmethod 7561 0x000001c7ca67e610 code [0x000001c7ca67e7e0, 0x000001c7ca67eac8]
Event: 10.776 Thread 0x000001c7e0b45480 7562       3       kotlin.reflect.jvm.internal.impl.metadata.ProtoBuf$Annotation$Builder::buildPartial (86 bytes)
Event: 10.776 Thread 0x000001c7e0b44330 nmethod 7553 0x000001c7d15dcf90 code [0x000001c7d15dd100, 0x000001c7d15dd178]
Event: 10.776 Thread 0x000001c7e0b44330 7552       4       kotlin.reflect.jvm.internal.impl.metadata.ProtoBuf$Annotation::getDefaultInstance (4 bytes)
Event: 10.776 Thread 0x000001c7e0b44330 nmethod 7552 0x000001c7d15dcc90 code [0x000001c7d15dce00, 0x000001c7d15dce58]
Event: 10.776 Thread 0x000001c7e0b45480 nmethod 7562 0x000001c7ca67db10 code [0x000001c7ca67dd00, 0x000001c7ca67e3a8]
Event: 10.776 Thread 0x000001c7e0b45480 7563       3       kotlin.reflect.jvm.internal.impl.metadata.ProtoBuf$Annotation::<init> (6 bytes)
Event: 10.777 Thread 0x000001c7e0b45480 nmethod 7563 0x000001c7ca67d390 code [0x000001c7ca67d540, 0x000001c7ca67d858]

GC Heap History (20 events):
Event: 6.681 GC heap after
{Heap after GC invocations=12 (full 0):
 garbage-first heap   total 155648K, used 69661K [0x0000000080000000, 0x0000000100000000)
  region size 1024K, 7 young (7168K), 7 survivors (7168K)
 Metaspace       used 40711K, committed 41280K, reserved 1089536K
  class space    used 5646K, committed 5888K, reserved 1048576K
}
Event: 7.518 GC heap before
{Heap before GC invocations=12 (full 0):
 garbage-first heap   total 155648K, used 117789K [0x0000000080000000, 0x0000000100000000)
  region size 1024K, 54 young (55296K), 7 survivors (7168K)
 Metaspace       used 45168K, committed 45760K, reserved 1089536K
  class space    used 6318K, committed 6592K, reserved 1048576K
}
Event: 7.525 GC heap after
{Heap after GC invocations=13 (full 0):
 garbage-first heap   total 155648K, used 73948K [0x0000000080000000, 0x0000000100000000)
  region size 1024K, 5 young (5120K), 5 survivors (5120K)
 Metaspace       used 45168K, committed 45760K, reserved 1089536K
  class space    used 6318K, committed 6592K, reserved 1048576K
}
Event: 7.839 GC heap before
{Heap before GC invocations=13 (full 0):
 garbage-first heap   total 155648K, used 93404K [0x0000000080000000, 0x0000000100000000)
  region size 1024K, 26 young (26624K), 5 survivors (5120K)
 Metaspace       used 45510K, committed 46144K, reserved 1089536K
  class space    used 6342K, committed 6656K, reserved 1048576K
}
Event: 7.843 GC heap after
{Heap after GC invocations=14 (full 0):
 garbage-first heap   total 155648K, used 74980K [0x0000000080000000, 0x0000000100000000)
  region size 1024K, 2 young (2048K), 2 survivors (2048K)
 Metaspace       used 45510K, committed 46144K, reserved 1089536K
  class space    used 6342K, committed 6656K, reserved 1048576K
}
Event: 7.923 GC heap before
{Heap before GC invocations=15 (full 0):
 garbage-first heap   total 155648K, used 84196K [0x0000000080000000, 0x0000000100000000)
  region size 1024K, 8 young (8192K), 2 survivors (2048K)
 Metaspace       used 45582K, committed 46208K, reserved 1089536K
  class space    used 6351K, committed 6656K, reserved 1048576K
}
Event: 7.926 GC heap after
{Heap after GC invocations=16 (full 0):
 garbage-first heap   total 155648K, used 82819K [0x0000000080000000, 0x0000000100000000)
  region size 1024K, 5 young (5120K), 5 survivors (5120K)
 Metaspace       used 45582K, committed 46208K, reserved 1089536K
  class space    used 6351K, committed 6656K, reserved 1048576K
}
Event: 7.984 GC heap before
{Heap before GC invocations=17 (full 0):
 garbage-first heap   total 155648K, used 88963K [0x0000000080000000, 0x0000000100000000)
  region size 1024K, 9 young (9216K), 5 survivors (5120K)
 Metaspace       used 45855K, committed 46464K, reserved 1089536K
  class space    used 6400K, committed 6656K, reserved 1048576K
}
Event: 7.988 GC heap after
{Heap after GC invocations=18 (full 0):
 garbage-first heap   total 155648K, used 88800K [0x0000000080000000, 0x0000000100000000)
  region size 1024K, 3 young (3072K), 3 survivors (3072K)
 Metaspace       used 45855K, committed 46464K, reserved 1089536K
  class space    used 6400K, committed 6656K, reserved 1048576K
}
Event: 8.288 GC heap before
{Heap before GC invocations=19 (full 0):
 garbage-first heap   total 162816K, used 109280K [0x0000000080000000, 0x0000000100000000)
  region size 1024K, 23 young (23552K), 3 survivors (3072K)
 Metaspace       used 47645K, committed 48256K, reserved 1097728K
  class space    used 6639K, committed 6912K, reserved 1048576K
}
Event: 8.290 GC heap after
{Heap after GC invocations=20 (full 0):
 garbage-first heap   total 162816K, used 90503K [0x0000000080000000, 0x0000000100000000)
  region size 1024K, 2 young (2048K), 2 survivors (2048K)
 Metaspace       used 47645K, committed 48256K, reserved 1097728K
  class space    used 6639K, committed 6912K, reserved 1048576K
}
Event: 8.724 GC heap before
{Heap before GC invocations=20 (full 0):
 garbage-first heap   total 162816K, used 116103K [0x0000000080000000, 0x0000000100000000)
  region size 1024K, 28 young (28672K), 2 survivors (2048K)
 Metaspace       used 51690K, committed 52352K, reserved 1097728K
  class space    used 7075K, committed 7360K, reserved 1048576K
}
Event: 8.727 GC heap after
{Heap after GC invocations=21 (full 0):
 garbage-first heap   total 162816K, used 91520K [0x0000000080000000, 0x0000000100000000)
  region size 1024K, 3 young (3072K), 3 survivors (3072K)
 Metaspace       used 51690K, committed 52352K, reserved 1097728K
  class space    used 7075K, committed 7360K, reserved 1048576K
}
Event: 9.246 GC heap before
{Heap before GC invocations=22 (full 0):
 garbage-first heap   total 162816K, used 117120K [0x0000000080000000, 0x0000000100000000)
  region size 1024K, 29 young (29696K), 3 survivors (3072K)
 Metaspace       used 56189K, committed 56896K, reserved 1097728K
  class space    used 7666K, committed 8000K, reserved 1048576K
}
Event: 9.250 GC heap after
{Heap after GC invocations=23 (full 0):
 garbage-first heap   total 162816K, used 93912K [0x0000000080000000, 0x0000000100000000)
  region size 1024K, 4 young (4096K), 4 survivors (4096K)
 Metaspace       used 56189K, committed 56896K, reserved 1097728K
  class space    used 7666K, committed 8000K, reserved 1048576K
}
Event: 9.331 GC heap before
{Heap before GC invocations=24 (full 0):
 garbage-first heap   total 186368K, used 109272K [0x0000000080000000, 0x0000000100000000)
  region size 1024K, 16 young (16384K), 4 survivors (4096K)
 Metaspace       used 56195K, committed 56896K, reserved 1097728K
  class space    used 7666K, committed 8000K, reserved 1048576K
}
Event: 9.336 GC heap after
{Heap after GC invocations=25 (full 0):
 garbage-first heap   total 186368K, used 100264K [0x0000000080000000, 0x0000000100000000)
  region size 1024K, 5 young (5120K), 5 survivors (5120K)
 Metaspace       used 56195K, committed 56896K, reserved 1097728K
  class space    used 7666K, committed 8000K, reserved 1048576K
}
Event: 10.024 GC heap before
{Heap before GC invocations=26 (full 0):
 garbage-first heap   total 186368K, used 142248K [0x0000000080000000, 0x0000000100000000)
  region size 1024K, 44 young (45056K), 5 survivors (5120K)
 Metaspace       used 59744K, committed 60352K, reserved 1105920K
  class space    used 8120K, committed 8384K, reserved 1048576K
}
Event: 10.035 GC heap after
{Heap after GC invocations=27 (full 0):
 garbage-first heap   total 186368K, used 99297K [0x0000000080000000, 0x0000000100000000)
  region size 1024K, 3 young (3072K), 3 survivors (3072K)
 Metaspace       used 59744K, committed 60352K, reserved 1105920K
  class space    used 8120K, committed 8384K, reserved 1048576K
}
Event: 10.783 GC heap before
{Heap before GC invocations=27 (full 0):
 garbage-first heap   total 186368K, used 142305K [0x0000000080000000, 0x0000000100000000)
  region size 1024K, 45 young (46080K), 3 survivors (3072K)
 Metaspace       used 64657K, committed 65408K, reserved 1105920K
  class space    used 8788K, committed 9152K, reserved 1048576K
}

Deoptimization events (20 events):
Event: 10.601 Thread 0x000001c7e1e87730 Uncommon trap: trap_request=0xffffff45 fr.pc=0x000001c7d162fbb4 relative=0x00000000000009d4
Event: 10.601 Thread 0x000001c7e1e87730 Uncommon trap: reason=unstable_if action=reinterpret pc=0x000001c7d162fbb4 method=java.util.jar.JarFile.getVersionedEntry(Ljava/lang/String;Ljava/util/jar/JarEntry;)Ljava/util/jar/JarEntry; @ 26 c2
Event: 10.601 Thread 0x000001c7e1e87730 DEOPT PACKING pc=0x000001c7d162fbb4 sp=0x00000021f6af2f90
Event: 10.601 Thread 0x000001c7e1e87730 DEOPT UNPACKING pc=0x000001c7c9aa23a3 sp=0x00000021f6af2f50 mode 2
Event: 10.604 Thread 0x000001c7e1e87730 Uncommon trap: trap_request=0xffffff45 fr.pc=0x000001c7d17a8d08 relative=0x00000000000013c8
Event: 10.604 Thread 0x000001c7e1e87730 Uncommon trap: reason=unstable_if action=reinterpret pc=0x000001c7d17a8d08 method=java.util.concurrent.ConcurrentHashMap.putVal(Ljava/lang/Object;Ljava/lang/Object;Z)Ljava/lang/Object; @ 245 c2
Event: 10.604 Thread 0x000001c7e1e87730 DEOPT PACKING pc=0x000001c7d17a8d08 sp=0x00000021f6af2710
Event: 10.604 Thread 0x000001c7e1e87730 DEOPT UNPACKING pc=0x000001c7c9aa23a3 sp=0x00000021f6af2698 mode 2
Event: 10.776 Thread 0x000001c7e1e87730 Uncommon trap: trap_request=0xffffffde fr.pc=0x000001c7d17e5f74 relative=0x0000000000001114
Event: 10.776 Thread 0x000001c7e1e87730 Uncommon trap: reason=class_check action=maybe_recompile pc=0x000001c7d17e5f74 method=jdk.internal.loader.BuiltinClassLoader.loadClassOrNull(Ljava/lang/String;)Ljava/lang/Class; @ 3 c2
Event: 10.776 Thread 0x000001c7e1e87730 DEOPT PACKING pc=0x000001c7d17e5f74 sp=0x00000021f6af5e30
Event: 10.776 Thread 0x000001c7e1e87730 DEOPT UNPACKING pc=0x000001c7c9aa23a3 sp=0x00000021f6af5d78 mode 2
Event: 10.778 Thread 0x000001c7e1e87730 Uncommon trap: trap_request=0xffffffde fr.pc=0x000001c7d17e5f74 relative=0x0000000000001114
Event: 10.778 Thread 0x000001c7e1e87730 Uncommon trap: reason=class_check action=maybe_recompile pc=0x000001c7d17e5f74 method=jdk.internal.loader.BuiltinClassLoader.loadClassOrNull(Ljava/lang/String;)Ljava/lang/Class; @ 3 c2
Event: 10.778 Thread 0x000001c7e1e87730 DEOPT PACKING pc=0x000001c7d17e5f74 sp=0x00000021f6af5e80
Event: 10.778 Thread 0x000001c7e1e87730 DEOPT UNPACKING pc=0x000001c7c9aa23a3 sp=0x00000021f6af5dc8 mode 2
Event: 10.780 Thread 0x000001c7e1e87730 Uncommon trap: trap_request=0xffffff45 fr.pc=0x000001c7d154ddd0 relative=0x0000000000000330
Event: 10.780 Thread 0x000001c7e1e87730 Uncommon trap: reason=unstable_if action=reinterpret pc=0x000001c7d154ddd0 method=java.lang.String.indexOf([BBILjava/lang/String;I)I @ 54 c2
Event: 10.780 Thread 0x000001c7e1e87730 DEOPT PACKING pc=0x000001c7d154ddd0 sp=0x00000021f6af6650
Event: 10.780 Thread 0x000001c7e1e87730 DEOPT UNPACKING pc=0x000001c7c9aa23a3 sp=0x00000021f6af6560 mode 2

Classes unloaded (0 events):
No events

Classes redefined (0 events):
No events

Internal exceptions (20 events):
Event: 10.220 Thread 0x000001c7e1e87730 Exception <a 'java/lang/ClassNotFoundException'{0x000000008aeb7bf0}: org/gradle/api/plugins/BasePluginConventionCustomizer> (0x000000008aeb7bf0) 
thrown [t:\workspace\open\src\hotspot\share\classfile\systemDictionary.cpp, line 256]
Event: 10.221 Thread 0x000001c7e1e87730 Exception <a 'java/lang/ClassNotFoundException'{0x000000008aedcfe0}: org/gradle/api/plugins/internal/DefaultBasePluginConventionCustomizer> (0x000000008aedcfe0) 
thrown [t:\workspace\open\src\hotspot\share\classfile\systemDictionary.cpp, line 256]
Event: 10.222 Thread 0x000001c7e1e87730 Exception <a 'java/lang/ClassNotFoundException'{0x000000008ad0b040}: org/gradle/api/plugins/internal/DefaultBasePluginConvention_DecoratedCustomizer> (0x000000008ad0b040) 
thrown [t:\workspace\open\src\hotspot\share\classfile\systemDictionary.cpp, line 256]
Event: 10.227 Thread 0x000001c7e1e87730 Exception <a 'java/lang/ClassNotFoundException'{0x000000008ad80988}: org/gradle/api/plugins/internal/DefaultJavaPluginConvention_DecoratedBeanInfo> (0x000000008ad80988) 
thrown [t:\workspace\open\src\hotspot\share\classfile\systemDictionary.cpp, line 256]
Event: 10.228 Thread 0x000001c7e1e87730 Exception <a 'java/lang/ClassNotFoundException'{0x000000008ad9b9f0}: org/gradle/api/plugins/internal/DefaultJavaPluginConventionBeanInfo> (0x000000008ad9b9f0) 
thrown [t:\workspace\open\src\hotspot\share\classfile\systemDictionary.cpp, line 256]
Event: 10.229 Thread 0x000001c7e1e87730 Exception <a 'java/lang/ClassNotFoundException'{0x000000008adb6338}: org/gradle/api/plugins/JavaPluginConventionBeanInfo> (0x000000008adb6338) 
thrown [t:\workspace\open\src\hotspot\share\classfile\systemDictionary.cpp, line 256]
Event: 10.229 Thread 0x000001c7e1e87730 Exception <a 'java/lang/ClassNotFoundException'{0x000000008add0c48}: org/gradle/api/plugins/JavaPluginConventionCustomizer> (0x000000008add0c48) 
thrown [t:\workspace\open\src\hotspot\share\classfile\systemDictionary.cpp, line 256]
Event: 10.231 Thread 0x000001c7e1e87730 Exception <a 'java/lang/ClassNotFoundException'{0x000000008adffcd8}: org/gradle/api/plugins/internal/DefaultJavaPluginConventionCustomizer> (0x000000008adffcd8) 
thrown [t:\workspace\open\src\hotspot\share\classfile\systemDictionary.cpp, line 256]
Event: 10.233 Thread 0x000001c7e1e87730 Exception <a 'java/lang/ClassNotFoundException'{0x000000008ac41f28}: org/gradle/api/plugins/internal/DefaultJavaPluginConvention_DecoratedCustomizer> (0x000000008ac41f28) 
thrown [t:\workspace\open\src\hotspot\share\classfile\systemDictionary.cpp, line 256]
Event: 10.251 Thread 0x000001c7e1e87730 Exception <a 'java/lang/NoSuchMethodError'{0x000000008ab4ade8}: static Lorg/jetbrains/kotlin/gradle/plugin/internal/DefaultConfigurationTimePropertiesAccessorVariantFactory;.<clinit>()V> (0x000000008ab4ade8) 
thrown [t:\workspace\open\src\hotspot\share\prims\jni.cpp, line 1107]
Event: 10.252 Thread 0x000001c7e1e87730 Exception <a 'java/lang/NoSuchMethodError'{0x000000008ab63a88}: static Lorg/jetbrains/kotlin/gradle/plugin/internal/DefaultProjectIsolationStartParameterAccessorVariantFactory;.<clinit>()V> (0x000000008ab63a88) 
thrown [t:\workspace\open\src\hotspot\share\prims\jni.cpp, line 1107]
Event: 10.254 Thread 0x000001c7e1e87730 Exception <a 'java/lang/NoSuchMethodError'{0x000000008ab7d158}: static Lorg/jetbrains/kotlin/gradle/plugin/internal/DefaultMppTestReportHelperVariantFactory;.<clinit>()V> (0x000000008ab7d158) 
thrown [t:\workspace\open\src\hotspot\share\prims\jni.cpp, line 1107]
Event: 10.255 Thread 0x000001c7e1e87730 Exception <a 'java/lang/NoSuchMethodError'{0x000000008ab96038}: static Lorg/jetbrains/kotlin/gradle/plugin/internal/CompatibilityConventionRegistrarG80$Factory;.<clinit>()V> (0x000000008ab96038) 
thrown [t:\workspace\open\src\hotspot\share\prims\jni.cpp, line 1107]
Event: 10.256 Thread 0x000001c7e1e87730 Exception <a 'java/lang/NoSuchMethodError'{0x000000008abb6190}: static Lorg/jetbrains/kotlin/gradle/plugin/internal/DefaultArtifactTypeAttributeAccessorVariantFactory;.<clinit>()V> (0x000000008abb6190) 
thrown [t:\workspace\open\src\hotspot\share\prims\jni.cpp, line 1107]
Event: 10.258 Thread 0x000001c7e1e87730 Exception <a 'java/lang/NoSuchMethodError'{0x000000008abcfe48}: static Lorg/jetbrains/kotlin/gradle/plugin/internal/MavenPluginConfigurator$DefaultMavenPluginConfiguratorVariantFactory;.<clinit>()V> (0x000000008abcfe48) 
thrown [t:\workspace\open\src\hotspot\share\prims\jni.cpp, line 1107]
Event: 10.259 Thread 0x000001c7e1e87730 Exception <a 'java/lang/NoSuchMethodError'{0x000000008abe9140}: static Lorg/jetbrains/kotlin/gradle/plugin/internal/DefaultJavaSourceSetsAccessorVariantFactory;.<clinit>()V> (0x000000008abe9140) 
thrown [t:\workspace\open\src\hotspot\share\prims\jni.cpp, line 1107]
Event: 10.260 Thread 0x000001c7e1e87730 Exception <a 'java/lang/NoSuchMethodError'{0x000000008aa021e8}: static Lorg/jetbrains/kotlin/gradle/targets/js/nodejs/DefaultUnameExecutorVariantFactory;.<clinit>()V> (0x000000008aa021e8) 
thrown [t:\workspace\open\src\hotspot\share\prims\jni.cpp, line 1107]
Event: 10.261 Thread 0x000001c7e1e87730 Exception <a 'java/lang/NoSuchMethodError'{0x000000008aa1b520}: static Lorg/jetbrains/kotlin/gradle/plugin/internal/DefaultBasePluginConfigurationVariantFactory;.<clinit>()V> (0x000000008aa1b520) 
thrown [t:\workspace\open\src\hotspot\share\prims\jni.cpp, line 1107]
Event: 10.262 Thread 0x000001c7e1e87730 Exception <a 'java/lang/NoSuchMethodError'{0x000000008aa34130}: static Lorg/jetbrains/kotlin/gradle/plugin/internal/DefaultIdeaSyncDetectorVariantFactory;.<clinit>()V> (0x000000008aa34130) 
thrown [t:\workspace\open\src\hotspot\share\prims\jni.cpp, line 1107]
Event: 10.264 Thread 0x000001c7e1e87730 Exception <a 'java/lang/NoSuchMethodError'{0x000000008aa4da28}: static Lorg/jetbrains/kotlin/gradle/plugin/internal/DefaultKotlinTestReportCompatibilityHelperVariantFactory;.<clinit>()V> (0x000000008aa4da28) 
thrown [t:\workspace\open\src\hotspot\share\prims\jni.cpp, line 1107]

VM Operations (20 events):
Event: 9.250 Executing VM operation: G1TryInitiateConcMark done
Event: 9.253 Executing VM operation: HandshakeAllThreads
Event: 9.253 Executing VM operation: HandshakeAllThreads done
Event: 9.297 Executing VM operation: G1Concurrent
Event: 9.302 Executing VM operation: G1Concurrent done
Event: 9.321 Executing VM operation: G1Concurrent
Event: 9.321 Executing VM operation: G1Concurrent done
Event: 9.331 Executing VM operation: G1TryInitiateConcMark
Event: 9.336 Executing VM operation: G1TryInitiateConcMark done
Event: 9.373 Executing VM operation: G1Concurrent
Event: 9.376 Executing VM operation: G1Concurrent done
Event: 9.395 Executing VM operation: G1Concurrent
Event: 9.395 Executing VM operation: G1Concurrent done
Event: 10.024 Executing VM operation: G1CollectForAllocation
Event: 10.035 Executing VM operation: G1CollectForAllocation done
Event: 10.084 Executing VM operation: HandshakeAllThreads
Event: 10.084 Executing VM operation: HandshakeAllThreads done
Event: 10.341 Executing VM operation: HandshakeAllThreads
Event: 10.342 Executing VM operation: HandshakeAllThreads done
Event: 10.783 Executing VM operation: G1CollectForAllocation

Events (20 events):
Event: 10.135 loading class com/sun/jmx/mbeanserver/StandardMBeanSupport
Event: 10.136 loading class com/sun/jmx/mbeanserver/StandardMBeanSupport done
Event: 10.136 loading class com/sun/jmx/mbeanserver/StandardMBeanIntrospector
Event: 10.136 loading class com/sun/jmx/mbeanserver/StandardMBeanIntrospector done
Event: 10.149 Thread 0x000001c7e5a7ff70 Thread added: 0x000001c7e5a7ff70
Event: 10.250 loading class java/io/ObjectOutputStream$BlockDataOutputStream
Event: 10.250 loading class java/io/ObjectOutputStream$BlockDataOutputStream done
Event: 10.250 loading class java/io/ObjectOutputStream$HandleTable
Event: 10.250 loading class java/io/ObjectOutputStream$HandleTable done
Event: 10.250 loading class java/io/ObjectOutputStream$ReplaceTable
Event: 10.250 loading class java/io/ObjectOutputStream$ReplaceTable done
Event: 10.281 loading class java/time/temporal/WeekFields
Event: 10.282 loading class java/time/temporal/WeekFields done
Event: 10.282 loading class java/time/temporal/WeekFields$ComputedDayOfField
Event: 10.282 loading class java/time/temporal/WeekFields$ComputedDayOfField done
Event: 10.283 loading class java/time/Month$1
Event: 10.283 loading class java/time/Month$1 done
Event: 10.284 loading class java/nio/channels/Channels$1
Event: 10.285 loading class java/nio/channels/Channels$1 done
Event: 10.286 Thread 0x000001c7e5a85ae0 Thread added: 0x000001c7e5a85ae0


Dynamic libraries:
0x00007ff7ba280000 - 0x00007ff7ba290000 	C:\Program Files\Java\jdk-17.0.1\bin\java.exe
0x00007ffc88610000 - 0x00007ffc88808000 	C:\WINDOWS\SYSTEM32\ntdll.dll
0x00007ffc87380000 - 0x00007ffc8743d000 	C:\WINDOWS\System32\KERNEL32.DLL
0x00007ffc861e0000 - 0x00007ffc864d6000 	C:\WINDOWS\System32\KERNELBASE.dll
0x00007ffc860e0000 - 0x00007ffc861e0000 	C:\WINDOWS\System32\ucrtbase.dll
0x00007ffc5dc60000 - 0x00007ffc5dc78000 	C:\Program Files\Java\jdk-17.0.1\bin\jli.dll
0x00007ffc86e70000 - 0x00007ffc86f1e000 	C:\WINDOWS\System32\ADVAPI32.dll
0x00007ffc5c880000 - 0x00007ffc5c89a000 	C:\Program Files\Java\jdk-17.0.1\bin\VCRUNTIME140.dll
0x00007ffc86f20000 - 0x00007ffc86fbe000 	C:\WINDOWS\System32\msvcrt.dll
0x00007ffc880a0000 - 0x00007ffc8813c000 	C:\WINDOWS\System32\sechost.dll
0x00007ffc88140000 - 0x00007ffc88266000 	C:\WINDOWS\System32\RPCRT4.dll
0x00007ffc870f0000 - 0x00007ffc8728e000 	C:\WINDOWS\System32\USER32.dll
0x00007ffc85d90000 - 0x00007ffc85db2000 	C:\WINDOWS\System32\win32u.dll
0x00007ffc727d0000 - 0x00007ffc72a6a000 	C:\WINDOWS\WinSxS\amd64_microsoft.windows.common-controls_6595b64144ccf1df_6.0.19041.1110_none_60b5254171f9507e\COMCTL32.dll
0x00007ffc88070000 - 0x00007ffc8809c000 	C:\WINDOWS\System32\GDI32.dll
0x00007ffc864e0000 - 0x00007ffc865fa000 	C:\WINDOWS\System32\gdi32full.dll
0x00007ffc85cf0000 - 0x00007ffc85d8d000 	C:\WINDOWS\System32\msvcp_win.dll
0x00007ffc7f940000 - 0x00007ffc7f94a000 	C:\WINDOWS\SYSTEM32\VERSION.dll
0x00007ffc866f0000 - 0x00007ffc86720000 	C:\WINDOWS\System32\IMM32.DLL
0x00007ffc79240000 - 0x00007ffc7924c000 	C:\Program Files\Java\jdk-17.0.1\bin\vcruntime140_1.dll
0x00007ffc55f10000 - 0x00007ffc55f9d000 	C:\Program Files\Java\jdk-17.0.1\bin\msvcp140.dll
0x00007ffc4d3c0000 - 0x00007ffc4df7e000 	C:\Program Files\Java\jdk-17.0.1\bin\server\jvm.dll
0x00007ffc87960000 - 0x00007ffc87968000 	C:\WINDOWS\System32\PSAPI.DLL
0x00007ffc7b7e0000 - 0x00007ffc7b807000 	C:\WINDOWS\SYSTEM32\WINMM.dll
0x00007ffc79370000 - 0x00007ffc79379000 	C:\WINDOWS\SYSTEM32\WSOCK32.dll
0x00007ffc874a0000 - 0x00007ffc8750b000 	C:\WINDOWS\System32\WS2_32.dll
0x00007ffc83b60000 - 0x00007ffc83b72000 	C:\WINDOWS\SYSTEM32\kernel.appcore.dll
0x00007ffc74630000 - 0x00007ffc7463a000 	C:\Program Files\Java\jdk-17.0.1\bin\jimage.dll
0x00007ffc7e840000 - 0x00007ffc7ea24000 	C:\WINDOWS\SYSTEM32\DBGHELP.DLL
0x00007ffc70890000 - 0x00007ffc708c4000 	C:\WINDOWS\SYSTEM32\dbgcore.DLL
0x00007ffc86000000 - 0x00007ffc86082000 	C:\WINDOWS\System32\bcryptPrimitives.dll
0x00007ffc55ee0000 - 0x00007ffc55f05000 	C:\Program Files\Java\jdk-17.0.1\bin\java.dll
0x00007ffc55790000 - 0x00007ffc55866000 	C:\Program Files\Java\jdk-17.0.1\bin\svml.dll
0x00007ffc86720000 - 0x00007ffc86e65000 	C:\WINDOWS\System32\SHELL32.dll
0x00007ffc83d60000 - 0x00007ffc844fb000 	C:\WINDOWS\SYSTEM32\windows.storage.dll
0x00007ffc88270000 - 0x00007ffc885c4000 	C:\WINDOWS\System32\combase.dll
0x00007ffc85580000 - 0x00007ffc855ae000 	C:\WINDOWS\SYSTEM32\Wldp.dll
0x00007ffc87640000 - 0x00007ffc876ed000 	C:\WINDOWS\System32\SHCORE.dll
0x00007ffc87440000 - 0x00007ffc87495000 	C:\WINDOWS\System32\shlwapi.dll
0x00007ffc85c20000 - 0x00007ffc85c45000 	C:\WINDOWS\SYSTEM32\profapi.dll
0x00007ffc5c860000 - 0x00007ffc5c879000 	C:\Program Files\Java\jdk-17.0.1\bin\net.dll
0x00007ffc7df70000 - 0x00007ffc7e07a000 	C:\WINDOWS\SYSTEM32\WINHTTP.dll
0x00007ffc85360000 - 0x00007ffc853ca000 	C:\WINDOWS\system32\mswsock.dll
0x00007ffc5c640000 - 0x00007ffc5c655000 	C:\Program Files\Java\jdk-17.0.1\bin\nio.dll
0x00007ffc55ec0000 - 0x00007ffc55ed8000 	C:\Program Files\Java\jdk-17.0.1\bin\zip.dll
0x00007ffc73f60000 - 0x00007ffc73f70000 	C:\Program Files\Java\jdk-17.0.1\bin\verify.dll
0x00007ffc5db30000 - 0x00007ffc5db57000 	C:\Users\Rizky\.gradle\native\68d5fa5c4cc2d200863cafc0d521ce42e7d3e7ee720ec0a83991735586a16f82\windows-amd64\native-platform.dll
0x00007ffc5c6d0000 - 0x00007ffc5c814000 	C:\Users\Rizky\.gradle\native\e376f236ea51e6404a007f0833ffe2c6e607c4080706a723a18a27aeea778392\windows-amd64\native-platform-file-events.dll
0x00007ffc730e0000 - 0x00007ffc730e9000 	C:\Program Files\Java\jdk-17.0.1\bin\management.dll
0x00007ffc72d10000 - 0x00007ffc72d1b000 	C:\Program Files\Java\jdk-17.0.1\bin\management_ext.dll
0x00007ffc855c0000 - 0x00007ffc855d8000 	C:\WINDOWS\SYSTEM32\CRYPTSP.dll
0x00007ffc84c90000 - 0x00007ffc84cc4000 	C:\WINDOWS\system32\rsaenh.dll
0x00007ffc85dc0000 - 0x00007ffc85de7000 	C:\WINDOWS\System32\bcrypt.dll
0x00007ffc85be0000 - 0x00007ffc85c0e000 	C:\WINDOWS\SYSTEM32\USERENV.dll
0x00007ffc854f0000 - 0x00007ffc854fc000 	C:\WINDOWS\SYSTEM32\CRYPTBASE.dll
0x00007ffc85070000 - 0x00007ffc850ab000 	C:\WINDOWS\SYSTEM32\IPHLPAPI.DLL
0x00007ffc87290000 - 0x00007ffc87298000 	C:\WINDOWS\System32\NSI.dll
0x00007ffc7f1e0000 - 0x00007ffc7f1f7000 	C:\WINDOWS\SYSTEM32\dhcpcsvc6.DLL
0x00007ffc7f1c0000 - 0x00007ffc7f1dd000 	C:\WINDOWS\SYSTEM32\dhcpcsvc.DLL
0x00007ffc850b0000 - 0x00007ffc8517a000 	C:\WINDOWS\SYSTEM32\DNSAPI.dll
0x00007ffc6d550000 - 0x00007ffc6d55e000 	C:\Program Files\Java\jdk-17.0.1\bin\sunmscapi.dll
0x00007ffc85df0000 - 0x00007ffc85f4e000 	C:\WINDOWS\System32\CRYPT32.dll
0x00007ffc857a0000 - 0x00007ffc857c8000 	C:\WINDOWS\SYSTEM32\ncrypt.dll
0x00007ffc85760000 - 0x00007ffc8579b000 	C:\WINDOWS\SYSTEM32\NTASN1.dll
0x00007ffc81920000 - 0x00007ffc81927000 	C:\WINDOWS\system32\wshunix.dll

dbghelp: loaded successfully - version: 4.0.5 - missing functions: none
symbol engine: initialized successfully - sym options: 0x614 - pdb path: .;C:\Program Files\Java\jdk-17.0.1\bin;C:\WINDOWS\SYSTEM32;C:\WINDOWS\WinSxS\amd64_microsoft.windows.common-controls_6595b64144ccf1df_6.0.19041.1110_none_60b5254171f9507e;C:\Program Files\Java\jdk-17.0.1\bin\server;C:\Users\Rizky\.gradle\native\68d5fa5c4cc2d200863cafc0d521ce42e7d3e7ee720ec0a83991735586a16f82\windows-amd64;C:\Users\Rizky\.gradle\native\e376f236ea51e6404a007f0833ffe2c6e607c4080706a723a18a27aeea778392\windows-amd64

VM Arguments:
jvm_args: --add-opens=java.base/java.util=ALL-UNNAMED --add-opens=java.base/java.lang=ALL-UNNAMED --add-opens=java.base/java.lang.invoke=ALL-UNNAMED --add-opens=java.prefs/java.util.prefs=ALL-UNNAMED --add-opens=java.base/java.nio.charset=ALL-UNNAMED --add-opens=java.base/java.net=ALL-UNNAMED --add-opens=java.base/java.util.concurrent.atomic=ALL-UNNAMED -Xmx2048m -Dfile.encoding=UTF-8 -Duser.country=ID -Duser.language=en -Duser.variant 
java_command: org.gradle.launcher.daemon.bootstrap.GradleDaemon 8.0
java_class_path (initial): C:\Users\Rizky\.gradle\wrapper\dists\gradle-8.0-bin\ca5e32bp14vu59qr306oxotwh\gradle-8.0\lib\gradle-launcher-8.0.jar
Launcher Type: SUN_STANDARD

[Global flags]
     intx CICompilerCount                          = 4                                         {product} {ergonomic}
     uint ConcGCThreads                            = 2                                         {product} {ergonomic}
     uint G1ConcRefinementThreads                  = 8                                         {product} {ergonomic}
   size_t G1HeapRegionSize                         = 1048576                                   {product} {ergonomic}
    uintx GCDrainStackTargetSize                   = 64                                        {product} {ergonomic}
   size_t InitialHeapSize                          = 132120576                                 {product} {ergonomic}
   size_t MarkStackSize                            = 4194304                                   {product} {ergonomic}
   size_t MaxHeapSize                              = 2147483648                                {product} {command line}
   size_t MaxNewSize                               = 1287651328                                {product} {ergonomic}
   size_t MinHeapDeltaBytes                        = 1048576                                   {product} {ergonomic}
   size_t MinHeapSize                              = 8388608                                   {product} {ergonomic}
    uintx NonNMethodCodeHeapSize                   = 5839372                                {pd product} {ergonomic}
    uintx NonProfiledCodeHeapSize                  = 122909434                              {pd product} {ergonomic}
    uintx ProfiledCodeHeapSize                     = 122909434                              {pd product} {ergonomic}
    uintx ReservedCodeCacheSize                    = 251658240                              {pd product} {ergonomic}
     bool SegmentedCodeCache                       = true                                      {product} {ergonomic}
   size_t SoftMaxHeapSize                          = 2147483648                             {manageable} {ergonomic}
     bool UseCompressedClassPointers               = true                           {product lp64_product} {ergonomic}
     bool UseCompressedOops                        = true                           {product lp64_product} {ergonomic}
     bool UseG1GC                                  = true                                      {product} {ergonomic}
     bool UseLargePagesIndividualAllocation        = false                                  {pd product} {ergonomic}

Logging:
Log output configuration:
 #0: stdout all=warning uptime,level,tags
 #1: stderr all=off uptime,level,tags

Environment Variables:
JAVA_HOME=C:\Program Files\Java\jdk-17.0.1
CLASSPATH=.;
PATH=C:\Program Files\Eclipse Adoptium\jdk-17.0.7.7-hotspot\bin;C:\Program Files (x86)\Common Files\Oracle\Java\javapath;C:\Program Files (x86)\NVIDIA Corporation\PhysX\Common;C:\Python310\Scripts\;C:\Python310\;C:\Program Files\Common Files\Oracle\Java\javapath;C:\WINDOWS\system32;C:\WINDOWS;C:\WINDOWS\System32\Wbem;C:\WINDOWS\System32\WindowsPowerShell\v1.0\;C:\WINDOWS\System32\OpenSSH\;C:\ProgramData\chocolatey\bin;C:\Users\Rizky\AppData\Local\Android\Sdk;C:\Users\Rizky\AppData\Local\Android\Sdk\platform-tools;C:\Program Files\Java\jdk1.8.0_211\bin;C:\Program Files\Java\jdk1.8.0_202\bin;C:\xampp\php;C:\ProgramData\ComposerSetup\bin;C:\Users\Rizky\AppData\Local\Android\Sdk\platform-tools;C:\Program Files\nodejs\;C:\Program Files\MongoDB\Server\5.0\bin;C:\Program Files\PowerShell\7\;C:\Program Files\Git\cmd;C:\hadoop\bin;C:\Windows\system32\cmd.exe\bin;C:\hadoop\sbin;C:\Python310;C:\xampp\htdocs\frontend-programming\movie-database\node_modules;";C:\Program Files\Java\jdk-17.0.1\bin";C:\Gradle\gradle-8.1.1\bin;C:\Users\Rizky\AppData\Local\Microsoft\WindowsApps;C:\Users\Rizky\AppData\Local\Android\Sdk\platform-tools;C:\Users\Rizky\AppData\Local\Programs\Microsoft VS Code\bin;C:\Users\Rizky\AppData\Roaming\Composer\vendor\bin;C:\Users\Rizky\AppData\Roaming\npm;C:\src\flutter\bin;C:\xampp\htdocs\frontend-programming\movie-database\node_modules;
USERNAME=Rizky
OS=Windows_NT
PROCESSOR_IDENTIFIER=Intel64 Family 6 Model 58 Stepping 9, GenuineIntel



---------------  S Y S T E M  ---------------

OS:
 Windows 10 , 64 bit Build 19041 (10.0.19041.3393)
OS uptime: 0 days 11:51 hours
Hyper-V role detected

CPU: total 8 (initial active 8) (4 cores per cpu, 2 threads per core) family 6 model 58 stepping 9 microcode 0x21, cx8, cmov, fxsr, ht, mmx, sse, sse2, sse3, ssse3, sse4.1, sse4.2, popcnt, tsc, tscinvbit, avx, aes, erms, clmul, vzeroupper, clflush, hv

Memory: 4k page, system-wide physical 8063M (297M free)
TotalPageFile size 18303M (AvailPageFile size 29M)
current process WorkingSet (physical memory assigned to process): 367M, peak: 369M
current process commit charge ("private bytes"): 414M, peak: 451M

vm_info: Java HotSpot(TM) 64-Bit Server VM (17.0.1+12-LTS-39) for windows-amd64 JRE (17.0.1+12-LTS-39), built on Sep 27 2021 18:41:35 by "mach5one" with MS VC++ 16.8 (VS2019)

END.
