#
# There is insufficient memory for the Java Runtime Environment to continue.
# Native memory allocation (mmap) failed to map 24117248 bytes for G1 virtual space
# Possible reasons:
#   The system is out of physical RAM or swap space
#   The process is running with CompressedOops enabled, and the Java Heap may be blocking the growth of the native heap
# Possible solutions:
#   Reduce memory load on the system
#   Increase physical memory or swap space
#   Check if swap backing store is full
#   Decrease Java heap size (-Xmx/-Xms)
#   Decrease number of Java threads
#   Decrease Java thread stack sizes (-Xss)
#   Set larger code cache with -XX:ReservedCodeCacheSize=
#   JVM is running with Unscaled Compressed Oops mode in which the Java heap is
#     placed in the first 4GB address space. The Java Heap base address is the
#     maximum limit for the native heap growth. Please use -XX:HeapBaseMinAddress
#     to set the Java Heap base and to place the Java Heap above 4GB virtual address.
# This output file may be truncated or incomplete.
#
#  Out of Memory Error (os_windows.cpp:3469), pid=14872, tid=248
#
# JRE version: Java(TM) SE Runtime Environment (17.0.1+12) (build 17.0.1+12-LTS-39)
# Java VM: Java HotSpot(TM) 64-Bit Server VM (17.0.1+12-LTS-39, mixed mode, sharing, tiered, compressed oops, compressed class ptrs, g1 gc, windows-amd64)
# No core dump will be written. Minidumps are not enabled by default on client versions of Windows
#

---------------  S U M M A R Y ------------

Command Line: --add-opens=java.base/java.util=ALL-UNNAMED --add-opens=java.base/java.lang=ALL-UNNAMED --add-opens=java.base/java.lang.invoke=ALL-UNNAMED --add-opens=java.prefs/java.util.prefs=ALL-UNNAMED --add-opens=java.base/java.nio.charset=ALL-UNNAMED --add-opens=java.base/java.net=ALL-UNNAMED --add-opens=java.base/java.util.concurrent.atomic=ALL-UNNAMED -Xmx2048m -Dfile.encoding=UTF-8 -Duser.country=ID -Duser.language=en -Duser.variant org.gradle.launcher.daemon.bootstrap.GradleDaemon 8.0

Host: Intel(R) Core(TM) i7-3770 CPU @ 3.40GHz, 8 cores, 7G,  Windows 10 , 64 bit Build 19041 (10.0.19041.3393)
Time: Wed Oct 11 21:49:08 2023 SE Asia Standard Time elapsed time: 20.474879 seconds (0d 0h 0m 20s)

---------------  T H R E A D  ---------------

Current thread (0x000002727450f810):  VMThread "VM Thread" [stack: 0x0000007852300000,0x0000007852400000] [id=248]

Stack: [0x0000007852300000,0x0000007852400000]
Native frames: (J=compiled Java code, j=interpreted, Vv=VM code, C=native code)
V  [jvm.dll+0x66fa1a]
V  [jvm.dll+0x7ce5a4]
V  [jvm.dll+0x7cfd4e]
V  [jvm.dll+0x7d03b3]
V  [jvm.dll+0x242b05]
V  [jvm.dll+0x66ca39]
V  [jvm.dll+0x661502]
V  [jvm.dll+0x30081b]
V  [jvm.dll+0x307da6]
V  [jvm.dll+0x357a1e]
V  [jvm.dll+0x357c4f]
V  [jvm.dll+0x2d7ad8]
V  [jvm.dll+0x2dab56]
V  [jvm.dll+0x2e5198]
V  [jvm.dll+0x318f20]
V  [jvm.dll+0x7d484b]
V  [jvm.dll+0x7d5584]
V  [jvm.dll+0x7d5a9c]
V  [jvm.dll+0x7d5e74]
V  [jvm.dll+0x7d5f40]
V  [jvm.dll+0x77e91a]
V  [jvm.dll+0x66e845]
C  [ucrtbase.dll+0x21bb2]
C  [KERNEL32.DLL+0x17344]
C  [ntdll.dll+0x526b1]

VM_Operation (0x0000007851fff3b0): G1Concurrent, mode: safepoint, requested by thread 0x0000027256411a60


---------------  P R O C E S S  ---------------

Threads class SMR info:
_java_thread_list=0x000002727af2f060, length=127, elements={
0x00000272563c0630, 0x0000027274514320, 0x00000272745150a0, 0x0000027274524fc0,
0x0000027274526a90, 0x0000027274529360, 0x0000027274529c20, 0x0000027274534630,
0x0000027274538700, 0x000002727453cc30, 0x00000272750e0d30, 0x0000027275103630,
0x0000027276d3d570, 0x0000027277068da0, 0x00000272768f1a80, 0x00000272776b1aa0,
0x00000272766318f0, 0x0000027276d146e0, 0x0000027276d12ed0, 0x0000027276d14bb0,
0x0000027276d133a0, 0x0000027276d15080, 0x0000027276d13870, 0x0000027276d12060,
0x0000027276d12530, 0x0000027276d14210, 0x0000027276d15550, 0x0000027276d15a20,
0x0000027276d12a00, 0x0000027276d13d40, 0x0000027277799620, 0x000002727779ae30,
0x000002727779c170, 0x000002727779d980, 0x00000272777a0000, 0x000002727779b7d0,
0x000002727779a960, 0x000002727779b300, 0x00000272777a09a0, 0x000002727779de50,
0x000002727779e320, 0x000002727779ecc0, 0x000002727779d4b0, 0x0000027277799af0,
0x000002727779a490, 0x0000027276b97d60, 0x0000027276b93060, 0x0000027276b98bd0,
0x0000027276b95210, 0x0000027276b99f10, 0x0000027276b93530, 0x0000027276b93a00,
0x0000027276b956e0, 0x0000027276b99a40, 0x0000027276b98230, 0x0000027276b98700,
0x0000027276b94870, 0x0000027276b93ed0, 0x0000027276b9a3e0, 0x0000027276b9a8b0,
0x0000027276b96a20, 0x0000027276b943a0, 0x0000027276b94d40, 0x0000027276b95bb0,
0x0000027276b96080, 0x0000027276b96550, 0x0000027276b97890, 0x0000027276b96ef0,
0x0000027276b973c0, 0x0000027276b990a0, 0x0000027276b99570, 0x0000027278a3c330,
0x0000027278a3c800, 0x0000027278a3ccd0, 0x0000027278a40b60, 0x0000027278a3be60,
0x0000027278a3db40, 0x0000027278a3a650, 0x0000027278a41030, 0x0000027278a3aff0,
0x0000027278a3d1a0, 0x0000027278a3ab20, 0x0000027278a3b4c0, 0x0000027278a3ee80,
0x0000027278a3f350, 0x0000027278a3d670, 0x0000027278a3e010, 0x0000027278a3e4e0,
0x0000027278a3f820, 0x0000027278a41500, 0x0000027278a3e9b0, 0x0000027278a3b990,
0x0000027278a3fcf0, 0x0000027278a39cb0, 0x0000027278a3a180, 0x0000027278a40690,
0x0000027278a401c0, 0x00000272779cca70, 0x00000272779cad90, 0x00000272779cb260,
0x00000272779cc5a0, 0x00000272779c7d70, 0x00000272779ccf40, 0x00000272779cd410,
0x00000272779c8240, 0x00000272779cddb0, 0x00000272779c8be0, 0x00000272779c9580,
0x00000272779c9a50, 0x00000272779c6f00, 0x00000272779cb730, 0x00000272779c8710,
0x00000272779cc0d0, 0x00000272779cbc00, 0x00000272779cd8e0, 0x00000272779c9f20,
0x00000272779c90b0, 0x00000272779c73d0, 0x00000272779ce280, 0x00000272779c6a30,
0x00000272779ca3f0, 0x00000272779c78a0, 0x00000272779ca8c0, 0x0000027275fe8c20,
0x0000027275fe9f60, 0x0000027275fe95c0, 0x0000027275fea900
}

Java Threads: ( => current thread )
  0x00000272563c0630 JavaThread "main" [_thread_blocked, id=9384, stack(0x0000007851d00000,0x0000007851e00000)]
  0x0000027274514320 JavaThread "Reference Handler" daemon [_thread_blocked, id=14176, stack(0x0000007852400000,0x0000007852500000)]
  0x00000272745150a0 JavaThread "Finalizer" daemon [_thread_blocked, id=3936, stack(0x0000007852500000,0x0000007852600000)]
  0x0000027274524fc0 JavaThread "Signal Dispatcher" daemon [_thread_blocked, id=14720, stack(0x0000007852600000,0x0000007852700000)]
  0x0000027274526a90 JavaThread "Attach Listener" daemon [_thread_blocked, id=5644, stack(0x0000007852700000,0x0000007852800000)]
  0x0000027274529360 JavaThread "Service Thread" daemon [_thread_blocked, id=7092, stack(0x0000007852800000,0x0000007852900000)]
  0x0000027274529c20 JavaThread "Monitor Deflation Thread" daemon [_thread_blocked, id=2932, stack(0x0000007852900000,0x0000007852a00000)]
  0x0000027274534630 JavaThread "C2 CompilerThread0" daemon [_thread_in_native, id=12148, stack(0x0000007852a00000,0x0000007852b00000)]
  0x0000027274538700 JavaThread "C1 CompilerThread0" daemon [_thread_blocked, id=8012, stack(0x0000007852b00000,0x0000007852c00000)]
  0x000002727453cc30 JavaThread "Sweeper thread" daemon [_thread_blocked, id=1048, stack(0x0000007852c00000,0x0000007852d00000)]
  0x00000272750e0d30 JavaThread "Common-Cleaner" daemon [_thread_blocked, id=10960, stack(0x0000007852d00000,0x0000007852e00000)]
  0x0000027275103630 JavaThread "Notification Thread" daemon [_thread_blocked, id=14024, stack(0x0000007852e00000,0x0000007852f00000)]
  0x0000027276d3d570 JavaThread "Daemon health stats" [_thread_blocked, id=12140, stack(0x0000007853500000,0x0000007853600000)]
  0x0000027277068da0 JavaThread "Incoming local TCP Connector on port 54596" [_thread_in_native, id=15140, stack(0x0000007853000000,0x0000007853100000)]
  0x00000272768f1a80 JavaThread "Daemon periodic checks" [_thread_blocked, id=13668, stack(0x0000007853600000,0x0000007853700000)]
  0x00000272776b1aa0 JavaThread "Daemon" [_thread_blocked, id=2816, stack(0x0000007853700000,0x0000007853800000)]
  0x00000272766318f0 JavaThread "Handler for socket connection from /127.0.0.1:54596 to /127.0.0.1:54597" [_thread_in_native, id=6068, stack(0x0000007853800000,0x0000007853900000)]
  0x0000027276d146e0 JavaThread "Cancel handler" [_thread_blocked, id=9412, stack(0x0000007853900000,0x0000007853a00000)]
  0x0000027276d12ed0 JavaThread "Daemon worker" [_thread_blocked, id=13196, stack(0x0000007853a00000,0x0000007853b00000)]
  0x0000027276d14bb0 JavaThread "Asynchronous log dispatcher for DefaultDaemonConnection: socket connection from /127.0.0.1:54596 to /127.0.0.1:54597" [_thread_blocked, id=14144, stack(0x0000007853b00000,0x0000007853c00000)]
  0x0000027276d133a0 JavaThread "Stdin handler" [_thread_blocked, id=9060, stack(0x0000007853c00000,0x0000007853d00000)]
  0x0000027276d15080 JavaThread "Daemon client event forwarder" [_thread_blocked, id=14796, stack(0x0000007853d00000,0x0000007853e00000)]
  0x0000027276d13870 JavaThread "Cache worker for journal cache (C:\Users\Rizky\.gradle\caches\journal-1)" [_thread_blocked, id=14272, stack(0x0000007853e00000,0x0000007853f00000)]
  0x0000027276d12060 JavaThread "File lock request listener" [_thread_in_native, id=11292, stack(0x0000007853f00000,0x0000007854000000)]
  0x0000027276d12530 JavaThread "Cache worker for file hash cache (C:\Users\Rizky\.gradle\caches\8.0\fileHashes)" [_thread_blocked, id=14444, stack(0x0000007854000000,0x0000007854100000)]
  0x0000027276d14210 JavaThread "File watcher server" daemon [_thread_in_native, id=12716, stack(0x0000007854400000,0x0000007854500000)]
  0x0000027276d15550 JavaThread "File watcher consumer" daemon [_thread_blocked, id=400, stack(0x0000007854500000,0x0000007854600000)]
  0x0000027276d15a20 JavaThread "jar transforms" [_thread_blocked, id=12952, stack(0x0000007854700000,0x0000007854800000)]
  0x0000027276d12a00 JavaThread "jar transforms Thread 2" [_thread_blocked, id=10744, stack(0x0000007854800000,0x0000007854900000)]
  0x0000027276d13d40 JavaThread "jar transforms Thread 3" [_thread_blocked, id=2288, stack(0x0000007854900000,0x0000007854a00000)]
  0x0000027277799620 JavaThread "jar transforms Thread 4" [_thread_blocked, id=14348, stack(0x0000007854a00000,0x0000007854b00000)]
  0x000002727779ae30 JavaThread "jar transforms Thread 5" [_thread_blocked, id=7524, stack(0x0000007854b00000,0x0000007854c00000)]
  0x000002727779c170 JavaThread "jar transforms Thread 6" [_thread_blocked, id=10372, stack(0x0000007854c00000,0x0000007854d00000)]
  0x000002727779d980 JavaThread "jar transforms Thread 7" [_thread_blocked, id=504, stack(0x0000007854d00000,0x0000007854e00000)]
  0x00000272777a0000 JavaThread "jar transforms Thread 8" [_thread_blocked, id=14972, stack(0x0000007854e00000,0x0000007854f00000)]
  0x000002727779b7d0 JavaThread "Cache worker for checksums cache (C:\Users\Rizky\StudioProjects\MacroGroup6\.gradle\8.0\checksums)" [_thread_blocked, id=13412, stack(0x0000007855000000,0x0000007855100000)]
  0x000002727779a960 JavaThread "Cache worker for cache directory md-rule (C:\Users\Rizky\.gradle\caches\8.0\md-rule)" [_thread_blocked, id=8900, stack(0x0000007855100000,0x0000007855200000)]
  0x000002727779b300 JavaThread "Cache worker for file content cache (C:\Users\Rizky\.gradle\caches\8.0\fileContent)" [_thread_blocked, id=15196, stack(0x0000007855200000,0x0000007855300000)]
  0x00000272777a09a0 JavaThread "Cache worker for file hash cache (C:\Users\Rizky\StudioProjects\MacroGroup6\.gradle\8.0\fileHashes)" [_thread_blocked, id=5116, stack(0x0000007855300000,0x0000007855400000)]
  0x000002727779de50 JavaThread "Cache worker for cache directory md-supplier (C:\Users\Rizky\.gradle\caches\8.0\md-supplier)" [_thread_blocked, id=14196, stack(0x0000007855400000,0x0000007855500000)]
  0x000002727779e320 JavaThread "Cache worker for execution history cache (C:\Users\Rizky\.gradle\caches\8.0\executionHistory)" [_thread_blocked, id=10188, stack(0x0000007855500000,0x0000007855600000)]
  0x000002727779ecc0 JavaThread "Cache worker for kotlin-dsl (C:\Users\Rizky\.gradle\caches\8.0\kotlin-dsl)" [_thread_blocked, id=14364, stack(0x0000007855800000,0x0000007855900000)]
  0x000002727779d4b0 JavaThread "Cache worker for dependencies-accessors (C:\Users\Rizky\StudioProjects\MacroGroup6\.gradle\8.0\dependencies-accessors)" [_thread_blocked, id=5504, stack(0x0000007855900000,0x0000007855a00000)]
  0x0000027277799af0 JavaThread "Cache worker for Build Output Cleanup Cache (C:\Users\Rizky\StudioProjects\MacroGroup6\.gradle\buildOutputCleanup)" [_thread_blocked, id=7536, stack(0x0000007855a00000,0x0000007855b00000)]
  0x000002727779a490 JavaThread "Unconstrained build operations" [_thread_blocked, id=9540, stack(0x0000007855b00000,0x0000007855c00000)]
  0x0000027276b97d60 JavaThread "Unconstrained build operations Thread 2" [_thread_blocked, id=148, stack(0x0000007855c00000,0x0000007855d00000)]
  0x0000027276b93060 JavaThread "Unconstrained build operations Thread 3" [_thread_blocked, id=10792, stack(0x0000007855d00000,0x0000007855e00000)]
  0x0000027276b98bd0 JavaThread "Unconstrained build operations Thread 4" [_thread_blocked, id=3668, stack(0x0000007855e00000,0x0000007855f00000)]
  0x0000027276b95210 JavaThread "Unconstrained build operations Thread 5" [_thread_blocked, id=10892, stack(0x0000007855f00000,0x0000007856000000)]
  0x0000027276b99f10 JavaThread "Unconstrained build operations Thread 6" [_thread_blocked, id=3328, stack(0x0000007856000000,0x0000007856100000)]
  0x0000027276b93530 JavaThread "Unconstrained build operations Thread 7" [_thread_blocked, id=13980, stack(0x0000007856100000,0x0000007856200000)]
  0x0000027276b93a00 JavaThread "Unconstrained build operations Thread 8" [_thread_blocked, id=9084, stack(0x0000007856200000,0x0000007856300000)]
  0x0000027276b956e0 JavaThread "Unconstrained build operations Thread 9" [_thread_blocked, id=15288, stack(0x0000007856300000,0x0000007856400000)]
  0x0000027276b99a40 JavaThread "Unconstrained build operations Thread 10" [_thread_blocked, id=1212, stack(0x0000007856400000,0x0000007856500000)]
  0x0000027276b98230 JavaThread "Unconstrained build operations Thread 11" [_thread_blocked, id=14172, stack(0x0000007856500000,0x0000007856600000)]
  0x0000027276b98700 JavaThread "Unconstrained build operations Thread 12" [_thread_blocked, id=12700, stack(0x0000007856600000,0x0000007856700000)]
  0x0000027276b94870 JavaThread "Unconstrained build operations Thread 13" [_thread_blocked, id=14280, stack(0x0000007856700000,0x0000007856800000)]
  0x0000027276b93ed0 JavaThread "Unconstrained build operations Thread 14" [_thread_blocked, id=2608, stack(0x0000007856800000,0x0000007856900000)]
  0x0000027276b9a3e0 JavaThread "Unconstrained build operations Thread 15" [_thread_blocked, id=14976, stack(0x0000007856900000,0x0000007856a00000)]
  0x0000027276b9a8b0 JavaThread "Unconstrained build operations Thread 16" [_thread_blocked, id=3608, stack(0x0000007856a00000,0x0000007856b00000)]
  0x0000027276b96a20 JavaThread "Unconstrained build operations Thread 17" [_thread_blocked, id=288, stack(0x0000007856b00000,0x0000007856c00000)]
  0x0000027276b943a0 JavaThread "Unconstrained build operations Thread 18" [_thread_blocked, id=15240, stack(0x0000007856c00000,0x0000007856d00000)]
  0x0000027276b94d40 JavaThread "Unconstrained build operations Thread 19" [_thread_blocked, id=6828, stack(0x0000007856d00000,0x0000007856e00000)]
  0x0000027276b95bb0 JavaThread "Unconstrained build operations Thread 20" [_thread_blocked, id=5968, stack(0x0000007856e00000,0x0000007856f00000)]
  0x0000027276b96080 JavaThread "Unconstrained build operations Thread 21" [_thread_blocked, id=9984, stack(0x0000007856f00000,0x0000007857000000)]
  0x0000027276b96550 JavaThread "Unconstrained build operations Thread 22" [_thread_blocked, id=6504, stack(0x0000007857000000,0x0000007857100000)]
  0x0000027276b97890 JavaThread "Unconstrained build operations Thread 23" [_thread_blocked, id=12596, stack(0x0000007857100000,0x0000007857200000)]
  0x0000027276b96ef0 JavaThread "Unconstrained build operations Thread 24" [_thread_blocked, id=13828, stack(0x0000007857200000,0x0000007857300000)]
  0x0000027276b973c0 JavaThread "Unconstrained build operations Thread 25" [_thread_blocked, id=5704, stack(0x0000007857300000,0x0000007857400000)]
  0x0000027276b990a0 JavaThread "Unconstrained build operations Thread 26" [_thread_blocked, id=13928, stack(0x0000007857400000,0x0000007857500000)]
  0x0000027276b99570 JavaThread "Unconstrained build operations Thread 27" [_thread_blocked, id=13844, stack(0x0000007857500000,0x0000007857600000)]
  0x0000027278a3c330 JavaThread "Unconstrained build operations Thread 28" [_thread_blocked, id=1812, stack(0x0000007857600000,0x0000007857700000)]
  0x0000027278a3c800 JavaThread "Unconstrained build operations Thread 29" [_thread_blocked, id=8296, stack(0x0000007857700000,0x0000007857800000)]
  0x0000027278a3ccd0 JavaThread "Unconstrained build operations Thread 30" [_thread_blocked, id=15352, stack(0x0000007857800000,0x0000007857900000)]
  0x0000027278a40b60 JavaThread "Unconstrained build operations Thread 31" [_thread_blocked, id=3060, stack(0x0000007857900000,0x0000007857a00000)]
  0x0000027278a3be60 JavaThread "Unconstrained build operations Thread 32" [_thread_blocked, id=6560, stack(0x0000007857a00000,0x0000007857b00000)]
  0x0000027278a3db40 JavaThread "Unconstrained build operations Thread 33" [_thread_blocked, id=4260, stack(0x0000007857b00000,0x0000007857c00000)]
  0x0000027278a3a650 JavaThread "Unconstrained build operations Thread 34" [_thread_blocked, id=12684, stack(0x0000007857c00000,0x0000007857d00000)]
  0x0000027278a41030 JavaThread "Unconstrained build operations Thread 35" [_thread_blocked, id=2796, stack(0x0000007857d00000,0x0000007857e00000)]
  0x0000027278a3aff0 JavaThread "Unconstrained build operations Thread 36" [_thread_blocked, id=3316, stack(0x0000007857e00000,0x0000007857f00000)]
  0x0000027278a3d1a0 JavaThread "Unconstrained build operations Thread 37" [_thread_blocked, id=13936, stack(0x0000007857f00000,0x0000007858000000)]
  0x0000027278a3ab20 JavaThread "Unconstrained build operations Thread 38" [_thread_blocked, id=11616, stack(0x0000007858000000,0x0000007858100000)]
  0x0000027278a3b4c0 JavaThread "Unconstrained build operations Thread 39" [_thread_blocked, id=5228, stack(0x0000007858100000,0x0000007858200000)]
  0x0000027278a3ee80 JavaThread "Unconstrained build operations Thread 40" [_thread_blocked, id=6896, stack(0x0000007858200000,0x0000007858300000)]
  0x0000027278a3f350 JavaThread "Unconstrained build operations Thread 41" [_thread_blocked, id=2584, stack(0x0000007858300000,0x0000007858400000)]
  0x0000027278a3d670 JavaThread "Unconstrained build operations Thread 42" [_thread_blocked, id=1680, stack(0x0000007858400000,0x0000007858500000)]
  0x0000027278a3e010 JavaThread "Unconstrained build operations Thread 43" [_thread_blocked, id=1856, stack(0x0000007858500000,0x0000007858600000)]
  0x0000027278a3e4e0 JavaThread "Unconstrained build operations Thread 44" [_thread_blocked, id=1368, stack(0x0000007858600000,0x0000007858700000)]
  0x0000027278a3f820 JavaThread "Unconstrained build operations Thread 45" [_thread_blocked, id=10444, stack(0x0000007858700000,0x0000007858800000)]
  0x0000027278a41500 JavaThread "Unconstrained build operations Thread 46" [_thread_blocked, id=14396, stack(0x0000007858800000,0x0000007858900000)]
  0x0000027278a3e9b0 JavaThread "Unconstrained build operations Thread 47" [_thread_blocked, id=14556, stack(0x0000007858900000,0x0000007858a00000)]
  0x0000027278a3b990 JavaThread "Unconstrained build operations Thread 48" [_thread_blocked, id=1156, stack(0x0000007858a00000,0x0000007858b00000)]
  0x0000027278a3fcf0 JavaThread "Unconstrained build operations Thread 49" [_thread_blocked, id=13140, stack(0x0000007858b00000,0x0000007858c00000)]
  0x0000027278a39cb0 JavaThread "Unconstrained build operations Thread 50" [_thread_blocked, id=10940, stack(0x0000007858c00000,0x0000007858d00000)]
  0x0000027278a3a180 JavaThread "Unconstrained build operations Thread 51" [_thread_blocked, id=14736, stack(0x0000007858d00000,0x0000007858e00000)]
  0x0000027278a40690 JavaThread "Unconstrained build operations Thread 52" [_thread_blocked, id=14808, stack(0x0000007858e00000,0x0000007858f00000)]
  0x0000027278a401c0 JavaThread "Unconstrained build operations Thread 53" [_thread_blocked, id=8436, stack(0x0000007858f00000,0x0000007859000000)]
  0x00000272779cca70 JavaThread "Unconstrained build operations Thread 54" [_thread_blocked, id=9368, stack(0x0000007859000000,0x0000007859100000)]
  0x00000272779cad90 JavaThread "Unconstrained build operations Thread 55" [_thread_blocked, id=5360, stack(0x0000007859100000,0x0000007859200000)]
  0x00000272779cb260 JavaThread "Unconstrained build operations Thread 56" [_thread_blocked, id=2692, stack(0x0000007859200000,0x0000007859300000)]
  0x00000272779cc5a0 JavaThread "Unconstrained build operations Thread 57" [_thread_blocked, id=3656, stack(0x0000007859300000,0x0000007859400000)]
  0x00000272779c7d70 JavaThread "Unconstrained build operations Thread 58" [_thread_blocked, id=13220, stack(0x0000007859400000,0x0000007859500000)]
  0x00000272779ccf40 JavaThread "Unconstrained build operations Thread 59" [_thread_blocked, id=12008, stack(0x0000007859500000,0x0000007859600000)]
  0x00000272779cd410 JavaThread "Unconstrained build operations Thread 60" [_thread_blocked, id=6212, stack(0x0000007859600000,0x0000007859700000)]
  0x00000272779c8240 JavaThread "Unconstrained build operations Thread 61" [_thread_blocked, id=14164, stack(0x0000007859700000,0x0000007859800000)]
  0x00000272779cddb0 JavaThread "Unconstrained build operations Thread 62" [_thread_blocked, id=13316, stack(0x0000007859800000,0x0000007859900000)]
  0x00000272779c8be0 JavaThread "Unconstrained build operations Thread 63" [_thread_blocked, id=12632, stack(0x0000007859900000,0x0000007859a00000)]
  0x00000272779c9580 JavaThread "Unconstrained build operations Thread 64" [_thread_blocked, id=13252, stack(0x0000007859a00000,0x0000007859b00000)]
  0x00000272779c9a50 JavaThread "Unconstrained build operations Thread 65" [_thread_blocked, id=7588, stack(0x0000007859b00000,0x0000007859c00000)]
  0x00000272779c6f00 JavaThread "Unconstrained build operations Thread 66" [_thread_blocked, id=1940, stack(0x0000007859c00000,0x0000007859d00000)]
  0x00000272779cb730 JavaThread "Unconstrained build operations Thread 67" [_thread_blocked, id=1268, stack(0x0000007859d00000,0x0000007859e00000)]
  0x00000272779c8710 JavaThread "Unconstrained build operations Thread 68" [_thread_blocked, id=14524, stack(0x0000007859e00000,0x0000007859f00000)]
  0x00000272779cc0d0 JavaThread "Unconstrained build operations Thread 69" [_thread_blocked, id=8944, stack(0x0000007859f00000,0x000000785a000000)]
  0x00000272779cbc00 JavaThread "Unconstrained build operations Thread 70" [_thread_blocked, id=13916, stack(0x000000785a000000,0x000000785a100000)]
  0x00000272779cd8e0 JavaThread "Unconstrained build operations Thread 71" [_thread_blocked, id=14008, stack(0x000000785a100000,0x000000785a200000)]
  0x00000272779c9f20 JavaThread "Unconstrained build operations Thread 72" [_thread_blocked, id=8172, stack(0x000000785a200000,0x000000785a300000)]
  0x00000272779c90b0 JavaThread "Unconstrained build operations Thread 73" [_thread_blocked, id=14772, stack(0x000000785a300000,0x000000785a400000)]
  0x00000272779c73d0 JavaThread "Unconstrained build operations Thread 74" [_thread_blocked, id=9680, stack(0x000000785a400000,0x000000785a500000)]
  0x00000272779ce280 JavaThread "Unconstrained build operations Thread 75" [_thread_blocked, id=12452, stack(0x000000785a500000,0x000000785a600000)]
  0x00000272779c6a30 JavaThread "Unconstrained build operations Thread 76" [_thread_blocked, id=14744, stack(0x000000785a600000,0x000000785a700000)]
  0x00000272779ca3f0 JavaThread "Unconstrained build operations Thread 77" [_thread_blocked, id=14128, stack(0x000000785a700000,0x000000785a800000)]
  0x00000272779c78a0 JavaThread "Unconstrained build operations Thread 78" [_thread_blocked, id=13372, stack(0x000000785a800000,0x000000785a900000)]
  0x00000272779ca8c0 JavaThread "Unconstrained build operations Thread 79" [_thread_blocked, id=4752, stack(0x000000785a900000,0x000000785aa00000)]
  0x0000027275fe8c20 JavaThread "Unconstrained build operations Thread 80" [_thread_blocked, id=11016, stack(0x000000785aa00000,0x000000785ab00000)]
  0x0000027275fe9f60 JavaThread "Memory manager" [_thread_blocked, id=4092, stack(0x000000785ab00000,0x000000785ac00000)]
  0x0000027275fe95c0 JavaThread "build event listener" [_thread_blocked, id=13752, stack(0x000000785ac00000,0x000000785ad00000)]
  0x0000027275fea900 JavaThread "build event listener" [_thread_blocked, id=6960, stack(0x000000785ad00000,0x000000785ae00000)]

Other Threads:
=>0x000002727450f810 VMThread "VM Thread" [stack: 0x0000007852300000,0x0000007852400000] [id=248]
  0x0000027275105d20 WatcherThread [stack: 0x0000007852f00000,0x0000007853000000] [id=6696]
  0x0000027256400c10 GCTaskThread "GC Thread#0" [stack: 0x0000007851e00000,0x0000007851f00000] [id=9284]
  0x0000027275324e20 GCTaskThread "GC Thread#1" [stack: 0x0000007853100000,0x0000007853200000] [id=13912]
  0x0000027275d0bbb0 GCTaskThread "GC Thread#2" [stack: 0x0000007853200000,0x0000007853300000] [id=6408]
  0x0000027275d0be60 GCTaskThread "GC Thread#3" [stack: 0x0000007853300000,0x0000007853400000] [id=14852]
  0x0000027276319dc0 GCTaskThread "GC Thread#4" [stack: 0x0000007853400000,0x0000007853500000] [id=5824]
  0x0000027277254e60 GCTaskThread "GC Thread#5" [stack: 0x0000007854100000,0x0000007854200000] [id=1324]
  0x0000027277255110 GCTaskThread "GC Thread#6" [stack: 0x0000007854200000,0x0000007854300000] [id=6836]
  0x00000272772553c0 GCTaskThread "GC Thread#7" [stack: 0x0000007854300000,0x0000007854400000] [id=12528]
  0x0000027256411a60 ConcurrentGCThread "G1 Main Marker" [stack: 0x0000007851f00000,0x0000007852000000] [id=13760]
  0x0000027256412380 ConcurrentGCThread "G1 Conc#0" [stack: 0x0000007852000000,0x0000007852100000] [id=13380]
  0x00000272772543a0 ConcurrentGCThread "G1 Conc#1" [stack: 0x0000007854f00000,0x0000007855000000] [id=11608]
  0x000002725649d720 ConcurrentGCThread "G1 Refine#0" [stack: 0x0000007852100000,0x0000007852200000] [id=7636]
  0x00000272751d8bc0 ConcurrentGCThread "G1 Refine#1" [stack: 0x0000007855600000,0x0000007855700000] [id=2464]
  0x00000272751d8ea0 ConcurrentGCThread "G1 Refine#2" [stack: 0x0000007855700000,0x0000007855800000] [id=3272]
  0x00000272780f1b20 ConcurrentGCThread "G1 Refine#3" [stack: 0x0000007854600000,0x0000007854700000] [id=10340]
  0x000002725649e050 ConcurrentGCThread "G1 Service" [stack: 0x0000007852200000,0x0000007852300000] [id=6448]

Threads with active compile tasks:
C2 CompilerThread0    20530 9173       4       java.lang.Class::descriptorString (170 bytes)

VM state: at safepoint (normal execution)

VM Mutex/Monitor currently owned by a thread:  ([mutex/lock_event])
[0x00000272563bc780] Threads_lock - owner thread: 0x000002727450f810
[0x00000272563bcb70] Heap_lock - owner thread: 0x0000027256411a60

Heap address: 0x0000000080000000, size: 2048 MB, Compressed Oops mode: 32-bit

CDS archive(s) mapped at: [0x0000000800000000-0x0000000800bc0000-0x0000000800bc0000), size 12320768, SharedBaseAddress: 0x0000000800000000, ArchiveRelocationMode: 0.
Compressed class space mapped at: 0x0000000800c00000-0x0000000840c00000, reserved size: 1073741824
Narrow klass base: 0x0000000800000000, Narrow klass shift: 0, Narrow klass range: 0x100000000

GC Precious Log:
 CPUs: 8 total, 8 available
 Memory: 8063M
 Large Page Support: Disabled
 NUMA Support: Disabled
 Compressed Oops: Enabled (32-bit)
 Heap Region Size: 1M
 Heap Min Capacity: 8M
 Heap Initial Capacity: 126M
 Heap Max Capacity: 2G
 Pre-touch: Disabled
 Parallel Workers: 8
 Concurrent Workers: 2
 Concurrent Refinement Workers: 8
 Periodic GC: Disabled

Heap:
 garbage-first heap   total 239616K, used 156429K [0x0000000080000000, 0x0000000100000000)
  region size 1024K, 11 young (11264K), 6 survivors (6144K)
 Metaspace       used 90201K, committed 91008K, reserved 1130496K
  class space    used 12166K, committed 12544K, reserved 1048576K

Heap Regions: E=young(eden), S=young(survivor), O=old, HS=humongous(starts), HC=humongous(continues), CS=collection set, F=free, OA=open archive, CA=closed archive, TAMS=top-at-mark-start (previous, next)
|   0|0x0000000080000000, 0x0000000080100000, 0x0000000080100000|100%|HS|  |TAMS 0x0000000080100000, 0x0000000080000000| Complete 
|   1|0x0000000080100000, 0x0000000080200000, 0x0000000080200000|100%|HC|  |TAMS 0x0000000080200000, 0x0000000080100000| Complete 
|   2|0x0000000080200000, 0x0000000080300000, 0x0000000080300000|100%|HC|  |TAMS 0x0000000080300000, 0x0000000080200000| Complete 
|   3|0x0000000080300000, 0x0000000080400000, 0x0000000080400000|100%|HC|  |TAMS 0x0000000080400000, 0x0000000080300000| Complete 
|   4|0x0000000080400000, 0x0000000080500000, 0x0000000080500000|100%| O|  |TAMS 0x0000000080500000, 0x0000000080400000| Untracked 
|   5|0x0000000080500000, 0x0000000080600000, 0x0000000080600000|100%| O|  |TAMS 0x0000000080600000, 0x0000000080500000| Untracked 
|   6|0x0000000080600000, 0x0000000080700000, 0x0000000080700000|100%| O|  |TAMS 0x0000000080700000, 0x0000000080600000| Untracked 
|   7|0x0000000080700000, 0x0000000080800000, 0x0000000080800000|100%| O|  |TAMS 0x0000000080800000, 0x0000000080700000| Untracked 
|   8|0x0000000080800000, 0x0000000080900000, 0x0000000080900000|100%| O|  |TAMS 0x0000000080900000, 0x0000000080800000| Untracked 
|   9|0x0000000080900000, 0x0000000080a00000, 0x0000000080a00000|100%| O|  |TAMS 0x0000000080a00000, 0x0000000080900000| Untracked 
|  10|0x0000000080a00000, 0x0000000080b00000, 0x0000000080b00000|100%| O|  |TAMS 0x0000000080b00000, 0x0000000080a00000| Untracked 
|  11|0x0000000080b00000, 0x0000000080c00000, 0x0000000080c00000|100%| O|  |TAMS 0x0000000080c00000, 0x0000000080b00000| Untracked 
|  12|0x0000000080c00000, 0x0000000080d00000, 0x0000000080d00000|100%|HS|  |TAMS 0x0000000080d00000, 0x0000000080c00000| Complete 
|  13|0x0000000080d00000, 0x0000000080e00000, 0x0000000080e00000|100%|HC|  |TAMS 0x0000000080e00000, 0x0000000080d00000| Complete 
|  14|0x0000000080e00000, 0x0000000080f00000, 0x0000000080f00000|100%|HS|  |TAMS 0x0000000080f00000, 0x0000000080e00000| Complete 
|  15|0x0000000080f00000, 0x0000000081000000, 0x0000000081000000|100%|HC|  |TAMS 0x0000000081000000, 0x0000000080f00000| Complete 
|  16|0x0000000081000000, 0x0000000081100000, 0x0000000081100000|100%|HC|  |TAMS 0x0000000081100000, 0x0000000081000000| Complete 
|  17|0x0000000081100000, 0x0000000081200000, 0x0000000081200000|100%|HS|  |TAMS 0x0000000081200000, 0x0000000081100000| Complete 
|  18|0x0000000081200000, 0x0000000081300000, 0x0000000081300000|100%|HC|  |TAMS 0x0000000081300000, 0x0000000081200000| Complete 
|  19|0x0000000081300000, 0x0000000081400000, 0x0000000081400000|100%|HC|  |TAMS 0x0000000081400000, 0x0000000081300000| Complete 
|  20|0x0000000081400000, 0x0000000081500000, 0x0000000081500000|100%|HS|  |TAMS 0x0000000081500000, 0x0000000081400000| Complete 
|  21|0x0000000081500000, 0x0000000081600000, 0x0000000081600000|100%|HC|  |TAMS 0x0000000081600000, 0x0000000081500000| Complete 
|  22|0x0000000081600000, 0x0000000081700000, 0x0000000081700000|100%|HC|  |TAMS 0x0000000081700000, 0x0000000081600000| Complete 
|  23|0x0000000081700000, 0x0000000081800000, 0x0000000081800000|100%|HC|  |TAMS 0x0000000081800000, 0x0000000081700000| Complete 
|  24|0x0000000081800000, 0x0000000081900000, 0x0000000081900000|100%|HC|  |TAMS 0x0000000081900000, 0x0000000081800000| Complete 
|  25|0x0000000081900000, 0x0000000081a00000, 0x0000000081a00000|100%|HC|  |TAMS 0x0000000081a00000, 0x0000000081900000| Complete 
|  26|0x0000000081a00000, 0x0000000081b00000, 0x0000000081b00000|100%|HC|  |TAMS 0x0000000081b00000, 0x0000000081a00000| Complete 
|  27|0x0000000081b00000, 0x0000000081c00000, 0x0000000081c00000|100%|HC|  |TAMS 0x0000000081c00000, 0x0000000081b00000| Complete 
|  28|0x0000000081c00000, 0x0000000081d00000, 0x0000000081d00000|100%|HC|  |TAMS 0x0000000081d00000, 0x0000000081c00000| Complete 
|  29|0x0000000081d00000, 0x0000000081e00000, 0x0000000081e00000|100%|HC|  |TAMS 0x0000000081e00000, 0x0000000081d00000| Complete 
|  30|0x0000000081e00000, 0x0000000081f00000, 0x0000000081f00000|100%|HC|  |TAMS 0x0000000081f00000, 0x0000000081e00000| Complete 
|  31|0x0000000081f00000, 0x0000000082000000, 0x0000000082000000|100%|HC|  |TAMS 0x0000000082000000, 0x0000000081f00000| Complete 
|  32|0x0000000082000000, 0x0000000082100000, 0x0000000082100000|100%|HS|  |TAMS 0x0000000082100000, 0x0000000082000000| Complete 
|  33|0x0000000082100000, 0x0000000082200000, 0x0000000082200000|100%|HC|  |TAMS 0x0000000082200000, 0x0000000082100000| Complete 
|  34|0x0000000082200000, 0x0000000082300000, 0x0000000082300000|100%| O|  |TAMS 0x0000000082300000, 0x0000000082200000| Untracked 
|  35|0x0000000082300000, 0x0000000082400000, 0x0000000082400000|100%| O|  |TAMS 0x0000000082400000, 0x0000000082300000| Untracked 
|  36|0x0000000082400000, 0x0000000082500000, 0x0000000082500000|100%| O|  |TAMS 0x0000000082500000, 0x0000000082400000| Untracked 
|  37|0x0000000082500000, 0x0000000082600000, 0x0000000082600000|100%| O|  |TAMS 0x0000000082600000, 0x0000000082500000| Untracked 
|  38|0x0000000082600000, 0x0000000082700000, 0x0000000082700000|100%| O|  |TAMS 0x0000000082700000, 0x0000000082600000| Untracked 
|  39|0x0000000082700000, 0x0000000082800000, 0x0000000082800000|100%| O|  |TAMS 0x0000000082800000, 0x0000000082700000| Untracked 
|  40|0x0000000082800000, 0x0000000082900000, 0x0000000082900000|100%| O|  |TAMS 0x0000000082900000, 0x0000000082800000| Untracked 
|  41|0x0000000082900000, 0x0000000082a00000, 0x0000000082a00000|100%| O|  |TAMS 0x0000000082a00000, 0x0000000082900000| Untracked 
|  42|0x0000000082a00000, 0x0000000082b00000, 0x0000000082b00000|100%| O|  |TAMS 0x0000000082b00000, 0x0000000082a00000| Updating 
|  43|0x0000000082b00000, 0x0000000082c00000, 0x0000000082c00000|100%| O|  |TAMS 0x0000000082c00000, 0x0000000082b00000| Untracked 
|  44|0x0000000082c00000, 0x0000000082d00000, 0x0000000082d00000|100%| O|  |TAMS 0x0000000082d00000, 0x0000000082c00000| Untracked 
|  45|0x0000000082d00000, 0x0000000082e00000, 0x0000000082e00000|100%| O|  |TAMS 0x0000000082e00000, 0x0000000082d00000| Untracked 
|  46|0x0000000082e00000, 0x0000000082f00000, 0x0000000082f00000|100%| O|  |TAMS 0x0000000082f00000, 0x0000000082e00000| Updating 
|  47|0x0000000082f00000, 0x0000000083000000, 0x0000000083000000|100%| O|  |TAMS 0x0000000083000000, 0x0000000082f00000| Untracked 
|  48|0x0000000083000000, 0x0000000083100000, 0x0000000083100000|100%| O|  |TAMS 0x0000000083100000, 0x0000000083000000| Untracked 
|  49|0x0000000083100000, 0x0000000083200000, 0x0000000083200000|100%| O|  |TAMS 0x0000000083200000, 0x0000000083100000| Untracked 
|  50|0x0000000083200000, 0x0000000083300000, 0x0000000083300000|100%| O|  |TAMS 0x0000000083300000, 0x0000000083200000| Updating 
|  51|0x0000000083300000, 0x0000000083400000, 0x0000000083400000|100%| O|  |TAMS 0x0000000083400000, 0x0000000083300000| Untracked 
|  52|0x0000000083400000, 0x0000000083500000, 0x0000000083500000|100%| O|  |TAMS 0x0000000083500000, 0x0000000083400000| Untracked 
|  53|0x0000000083500000, 0x0000000083600000, 0x0000000083600000|100%| O|  |TAMS 0x0000000083600000, 0x0000000083500000| Untracked 
|  54|0x0000000083600000, 0x0000000083700000, 0x0000000083700000|100%| O|  |TAMS 0x0000000083700000, 0x0000000083600000| Untracked 
|  55|0x0000000083700000, 0x0000000083800000, 0x0000000083800000|100%|HS|  |TAMS 0x0000000083800000, 0x0000000083700000| Complete 
|  56|0x0000000083800000, 0x0000000083900000, 0x0000000083900000|100%|HC|  |TAMS 0x0000000083900000, 0x0000000083800000| Complete 
|  57|0x0000000083900000, 0x0000000083a00000, 0x0000000083a00000|100%|HC|  |TAMS 0x0000000083a00000, 0x0000000083900000| Complete 
|  58|0x0000000083a00000, 0x0000000083b00000, 0x0000000083b00000|100%|HS|  |TAMS 0x0000000083b00000, 0x0000000083a00000| Complete 
|  59|0x0000000083b00000, 0x0000000083c00000, 0x0000000083c00000|100%|HC|  |TAMS 0x0000000083c00000, 0x0000000083b00000| Complete 
|  60|0x0000000083c00000, 0x0000000083d00000, 0x0000000083d00000|100%|HC|  |TAMS 0x0000000083d00000, 0x0000000083c00000| Complete 
|  61|0x0000000083d00000, 0x0000000083e00000, 0x0000000083e00000|100%| O|  |TAMS 0x0000000083e00000, 0x0000000083d00000| Untracked 
|  62|0x0000000083e00000, 0x0000000083f00000, 0x0000000083f00000|100%| O|  |TAMS 0x0000000083f00000, 0x0000000083e00000| Untracked 
|  63|0x0000000083f00000, 0x0000000084000000, 0x0000000084000000|100%| O|  |TAMS 0x0000000084000000, 0x0000000083f00000| Updating 
|  64|0x0000000084000000, 0x0000000084100000, 0x0000000084100000|100%| O|  |TAMS 0x0000000084100000, 0x0000000084000000| Untracked 
|  65|0x0000000084100000, 0x0000000084200000, 0x0000000084200000|100%| O|  |TAMS 0x0000000084200000, 0x0000000084100000| Untracked 
|  66|0x0000000084200000, 0x0000000084300000, 0x0000000084300000|100%| O|  |TAMS 0x0000000084300000, 0x0000000084200000| Untracked 
|  67|0x0000000084300000, 0x0000000084400000, 0x0000000084400000|100%| O|  |TAMS 0x0000000084400000, 0x0000000084300000| Untracked 
|  68|0x0000000084400000, 0x0000000084500000, 0x0000000084500000|100%| O|  |TAMS 0x0000000084500000, 0x0000000084400000| Updating 
|  69|0x0000000084500000, 0x0000000084600000, 0x0000000084600000|100%|HS|  |TAMS 0x0000000084600000, 0x0000000084500000| Complete 
|  70|0x0000000084600000, 0x0000000084700000, 0x0000000084700000|100%|HS|  |TAMS 0x0000000084700000, 0x0000000084600000| Complete 
|  71|0x0000000084700000, 0x0000000084800000, 0x0000000084800000|100%|HS|  |TAMS 0x0000000084800000, 0x0000000084700000| Complete 
|  72|0x0000000084800000, 0x0000000084900000, 0x0000000084900000|100%|HC|  |TAMS 0x0000000084900000, 0x0000000084800000| Complete 
|  73|0x0000000084900000, 0x0000000084a00000, 0x0000000084a00000|100%|HS|  |TAMS 0x0000000084a00000, 0x0000000084900000| Complete 
|  74|0x0000000084a00000, 0x0000000084b00000, 0x0000000084b00000|100%|HS|  |TAMS 0x0000000084b00000, 0x0000000084a00000| Complete 
|  75|0x0000000084b00000, 0x0000000084c00000, 0x0000000084c00000|100%|HC|  |TAMS 0x0000000084c00000, 0x0000000084b00000| Complete 
|  76|0x0000000084c00000, 0x0000000084d00000, 0x0000000084d00000|100%|HC|  |TAMS 0x0000000084d00000, 0x0000000084c00000| Complete 
|  77|0x0000000084d00000, 0x0000000084e00000, 0x0000000084e00000|100%|HC|  |TAMS 0x0000000084e00000, 0x0000000084d00000| Complete 
|  78|0x0000000084e00000, 0x0000000084f00000, 0x0000000084f00000|100%| O|  |TAMS 0x0000000084f00000, 0x0000000084e00000| Untracked 
|  79|0x0000000084f00000, 0x0000000085000000, 0x0000000085000000|100%| O|  |TAMS 0x0000000085000000, 0x0000000084f00000| Untracked 
|  80|0x0000000085000000, 0x0000000085100000, 0x0000000085100000|100%| O|  |TAMS 0x0000000085100000, 0x0000000085000000| Updating 
|  81|0x0000000085100000, 0x0000000085200000, 0x0000000085200000|100%| O|  |TAMS 0x0000000085200000, 0x0000000085100000| Updating 
|  82|0x0000000085200000, 0x0000000085300000, 0x0000000085300000|100%| O|  |TAMS 0x0000000085300000, 0x0000000085200000| Updating 
|  83|0x0000000085300000, 0x0000000085400000, 0x0000000085400000|100%| O|  |TAMS 0x0000000085400000, 0x0000000085300000| Untracked 
|  84|0x0000000085400000, 0x0000000085500000, 0x0000000085500000|100%| O|  |TAMS 0x0000000085500000, 0x0000000085400000| Untracked 
|  85|0x0000000085500000, 0x0000000085500000, 0x0000000085600000|  0%| F|  |TAMS 0x0000000085500000, 0x0000000085500000| Untracked 
|  86|0x0000000085600000, 0x0000000085700000, 0x0000000085700000|100%| O|  |TAMS 0x0000000085700000, 0x0000000085600000| Untracked 
|  87|0x0000000085700000, 0x0000000085800000, 0x0000000085800000|100%| O|  |TAMS 0x0000000085800000, 0x0000000085700000| Untracked 
|  88|0x0000000085800000, 0x0000000085900000, 0x0000000085900000|100%| O|  |TAMS 0x0000000085900000, 0x0000000085800000| Untracked 
|  89|0x0000000085900000, 0x0000000085a00000, 0x0000000085a00000|100%| O|  |TAMS 0x0000000085a00000, 0x0000000085900000| Untracked 
|  90|0x0000000085a00000, 0x0000000085b00000, 0x0000000085b00000|100%| O|  |TAMS 0x0000000085b00000, 0x0000000085a00000| Untracked 
|  91|0x0000000085b00000, 0x0000000085c00000, 0x0000000085c00000|100%| O|  |TAMS 0x0000000085c00000, 0x0000000085b00000| Untracked 
|  92|0x0000000085c00000, 0x0000000085d00000, 0x0000000085d00000|100%| O|  |TAMS 0x0000000085d00000, 0x0000000085c00000| Untracked 
|  93|0x0000000085d00000, 0x0000000085e00000, 0x0000000085e00000|100%| O|  |TAMS 0x0000000085e00000, 0x0000000085d00000| Untracked 
|  94|0x0000000085e00000, 0x0000000085f00000, 0x0000000085f00000|100%| O|  |TAMS 0x0000000085f00000, 0x0000000085e00000| Untracked 
|  95|0x0000000085f00000, 0x0000000086000000, 0x0000000086000000|100%| O|  |TAMS 0x0000000086000000, 0x0000000085f00000| Untracked 
|  96|0x0000000086000000, 0x0000000086100000, 0x0000000086100000|100%| O|  |TAMS 0x0000000086100000, 0x0000000086000000| Untracked 
|  97|0x0000000086100000, 0x0000000086200000, 0x0000000086200000|100%| O|  |TAMS 0x0000000086200000, 0x0000000086100000| Untracked 
|  98|0x0000000086200000, 0x0000000086300000, 0x0000000086300000|100%| O|  |TAMS 0x0000000086300000, 0x0000000086200000| Untracked 
|  99|0x0000000086300000, 0x0000000086400000, 0x0000000086400000|100%|HS|  |TAMS 0x0000000086400000, 0x0000000086300000| Complete 
| 100|0x0000000086400000, 0x0000000086500000, 0x0000000086500000|100%|HC|  |TAMS 0x0000000086500000, 0x0000000086400000| Complete 
| 101|0x0000000086500000, 0x0000000086600000, 0x0000000086600000|100%|HC|  |TAMS 0x0000000086600000, 0x0000000086500000| Complete 
| 102|0x0000000086600000, 0x0000000086700000, 0x0000000086700000|100%|HC|  |TAMS 0x0000000086700000, 0x0000000086600000| Complete 
| 103|0x0000000086700000, 0x0000000086800000, 0x0000000086800000|100%| O|  |TAMS 0x0000000086800000, 0x0000000086700000| Untracked 
| 104|0x0000000086800000, 0x0000000086900000, 0x0000000086900000|100%| O|  |TAMS 0x0000000086900000, 0x0000000086800000| Untracked 
| 105|0x0000000086900000, 0x0000000086a00000, 0x0000000086a00000|100%| O|  |TAMS 0x0000000086a00000, 0x0000000086900000| Untracked 
| 106|0x0000000086a00000, 0x0000000086b00000, 0x0000000086b00000|100%| O|  |TAMS 0x0000000086b00000, 0x0000000086a00000| Untracked 
| 107|0x0000000086b00000, 0x0000000086c00000, 0x0000000086c00000|100%| O|  |TAMS 0x0000000086c00000, 0x0000000086b00000| Untracked 
| 108|0x0000000086c00000, 0x0000000086d00000, 0x0000000086d00000|100%| O|  |TAMS 0x0000000086d00000, 0x0000000086c00000| Untracked 
| 109|0x0000000086d00000, 0x0000000086e00000, 0x0000000086e00000|100%| O|  |TAMS 0x0000000086e00000, 0x0000000086d00000| Untracked 
| 110|0x0000000086e00000, 0x0000000086f00000, 0x0000000086f00000|100%| O|  |TAMS 0x0000000086f00000, 0x0000000086e00000| Untracked 
| 111|0x0000000086f00000, 0x0000000087000000, 0x0000000087000000|100%| O|  |TAMS 0x0000000087000000, 0x0000000086f00000| Untracked 
| 112|0x0000000087000000, 0x0000000087100000, 0x0000000087100000|100%| O|  |TAMS 0x0000000087100000, 0x0000000087000000| Untracked 
| 113|0x0000000087100000, 0x0000000087200000, 0x0000000087200000|100%| O|  |TAMS 0x0000000087200000, 0x0000000087100000| Untracked 
| 114|0x0000000087200000, 0x0000000087300000, 0x0000000087300000|100%| O|  |TAMS 0x0000000087300000, 0x0000000087200000| Untracked 
| 115|0x0000000087300000, 0x0000000087400000, 0x0000000087400000|100%| O|  |TAMS 0x0000000087400000, 0x0000000087300000| Untracked 
| 116|0x0000000087400000, 0x0000000087500000, 0x0000000087500000|100%| O|  |TAMS 0x0000000087500000, 0x0000000087400000| Untracked 
| 117|0x0000000087500000, 0x0000000087600000, 0x0000000087600000|100%| O|  |TAMS 0x0000000087600000, 0x0000000087500000| Untracked 
| 118|0x0000000087600000, 0x0000000087700000, 0x0000000087700000|100%| O|  |TAMS 0x0000000087700000, 0x0000000087600000| Untracked 
| 119|0x0000000087700000, 0x0000000087800000, 0x0000000087800000|100%| O|  |TAMS 0x0000000087800000, 0x0000000087700000| Untracked 
| 120|0x0000000087800000, 0x0000000087900000, 0x0000000087900000|100%| O|  |TAMS 0x0000000087900000, 0x0000000087800000| Untracked 
| 121|0x0000000087900000, 0x0000000087a00000, 0x0000000087a00000|100%| O|  |TAMS 0x0000000087a00000, 0x0000000087900000| Updating 
| 122|0x0000000087a00000, 0x0000000087b00000, 0x0000000087b00000|100%| O|  |TAMS 0x0000000087b00000, 0x0000000087a00000| Untracked 
| 123|0x0000000087b00000, 0x0000000087c00000, 0x0000000087c00000|100%| O|  |TAMS 0x0000000087c00000, 0x0000000087b00000| Untracked 
| 124|0x0000000087c00000, 0x0000000087d00000, 0x0000000087d00000|100%| O|  |TAMS 0x0000000087d00000, 0x0000000087c00000| Untracked 
| 125|0x0000000087d00000, 0x0000000087e00000, 0x0000000087e00000|100%| O|  |TAMS 0x0000000087e00000, 0x0000000087d00000| Untracked 
| 126|0x0000000087e00000, 0x0000000087f00000, 0x0000000087f00000|100%| O|  |TAMS 0x0000000087f00000, 0x0000000087e00000| Updating 
| 127|0x0000000087f00000, 0x0000000088000000, 0x0000000088000000|100%| O|  |TAMS 0x0000000088000000, 0x0000000087f00000| Updating 
| 128|0x0000000088000000, 0x0000000088100000, 0x0000000088100000|100%| O|  |TAMS 0x0000000088100000, 0x0000000088000000| Untracked 
| 129|0x0000000088100000, 0x0000000088200000, 0x0000000088200000|100%| O|  |TAMS 0x0000000088200000, 0x0000000088100000| Untracked 
| 130|0x0000000088200000, 0x0000000088300000, 0x0000000088300000|100%| O|  |TAMS 0x0000000088300000, 0x0000000088200000| Untracked 
| 131|0x0000000088300000, 0x0000000088400000, 0x0000000088400000|100%| O|  |TAMS 0x0000000088400000, 0x0000000088300000| Untracked 
| 132|0x0000000088400000, 0x0000000088500000, 0x0000000088500000|100%| O|  |TAMS 0x0000000088500000, 0x0000000088400000| Untracked 
| 133|0x0000000088500000, 0x0000000088600000, 0x0000000088600000|100%| O|  |TAMS 0x0000000088600000, 0x0000000088500000| Updating 
| 134|0x0000000088600000, 0x0000000088700000, 0x0000000088700000|100%| O|  |TAMS 0x0000000088700000, 0x0000000088600000| Updating 
| 135|0x0000000088700000, 0x0000000088800000, 0x0000000088800000|100%|HS|  |TAMS 0x0000000088800000, 0x0000000088700000| Complete 
| 136|0x0000000088800000, 0x0000000088900000, 0x0000000088900000|100%|HC|  |TAMS 0x0000000088900000, 0x0000000088800000| Complete 
| 137|0x0000000088900000, 0x0000000088a00000, 0x0000000088a00000|100%|HC|  |TAMS 0x0000000088a00000, 0x0000000088900000| Complete 
| 138|0x0000000088a00000, 0x0000000088b00000, 0x0000000088b00000|100%|HC|  |TAMS 0x0000000088b00000, 0x0000000088a00000| Complete 
| 139|0x0000000088b00000, 0x0000000088c00000, 0x0000000088c00000|100%|HC|  |TAMS 0x0000000088c00000, 0x0000000088b00000| Complete 
| 140|0x0000000088c00000, 0x0000000088d00000, 0x0000000088d00000|100%|HC|  |TAMS 0x0000000088d00000, 0x0000000088c00000| Complete 
| 141|0x0000000088d00000, 0x0000000088e00000, 0x0000000088e00000|100%| O|  |TAMS 0x0000000088e00000, 0x0000000088d00000| Updating 
| 142|0x0000000088e00000, 0x0000000088f00000, 0x0000000088f00000|100%| O|  |TAMS 0x0000000088f00000, 0x0000000088e00000| Updating 
| 143|0x0000000088f00000, 0x0000000088fc3400, 0x0000000089000000| 76%| O|  |TAMS 0x0000000088f2c600, 0x0000000088f00000| Updating 
| 144|0x0000000089000000, 0x0000000089000000, 0x0000000089100000|  0%| F|  |TAMS 0x0000000089000000, 0x0000000089000000| Untracked 
| 145|0x0000000089100000, 0x0000000089100000, 0x0000000089200000|  0%| F|  |TAMS 0x0000000089100000, 0x0000000089100000| Untracked 
| 146|0x0000000089200000, 0x0000000089200000, 0x0000000089300000|  0%| F|  |TAMS 0x0000000089200000, 0x0000000089200000| Untracked 
| 147|0x0000000089300000, 0x0000000089300000, 0x0000000089400000|  0%| F|  |TAMS 0x0000000089300000, 0x0000000089300000| Untracked 
| 148|0x0000000089400000, 0x0000000089400000, 0x0000000089500000|  0%| F|  |TAMS 0x0000000089400000, 0x0000000089400000| Untracked 
| 149|0x0000000089500000, 0x0000000089500000, 0x0000000089600000|  0%| F|  |TAMS 0x0000000089500000, 0x0000000089500000| Untracked 
| 150|0x0000000089600000, 0x0000000089600000, 0x0000000089700000|  0%| F|  |TAMS 0x0000000089600000, 0x0000000089600000| Untracked 
| 151|0x0000000089700000, 0x0000000089700000, 0x0000000089800000|  0%| F|  |TAMS 0x0000000089700000, 0x0000000089700000| Untracked 
| 152|0x0000000089800000, 0x0000000089800000, 0x0000000089900000|  0%| F|  |TAMS 0x0000000089800000, 0x0000000089800000| Untracked 
| 153|0x0000000089900000, 0x0000000089900000, 0x0000000089a00000|  0%| F|  |TAMS 0x0000000089900000, 0x0000000089900000| Untracked 
| 154|0x0000000089a00000, 0x0000000089a00000, 0x0000000089b00000|  0%| F|  |TAMS 0x0000000089a00000, 0x0000000089a00000| Untracked 
| 155|0x0000000089b00000, 0x0000000089b00000, 0x0000000089c00000|  0%| F|  |TAMS 0x0000000089b00000, 0x0000000089b00000| Untracked 
| 156|0x0000000089c00000, 0x0000000089c00000, 0x0000000089d00000|  0%| F|  |TAMS 0x0000000089c00000, 0x0000000089c00000| Untracked 
| 157|0x0000000089d00000, 0x0000000089d00000, 0x0000000089e00000|  0%| F|  |TAMS 0x0000000089d00000, 0x0000000089d00000| Untracked 
| 158|0x0000000089e00000, 0x0000000089e00000, 0x0000000089f00000|  0%| F|  |TAMS 0x0000000089e00000, 0x0000000089e00000| Untracked 
| 159|0x0000000089f00000, 0x0000000089f00000, 0x000000008a000000|  0%| F|  |TAMS 0x0000000089f00000, 0x0000000089f00000| Untracked 
| 160|0x000000008a000000, 0x000000008a000000, 0x000000008a100000|  0%| F|  |TAMS 0x000000008a000000, 0x000000008a000000| Untracked 
| 161|0x000000008a100000, 0x000000008a100000, 0x000000008a200000|  0%| F|  |TAMS 0x000000008a100000, 0x000000008a100000| Untracked 
| 162|0x000000008a200000, 0x000000008a200000, 0x000000008a300000|  0%| F|  |TAMS 0x000000008a200000, 0x000000008a200000| Untracked 
| 163|0x000000008a300000, 0x000000008a300000, 0x000000008a400000|  0%| F|  |TAMS 0x000000008a300000, 0x000000008a300000| Untracked 
| 164|0x000000008a400000, 0x000000008a400000, 0x000000008a500000|  0%| F|  |TAMS 0x000000008a400000, 0x000000008a400000| Untracked 
| 165|0x000000008a500000, 0x000000008a500000, 0x000000008a600000|  0%| F|  |TAMS 0x000000008a500000, 0x000000008a500000| Untracked 
| 166|0x000000008a600000, 0x000000008a600000, 0x000000008a700000|  0%| F|  |TAMS 0x000000008a600000, 0x000000008a600000| Untracked 
| 167|0x000000008a700000, 0x000000008a700000, 0x000000008a800000|  0%| F|  |TAMS 0x000000008a700000, 0x000000008a700000| Untracked 
| 168|0x000000008a800000, 0x000000008a800000, 0x000000008a900000|  0%| F|  |TAMS 0x000000008a800000, 0x000000008a800000| Untracked 
| 169|0x000000008a900000, 0x000000008a900000, 0x000000008aa00000|  0%| F|  |TAMS 0x000000008a900000, 0x000000008a900000| Untracked 
| 170|0x000000008aa00000, 0x000000008aa00000, 0x000000008ab00000|  0%| F|  |TAMS 0x000000008aa00000, 0x000000008aa00000| Untracked 
| 171|0x000000008ab00000, 0x000000008ab00000, 0x000000008ac00000|  0%| F|  |TAMS 0x000000008ab00000, 0x000000008ab00000| Untracked 
| 172|0x000000008ac00000, 0x000000008ac00000, 0x000000008ad00000|  0%| F|  |TAMS 0x000000008ac00000, 0x000000008ac00000| Untracked 
| 173|0x000000008ad00000, 0x000000008ad00000, 0x000000008ae00000|  0%| F|  |TAMS 0x000000008ad00000, 0x000000008ad00000| Untracked 
| 174|0x000000008ae00000, 0x000000008ae00000, 0x000000008af00000|  0%| F|  |TAMS 0x000000008ae00000, 0x000000008ae00000| Untracked 
| 175|0x000000008af00000, 0x000000008af00000, 0x000000008b000000|  0%| F|  |TAMS 0x000000008af00000, 0x000000008af00000| Untracked 
| 176|0x000000008b000000, 0x000000008b000000, 0x000000008b100000|  0%| F|  |TAMS 0x000000008b000000, 0x000000008b000000| Untracked 
| 177|0x000000008b100000, 0x000000008b100000, 0x000000008b200000|  0%| F|  |TAMS 0x000000008b100000, 0x000000008b100000| Untracked 
| 178|0x000000008b200000, 0x000000008b200000, 0x000000008b300000|  0%| F|  |TAMS 0x000000008b200000, 0x000000008b200000| Untracked 
| 179|0x000000008b300000, 0x000000008b300000, 0x000000008b400000|  0%| F|  |TAMS 0x000000008b300000, 0x000000008b300000| Untracked 
| 180|0x000000008b400000, 0x000000008b400000, 0x000000008b500000|  0%| F|  |TAMS 0x000000008b400000, 0x000000008b400000| Untracked 
| 181|0x000000008b500000, 0x000000008b500000, 0x000000008b600000|  0%| F|  |TAMS 0x000000008b500000, 0x000000008b500000| Untracked 
| 182|0x000000008b600000, 0x000000008b700000, 0x000000008b700000|100%| S|CS|TAMS 0x000000008b600000, 0x000000008b600000| Complete 
| 183|0x000000008b700000, 0x000000008b800000, 0x000000008b800000|100%| S|CS|TAMS 0x000000008b700000, 0x000000008b700000| Complete 
| 184|0x000000008b800000, 0x000000008b900000, 0x000000008b900000|100%| S|CS|TAMS 0x000000008b800000, 0x000000008b800000| Complete 
| 185|0x000000008b900000, 0x000000008ba00000, 0x000000008ba00000|100%| S|CS|TAMS 0x000000008b900000, 0x000000008b900000| Complete 
| 186|0x000000008ba00000, 0x000000008bb00000, 0x000000008bb00000|100%| S|CS|TAMS 0x000000008ba00000, 0x000000008ba00000| Complete 
| 187|0x000000008bb00000, 0x000000008bc00000, 0x000000008bc00000|100%| S|CS|TAMS 0x000000008bb00000, 0x000000008bb00000| Complete 
| 188|0x000000008bc00000, 0x000000008bc00000, 0x000000008bd00000|  0%| F|  |TAMS 0x000000008bc00000, 0x000000008bc00000| Untracked 
| 189|0x000000008bd00000, 0x000000008bd00000, 0x000000008be00000|  0%| F|  |TAMS 0x000000008bd00000, 0x000000008bd00000| Untracked 
| 190|0x000000008be00000, 0x000000008be00000, 0x000000008bf00000|  0%| F|  |TAMS 0x000000008be00000, 0x000000008be00000| Untracked 
| 191|0x000000008bf00000, 0x000000008bf00000, 0x000000008c000000|  0%| F|  |TAMS 0x000000008bf00000, 0x000000008bf00000| Untracked 
| 192|0x000000008c000000, 0x000000008c000000, 0x000000008c100000|  0%| F|  |TAMS 0x000000008c000000, 0x000000008c000000| Untracked 
| 193|0x000000008c100000, 0x000000008c100000, 0x000000008c200000|  0%| F|  |TAMS 0x000000008c100000, 0x000000008c100000| Untracked 
| 194|0x000000008c200000, 0x000000008c200000, 0x000000008c300000|  0%| F|  |TAMS 0x000000008c200000, 0x000000008c200000| Untracked 
| 195|0x000000008c300000, 0x000000008c300000, 0x000000008c400000|  0%| F|  |TAMS 0x000000008c300000, 0x000000008c300000| Untracked 
| 196|0x000000008c400000, 0x000000008c400000, 0x000000008c500000|  0%| F|  |TAMS 0x000000008c400000, 0x000000008c400000| Untracked 
| 197|0x000000008c500000, 0x000000008c500000, 0x000000008c600000|  0%| F|  |TAMS 0x000000008c500000, 0x000000008c500000| Untracked 
| 198|0x000000008c600000, 0x000000008c600000, 0x000000008c700000|  0%| F|  |TAMS 0x000000008c600000, 0x000000008c600000| Untracked 
| 199|0x000000008c700000, 0x000000008c700000, 0x000000008c800000|  0%| F|  |TAMS 0x000000008c700000, 0x000000008c700000| Untracked 
| 200|0x000000008c800000, 0x000000008c800000, 0x000000008c900000|  0%| F|  |TAMS 0x000000008c800000, 0x000000008c800000| Untracked 
| 201|0x000000008c900000, 0x000000008c900000, 0x000000008ca00000|  0%| F|  |TAMS 0x000000008c900000, 0x000000008c900000| Untracked 
| 202|0x000000008ca00000, 0x000000008ca00000, 0x000000008cb00000|  0%| F|  |TAMS 0x000000008ca00000, 0x000000008ca00000| Untracked 
| 203|0x000000008cb00000, 0x000000008cb00000, 0x000000008cc00000|  0%| F|  |TAMS 0x000000008cb00000, 0x000000008cb00000| Untracked 
| 204|0x000000008cc00000, 0x000000008cc00000, 0x000000008cd00000|  0%| F|  |TAMS 0x000000008cc00000, 0x000000008cc00000| Untracked 
| 205|0x000000008cd00000, 0x000000008cd00000, 0x000000008ce00000|  0%| F|  |TAMS 0x000000008cd00000, 0x000000008cd00000| Untracked 
| 206|0x000000008ce00000, 0x000000008ce00000, 0x000000008cf00000|  0%| F|  |TAMS 0x000000008ce00000, 0x000000008ce00000| Untracked 
| 207|0x000000008cf00000, 0x000000008cf00000, 0x000000008d000000|  0%| F|  |TAMS 0x000000008cf00000, 0x000000008cf00000| Untracked 
| 208|0x000000008d000000, 0x000000008d000000, 0x000000008d100000|  0%| F|  |TAMS 0x000000008d000000, 0x000000008d000000| Untracked 
| 209|0x000000008d100000, 0x000000008d100000, 0x000000008d200000|  0%| F|  |TAMS 0x000000008d100000, 0x000000008d100000| Untracked 
| 210|0x000000008d200000, 0x000000008d200000, 0x000000008d300000|  0%| F|  |TAMS 0x000000008d200000, 0x000000008d200000| Untracked 
| 211|0x000000008d300000, 0x000000008d300000, 0x000000008d400000|  0%| F|  |TAMS 0x000000008d300000, 0x000000008d300000| Untracked 
| 212|0x000000008d400000, 0x000000008d400000, 0x000000008d500000|  0%| F|  |TAMS 0x000000008d400000, 0x000000008d400000| Untracked 
| 213|0x000000008d500000, 0x000000008d500000, 0x000000008d600000|  0%| F|  |TAMS 0x000000008d500000, 0x000000008d500000| Untracked 
| 214|0x000000008d600000, 0x000000008d600000, 0x000000008d700000|  0%| F|  |TAMS 0x000000008d600000, 0x000000008d600000| Untracked 
| 215|0x000000008d700000, 0x000000008d700000, 0x000000008d800000|  0%| F|  |TAMS 0x000000008d700000, 0x000000008d700000| Untracked 
| 216|0x000000008d800000, 0x000000008d800000, 0x000000008d900000|  0%| F|  |TAMS 0x000000008d800000, 0x000000008d800000| Untracked 
| 217|0x000000008d900000, 0x000000008d900000, 0x000000008da00000|  0%| F|  |TAMS 0x000000008d900000, 0x000000008d900000| Untracked 
| 218|0x000000008da00000, 0x000000008da00000, 0x000000008db00000|  0%| F|  |TAMS 0x000000008da00000, 0x000000008da00000| Untracked 
| 219|0x000000008db00000, 0x000000008db00000, 0x000000008dc00000|  0%| F|  |TAMS 0x000000008db00000, 0x000000008db00000| Untracked 
| 220|0x000000008dc00000, 0x000000008dc00000, 0x000000008dd00000|  0%| F|  |TAMS 0x000000008dc00000, 0x000000008dc00000| Untracked 
| 221|0x000000008dd00000, 0x000000008dd00000, 0x000000008de00000|  0%| F|  |TAMS 0x000000008dd00000, 0x000000008dd00000| Untracked 
| 222|0x000000008de00000, 0x000000008de00000, 0x000000008df00000|  0%| F|  |TAMS 0x000000008de00000, 0x000000008de00000| Untracked 
| 223|0x000000008df00000, 0x000000008df00000, 0x000000008e000000|  0%| F|  |TAMS 0x000000008df00000, 0x000000008df00000| Untracked 
| 224|0x000000008e000000, 0x000000008e000000, 0x000000008e100000|  0%| F|  |TAMS 0x000000008e000000, 0x000000008e000000| Untracked 
| 225|0x000000008e100000, 0x000000008e100000, 0x000000008e200000|  0%| F|  |TAMS 0x000000008e100000, 0x000000008e100000| Untracked 
| 226|0x000000008e200000, 0x000000008e200000, 0x000000008e300000|  0%| F|  |TAMS 0x000000008e200000, 0x000000008e200000| Untracked 
| 227|0x000000008e300000, 0x000000008e300000, 0x000000008e400000|  0%| F|  |TAMS 0x000000008e300000, 0x000000008e300000| Untracked 
| 228|0x000000008e400000, 0x000000008e400000, 0x000000008e500000|  0%| F|  |TAMS 0x000000008e400000, 0x000000008e400000| Untracked 
| 229|0x000000008e500000, 0x000000008e600000, 0x000000008e600000|100%| E|  |TAMS 0x000000008e500000, 0x000000008e500000| Complete 
| 230|0x000000008e600000, 0x000000008e700000, 0x000000008e700000|100%| E|CS|TAMS 0x000000008e600000, 0x000000008e600000| Complete 
| 231|0x000000008e700000, 0x000000008e800000, 0x000000008e800000|100%| E|CS|TAMS 0x000000008e700000, 0x000000008e700000| Complete 
| 232|0x000000008e800000, 0x000000008e900000, 0x000000008e900000|100%| E|CS|TAMS 0x000000008e800000, 0x000000008e800000| Complete 
| 233|0x000000008e900000, 0x000000008ea00000, 0x000000008ea00000|100%| E|CS|TAMS 0x000000008e900000, 0x000000008e900000| Complete 

Card table byte_map: [0x000002726d310000,0x000002726d710000] _byte_map_base: 0x000002726cf10000

Marking Bits (Prev, Next): (CMBitMap*) 0x0000027256401130, (CMBitMap*) 0x0000027256401170
 Prev Bits: [0x000002726db10000, 0x000002726fb10000)
 Next Bits: [0x000002726fb10000, 0x0000027271b10000)

Polling page: 0x0000027255ba0000

Metaspace:

Usage:
  Non-class:     76.21 MB used.
      Class:     11.88 MB used.
       Both:     88.09 MB used.

Virtual space:
  Non-class space:       80.00 MB reserved,      76.62 MB ( 96%) committed,  10 nodes.
      Class space:        1.00 GB reserved,      12.25 MB (  1%) committed,  1 nodes.
             Both:        1.08 GB reserved,      88.88 MB (  8%) committed. 

Chunk freelists:
   Non-Class:  2.47 MB
       Class:  3.69 MB
        Both:  6.16 MB

MaxMetaspaceSize: unlimited
CompressedClassSpaceSize: 1.00 GB
Initial GC threshold: 21.00 MB
Current GC threshold: 133.12 MB
CDS: on
MetaspaceReclaimPolicy: balanced
 - commit_granule_bytes: 65536.
 - commit_granule_words: 8192.
 - virtual_space_node_default_size: 1048576.
 - enlarge_chunks_in_place: 1.
 - new_chunks_are_fully_committed: 0.
 - uncommit_free_chunks: 1.
 - use_allocation_guard: 0.
 - handle_deallocations: 1.


Internal statistics:

num_allocs_failed_limit: 6.
num_arena_births: 956.
num_arena_deaths: 0.
num_vsnodes_births: 11.
num_vsnodes_deaths: 0.
num_space_committed: 1420.
num_space_uncommitted: 0.
num_chunks_returned_to_freelist: 6.
num_chunks_taken_from_freelist: 4387.
num_chunk_merges: 6.
num_chunk_splits: 3124.
num_chunks_enlarged: 2289.
num_purges: 0.
num_inconsistent_stats: 0.

CodeHeap 'non-profiled nmethods': size=120000Kb used=4795Kb max_used=4795Kb free=115204Kb
 bounds [0x00000272656a0000, 0x0000027265b50000, 0x000002726cbd0000]
CodeHeap 'profiled nmethods': size=120000Kb used=16625Kb max_used=16625Kb free=103374Kb
 bounds [0x000002725e170000, 0x000002725f1b0000, 0x00000272656a0000]
CodeHeap 'non-nmethods': size=5760Kb used=2407Kb max_used=2440Kb free=3352Kb
 bounds [0x000002725dbd0000, 0x000002725de40000, 0x000002725e170000]
 total_blobs=9264 nmethods=8319 adapters=857
 compilation: enabled
              stopped_count=0, restarted_count=0
 full_count=0

Compilation events (20 events):
Event: 20.437 Thread 0x0000027274538700 9186       3       jdk.internal.reflect.UnsafeFieldAccessorFactory::newFieldAccessor (638 bytes)
Event: 20.441 Thread 0x0000027274538700 nmethod 9186 0x000002725f1a4290 code [0x000002725f1a4a60, 0x000002725f1a7d98]
Event: 20.441 Thread 0x0000027274538700 9188       3       jdk.internal.misc.Unsafe::staticFieldBase (18 bytes)
Event: 20.441 Thread 0x0000027274538700 nmethod 9188 0x000002725f1a8c90 code [0x000002725f1a8e40, 0x000002725f1a9078]
Event: 20.441 Thread 0x0000027274538700 9191       3       jdk.internal.reflect.UnsafeQualifiedStaticFieldAccessorImpl::<init> (11 bytes)
Event: 20.441 Thread 0x0000027274538700 nmethod 9191 0x000002725f1a9190 code [0x000002725f1a9360, 0x000002725f1a9728]
Event: 20.442 Thread 0x0000027274538700 9192       3       jdk.internal.reflect.UnsafeQualifiedStaticObjectFieldAccessorImpl::<init> (7 bytes)
Event: 20.442 Thread 0x0000027274538700 nmethod 9192 0x000002725f1a9890 code [0x000002725f1a9a80, 0x000002725f1a9ea8]
Event: 20.442 Thread 0x0000027274538700 9182       1       org.jetbrains.kotlin.diagnostics.DiagnosticFactory::setDefaultRenderer (6 bytes)
Event: 20.442 Thread 0x0000027274538700 nmethod 9182 0x0000027265b4e690 code [0x0000027265b4e820, 0x0000027265b4e938]
Event: 20.442 Thread 0x0000027274538700 9190       3       java.lang.reflect.Field::checkAccess (32 bytes)
Event: 20.442 Thread 0x0000027274538700 nmethod 9190 0x000002725f1aa090 code [0x000002725f1aa240, 0x000002725f1aa4c8]
Event: 20.442 Thread 0x0000027274538700 9193       3       org.jetbrains.kotlin.diagnostics.Errors$Initializer::initializeNameAndRenderer (15 bytes)
Event: 20.443 Thread 0x0000027274538700 nmethod 9193 0x000002725f1aa610 code [0x000002725f1aa860, 0x000002725f1ab2b8]
Event: 20.443 Thread 0x0000027274538700 9194       3       org.jetbrains.kotlin.diagnostics.DiagnosticFactory::initializeName (12 bytes)
Event: 20.444 Thread 0x0000027274538700 nmethod 9194 0x000002725f1ab690 code [0x000002725f1ab8a0, 0x000002725f1abeb8]
Event: 20.444 Thread 0x0000027274538700 9195       3       org.jetbrains.kotlin.diagnostics.rendering.DiagnosticFactoryToRendererMap::get (23 bytes)
Event: 20.444 Thread 0x0000027274538700 nmethod 9195 0x000002725f1ac110 code [0x000002725f1ac2e0, 0x000002725f1ac678]
Event: 20.458 Thread 0x0000027274538700 9197       1       org.jetbrains.kotlin.container.ComponentResolveContext::getRequestingDescriptor (5 bytes)
Event: 20.458 Thread 0x0000027274538700 nmethod 9197 0x0000027265b4e990 code [0x0000027265b4eb20, 0x0000027265b4ebf8]

GC Heap History (20 events):
Event: 16.034 GC heap before
{Heap before GC invocations=33 (full 0):
 garbage-first heap   total 186368K, used 145322K [0x0000000080000000, 0x0000000100000000)
  region size 1024K, 49 young (50176K), 3 survivors (3072K)
 Metaspace       used 65307K, committed 66112K, reserved 1105920K
  class space    used 8878K, committed 9280K, reserved 1048576K
}
Event: 16.040 GC heap after
{Heap after GC invocations=34 (full 0):
 garbage-first heap   total 186368K, used 101238K [0x0000000080000000, 0x0000000100000000)
  region size 1024K, 6 young (6144K), 6 survivors (6144K)
 Metaspace       used 65307K, committed 66112K, reserved 1105920K
  class space    used 8878K, committed 9280K, reserved 1048576K
}
Event: 16.845 GC heap before
{Heap before GC invocations=35 (full 0):
 garbage-first heap   total 186368K, used 146294K [0x0000000080000000, 0x0000000100000000)
  region size 1024K, 51 young (52224K), 6 survivors (6144K)
 Metaspace       used 69002K, committed 69760K, reserved 1114112K
  class space    used 9349K, committed 9728K, reserved 1048576K
}
Event: 16.852 GC heap after
{Heap after GC invocations=36 (full 0):
 garbage-first heap   total 186368K, used 104359K [0x0000000080000000, 0x0000000100000000)
  region size 1024K, 7 young (7168K), 7 survivors (7168K)
 Metaspace       used 69002K, committed 69760K, reserved 1114112K
  class space    used 9349K, committed 9728K, reserved 1048576K
}
Event: 17.262 GC heap before
{Heap before GC invocations=36 (full 0):
 garbage-first heap   total 186368K, used 123815K [0x0000000080000000, 0x0000000100000000)
  region size 1024K, 27 young (27648K), 7 survivors (7168K)
 Metaspace       used 72140K, committed 72960K, reserved 1114112K
  class space    used 9728K, committed 10112K, reserved 1048576K
}
Event: 17.270 GC heap after
{Heap after GC invocations=37 (full 0):
 garbage-first heap   total 186368K, used 104891K [0x0000000080000000, 0x0000000100000000)
  region size 1024K, 4 young (4096K), 4 survivors (4096K)
 Metaspace       used 72140K, committed 72960K, reserved 1114112K
  class space    used 9728K, committed 10112K, reserved 1048576K
}
Event: 18.313 GC heap before
{Heap before GC invocations=38 (full 0):
 garbage-first heap   total 193536K, used 156091K [0x0000000080000000, 0x0000000100000000)
  region size 1024K, 50 young (51200K), 4 survivors (4096K)
 Metaspace       used 80185K, committed 80960K, reserved 1122304K
  class space    used 11197K, committed 11584K, reserved 1048576K
}
Event: 18.318 GC heap after
{Heap after GC invocations=39 (full 0):
 garbage-first heap   total 193536K, used 110409K [0x0000000080000000, 0x0000000100000000)
  region size 1024K, 6 young (6144K), 6 survivors (6144K)
 Metaspace       used 80185K, committed 80960K, reserved 1122304K
  class space    used 11197K, committed 11584K, reserved 1048576K
}
Event: 18.321 GC heap before
{Heap before GC invocations=39 (full 0):
 garbage-first heap   total 193536K, used 110409K [0x0000000080000000, 0x0000000100000000)
  region size 1024K, 7 young (7168K), 6 survivors (6144K)
 Metaspace       used 80197K, committed 81024K, reserved 1122304K
  class space    used 11198K, committed 11584K, reserved 1048576K
}
Event: 18.326 GC heap after
{Heap after GC invocations=40 (full 0):
 garbage-first heap   total 193536K, used 110188K [0x0000000080000000, 0x0000000100000000)
  region size 1024K, 2 young (2048K), 2 survivors (2048K)
 Metaspace       used 80197K, committed 81024K, reserved 1122304K
  class space    used 11198K, committed 11584K, reserved 1048576K
}
Event: 18.747 GC heap before
{Heap before GC invocations=41 (full 0):
 garbage-first heap   total 201728K, used 169580K [0x0000000080000000, 0x0000000100000000)
  region size 1024K, 54 young (55296K), 2 survivors (2048K)
 Metaspace       used 80381K, committed 81280K, reserved 1122304K
  class space    used 11207K, committed 11648K, reserved 1048576K
}
Event: 18.762 GC heap after
{Heap after GC invocations=42 (full 0):
 garbage-first heap   total 201728K, used 125952K [0x0000000080000000, 0x0000000100000000)
  region size 1024K, 7 young (7168K), 7 survivors (7168K)
 Metaspace       used 80381K, committed 81280K, reserved 1122304K
  class space    used 11207K, committed 11648K, reserved 1048576K
}
Event: 19.031 GC heap before
{Heap before GC invocations=42 (full 0):
 garbage-first heap   total 201728K, used 163840K [0x0000000080000000, 0x0000000100000000)
  region size 1024K, 44 young (45056K), 7 survivors (7168K)
 Metaspace       used 80604K, committed 81408K, reserved 1122304K
  class space    used 11227K, committed 11648K, reserved 1048576K
}
Event: 19.045 GC heap after
{Heap after GC invocations=43 (full 0):
 garbage-first heap   total 201728K, used 136818K [0x0000000080000000, 0x0000000100000000)
  region size 1024K, 6 young (6144K), 6 survivors (6144K)
 Metaspace       used 80604K, committed 81408K, reserved 1122304K
  class space    used 11227K, committed 11648K, reserved 1048576K
}
Event: 19.550 GC heap before
{Heap before GC invocations=44 (full 0):
 garbage-first heap   total 239616K, used 164466K [0x0000000080000000, 0x0000000100000000)
  region size 1024K, 33 young (33792K), 6 survivors (6144K)
 Metaspace       used 84101K, committed 84928K, reserved 1130496K
  class space    used 11637K, committed 12032K, reserved 1048576K
}
Event: 19.556 GC heap after
{Heap after GC invocations=45 (full 0):
 garbage-first heap   total 239616K, used 139847K [0x0000000080000000, 0x0000000100000000)
  region size 1024K, 2 young (2048K), 2 survivors (2048K)
 Metaspace       used 84101K, committed 84928K, reserved 1130496K
  class space    used 11637K, committed 12032K, reserved 1048576K
}
Event: 19.690 GC heap before
{Heap before GC invocations=45 (full 0):
 garbage-first heap   total 239616K, used 155207K [0x0000000080000000, 0x0000000100000000)
  region size 1024K, 11 young (11264K), 2 survivors (2048K)
 Metaspace       used 84729K, committed 85568K, reserved 1130496K
  class space    used 11687K, committed 12096K, reserved 1048576K
}
Event: 19.693 GC heap after
{Heap after GC invocations=46 (full 0):
 garbage-first heap   total 239616K, used 147633K [0x0000000080000000, 0x0000000100000000)
  region size 1024K, 2 young (2048K), 2 survivors (2048K)
 Metaspace       used 84729K, committed 85568K, reserved 1130496K
  class space    used 11687K, committed 12096K, reserved 1048576K
}
Event: 20.340 GC heap before
{Heap before GC invocations=46 (full 0):
 garbage-first heap   total 239616K, used 192689K [0x0000000080000000, 0x0000000100000000)
  region size 1024K, 46 young (47104K), 2 survivors (2048K)
 Metaspace       used 89581K, committed 90368K, reserved 1130496K
  class space    used 12105K, committed 12480K, reserved 1048576K
}
Event: 20.346 GC heap after
{Heap after GC invocations=47 (full 0):
 garbage-first heap   total 239616K, used 152333K [0x0000000080000000, 0x0000000100000000)
  region size 1024K, 6 young (6144K), 6 survivors (6144K)
 Metaspace       used 89581K, committed 90368K, reserved 1130496K
  class space    used 12105K, committed 12480K, reserved 1048576K
}

Deoptimization events (20 events):
Event: 20.305 Thread 0x0000027276d12ed0 Uncommon trap: trap_request=0xffffffd6 fr.pc=0x0000027265b4be88 relative=0x0000000000000368
Event: 20.306 Thread 0x0000027276d12ed0 Uncommon trap: reason=array_check action=maybe_recompile pc=0x0000027265b4be88 method=java.util.LinkedHashMap.valuesToArray([Ljava/lang/Object;)[Ljava/lang/Object; @ 25 c2
Event: 20.306 Thread 0x0000027276d12ed0 DEOPT PACKING pc=0x0000027265b4be88 sp=0x0000007853af4630
Event: 20.306 Thread 0x0000027276d12ed0 DEOPT UNPACKING pc=0x000002725dc223a3 sp=0x0000007853af45d8 mode 2
Event: 20.306 Thread 0x0000027276d12ed0 Uncommon trap: trap_request=0xffffffd6 fr.pc=0x0000027265b4be88 relative=0x0000000000000368
Event: 20.306 Thread 0x0000027276d12ed0 Uncommon trap: reason=array_check action=maybe_recompile pc=0x0000027265b4be88 method=java.util.LinkedHashMap.valuesToArray([Ljava/lang/Object;)[Ljava/lang/Object; @ 25 c2
Event: 20.306 Thread 0x0000027276d12ed0 DEOPT PACKING pc=0x0000027265b4be88 sp=0x0000007853af4630
Event: 20.306 Thread 0x0000027276d12ed0 DEOPT UNPACKING pc=0x000002725dc223a3 sp=0x0000007853af45d8 mode 2
Event: 20.306 Thread 0x0000027276d12ed0 Uncommon trap: trap_request=0xffffffd6 fr.pc=0x0000027265b4be88 relative=0x0000000000000368
Event: 20.306 Thread 0x0000027276d12ed0 Uncommon trap: reason=array_check action=maybe_recompile pc=0x0000027265b4be88 method=java.util.LinkedHashMap.valuesToArray([Ljava/lang/Object;)[Ljava/lang/Object; @ 25 c2
Event: 20.306 Thread 0x0000027276d12ed0 DEOPT PACKING pc=0x0000027265b4be88 sp=0x0000007853af4630
Event: 20.306 Thread 0x0000027276d12ed0 DEOPT UNPACKING pc=0x000002725dc223a3 sp=0x0000007853af45d8 mode 2
Event: 20.306 Thread 0x0000027276d12ed0 Uncommon trap: trap_request=0xffffffd6 fr.pc=0x0000027265b4be88 relative=0x0000000000000368
Event: 20.306 Thread 0x0000027276d12ed0 Uncommon trap: reason=array_check action=maybe_recompile pc=0x0000027265b4be88 method=java.util.LinkedHashMap.valuesToArray([Ljava/lang/Object;)[Ljava/lang/Object; @ 25 c2
Event: 20.306 Thread 0x0000027276d12ed0 DEOPT PACKING pc=0x0000027265b4be88 sp=0x0000007853af4630
Event: 20.306 Thread 0x0000027276d12ed0 DEOPT UNPACKING pc=0x000002725dc223a3 sp=0x0000007853af45d8 mode 2
Event: 20.433 Thread 0x0000027276d12ed0 Uncommon trap: trap_request=0xffffff76 fr.pc=0x0000027265b45d40 relative=0x00000000000001a0
Event: 20.433 Thread 0x0000027276d12ed0 Uncommon trap: reason=predicate action=maybe_recompile pc=0x0000027265b45d40 method=java.util.LinkedHashMap.keysToArray([Ljava/lang/Object;)[Ljava/lang/Object; @ 12 c2
Event: 20.433 Thread 0x0000027276d12ed0 DEOPT PACKING pc=0x0000027265b45d40 sp=0x0000007853af2a90
Event: 20.433 Thread 0x0000027276d12ed0 DEOPT UNPACKING pc=0x000002725dc223a3 sp=0x0000007853af2a48 mode 2

Classes unloaded (0 events):
No events

Classes redefined (0 events):
No events

Internal exceptions (20 events):
Event: 16.288 Thread 0x0000027276d12ed0 Exception <a 'java/lang/ClassNotFoundException'{0x000000008a8b42f0}: org/jetbrains/kotlin/gradle/targets/js/npm/DefaultDevNpmDependencyExtensionBeanInfo> (0x000000008a8b42f0) 
thrown [t:\workspace\open\src\hotspot\share\classfile\systemDictionary.cpp, line 256]
Event: 16.288 Thread 0x0000027276d12ed0 Exception <a 'java/lang/ClassNotFoundException'{0x000000008a8c0a58}: org/jetbrains/kotlin/gradle/targets/js/npm/DefaultDevNpmDependencyExtensionCustomizer> (0x000000008a8c0a58) 
thrown [t:\workspace\open\src\hotspot\share\classfile\systemDictionary.cpp, line 256]
Event: 16.291 Thread 0x0000027276d12ed0 Exception <a 'java/lang/ClassNotFoundException'{0x000000008a8fb2c8}: org/jetbrains/kotlin/gradle/targets/js/npm/DefaultPeerNpmDependencyExtensionBeanInfo> (0x000000008a8fb2c8) 
thrown [t:\workspace\open\src\hotspot\share\classfile\systemDictionary.cpp, line 256]
Event: 16.292 Thread 0x0000027276d12ed0 Exception <a 'java/lang/ClassNotFoundException'{0x000000008a707f50}: org/jetbrains/kotlin/gradle/targets/js/npm/DefaultPeerNpmDependencyExtensionCustomizer> (0x000000008a707f50) 
thrown [t:\workspace\open\src\hotspot\share\classfile\systemDictionary.cpp, line 256]
Event: 16.295 Thread 0x0000027276d12ed0 Exception <a 'java/lang/ClassNotFoundException'{0x000000008a749fb8}: org/jetbrains/kotlin/gradle/targets/js/npm/DefaultPeerNpmDependencyExtension$delegate$1BeanInfo> (0x000000008a749fb8) 
thrown [t:\workspace\open\src\hotspot\share\classfile\systemDictionary.cpp, line 256]
Event: 16.295 Thread 0x0000027276d12ed0 Exception <a 'java/lang/ClassNotFoundException'{0x000000008a756a38}: org/jetbrains/kotlin/gradle/targets/js/npm/DefaultPeerNpmDependencyExtension$delegate$1Customizer> (0x000000008a756a38) 
thrown [t:\workspace\open\src\hotspot\share\classfile\systemDictionary.cpp, line 256]
Event: 16.644 Thread 0x0000027276d12ed0 Exception <a 'java/lang/NoSuchMethodError'{0x00000000893d2790}: 'void java.lang.invoke.DirectMethodHandle$Holder.invokeVirtual(java.lang.Object, java.lang.Object)'> (0x00000000893d2790) 
thrown [t:\workspace\open\src\hotspot\share\interpreter\linkResolver.cpp, line 766]
Event: 16.771 Thread 0x0000027276d12ed0 Exception <a 'java/lang/NoSuchMethodError'{0x0000000088c05208}: 'int java.lang.invoke.DelegatingMethodHandle$Holder.reinvoke_L(java.lang.Object, java.lang.Object, java.lang.Object, long, int, int)'> (0x0000000088c05208) 
thrown [t:\workspace\open\src\hotspot\share\interpreter\linkResolver.cpp, line 766]
Event: 16.772 Thread 0x0000027276d12ed0 Exception <a 'java/lang/NoSuchMethodError'{0x0000000088c15040}: 'int java.lang.invoke.DelegatingMethodHandle$Holder.reinvoke_L(java.lang.Object, java.lang.Object, java.lang.Object, long, long, long)'> (0x0000000088c15040) 
thrown [t:\workspace\open\src\hotspot\share\interpreter\linkResolver.cpp, line 766]
Event: 16.773 Thread 0x0000027276d12ed0 Exception <a 'java/lang/NoSuchMethodError'{0x0000000088c25180}: 'int java.lang.invoke.DelegatingMethodHandle$Holder.reinvoke_L(java.lang.Object, java.lang.Object, java.lang.Object, long, java.lang.Object, java.lang.Object)'> (0x0000000088c25180) 
thrown [t:\workspace\open\src\hotspot\share\interpreter\linkResolver.cpp, line 766]
Event: 16.774 Thread 0x0000027276d12ed0 Exception <a 'java/lang/NoSuchMethodError'{0x0000000088c35108}: 'void java.lang.invoke.DelegatingMethodHandle$Holder.reinvoke_L(java.lang.Object, java.lang.Object, java.lang.Object, long, java.lang.Object)'> (0x0000000088c35108) 
thrown [t:\workspace\open\src\hotspot\share\interpreter\linkResolver.cpp, line 766]
Event: 16.775 Thread 0x0000027276d12ed0 Exception <a 'java/lang/NoSuchMethodError'{0x0000000088c3d9f8}: 'java.lang.Object java.lang.invoke.DirectMethodHandle$Holder.invokeSpecial(java.lang.Object, java.lang.Object, java.lang.Object, java.lang.Object, long)'> (0x0000000088c3d9f8) 
thrown [t:\workspace\open\src\hotspot\share\interpreter\linkResolver.cpp, line 766]
Event: 16.778 Thread 0x0000027276d12ed0 Exception <a 'java/lang/NoSuchMethodError'{0x0000000088c62930}: 'long java.lang.invoke.Invokers$Holder.invoke_MT(java.lang.Object, java.lang.Object, java.lang.Object, java.lang.Object)'> (0x0000000088c62930) 
thrown [t:\workspace\open\src\hotspot\share\interpreter\linkResolver.cpp, line 766]
Event: 16.779 Thread 0x0000027276d12ed0 Exception <a 'java/lang/NoSuchMethodError'{0x0000000088c6b9f8}: 'int java.lang.invoke.Invokers$Holder.invoke_MT(java.lang.Object, java.lang.Object, java.lang.Object, java.lang.Object)'> (0x0000000088c6b9f8) 
thrown [t:\workspace\open\src\hotspot\share\interpreter\linkResolver.cpp, line 766]
Event: 16.780 Thread 0x0000027276d12ed0 Exception <a 'java/lang/NoSuchMethodError'{0x0000000088c7c9d0}: 'int java.lang.invoke.DelegatingMethodHandle$Holder.reinvoke_L(java.lang.Object, java.lang.Object, java.lang.Object, long, int)'> (0x0000000088c7c9d0) 
thrown [t:\workspace\open\src\hotspot\share\interpreter\linkResolver.cpp, line 766]
Event: 16.781 Thread 0x0000027276d12ed0 Exception <a 'java/lang/NoSuchMethodError'{0x0000000088c901d0}: 'java.lang.Object java.lang.invoke.Invokers$Holder.invokeExact_MT(java.lang.Object, java.lang.Object, long, java.lang.Object)'> (0x0000000088c901d0) 
thrown [t:\workspace\open\src\hotspot\share\interpreter\linkResolver.cpp, line 766]
Event: 16.958 Thread 0x0000027276d12ed0 Exception <a 'java/lang/NoSuchMethodError'{0x000000008b19b370}: 'java.lang.Object java.lang.invoke.DirectMethodHandle$Holder.invokeStaticInit(java.lang.Object, int)'> (0x000000008b19b370) 
thrown [t:\workspace\open\src\hotspot\share\interpreter\linkResolver.cpp, line 766]
Event: 17.037 Thread 0x0000027276d12ed0 Exception <a 'java/lang/NoSuchMethodError'{0x000000008ae79fc0}: 'long java.lang.invoke.DirectMethodHandle$Holder.invokeStatic(java.lang.Object)'> (0x000000008ae79fc0) 
thrown [t:\workspace\open\src\hotspot\share\interpreter\linkResolver.cpp, line 766]
Event: 17.038 Thread 0x0000027276d12ed0 Exception <a 'java/lang/NoSuchMethodError'{0x000000008ae7eba8}: 'long java.lang.invoke.DirectMethodHandle$Holder.invokeStaticInit(java.lang.Object)'> (0x000000008ae7eba8) 
thrown [t:\workspace\open\src\hotspot\share\interpreter\linkResolver.cpp, line 766]
Event: 18.280 Thread 0x0000027276d12ed0 Exception <a 'java/lang/NoSuchMethodError'{0x0000000088cba228}: 'java.lang.Object java.lang.invoke.Invokers$Holder.invoke_MT(java.lang.Object, java.lang.Object, java.lang.Object)'> (0x0000000088cba228) 
thrown [t:\workspace\open\src\hotspot\share\interpreter\linkResolver.cpp, line 766]

VM Operations (20 events):
Event: 18.404 Executing VM operation: G1Concurrent done
Event: 18.439 Executing VM operation: G1Concurrent
Event: 18.439 Executing VM operation: G1Concurrent done
Event: 18.747 Executing VM operation: G1CollectForAllocation
Event: 18.762 Executing VM operation: G1CollectForAllocation done
Event: 19.031 Executing VM operation: G1CollectForAllocation
Event: 19.046 Executing VM operation: G1CollectForAllocation done
Event: 19.121 Executing VM operation: G1Concurrent
Event: 19.125 Executing VM operation: G1Concurrent done
Event: 19.141 Executing VM operation: HandshakeAllThreads
Event: 19.141 Executing VM operation: HandshakeAllThreads done
Event: 19.159 Executing VM operation: G1Concurrent
Event: 19.160 Executing VM operation: G1Concurrent done
Event: 19.550 Executing VM operation: G1CollectForAllocation
Event: 19.556 Executing VM operation: G1CollectForAllocation done
Event: 19.690 Executing VM operation: G1CollectForAllocation
Event: 19.693 Executing VM operation: G1CollectForAllocation done
Event: 20.339 Executing VM operation: G1CollectForAllocation
Event: 20.346 Executing VM operation: G1CollectForAllocation done
Event: 20.463 Executing VM operation: G1Concurrent

Events (20 events):
Event: 18.278 loading class java/nio/channels/FileChannel$MapMode
Event: 18.278 loading class java/nio/channels/FileChannel$MapMode done
Event: 18.278 loading class jdk/internal/misc/ExtendedMapMode
Event: 18.279 loading class jdk/internal/misc/ExtendedMapMode done
Event: 18.286 loading class sun/nio/ch/FileChannelImpl$DefaultUnmapper
Event: 18.286 loading class sun/nio/ch/FileChannelImpl$Unmapper
Event: 18.286 loading class jdk/internal/access/foreign/UnmapperProxy
Event: 18.286 loading class jdk/internal/access/foreign/UnmapperProxy done
Event: 18.286 loading class sun/nio/ch/FileChannelImpl$Unmapper done
Event: 18.286 loading class sun/nio/ch/FileChannelImpl$DefaultUnmapper done
Event: 18.286 loading class sun/nio/ch/Util$4
Event: 18.286 loading class sun/nio/ch/Util$4 done
Event: 18.288 loading class java/io/UTFDataFormatException
Event: 18.288 loading class java/io/UTFDataFormatException done
Event: 18.311 loading class sun/nio/fs/WindowsFileAttributeViews$Dos
Event: 18.311 loading class sun/nio/fs/WindowsFileAttributeViews$Dos done
Event: 18.971 loading class java/nio/channels/Channels$ReadableByteChannelImpl
Event: 18.971 loading class java/nio/channels/Channels$ReadableByteChannelImpl done
Event: 18.971 loading class java/nio/channels/NonWritableChannelException
Event: 18.971 loading class java/nio/channels/NonWritableChannelException done


Dynamic libraries:
0x00007ff7ba280000 - 0x00007ff7ba290000 	C:\Program Files\Java\jdk-17.0.1\bin\java.exe
0x00007ffc88610000 - 0x00007ffc88808000 	C:\WINDOWS\SYSTEM32\ntdll.dll
0x00007ffc87380000 - 0x00007ffc8743d000 	C:\WINDOWS\System32\KERNEL32.DLL
0x00007ffc861e0000 - 0x00007ffc864d6000 	C:\WINDOWS\System32\KERNELBASE.dll
0x00007ffc860e0000 - 0x00007ffc861e0000 	C:\WINDOWS\System32\ucrtbase.dll
0x00007ffc5c880000 - 0x00007ffc5c89a000 	C:\Program Files\Java\jdk-17.0.1\bin\VCRUNTIME140.dll
0x00007ffc5dc60000 - 0x00007ffc5dc78000 	C:\Program Files\Java\jdk-17.0.1\bin\jli.dll
0x00007ffc86e70000 - 0x00007ffc86f1e000 	C:\WINDOWS\System32\ADVAPI32.dll
0x00007ffc86f20000 - 0x00007ffc86fbe000 	C:\WINDOWS\System32\msvcrt.dll
0x00007ffc880a0000 - 0x00007ffc8813c000 	C:\WINDOWS\System32\sechost.dll
0x00007ffc88140000 - 0x00007ffc88266000 	C:\WINDOWS\System32\RPCRT4.dll
0x00007ffc870f0000 - 0x00007ffc8728e000 	C:\WINDOWS\System32\USER32.dll
0x00007ffc85d90000 - 0x00007ffc85db2000 	C:\WINDOWS\System32\win32u.dll
0x00007ffc88070000 - 0x00007ffc8809c000 	C:\WINDOWS\System32\GDI32.dll
0x00007ffc727d0000 - 0x00007ffc72a6a000 	C:\WINDOWS\WinSxS\amd64_microsoft.windows.common-controls_6595b64144ccf1df_6.0.19041.1110_none_60b5254171f9507e\COMCTL32.dll
0x00007ffc864e0000 - 0x00007ffc865fa000 	C:\WINDOWS\System32\gdi32full.dll
0x00007ffc85cf0000 - 0x00007ffc85d8d000 	C:\WINDOWS\System32\msvcp_win.dll
0x00007ffc7f940000 - 0x00007ffc7f94a000 	C:\WINDOWS\SYSTEM32\VERSION.dll
0x00007ffc866f0000 - 0x00007ffc86720000 	C:\WINDOWS\System32\IMM32.DLL
0x00007ffc79240000 - 0x00007ffc7924c000 	C:\Program Files\Java\jdk-17.0.1\bin\vcruntime140_1.dll
0x00007ffc55f10000 - 0x00007ffc55f9d000 	C:\Program Files\Java\jdk-17.0.1\bin\msvcp140.dll
0x00007ffc4d3c0000 - 0x00007ffc4df7e000 	C:\Program Files\Java\jdk-17.0.1\bin\server\jvm.dll
0x00007ffc87960000 - 0x00007ffc87968000 	C:\WINDOWS\System32\PSAPI.DLL
0x00007ffc79370000 - 0x00007ffc79379000 	C:\WINDOWS\SYSTEM32\WSOCK32.dll
0x00007ffc7b7e0000 - 0x00007ffc7b807000 	C:\WINDOWS\SYSTEM32\WINMM.dll
0x00007ffc874a0000 - 0x00007ffc8750b000 	C:\WINDOWS\System32\WS2_32.dll
0x00007ffc83b60000 - 0x00007ffc83b72000 	C:\WINDOWS\SYSTEM32\kernel.appcore.dll
0x00007ffc74630000 - 0x00007ffc7463a000 	C:\Program Files\Java\jdk-17.0.1\bin\jimage.dll
0x00007ffc7e840000 - 0x00007ffc7ea24000 	C:\WINDOWS\SYSTEM32\DBGHELP.DLL
0x00007ffc70890000 - 0x00007ffc708c4000 	C:\WINDOWS\SYSTEM32\dbgcore.DLL
0x00007ffc86000000 - 0x00007ffc86082000 	C:\WINDOWS\System32\bcryptPrimitives.dll
0x00007ffc55ee0000 - 0x00007ffc55f05000 	C:\Program Files\Java\jdk-17.0.1\bin\java.dll
0x00007ffc55790000 - 0x00007ffc55866000 	C:\Program Files\Java\jdk-17.0.1\bin\svml.dll
0x00007ffc86720000 - 0x00007ffc86e65000 	C:\WINDOWS\System32\SHELL32.dll
0x00007ffc83d60000 - 0x00007ffc844fb000 	C:\WINDOWS\SYSTEM32\windows.storage.dll
0x00007ffc88270000 - 0x00007ffc885c4000 	C:\WINDOWS\System32\combase.dll
0x00007ffc85580000 - 0x00007ffc855ae000 	C:\WINDOWS\SYSTEM32\Wldp.dll
0x00007ffc87640000 - 0x00007ffc876ed000 	C:\WINDOWS\System32\SHCORE.dll
0x00007ffc87440000 - 0x00007ffc87495000 	C:\WINDOWS\System32\shlwapi.dll
0x00007ffc85c20000 - 0x00007ffc85c45000 	C:\WINDOWS\SYSTEM32\profapi.dll
0x00007ffc5c860000 - 0x00007ffc5c879000 	C:\Program Files\Java\jdk-17.0.1\bin\net.dll
0x00007ffc7df70000 - 0x00007ffc7e07a000 	C:\WINDOWS\SYSTEM32\WINHTTP.dll
0x00007ffc85360000 - 0x00007ffc853ca000 	C:\WINDOWS\system32\mswsock.dll
0x00007ffc5c640000 - 0x00007ffc5c655000 	C:\Program Files\Java\jdk-17.0.1\bin\nio.dll
0x00007ffc55ec0000 - 0x00007ffc55ed8000 	C:\Program Files\Java\jdk-17.0.1\bin\zip.dll
0x00007ffc73f60000 - 0x00007ffc73f70000 	C:\Program Files\Java\jdk-17.0.1\bin\verify.dll
0x00007ffc5db30000 - 0x00007ffc5db57000 	C:\Users\Rizky\.gradle\native\68d5fa5c4cc2d200863cafc0d521ce42e7d3e7ee720ec0a83991735586a16f82\windows-amd64\native-platform.dll
0x00007ffc5c6d0000 - 0x00007ffc5c814000 	C:\Users\Rizky\.gradle\native\e376f236ea51e6404a007f0833ffe2c6e607c4080706a723a18a27aeea778392\windows-amd64\native-platform-file-events.dll
0x00007ffc730e0000 - 0x00007ffc730e9000 	C:\Program Files\Java\jdk-17.0.1\bin\management.dll
0x00007ffc72d10000 - 0x00007ffc72d1b000 	C:\Program Files\Java\jdk-17.0.1\bin\management_ext.dll
0x00007ffc855c0000 - 0x00007ffc855d8000 	C:\WINDOWS\SYSTEM32\CRYPTSP.dll
0x00007ffc84c90000 - 0x00007ffc84cc4000 	C:\WINDOWS\system32\rsaenh.dll
0x00007ffc85dc0000 - 0x00007ffc85de7000 	C:\WINDOWS\System32\bcrypt.dll
0x00007ffc85be0000 - 0x00007ffc85c0e000 	C:\WINDOWS\SYSTEM32\USERENV.dll
0x00007ffc854f0000 - 0x00007ffc854fc000 	C:\WINDOWS\SYSTEM32\CRYPTBASE.dll
0x00007ffc85070000 - 0x00007ffc850ab000 	C:\WINDOWS\SYSTEM32\IPHLPAPI.DLL
0x00007ffc87290000 - 0x00007ffc87298000 	C:\WINDOWS\System32\NSI.dll
0x00007ffc7f1e0000 - 0x00007ffc7f1f7000 	C:\WINDOWS\SYSTEM32\dhcpcsvc6.DLL
0x00007ffc7f1c0000 - 0x00007ffc7f1dd000 	C:\WINDOWS\SYSTEM32\dhcpcsvc.DLL
0x00007ffc850b0000 - 0x00007ffc8517a000 	C:\WINDOWS\SYSTEM32\DNSAPI.dll
0x00007ffc6d550000 - 0x00007ffc6d55e000 	C:\Program Files\Java\jdk-17.0.1\bin\sunmscapi.dll
0x00007ffc85df0000 - 0x00007ffc85f4e000 	C:\WINDOWS\System32\CRYPT32.dll
0x00007ffc857a0000 - 0x00007ffc857c8000 	C:\WINDOWS\SYSTEM32\ncrypt.dll
0x00007ffc85760000 - 0x00007ffc8579b000 	C:\WINDOWS\SYSTEM32\NTASN1.dll
0x00007ffc81920000 - 0x00007ffc81927000 	C:\WINDOWS\system32\wshunix.dll

dbghelp: loaded successfully - version: 4.0.5 - missing functions: none
symbol engine: initialized successfully - sym options: 0x614 - pdb path: .;C:\Program Files\Java\jdk-17.0.1\bin;C:\WINDOWS\SYSTEM32;C:\WINDOWS\WinSxS\amd64_microsoft.windows.common-controls_6595b64144ccf1df_6.0.19041.1110_none_60b5254171f9507e;C:\Program Files\Java\jdk-17.0.1\bin\server;C:\Users\Rizky\.gradle\native\68d5fa5c4cc2d200863cafc0d521ce42e7d3e7ee720ec0a83991735586a16f82\windows-amd64;C:\Users\Rizky\.gradle\native\e376f236ea51e6404a007f0833ffe2c6e607c4080706a723a18a27aeea778392\windows-amd64

VM Arguments:
jvm_args: --add-opens=java.base/java.util=ALL-UNNAMED --add-opens=java.base/java.lang=ALL-UNNAMED --add-opens=java.base/java.lang.invoke=ALL-UNNAMED --add-opens=java.prefs/java.util.prefs=ALL-UNNAMED --add-opens=java.base/java.nio.charset=ALL-UNNAMED --add-opens=java.base/java.net=ALL-UNNAMED --add-opens=java.base/java.util.concurrent.atomic=ALL-UNNAMED -Xmx2048m -Dfile.encoding=UTF-8 -Duser.country=ID -Duser.language=en -Duser.variant 
java_command: org.gradle.launcher.daemon.bootstrap.GradleDaemon 8.0
java_class_path (initial): C:\Users\Rizky\.gradle\wrapper\dists\gradle-8.0-bin\ca5e32bp14vu59qr306oxotwh\gradle-8.0\lib\gradle-launcher-8.0.jar
Launcher Type: SUN_STANDARD

[Global flags]
     intx CICompilerCount                          = 4                                         {product} {ergonomic}
     uint ConcGCThreads                            = 2                                         {product} {ergonomic}
     uint G1ConcRefinementThreads                  = 8                                         {product} {ergonomic}
   size_t G1HeapRegionSize                         = 1048576                                   {product} {ergonomic}
    uintx GCDrainStackTargetSize                   = 64                                        {product} {ergonomic}
   size_t InitialHeapSize                          = 132120576                                 {product} {ergonomic}
   size_t MarkStackSize                            = 4194304                                   {product} {ergonomic}
   size_t MaxHeapSize                              = 2147483648                                {product} {command line}
   size_t MaxNewSize                               = 1287651328                                {product} {ergonomic}
   size_t MinHeapDeltaBytes                        = 1048576                                   {product} {ergonomic}
   size_t MinHeapSize                              = 8388608                                   {product} {ergonomic}
    uintx NonNMethodCodeHeapSize                   = 5839372                                {pd product} {ergonomic}
    uintx NonProfiledCodeHeapSize                  = 122909434                              {pd product} {ergonomic}
    uintx ProfiledCodeHeapSize                     = 122909434                              {pd product} {ergonomic}
    uintx ReservedCodeCacheSize                    = 251658240                              {pd product} {ergonomic}
     bool SegmentedCodeCache                       = true                                      {product} {ergonomic}
   size_t SoftMaxHeapSize                          = 2147483648                             {manageable} {ergonomic}
     bool UseCompressedClassPointers               = true                           {product lp64_product} {ergonomic}
     bool UseCompressedOops                        = true                           {product lp64_product} {ergonomic}
     bool UseG1GC                                  = true                                      {product} {ergonomic}
     bool UseLargePagesIndividualAllocation        = false                                  {pd product} {ergonomic}

Logging:
Log output configuration:
 #0: stdout all=warning uptime,level,tags
 #1: stderr all=off uptime,level,tags

Environment Variables:
JAVA_HOME=C:\Program Files\Java\jdk-17.0.1
CLASSPATH=.;
PATH=C:\Program Files\Eclipse Adoptium\jdk-17.0.7.7-hotspot\bin;C:\Program Files (x86)\Common Files\Oracle\Java\javapath;C:\Program Files (x86)\NVIDIA Corporation\PhysX\Common;C:\Python310\Scripts\;C:\Python310\;C:\Program Files\Common Files\Oracle\Java\javapath;C:\WINDOWS\system32;C:\WINDOWS;C:\WINDOWS\System32\Wbem;C:\WINDOWS\System32\WindowsPowerShell\v1.0\;C:\WINDOWS\System32\OpenSSH\;C:\ProgramData\chocolatey\bin;C:\Users\Rizky\AppData\Local\Android\Sdk;C:\Users\Rizky\AppData\Local\Android\Sdk\platform-tools;C:\Program Files\Java\jdk1.8.0_211\bin;C:\Program Files\Java\jdk1.8.0_202\bin;C:\xampp\php;C:\ProgramData\ComposerSetup\bin;C:\Users\Rizky\AppData\Local\Android\Sdk\platform-tools;C:\Program Files\nodejs\;C:\Program Files\MongoDB\Server\5.0\bin;C:\Program Files\PowerShell\7\;C:\Program Files\Git\cmd;C:\hadoop\bin;C:\Windows\system32\cmd.exe\bin;C:\hadoop\sbin;C:\Python310;C:\xampp\htdocs\frontend-programming\movie-database\node_modules;";C:\Program Files\Java\jdk-17.0.1\bin";C:\Gradle\gradle-8.1.1\bin;C:\Users\Rizky\AppData\Local\Microsoft\WindowsApps;C:\Users\Rizky\AppData\Local\Android\Sdk\platform-tools;C:\Users\Rizky\AppData\Local\Programs\Microsoft VS Code\bin;C:\Users\Rizky\AppData\Roaming\Composer\vendor\bin;C:\Users\Rizky\AppData\Roaming\npm;C:\src\flutter\bin;C:\xampp\htdocs\frontend-programming\movie-database\node_modules;
USERNAME=Rizky
OS=Windows_NT
PROCESSOR_IDENTIFIER=Intel64 Family 6 Model 58 Stepping 9, GenuineIntel



---------------  S Y S T E M  ---------------

OS:
 Windows 10 , 64 bit Build 19041 (10.0.19041.3393)
OS uptime: 0 days 11:52 hours
Hyper-V role detected

CPU: total 8 (initial active 8) (4 cores per cpu, 2 threads per core) family 6 model 58 stepping 9 microcode 0x21, cx8, cmov, fxsr, ht, mmx, sse, sse2, sse3, ssse3, sse4.1, sse4.2, popcnt, tsc, tscinvbit, avx, aes, erms, clmul, vzeroupper, clflush, hv

Memory: 4k page, system-wide physical 8063M (333M free)
TotalPageFile size 18303M (AvailPageFile size 20M)
current process WorkingSet (physical memory assigned to process): 457M, peak: 467M
current process commit charge ("private bytes"): 517M, peak: 535M

vm_info: Java HotSpot(TM) 64-Bit Server VM (17.0.1+12-LTS-39) for windows-amd64 JRE (17.0.1+12-LTS-39), built on Sep 27 2021 18:41:35 by "mach5one" with MS VC++ 16.8 (VS2019)

END.
