#
# There is insufficient memory for the Java Runtime Environment to continue.
# Native memory allocation (mmap) failed to map 89128960 bytes for G1 virtual space
# Possible reasons:
#   The system is out of physical RAM or swap space
#   The process is running with CompressedOops enabled, and the Java Heap may be blocking the growth of the native heap
# Possible solutions:
#   Reduce memory load on the system
#   Increase physical memory or swap space
#   Check if swap backing store is full
#   Decrease Java heap size (-Xmx/-Xms)
#   Decrease number of Java threads
#   Decrease Java thread stack sizes (-Xss)
#   Set larger code cache with -XX:ReservedCodeCacheSize=
#   JVM is running with Unscaled Compressed Oops mode in which the Java heap is
#     placed in the first 4GB address space. The Java Heap base address is the
#     maximum limit for the native heap growth. Please use -XX:HeapBaseMinAddress
#     to set the Java Heap base and to place the Java Heap above 4GB virtual address.
# This output file may be truncated or incomplete.
#
#  Out of Memory Error (os_windows.cpp:3600), pid=10644, tid=7524
#
# JRE version: OpenJDK Runtime Environment (21.0+35) (build 21+35-2513)
# Java VM: OpenJDK 64-Bit Server VM (21+35-2513, mixed mode, sharing, tiered, compressed oops, compressed class ptrs, g1 gc, windows-amd64)
# No core dump will be written. Minidumps are not enabled by default on client versions of Windows
#

---------------  S U M M A R Y ------------

Command Line: --add-opens=java.base/java.util=ALL-UNNAMED --add-opens=java.base/java.lang=ALL-UNNAMED --add-opens=java.base/java.lang.invoke=ALL-UNNAMED --add-opens=java.prefs/java.util.prefs=ALL-UNNAMED --add-opens=java.base/java.nio.charset=ALL-UNNAMED --add-opens=java.base/java.net=ALL-UNNAMED --add-opens=java.base/java.util.concurrent.atomic=ALL-UNNAMED -Xmx2048m -Dfile.encoding=UTF-8 -Duser.country=ID -Duser.language=en -Duser.variant org.gradle.launcher.daemon.bootstrap.GradleDaemon 8.0

Host: Intel(R) Core(TM) i7-3770 CPU @ 3.40GHz, 8 cores, 7G,  Windows 10 , 64 bit Build 19041 (10.0.19041.3570)
Time: Mon Oct 16 22:40:44 2023 SE Asia Standard Time elapsed time: 15.851121 seconds (0d 0h 0m 15s)

---------------  T H R E A D  ---------------

Current thread (0x00000206d3159b20):  VMThread "VM Thread"          [id=7524, stack(0x000000c561600000,0x000000c561700000) (1024K)]

Stack: [0x000000c561600000,0x000000c561700000]
Native frames: (J=compiled Java code, j=interpreted, Vv=VM code, C=native code)
V  [jvm.dll+0x6c8d39]
V  [jvm.dll+0x854091]
V  [jvm.dll+0x85630e]
V  [jvm.dll+0x8569e3]
V  [jvm.dll+0x2809a6]
V  [jvm.dll+0x6c5425]
V  [jvm.dll+0x6b9e1a]
V  [jvm.dll+0x3555ba]
V  [jvm.dll+0x35d206]
V  [jvm.dll+0x3adf6e]
V  [jvm.dll+0x3ae218]
V  [jvm.dll+0x328fcc]
V  [jvm.dll+0x32b876]
V  [jvm.dll+0x3357ce]
V  [jvm.dll+0x36ba35]
V  [jvm.dll+0x85c4e8]
V  [jvm.dll+0x85d5e4]
V  [jvm.dll+0x85db20]
V  [jvm.dll+0x85ddc3]
V  [jvm.dll+0x7fd2c8]
V  [jvm.dll+0x6c748d]
C  [ucrtbase.dll+0x21bb2]
C  [KERNEL32.DLL+0x17344]
C  [ntdll.dll+0x526b1]

VM_Operation (0x000000c5611ff650): G1PauseRemark, mode: safepoint, requested by thread 0x00000206b6840a90


---------------  P R O C E S S  ---------------

Threads class SMR info:
_java_thread_list=0x000002071e2dbe50, length=138, elements={
0x00000206b4740ad0, 0x00000206d317e5d0, 0x00000206d317ef00, 0x00000206d3184fb0,
0x00000206d3185620, 0x00000206d318bcb0, 0x00000206d318fbf0, 0x00000206d3193f60,
0x00000206d3196620, 0x00000206d318db20, 0x00000206d318d490, 0x00000206d318e1b0,
0x00000206d318e840, 0x00000206d318eed0, 0x00000206d318c770, 0x00000206d318ce00,
0x0000020719c04710, 0x0000020719c05430, 0x0000020719c02cd0, 0x0000020719c01920,
0x0000020719c039f0, 0x0000020719c01fb0, 0x0000020719c06150, 0x0000020719c067e0,
0x0000020719c04080, 0x0000020719c03360, 0x0000020719c07500, 0x0000020719c08220,
0x0000020719c07b90, 0x0000020719c01290, 0x0000020719c05ac0, 0x0000020719c088b0,
0x0000020719c02640, 0x0000020719c04da0, 0x000002071a89f370, 0x000002071a89fa00,
0x000002071a89ece0, 0x000002071a89dfc0, 0x000002071a8a0db0, 0x000002071a8a0090,
0x000002071a8a2160, 0x000002071a8a2e80, 0x000002071a89bef0, 0x000002071a89c580,
0x000002071a89d2a0, 0x000002071a89d930, 0x000002071cd5ca40, 0x000002071cd5e480,
0x000002071cd5eb10, 0x000002071cd5ddf0, 0x000002071cd5b690, 0x000002071cd58210,
0x000002071cd5d0d0, 0x000002071cd5bd20, 0x000002071cd5a2e0, 0x000002071cd59c50,
0x000002071cd57b80, 0x000002071cd5a970, 0x000002071cd5b000, 0x000002071cd588a0,
0x000002071cd5d760, 0x000002071cd5c3b0, 0x000002071cd5f1a0, 0x000002071cd58f30,
0x000002071cd595c0, 0x000002071926c4e0, 0x0000020719271a30, 0x00000207192720c0,
0x000002071926f960, 0x000002071926fff0, 0x0000020719272de0, 0x000002071926e5b0,
0x000002071926df20, 0x000002071926d200, 0x0000020719270680, 0x0000020719270d10,
0x000002071926be50, 0x00000207192713a0, 0x000002071926ec40, 0x0000020719273470,
0x0000020719272750, 0x000002071926cb70, 0x000002071926d890, 0x000002071926f2d0,
0x000002071cea0420, 0x000002071cea1e60, 0x000002071cea1140, 0x000002071cea3210,
0x000002071cea0ab0, 0x000002071cea17d0, 0x000002071ce9f700, 0x000002071ce9f070,
0x000002071cea24f0, 0x000002071ce9e350, 0x000002071cea3f30, 0x000002071cea38a0,
0x000002071ce9cfa0, 0x000002071cea2b80, 0x000002071ce9dcc0, 0x000002071ce9e9e0,
0x000002071cea45c0, 0x000002071ce9d630, 0x000002071ce9fd90, 0x000002071ab46260,
0x000002071ab43470, 0x000002071ab44190, 0x000002071ab43b00, 0x000002071ab44820,
0x000002071ab45540, 0x000002071ab44eb0, 0x000002071ab45bd0, 0x000002071ab468f0,
0x000002071c280b60, 0x000002071c282c30, 0x000002071c2811f0, 0x000002071c27c9c0,
0x000002071c27bca0, 0x000002071c281880, 0x000002071c27d050, 0x000002071c2832c0,
0x000002071c27ea90, 0x000002071c27e400, 0x000002071c27d6e0, 0x000002071c27c330,
0x000002071c27dd70, 0x000002071c2825a0, 0x000002071cfd88b0, 0x000002071f1e6350,
0x000002071cfd5ac0, 0x000002071cfd6150, 0x000002071cfd67e0, 0x000002071cfd2cd0,
0x000002071cfd7500, 0x000002071cfd1920, 0x000002071cfd8f40, 0x000002071cfd2640,
0x000002071cfd39f0, 0x000002071f093930
}

Java Threads: ( => current thread )
  0x00000206b4740ad0 JavaThread "main"                              [_thread_blocked, id=4404, stack(0x000000c560f00000,0x000000c561000000) (1024K)]
  0x00000206d317e5d0 JavaThread "Reference Handler"          daemon [_thread_blocked, id=12828, stack(0x000000c561700000,0x000000c561800000) (1024K)]
  0x00000206d317ef00 JavaThread "Finalizer"                  daemon [_thread_blocked, id=8328, stack(0x000000c561800000,0x000000c561900000) (1024K)]
  0x00000206d3184fb0 JavaThread "Signal Dispatcher"          daemon [_thread_blocked, id=17240, stack(0x000000c561900000,0x000000c561a00000) (1024K)]
  0x00000206d3185620 JavaThread "Attach Listener"            daemon [_thread_blocked, id=13904, stack(0x000000c561a00000,0x000000c561b00000) (1024K)]
  0x00000206d318bcb0 JavaThread "Service Thread"             daemon [_thread_blocked, id=11036, stack(0x000000c561b00000,0x000000c561c00000) (1024K)]
  0x00000206d318fbf0 JavaThread "Monitor Deflation Thread"   daemon [_thread_blocked, id=8168, stack(0x000000c561c00000,0x000000c561d00000) (1024K)]
  0x00000206d3193f60 JavaThread "C2 CompilerThread0"         daemon [_thread_blocked, id=10928, stack(0x000000c561d00000,0x000000c561e00000) (1024K)]
  0x00000206d3196620 JavaThread "C1 CompilerThread0"         daemon [_thread_blocked, id=4272, stack(0x000000c561e00000,0x000000c561f00000) (1024K)]
  0x00000206d318db20 JavaThread "Common-Cleaner"             daemon [_thread_blocked, id=14048, stack(0x000000c561f00000,0x000000c562000000) (1024K)]
  0x00000206d318d490 JavaThread "Notification Thread"        daemon [_thread_blocked, id=14284, stack(0x000000c562000000,0x000000c562100000) (1024K)]
  0x00000206d318e1b0 JavaThread "Daemon health stats"               [_thread_blocked, id=9936, stack(0x000000c562700000,0x000000c562800000) (1024K)]
  0x00000206d318e840 JavaThread "Incoming local TCP Connector on port 62140"        [_thread_in_native, id=15292, stack(0x000000c562800000,0x000000c562900000) (1024K)]
  0x00000206d318eed0 JavaThread "Daemon periodic checks"            [_thread_blocked, id=15140, stack(0x000000c562900000,0x000000c562a00000) (1024K)]
  0x00000206d318c770 JavaThread "Daemon"                            [_thread_blocked, id=5832, stack(0x000000c562a00000,0x000000c562b00000) (1024K)]
  0x00000206d318ce00 JavaThread "Handler for socket connection from /127.0.0.1:62140 to /127.0.0.1:62141"        [_thread_in_native, id=13212, stack(0x000000c562b00000,0x000000c562c00000) (1024K)]
  0x0000020719c04710 JavaThread "Cancel handler"                    [_thread_blocked, id=5308, stack(0x000000c562c00000,0x000000c562d00000) (1024K)]
  0x0000020719c05430 JavaThread "Daemon worker"                     [_thread_blocked, id=1540, stack(0x000000c562d00000,0x000000c562e00000) (1024K)]
  0x0000020719c02cd0 JavaThread "Asynchronous log dispatcher for DefaultDaemonConnection: socket connection from /127.0.0.1:62140 to /127.0.0.1:62141"        [_thread_blocked, id=16676, stack(0x000000c562e00000,0x000000c562f00000) (1024K)]
  0x0000020719c01920 JavaThread "Stdin handler"                     [_thread_blocked, id=12788, stack(0x000000c562f00000,0x000000c563000000) (1024K)]
  0x0000020719c039f0 JavaThread "Daemon client event forwarder"        [_thread_blocked, id=13232, stack(0x000000c563000000,0x000000c563100000) (1024K)]
  0x0000020719c01fb0 JavaThread "Cache worker for journal cache (C:\Users\Rizky\.gradle\caches\journal-1)"        [_thread_blocked, id=3100, stack(0x000000c562200000,0x000000c562300000) (1024K)]
  0x0000020719c06150 JavaThread "File lock request listener"        [_thread_in_native, id=12204, stack(0x000000c563100000,0x000000c563200000) (1024K)]
  0x0000020719c067e0 JavaThread "Cache worker for file hash cache (C:\Users\Rizky\.gradle\caches\8.0\fileHashes)"        [_thread_blocked, id=13236, stack(0x000000c563200000,0x000000c563300000) (1024K)]
  0x0000020719c04080 JavaThread "File watcher server"        daemon [_thread_in_native, id=7656, stack(0x000000c563600000,0x000000c563700000) (1024K)]
  0x0000020719c03360 JavaThread "File watcher consumer"      daemon [_thread_blocked, id=7360, stack(0x000000c563700000,0x000000c563800000) (1024K)]
  0x0000020719c07500 JavaThread "jar transforms"                    [_thread_blocked, id=12376, stack(0x000000c563900000,0x000000c563a00000) (1024K)]
  0x0000020719c08220 JavaThread "jar transforms Thread 2"           [_thread_blocked, id=5960, stack(0x000000c563a00000,0x000000c563b00000) (1024K)]
  0x0000020719c07b90 JavaThread "jar transforms Thread 3"           [_thread_blocked, id=17368, stack(0x000000c563b00000,0x000000c563c00000) (1024K)]
  0x0000020719c01290 JavaThread "jar transforms Thread 4"           [_thread_blocked, id=17028, stack(0x000000c563c00000,0x000000c563d00000) (1024K)]
  0x0000020719c05ac0 JavaThread "jar transforms Thread 5"           [_thread_blocked, id=16900, stack(0x000000c563d00000,0x000000c563e00000) (1024K)]
  0x0000020719c088b0 JavaThread "jar transforms Thread 6"           [_thread_blocked, id=18520, stack(0x000000c563e00000,0x000000c563f00000) (1024K)]
  0x0000020719c02640 JavaThread "jar transforms Thread 7"           [_thread_blocked, id=9472, stack(0x000000c563f00000,0x000000c564000000) (1024K)]
  0x0000020719c04da0 JavaThread "jar transforms Thread 8"           [_thread_blocked, id=16644, stack(0x000000c564000000,0x000000c564100000) (1024K)]
  0x000002071a89f370 JavaThread "Cache worker for checksums cache (C:\Users\Rizky\StudioProjects\MacroGroup6\.gradle\8.0\checksums)"        [_thread_blocked, id=18200, stack(0x000000c564100000,0x000000c564200000) (1024K)]
  0x000002071a89fa00 JavaThread "Cache worker for cache directory md-rule (C:\Users\Rizky\.gradle\caches\8.0\md-rule)"        [_thread_blocked, id=16092, stack(0x000000c564200000,0x000000c564300000) (1024K)]
  0x000002071a89ece0 JavaThread "Cache worker for file content cache (C:\Users\Rizky\.gradle\caches\8.0\fileContent)"        [_thread_blocked, id=17076, stack(0x000000c564300000,0x000000c564400000) (1024K)]
  0x000002071a89dfc0 JavaThread "Cache worker for file hash cache (C:\Users\Rizky\StudioProjects\MacroGroup6\.gradle\8.0\fileHashes)"        [_thread_blocked, id=12868, stack(0x000000c564400000,0x000000c564500000) (1024K)]
  0x000002071a8a0db0 JavaThread "Cache worker for cache directory md-supplier (C:\Users\Rizky\.gradle\caches\8.0\md-supplier)"        [_thread_blocked, id=12292, stack(0x000000c564500000,0x000000c564600000) (1024K)]
  0x000002071a8a0090 JavaThread "Cache worker for execution history cache (C:\Users\Rizky\.gradle\caches\8.0\executionHistory)"        [_thread_blocked, id=8, stack(0x000000c564600000,0x000000c564700000) (1024K)]
  0x000002071a8a2160 JavaThread "Cache worker for kotlin-dsl (C:\Users\Rizky\.gradle\caches\8.0\kotlin-dsl)"        [_thread_blocked, id=14644, stack(0x000000c564700000,0x000000c564800000) (1024K)]
  0x000002071a8a2e80 JavaThread "Cache worker for dependencies-accessors (C:\Users\Rizky\StudioProjects\MacroGroup6\.gradle\8.0\dependencies-accessors)"        [_thread_blocked, id=18620, stack(0x000000c564800000,0x000000c564900000) (1024K)]
  0x000002071a89bef0 JavaThread "Cache worker for Build Output Cleanup Cache (C:\Users\Rizky\StudioProjects\MacroGroup6\.gradle\buildOutputCleanup)"        [_thread_blocked, id=17016, stack(0x000000c564900000,0x000000c564a00000) (1024K)]
  0x000002071a89c580 JavaThread "Unconstrained build operations"        [_thread_blocked, id=8496, stack(0x000000c564a00000,0x000000c564b00000) (1024K)]
  0x000002071a89d2a0 JavaThread "Unconstrained build operations Thread 2"        [_thread_blocked, id=5196, stack(0x000000c564b00000,0x000000c564c00000) (1024K)]
  0x000002071a89d930 JavaThread "Unconstrained build operations Thread 3"        [_thread_blocked, id=2636, stack(0x000000c564c00000,0x000000c564d00000) (1024K)]
  0x000002071cd5ca40 JavaThread "Unconstrained build operations Thread 4"        [_thread_blocked, id=15544, stack(0x000000c564d00000,0x000000c564e00000) (1024K)]
  0x000002071cd5e480 JavaThread "Unconstrained build operations Thread 5"        [_thread_blocked, id=5980, stack(0x000000c564e00000,0x000000c564f00000) (1024K)]
  0x000002071cd5eb10 JavaThread "Unconstrained build operations Thread 6"        [_thread_blocked, id=13776, stack(0x000000c564f00000,0x000000c565000000) (1024K)]
  0x000002071cd5ddf0 JavaThread "Unconstrained build operations Thread 7"        [_thread_blocked, id=3876, stack(0x000000c565000000,0x000000c565100000) (1024K)]
  0x000002071cd5b690 JavaThread "Unconstrained build operations Thread 8"        [_thread_blocked, id=13892, stack(0x000000c565100000,0x000000c565200000) (1024K)]
  0x000002071cd58210 JavaThread "Unconstrained build operations Thread 9"        [_thread_blocked, id=17632, stack(0x000000c565200000,0x000000c565300000) (1024K)]
  0x000002071cd5d0d0 JavaThread "Unconstrained build operations Thread 10"        [_thread_blocked, id=13828, stack(0x000000c565300000,0x000000c565400000) (1024K)]
  0x000002071cd5bd20 JavaThread "Unconstrained build operations Thread 11"        [_thread_blocked, id=17116, stack(0x000000c565400000,0x000000c565500000) (1024K)]
  0x000002071cd5a2e0 JavaThread "Unconstrained build operations Thread 12"        [_thread_blocked, id=3604, stack(0x000000c565500000,0x000000c565600000) (1024K)]
  0x000002071cd59c50 JavaThread "Unconstrained build operations Thread 13"        [_thread_blocked, id=7976, stack(0x000000c565600000,0x000000c565700000) (1024K)]
  0x000002071cd57b80 JavaThread "Unconstrained build operations Thread 14"        [_thread_blocked, id=12708, stack(0x000000c565700000,0x000000c565800000) (1024K)]
  0x000002071cd5a970 JavaThread "Unconstrained build operations Thread 15"        [_thread_blocked, id=2644, stack(0x000000c565800000,0x000000c565900000) (1024K)]
  0x000002071cd5b000 JavaThread "Unconstrained build operations Thread 16"        [_thread_blocked, id=8720, stack(0x000000c565900000,0x000000c565a00000) (1024K)]
  0x000002071cd588a0 JavaThread "Unconstrained build operations Thread 17"        [_thread_blocked, id=14836, stack(0x000000c565a00000,0x000000c565b00000) (1024K)]
  0x000002071cd5d760 JavaThread "Unconstrained build operations Thread 18"        [_thread_blocked, id=6456, stack(0x000000c565b00000,0x000000c565c00000) (1024K)]
  0x000002071cd5c3b0 JavaThread "Unconstrained build operations Thread 19"        [_thread_blocked, id=10980, stack(0x000000c565c00000,0x000000c565d00000) (1024K)]
  0x000002071cd5f1a0 JavaThread "Unconstrained build operations Thread 20"        [_thread_blocked, id=9716, stack(0x000000c565d00000,0x000000c565e00000) (1024K)]
  0x000002071cd58f30 JavaThread "Unconstrained build operations Thread 21"        [_thread_blocked, id=14784, stack(0x000000c565e00000,0x000000c565f00000) (1024K)]
  0x000002071cd595c0 JavaThread "Unconstrained build operations Thread 22"        [_thread_blocked, id=8820, stack(0x000000c565f00000,0x000000c566000000) (1024K)]
  0x000002071926c4e0 JavaThread "Unconstrained build operations Thread 23"        [_thread_blocked, id=4948, stack(0x000000c566000000,0x000000c566100000) (1024K)]
  0x0000020719271a30 JavaThread "Unconstrained build operations Thread 24"        [_thread_blocked, id=3004, stack(0x000000c566100000,0x000000c566200000) (1024K)]
  0x00000207192720c0 JavaThread "Unconstrained build operations Thread 25"        [_thread_blocked, id=17040, stack(0x000000c566200000,0x000000c566300000) (1024K)]
  0x000002071926f960 JavaThread "Unconstrained build operations Thread 26"        [_thread_blocked, id=4108, stack(0x000000c566300000,0x000000c566400000) (1024K)]
  0x000002071926fff0 JavaThread "Unconstrained build operations Thread 27"        [_thread_blocked, id=4708, stack(0x000000c566400000,0x000000c566500000) (1024K)]
  0x0000020719272de0 JavaThread "Unconstrained build operations Thread 28"        [_thread_blocked, id=8568, stack(0x000000c566500000,0x000000c566600000) (1024K)]
  0x000002071926e5b0 JavaThread "Unconstrained build operations Thread 29"        [_thread_blocked, id=9736, stack(0x000000c566600000,0x000000c566700000) (1024K)]
  0x000002071926df20 JavaThread "Unconstrained build operations Thread 30"        [_thread_blocked, id=8612, stack(0x000000c566700000,0x000000c566800000) (1024K)]
  0x000002071926d200 JavaThread "Unconstrained build operations Thread 31"        [_thread_blocked, id=13968, stack(0x000000c566800000,0x000000c566900000) (1024K)]
  0x0000020719270680 JavaThread "Unconstrained build operations Thread 32"        [_thread_blocked, id=16612, stack(0x000000c566900000,0x000000c566a00000) (1024K)]
  0x0000020719270d10 JavaThread "Unconstrained build operations Thread 33"        [_thread_blocked, id=2212, stack(0x000000c566a00000,0x000000c566b00000) (1024K)]
  0x000002071926be50 JavaThread "Unconstrained build operations Thread 34"        [_thread_blocked, id=14696, stack(0x000000c566b00000,0x000000c566c00000) (1024K)]
  0x00000207192713a0 JavaThread "Unconstrained build operations Thread 35"        [_thread_blocked, id=15176, stack(0x000000c566c00000,0x000000c566d00000) (1024K)]
  0x000002071926ec40 JavaThread "Unconstrained build operations Thread 36"        [_thread_blocked, id=17516, stack(0x000000c566d00000,0x000000c566e00000) (1024K)]
  0x0000020719273470 JavaThread "Unconstrained build operations Thread 37"        [_thread_blocked, id=8980, stack(0x000000c566e00000,0x000000c566f00000) (1024K)]
  0x0000020719272750 JavaThread "Unconstrained build operations Thread 38"        [_thread_blocked, id=15092, stack(0x000000c566f00000,0x000000c567000000) (1024K)]
  0x000002071926cb70 JavaThread "Unconstrained build operations Thread 39"        [_thread_blocked, id=15220, stack(0x000000c567000000,0x000000c567100000) (1024K)]
  0x000002071926d890 JavaThread "Unconstrained build operations Thread 40"        [_thread_blocked, id=18004, stack(0x000000c567100000,0x000000c567200000) (1024K)]
  0x000002071926f2d0 JavaThread "Unconstrained build operations Thread 41"        [_thread_blocked, id=6808, stack(0x000000c567200000,0x000000c567300000) (1024K)]
  0x000002071cea0420 JavaThread "Unconstrained build operations Thread 42"        [_thread_blocked, id=17884, stack(0x000000c567300000,0x000000c567400000) (1024K)]
  0x000002071cea1e60 JavaThread "Unconstrained build operations Thread 43"        [_thread_blocked, id=8824, stack(0x000000c567400000,0x000000c567500000) (1024K)]
  0x000002071cea1140 JavaThread "Unconstrained build operations Thread 44"        [_thread_blocked, id=18824, stack(0x000000c567500000,0x000000c567600000) (1024K)]
  0x000002071cea3210 JavaThread "Unconstrained build operations Thread 45"        [_thread_blocked, id=6340, stack(0x000000c567600000,0x000000c567700000) (1024K)]
  0x000002071cea0ab0 JavaThread "Unconstrained build operations Thread 46"        [_thread_blocked, id=15588, stack(0x000000c567700000,0x000000c567800000) (1024K)]
  0x000002071cea17d0 JavaThread "Unconstrained build operations Thread 47"        [_thread_blocked, id=10164, stack(0x000000c567800000,0x000000c567900000) (1024K)]
  0x000002071ce9f700 JavaThread "Unconstrained build operations Thread 48"        [_thread_blocked, id=18896, stack(0x000000c567900000,0x000000c567a00000) (1024K)]
  0x000002071ce9f070 JavaThread "Unconstrained build operations Thread 49"        [_thread_blocked, id=17676, stack(0x000000c567a00000,0x000000c567b00000) (1024K)]
  0x000002071cea24f0 JavaThread "Unconstrained build operations Thread 50"        [_thread_blocked, id=3012, stack(0x000000c567b00000,0x000000c567c00000) (1024K)]
  0x000002071ce9e350 JavaThread "Unconstrained build operations Thread 51"        [_thread_blocked, id=7248, stack(0x000000c567c00000,0x000000c567d00000) (1024K)]
  0x000002071cea3f30 JavaThread "Unconstrained build operations Thread 52"        [_thread_blocked, id=13320, stack(0x000000c567d00000,0x000000c567e00000) (1024K)]
  0x000002071cea38a0 JavaThread "Unconstrained build operations Thread 53"        [_thread_blocked, id=2768, stack(0x000000c567e00000,0x000000c567f00000) (1024K)]
  0x000002071ce9cfa0 JavaThread "Unconstrained build operations Thread 54"        [_thread_blocked, id=16704, stack(0x000000c567f00000,0x000000c568000000) (1024K)]
  0x000002071cea2b80 JavaThread "Unconstrained build operations Thread 55"        [_thread_blocked, id=7292, stack(0x000000c568000000,0x000000c568100000) (1024K)]
  0x000002071ce9dcc0 JavaThread "Unconstrained build operations Thread 56"        [_thread_blocked, id=17524, stack(0x000000c568100000,0x000000c568200000) (1024K)]
  0x000002071ce9e9e0 JavaThread "Unconstrained build operations Thread 57"        [_thread_blocked, id=10236, stack(0x000000c568200000,0x000000c568300000) (1024K)]
  0x000002071cea45c0 JavaThread "Unconstrained build operations Thread 58"        [_thread_blocked, id=19268, stack(0x000000c568300000,0x000000c568400000) (1024K)]
  0x000002071ce9d630 JavaThread "Unconstrained build operations Thread 59"        [_thread_blocked, id=9796, stack(0x000000c568400000,0x000000c568500000) (1024K)]
  0x000002071ce9fd90 JavaThread "Unconstrained build operations Thread 60"        [_thread_blocked, id=17056, stack(0x000000c568500000,0x000000c568600000) (1024K)]
  0x000002071ab46260 JavaThread "Unconstrained build operations Thread 61"        [_thread_blocked, id=14264, stack(0x000000c568600000,0x000000c568700000) (1024K)]
  0x000002071ab43470 JavaThread "Unconstrained build operations Thread 62"        [_thread_blocked, id=9520, stack(0x000000c568700000,0x000000c568800000) (1024K)]
  0x000002071ab44190 JavaThread "Unconstrained build operations Thread 63"        [_thread_blocked, id=10872, stack(0x000000c568800000,0x000000c568900000) (1024K)]
  0x000002071ab43b00 JavaThread "Unconstrained build operations Thread 64"        [_thread_blocked, id=10576, stack(0x000000c568900000,0x000000c568a00000) (1024K)]
  0x000002071ab44820 JavaThread "Unconstrained build operations Thread 65"        [_thread_blocked, id=6428, stack(0x000000c568a00000,0x000000c568b00000) (1024K)]
  0x000002071ab45540 JavaThread "Unconstrained build operations Thread 66"        [_thread_blocked, id=10272, stack(0x000000c568b00000,0x000000c568c00000) (1024K)]
  0x000002071ab44eb0 JavaThread "Unconstrained build operations Thread 67"        [_thread_blocked, id=17816, stack(0x000000c568c00000,0x000000c568d00000) (1024K)]
  0x000002071ab45bd0 JavaThread "Unconstrained build operations Thread 68"        [_thread_blocked, id=12876, stack(0x000000c568d00000,0x000000c568e00000) (1024K)]
  0x000002071ab468f0 JavaThread "Unconstrained build operations Thread 69"        [_thread_blocked, id=10404, stack(0x000000c568e00000,0x000000c568f00000) (1024K)]
  0x000002071c280b60 JavaThread "Unconstrained build operations Thread 70"        [_thread_blocked, id=380, stack(0x000000c568f00000,0x000000c569000000) (1024K)]
  0x000002071c282c30 JavaThread "Unconstrained build operations Thread 71"        [_thread_blocked, id=14416, stack(0x000000c569000000,0x000000c569100000) (1024K)]
  0x000002071c2811f0 JavaThread "Unconstrained build operations Thread 72"        [_thread_blocked, id=16880, stack(0x000000c569100000,0x000000c569200000) (1024K)]
  0x000002071c27c9c0 JavaThread "Unconstrained build operations Thread 73"        [_thread_blocked, id=9316, stack(0x000000c569200000,0x000000c569300000) (1024K)]
  0x000002071c27bca0 JavaThread "Unconstrained build operations Thread 74"        [_thread_blocked, id=10180, stack(0x000000c569300000,0x000000c569400000) (1024K)]
  0x000002071c281880 JavaThread "Unconstrained build operations Thread 75"        [_thread_blocked, id=4560, stack(0x000000c569400000,0x000000c569500000) (1024K)]
  0x000002071c27d050 JavaThread "Unconstrained build operations Thread 76"        [_thread_blocked, id=17132, stack(0x000000c569500000,0x000000c569600000) (1024K)]
  0x000002071c2832c0 JavaThread "Unconstrained build operations Thread 77"        [_thread_blocked, id=17820, stack(0x000000c569600000,0x000000c569700000) (1024K)]
  0x000002071c27ea90 JavaThread "Unconstrained build operations Thread 78"        [_thread_blocked, id=18084, stack(0x000000c569700000,0x000000c569800000) (1024K)]
  0x000002071c27e400 JavaThread "Unconstrained build operations Thread 79"        [_thread_blocked, id=14052, stack(0x000000c569800000,0x000000c569900000) (1024K)]
  0x000002071c27d6e0 JavaThread "Unconstrained build operations Thread 80"        [_thread_blocked, id=3144, stack(0x000000c569900000,0x000000c569a00000) (1024K)]
  0x000002071c27c330 JavaThread "Memory manager"                    [_thread_blocked, id=9816, stack(0x000000c569a00000,0x000000c569b00000) (1024K)]
  0x000002071c27dd70 JavaThread "build event listener"              [_thread_blocked, id=4604, stack(0x000000c569b00000,0x000000c569c00000) (1024K)]
  0x000002071c2825a0 JavaThread "build event listener"              [_thread_blocked, id=13740, stack(0x000000c569c00000,0x000000c569d00000) (1024K)]
  0x000002071cfd88b0 JavaThread "pool-3-thread-1"                   [_thread_blocked, id=16272, stack(0x000000c569d00000,0x000000c569e00000) (1024K)]
  0x000002071f1e6350 JavaThread "C2 CompilerThread1"         daemon [_thread_blocked, id=12872, stack(0x000000c562100000,0x000000c562200000) (1024K)]
  0x000002071cfd5ac0 JavaThread "included builds"                   [_thread_blocked, id=17340, stack(0x000000c569e00000,0x000000c569f00000) (1024K)]
  0x000002071cfd6150 JavaThread "Execution worker"                  [_thread_blocked, id=11272, stack(0x000000c569f00000,0x000000c56a000000) (1024K)]
  0x000002071cfd67e0 JavaThread "Execution worker Thread 2"         [_thread_blocked, id=8576, stack(0x000000c56a000000,0x000000c56a100000) (1024K)]
  0x000002071cfd2cd0 JavaThread "Execution worker Thread 3"         [_thread_blocked, id=15324, stack(0x000000c56a100000,0x000000c56a200000) (1024K)]
  0x000002071cfd7500 JavaThread "Execution worker Thread 4"         [_thread_blocked, id=15800, stack(0x000000c56a200000,0x000000c56a300000) (1024K)]
  0x000002071cfd1920 JavaThread "Execution worker Thread 5"         [_thread_blocked, id=11512, stack(0x000000c56a300000,0x000000c56a400000) (1024K)]
  0x000002071cfd8f40 JavaThread "Execution worker Thread 6"         [_thread_blocked, id=14456, stack(0x000000c56a400000,0x000000c56a500000) (1024K)]
  0x000002071cfd2640 JavaThread "Execution worker Thread 7"         [_thread_blocked, id=4872, stack(0x000000c56a500000,0x000000c56a600000) (1024K)]
  0x000002071cfd39f0 JavaThread "Cache worker for execution history cache (C:\Users\Rizky\StudioProjects\MacroGroup6\.gradle\8.0\executionHistory)"        [_thread_blocked, id=13688, stack(0x000000c56a600000,0x000000c56a700000) (1024K)]
  0x000002071f093930 JavaThread "idea-tooling-model-converter"        [_thread_blocked, id=14668, stack(0x000000c56a700000,0x000000c56a800000) (1024K)]
Total: 138

Other Threads:
=>0x00000206d3159b20 VMThread "VM Thread"                           [id=7524, stack(0x000000c561600000,0x000000c561700000) (1024K)]
  0x00000206d3142cd0 WatcherThread "VM Periodic Task Thread"        [id=16596, stack(0x000000c561500000,0x000000c561600000) (1024K)]
  0x00000206b682f9f0 WorkerThread "GC Thread#0"                     [id=5356, stack(0x000000c561000000,0x000000c561100000) (1024K)]
  0x0000020719055a00 WorkerThread "GC Thread#1"                     [id=1532, stack(0x000000c562300000,0x000000c562400000) (1024K)]
  0x00000207190565b0 WorkerThread "GC Thread#2"                     [id=16096, stack(0x000000c562400000,0x000000c562500000) (1024K)]
  0x000002071908afe0 WorkerThread "GC Thread#3"                     [id=14372, stack(0x000000c562500000,0x000000c562600000) (1024K)]
  0x0000020719ab71c0 WorkerThread "GC Thread#4"                     [id=10200, stack(0x000000c562600000,0x000000c562700000) (1024K)]
  0x000002071a471e70 WorkerThread "GC Thread#5"                     [id=12944, stack(0x000000c563300000,0x000000c563400000) (1024K)]
  0x000002071a471390 WorkerThread "GC Thread#6"                     [id=15836, stack(0x000000c563400000,0x000000c563500000) (1024K)]
  0x000002071a471ad0 WorkerThread "GC Thread#7"                     [id=14716, stack(0x000000c563500000,0x000000c563600000) (1024K)]
  0x00000206b6840a90 ConcurrentGCThread "G1 Main Marker"            [id=14204, stack(0x000000c561100000,0x000000c561200000) (1024K)]
  0x00000206b6841c40 WorkerThread "G1 Conc#0"                       [id=2820, stack(0x000000c561200000,0x000000c561300000) (1024K)]
  0x000002071a471730 WorkerThread "G1 Conc#1"                       [id=10196, stack(0x000000c563800000,0x000000c563900000) (1024K)]
  0x00000206d30180f0 ConcurrentGCThread "G1 Refine#0"               [id=1684, stack(0x000000c561300000,0x000000c561400000) (1024K)]
  0x00000206d301a530 ConcurrentGCThread "G1 Service"                [id=17036, stack(0x000000c561400000,0x000000c561500000) (1024K)]
Total: 15

Threads with active compile tasks:
C2 CompilerThread0    15893 10603       4       org.gradle.internal.snapshot.DirectorySnapshot::<init> (41 bytes)
C2 CompilerThread1    15893 10614       4       org.gradle.internal.file.FileHierarchySet$Node::contains (101 bytes)
Total: 2

VM state: at safepoint (normal execution)

VM Mutex/Monitor currently owned by a thread:  ([mutex/lock_event])
[0x00007ffa512f8548] Threads_lock - owner thread: 0x00000206d3159b20
[0x00007ffa512f8648] Heap_lock - owner thread: 0x00000206b6840a90

Heap address: 0x0000000080000000, size: 2048 MB, Compressed Oops mode: 32-bit

CDS archive(s) mapped at: [0x00000206d4000000-0x00000206d4c90000-0x00000206d4c90000), size 13172736, SharedBaseAddress: 0x00000206d4000000, ArchiveRelocationMode: 1.
Compressed class space mapped at: 0x00000206d5000000-0x0000020715000000, reserved size: 1073741824
Narrow klass base: 0x00000206d4000000, Narrow klass shift: 0, Narrow klass range: 0x100000000

GC Precious Log:
 CardTable entry size: 512
 Card Set container configuration: InlinePtr #cards 5 size 8 Array Of Cards #cards 12 size 40 Howl #buckets 4 coarsen threshold 1843 Howl Bitmap #cards 512 size 80 coarsen threshold 460 Card regions per heap region 1 cards per card region 2048
 CPUs: 8 total, 8 available
 Memory: 8063M
 Large Page Support: Disabled
 NUMA Support: Disabled
 Compressed Oops: Enabled (32-bit)
 Heap Region Size: 1M
 Heap Min Capacity: 8M
 Heap Initial Capacity: 126M
 Heap Max Capacity: 2G
 Pre-touch: Disabled
 Parallel Workers: 8
 Concurrent Workers: 2
 Concurrent Refinement Workers: 8
 Periodic GC: Disabled

Heap:
 garbage-first heap   total 199680K, used 169471K [0x0000000080000000, 0x0000000100000000)
  region size 1024K, 11 young (11264K), 4 survivors (4096K)
 Metaspace       used 88010K, committed 90112K, reserved 1179648K
  class space    used 12136K, committed 13184K, reserved 1048576K

Heap Regions: E=young(eden), S=young(survivor), O=old, HS=humongous(starts), HC=humongous(continues), CS=collection set, F=free, TAMS=top-at-mark-start, PB=parsable bottom
|   0|0x0000000080000000, 0x0000000080100000, 0x0000000080100000|100%|HS|  |TAMS 0x0000000080100000| PB 0x0000000080000000| Complete 
|   1|0x0000000080100000, 0x0000000080200000, 0x0000000080200000|100%|HC|  |TAMS 0x0000000080200000| PB 0x0000000080100000| Complete 
|   2|0x0000000080200000, 0x0000000080300000, 0x0000000080300000|100%|HC|  |TAMS 0x0000000080300000| PB 0x0000000080200000| Complete 
|   3|0x0000000080300000, 0x0000000080400000, 0x0000000080400000|100%|HC|  |TAMS 0x0000000080400000| PB 0x0000000080300000| Complete 
|   4|0x0000000080400000, 0x0000000080500000, 0x0000000080500000|100%| O|  |TAMS 0x0000000080500000| PB 0x0000000080500000| Untracked 
|   5|0x0000000080500000, 0x0000000080600000, 0x0000000080600000|100%| O|  |TAMS 0x0000000080600000| PB 0x0000000080600000| Untracked 
|   6|0x0000000080600000, 0x0000000080700000, 0x0000000080700000|100%| O|  |TAMS 0x0000000080700000| PB 0x0000000080700000| Untracked 
|   7|0x0000000080700000, 0x0000000080800000, 0x0000000080800000|100%| O|  |TAMS 0x0000000080800000| PB 0x0000000080800000| Updating 
|   8|0x0000000080800000, 0x0000000080900000, 0x0000000080900000|100%| O|  |TAMS 0x0000000080900000| PB 0x0000000080900000| Untracked 
|   9|0x0000000080900000, 0x0000000080a00000, 0x0000000080a00000|100%| O|  |TAMS 0x0000000080a00000| PB 0x0000000080a00000| Untracked 
|  10|0x0000000080a00000, 0x0000000080b00000, 0x0000000080b00000|100%| O|  |TAMS 0x0000000080b00000| PB 0x0000000080b00000| Untracked 
|  11|0x0000000080b00000, 0x0000000080c00000, 0x0000000080c00000|100%| O|  |TAMS 0x0000000080c00000| PB 0x0000000080c00000| Untracked 
|  12|0x0000000080c00000, 0x0000000080d00000, 0x0000000080d00000|100%| O|  |TAMS 0x0000000080d00000| PB 0x0000000080d00000| Updating 
|  13|0x0000000080d00000, 0x0000000080e00000, 0x0000000080e00000|100%| O|  |TAMS 0x0000000080e00000| PB 0x0000000080e00000| Untracked 
|  14|0x0000000080e00000, 0x0000000080f00000, 0x0000000080f00000|100%| O|  |TAMS 0x0000000080f00000| PB 0x0000000080f00000| Untracked 
|  15|0x0000000080f00000, 0x0000000081000000, 0x0000000081000000|100%| O|  |TAMS 0x0000000081000000| PB 0x0000000081000000| Untracked 
|  16|0x0000000081000000, 0x0000000081100000, 0x0000000081100000|100%| O|  |TAMS 0x0000000081100000| PB 0x0000000081100000| Untracked 
|  17|0x0000000081100000, 0x0000000081200000, 0x0000000081200000|100%| O|  |TAMS 0x0000000081200000| PB 0x0000000081200000| Untracked 
|  18|0x0000000081200000, 0x0000000081300000, 0x0000000081300000|100%| O|  |TAMS 0x0000000081300000| PB 0x0000000081300000| Untracked 
|  19|0x0000000081300000, 0x0000000081400000, 0x0000000081400000|100%| O|  |TAMS 0x0000000081400000| PB 0x0000000081400000| Untracked 
|  20|0x0000000081400000, 0x0000000081500000, 0x0000000081500000|100%| O|  |TAMS 0x0000000081500000| PB 0x0000000081500000| Untracked 
|  21|0x0000000081500000, 0x0000000081600000, 0x0000000081600000|100%| O|  |TAMS 0x0000000081600000| PB 0x0000000081600000| Untracked 
|  22|0x0000000081600000, 0x0000000081700000, 0x0000000081700000|100%|HS|  |TAMS 0x0000000081700000| PB 0x0000000081600000| Complete 
|  23|0x0000000081700000, 0x0000000081800000, 0x0000000081800000|100%|HC|  |TAMS 0x0000000081800000| PB 0x0000000081700000| Complete 
|  24|0x0000000081800000, 0x0000000081900000, 0x0000000081900000|100%|HS|  |TAMS 0x0000000081900000| PB 0x0000000081800000| Complete 
|  25|0x0000000081900000, 0x0000000081a00000, 0x0000000081a00000|100%|HC|  |TAMS 0x0000000081a00000| PB 0x0000000081900000| Complete 
|  26|0x0000000081a00000, 0x0000000081b00000, 0x0000000081b00000|100%|HC|  |TAMS 0x0000000081b00000| PB 0x0000000081a00000| Complete 
|  27|0x0000000081b00000, 0x0000000081c00000, 0x0000000081c00000|100%|HS|  |TAMS 0x0000000081c00000| PB 0x0000000081b00000| Complete 
|  28|0x0000000081c00000, 0x0000000081d00000, 0x0000000081d00000|100%|HC|  |TAMS 0x0000000081d00000| PB 0x0000000081c00000| Complete 
|  29|0x0000000081d00000, 0x0000000081e00000, 0x0000000081e00000|100%|HC|  |TAMS 0x0000000081e00000| PB 0x0000000081d00000| Complete 
|  30|0x0000000081e00000, 0x0000000081f00000, 0x0000000081f00000|100%|HS|  |TAMS 0x0000000081f00000| PB 0x0000000081e00000| Complete 
|  31|0x0000000081f00000, 0x0000000082000000, 0x0000000082000000|100%|HC|  |TAMS 0x0000000082000000| PB 0x0000000081f00000| Complete 
|  32|0x0000000082000000, 0x0000000082100000, 0x0000000082100000|100%|HC|  |TAMS 0x0000000082100000| PB 0x0000000082000000| Complete 
|  33|0x0000000082100000, 0x0000000082200000, 0x0000000082200000|100%|HC|  |TAMS 0x0000000082200000| PB 0x0000000082100000| Complete 
|  34|0x0000000082200000, 0x0000000082300000, 0x0000000082300000|100%|HC|  |TAMS 0x0000000082300000| PB 0x0000000082200000| Complete 
|  35|0x0000000082300000, 0x0000000082400000, 0x0000000082400000|100%|HC|  |TAMS 0x0000000082400000| PB 0x0000000082300000| Complete 
|  36|0x0000000082400000, 0x0000000082500000, 0x0000000082500000|100%|HC|  |TAMS 0x0000000082500000| PB 0x0000000082400000| Complete 
|  37|0x0000000082500000, 0x0000000082600000, 0x0000000082600000|100%|HC|  |TAMS 0x0000000082600000| PB 0x0000000082500000| Complete 
|  38|0x0000000082600000, 0x0000000082700000, 0x0000000082700000|100%|HC|  |TAMS 0x0000000082700000| PB 0x0000000082600000| Complete 
|  39|0x0000000082700000, 0x0000000082800000, 0x0000000082800000|100%|HC|  |TAMS 0x0000000082800000| PB 0x0000000082700000| Complete 
|  40|0x0000000082800000, 0x0000000082900000, 0x0000000082900000|100%|HC|  |TAMS 0x0000000082900000| PB 0x0000000082800000| Complete 
|  41|0x0000000082900000, 0x0000000082a00000, 0x0000000082a00000|100%|HC|  |TAMS 0x0000000082a00000| PB 0x0000000082900000| Complete 
|  42|0x0000000082a00000, 0x0000000082b00000, 0x0000000082b00000|100%|HS|  |TAMS 0x0000000082b00000| PB 0x0000000082a00000| Complete 
|  43|0x0000000082b00000, 0x0000000082c00000, 0x0000000082c00000|100%|HC|  |TAMS 0x0000000082c00000| PB 0x0000000082b00000| Complete 
|  44|0x0000000082c00000, 0x0000000082d00000, 0x0000000082d00000|100%| O|  |TAMS 0x0000000082d00000| PB 0x0000000082d00000| Updating 
|  45|0x0000000082d00000, 0x0000000082e00000, 0x0000000082e00000|100%| O|  |TAMS 0x0000000082e00000| PB 0x0000000082e00000| Updating 
|  46|0x0000000082e00000, 0x0000000082f00000, 0x0000000082f00000|100%| O|  |TAMS 0x0000000082f00000| PB 0x0000000082f00000| Untracked 
|  47|0x0000000082f00000, 0x0000000083000000, 0x0000000083000000|100%| O|  |TAMS 0x0000000083000000| PB 0x0000000083000000| Untracked 
|  48|0x0000000083000000, 0x0000000083100000, 0x0000000083100000|100%| O|  |TAMS 0x0000000083100000| PB 0x0000000083100000| Updating 
|  49|0x0000000083100000, 0x0000000083200000, 0x0000000083200000|100%| O|  |TAMS 0x0000000083200000| PB 0x0000000083200000| Untracked 
|  50|0x0000000083200000, 0x0000000083300000, 0x0000000083300000|100%| O|  |TAMS 0x0000000083300000| PB 0x0000000083300000| Untracked 
|  51|0x0000000083300000, 0x0000000083400000, 0x0000000083400000|100%| O|  |TAMS 0x0000000083400000| PB 0x0000000083400000| Updating 
|  52|0x0000000083400000, 0x0000000083500000, 0x0000000083500000|100%| O|  |TAMS 0x0000000083500000| PB 0x0000000083500000| Untracked 
|  53|0x0000000083500000, 0x0000000083600000, 0x0000000083600000|100%|HS|  |TAMS 0x0000000083600000| PB 0x0000000083500000| Complete 
|  54|0x0000000083600000, 0x0000000083700000, 0x0000000083700000|100%|HC|  |TAMS 0x0000000083700000| PB 0x0000000083600000| Complete 
|  55|0x0000000083700000, 0x0000000083800000, 0x0000000083800000|100%|HC|  |TAMS 0x0000000083800000| PB 0x0000000083700000| Complete 
|  56|0x0000000083800000, 0x0000000083900000, 0x0000000083900000|100%| O|  |TAMS 0x0000000083900000| PB 0x0000000083900000| Untracked 
|  57|0x0000000083900000, 0x0000000083a00000, 0x0000000083a00000|100%| O|  |TAMS 0x0000000083a00000| PB 0x0000000083a00000| Untracked 
|  58|0x0000000083a00000, 0x0000000083b00000, 0x0000000083b00000|100%| O|  |TAMS 0x0000000083b00000| PB 0x0000000083b00000| Untracked 
|  59|0x0000000083b00000, 0x0000000083c00000, 0x0000000083c00000|100%| O|  |TAMS 0x0000000083c00000| PB 0x0000000083c00000| Untracked 
|  60|0x0000000083c00000, 0x0000000083d00000, 0x0000000083d00000|100%|HS|  |TAMS 0x0000000083d00000| PB 0x0000000083c00000| Complete 
|  61|0x0000000083d00000, 0x0000000083e00000, 0x0000000083e00000|100%|HC|  |TAMS 0x0000000083e00000| PB 0x0000000083d00000| Complete 
|  62|0x0000000083e00000, 0x0000000083f00000, 0x0000000083f00000|100%|HC|  |TAMS 0x0000000083f00000| PB 0x0000000083e00000| Complete 
|  63|0x0000000083f00000, 0x0000000084000000, 0x0000000084000000|100%| O|  |TAMS 0x0000000084000000| PB 0x0000000084000000| Untracked 
|  64|0x0000000084000000, 0x0000000084100000, 0x0000000084100000|100%| O|  |TAMS 0x0000000084100000| PB 0x0000000084100000| Untracked 
|  65|0x0000000084100000, 0x0000000084200000, 0x0000000084200000|100%| O|  |TAMS 0x0000000084200000| PB 0x0000000084200000| Updating 
|  66|0x0000000084200000, 0x0000000084300000, 0x0000000084300000|100%|HS|  |TAMS 0x0000000084300000| PB 0x0000000084200000| Complete 
|  67|0x0000000084300000, 0x0000000084400000, 0x0000000084400000|100%| O|  |TAMS 0x0000000084400000| PB 0x0000000084400000| Untracked 
|  68|0x0000000084400000, 0x0000000084500000, 0x0000000084500000|100%| O|  |TAMS 0x0000000084500000| PB 0x0000000084500000| Untracked 
|  69|0x0000000084500000, 0x0000000084600000, 0x0000000084600000|100%| O|  |TAMS 0x0000000084600000| PB 0x0000000084600000| Untracked 
|  70|0x0000000084600000, 0x0000000084700000, 0x0000000084700000|100%|HS|  |TAMS 0x0000000084700000| PB 0x0000000084600000| Complete 
|  71|0x0000000084700000, 0x0000000084800000, 0x0000000084800000|100%|HS|  |TAMS 0x0000000084800000| PB 0x0000000084700000| Complete 
|  72|0x0000000084800000, 0x0000000084900000, 0x0000000084900000|100%|HC|  |TAMS 0x0000000084900000| PB 0x0000000084800000| Complete 
|  73|0x0000000084900000, 0x0000000084a00000, 0x0000000084a00000|100%|HS|  |TAMS 0x0000000084a00000| PB 0x0000000084900000| Complete 
|  74|0x0000000084a00000, 0x0000000084b00000, 0x0000000084b00000|100%|HS|  |TAMS 0x0000000084b00000| PB 0x0000000084a00000| Complete 
|  75|0x0000000084b00000, 0x0000000084c00000, 0x0000000084c00000|100%|HC|  |TAMS 0x0000000084c00000| PB 0x0000000084b00000| Complete 
|  76|0x0000000084c00000, 0x0000000084d00000, 0x0000000084d00000|100%|HC|  |TAMS 0x0000000084d00000| PB 0x0000000084c00000| Complete 
|  77|0x0000000084d00000, 0x0000000084e00000, 0x0000000084e00000|100%|HC|  |TAMS 0x0000000084e00000| PB 0x0000000084d00000| Complete 
|  78|0x0000000084e00000, 0x0000000084f00000, 0x0000000084f00000|100%| O|  |TAMS 0x0000000084f00000| PB 0x0000000084f00000| Untracked 
|  79|0x0000000084f00000, 0x0000000085000000, 0x0000000085000000|100%| O|  |TAMS 0x0000000085000000| PB 0x0000000085000000| Untracked 
|  80|0x0000000085000000, 0x0000000085100000, 0x0000000085100000|100%| O|  |TAMS 0x0000000085100000| PB 0x0000000085100000| Untracked 
|  81|0x0000000085100000, 0x0000000085200000, 0x0000000085200000|100%| O|  |TAMS 0x0000000085100000| PB 0x0000000085100000| Untracked 
|  82|0x0000000085200000, 0x0000000085300000, 0x0000000085300000|100%| O|  |TAMS 0x0000000085300000| PB 0x0000000085300000| Untracked 
|  83|0x0000000085300000, 0x0000000085400000, 0x0000000085400000|100%| O|  |TAMS 0x0000000085400000| PB 0x0000000085400000| Untracked 
|  84|0x0000000085400000, 0x0000000085500000, 0x0000000085500000|100%| O|  |TAMS 0x0000000085500000| PB 0x0000000085500000| Untracked 
|  85|0x0000000085500000, 0x0000000085600000, 0x0000000085600000|100%| O|  |TAMS 0x0000000085600000| PB 0x0000000085600000| Untracked 
|  86|0x0000000085600000, 0x0000000085700000, 0x0000000085700000|100%| O|  |TAMS 0x0000000085700000| PB 0x0000000085700000| Untracked 
|  87|0x0000000085700000, 0x0000000085800000, 0x0000000085800000|100%| O|  |TAMS 0x0000000085800000| PB 0x0000000085800000| Untracked 
|  88|0x0000000085800000, 0x0000000085900000, 0x0000000085900000|100%| O|  |TAMS 0x0000000085900000| PB 0x0000000085900000| Untracked 
|  89|0x0000000085900000, 0x0000000085a00000, 0x0000000085a00000|100%| O|  |TAMS 0x0000000085a00000| PB 0x0000000085a00000| Untracked 
|  90|0x0000000085a00000, 0x0000000085b00000, 0x0000000085b00000|100%| O|  |TAMS 0x0000000085b00000| PB 0x0000000085b00000| Untracked 
|  91|0x0000000085b00000, 0x0000000085c00000, 0x0000000085c00000|100%| O|  |TAMS 0x0000000085c00000| PB 0x0000000085c00000| Untracked 
|  92|0x0000000085c00000, 0x0000000085d00000, 0x0000000085d00000|100%| O|  |TAMS 0x0000000085d00000| PB 0x0000000085d00000| Untracked 
|  93|0x0000000085d00000, 0x0000000085e00000, 0x0000000085e00000|100%| O|  |TAMS 0x0000000085e00000| PB 0x0000000085e00000| Untracked 
|  94|0x0000000085e00000, 0x0000000085f00000, 0x0000000085f00000|100%| O|  |TAMS 0x0000000085f00000| PB 0x0000000085f00000| Untracked 
|  95|0x0000000085f00000, 0x0000000086000000, 0x0000000086000000|100%| O|  |TAMS 0x0000000086000000| PB 0x0000000086000000| Untracked 
|  96|0x0000000086000000, 0x0000000086100000, 0x0000000086100000|100%| O|  |TAMS 0x0000000086100000| PB 0x0000000086100000| Untracked 
|  97|0x0000000086100000, 0x0000000086200000, 0x0000000086200000|100%| O|  |TAMS 0x0000000086200000| PB 0x0000000086200000| Updating 
|  98|0x0000000086200000, 0x0000000086300000, 0x0000000086300000|100%| O|  |TAMS 0x0000000086300000| PB 0x0000000086300000| Untracked 
|  99|0x0000000086300000, 0x0000000086400000, 0x0000000086400000|100%| O|  |TAMS 0x0000000086300000| PB 0x0000000086300000| Untracked 
| 100|0x0000000086400000, 0x0000000086500000, 0x0000000086500000|100%| O|  |TAMS 0x0000000086500000| PB 0x0000000086500000| Untracked 
| 101|0x0000000086500000, 0x0000000086600000, 0x0000000086600000|100%|HS|  |TAMS 0x0000000086600000| PB 0x0000000086500000| Complete 
| 102|0x0000000086600000, 0x0000000086700000, 0x0000000086700000|100%|HC|  |TAMS 0x0000000086700000| PB 0x0000000086600000| Complete 
| 103|0x0000000086700000, 0x0000000086800000, 0x0000000086800000|100%|HS|  |TAMS 0x0000000086800000| PB 0x0000000086700000| Complete 
| 104|0x0000000086800000, 0x0000000086900000, 0x0000000086900000|100%|HC|  |TAMS 0x0000000086900000| PB 0x0000000086800000| Complete 
| 105|0x0000000086900000, 0x0000000086a00000, 0x0000000086a00000|100%|HC|  |TAMS 0x0000000086a00000| PB 0x0000000086900000| Complete 
| 106|0x0000000086a00000, 0x0000000086b00000, 0x0000000086b00000|100%|HS|  |TAMS 0x0000000086b00000| PB 0x0000000086a00000| Complete 
| 107|0x0000000086b00000, 0x0000000086c00000, 0x0000000086c00000|100%|HC|  |TAMS 0x0000000086c00000| PB 0x0000000086b00000| Complete 
| 108|0x0000000086c00000, 0x0000000086d00000, 0x0000000086d00000|100%|HC|  |TAMS 0x0000000086d00000| PB 0x0000000086c00000| Complete 
| 109|0x0000000086d00000, 0x0000000086e00000, 0x0000000086e00000|100%|HS|  |TAMS 0x0000000086e00000| PB 0x0000000086d00000| Complete 
| 110|0x0000000086e00000, 0x0000000086f00000, 0x0000000086f00000|100%|HC|  |TAMS 0x0000000086f00000| PB 0x0000000086e00000| Complete 
| 111|0x0000000086f00000, 0x0000000087000000, 0x0000000087000000|100%| O|  |TAMS 0x0000000087000000| PB 0x0000000087000000| Untracked 
| 112|0x0000000087000000, 0x0000000087100000, 0x0000000087100000|100%| O|  |TAMS 0x0000000087100000| PB 0x0000000087100000| Untracked 
| 113|0x0000000087100000, 0x0000000087100000, 0x0000000087200000|  0%| F|  |TAMS 0x0000000087100000| PB 0x0000000087100000| Untracked 
| 114|0x0000000087200000, 0x0000000087200000, 0x0000000087300000|  0%| F|  |TAMS 0x0000000087200000| PB 0x0000000087200000| Untracked 
| 115|0x0000000087300000, 0x0000000087400000, 0x0000000087400000|100%|HS|  |TAMS 0x0000000087400000| PB 0x0000000087300000| Complete 
| 116|0x0000000087400000, 0x0000000087500000, 0x0000000087500000|100%|HC|  |TAMS 0x0000000087500000| PB 0x0000000087400000| Complete 
| 117|0x0000000087500000, 0x0000000087600000, 0x0000000087600000|100%| O|  |TAMS 0x0000000087600000| PB 0x0000000087600000| Updating 
| 118|0x0000000087600000, 0x0000000087700000, 0x0000000087700000|100%| O|  |TAMS 0x0000000087700000| PB 0x0000000087700000| Untracked 
| 119|0x0000000087700000, 0x0000000087800000, 0x0000000087800000|100%| O|  |TAMS 0x0000000087800000| PB 0x0000000087800000| Updating 
| 120|0x0000000087800000, 0x0000000087900000, 0x0000000087900000|100%|HS|  |TAMS 0x0000000087900000| PB 0x0000000087800000| Complete 
| 121|0x0000000087900000, 0x0000000087a00000, 0x0000000087a00000|100%|HC|  |TAMS 0x0000000087a00000| PB 0x0000000087900000| Complete 
| 122|0x0000000087a00000, 0x0000000087b00000, 0x0000000087b00000|100%|HC|  |TAMS 0x0000000087b00000| PB 0x0000000087a00000| Complete 
| 123|0x0000000087b00000, 0x0000000087c00000, 0x0000000087c00000|100%|HC|  |TAMS 0x0000000087c00000| PB 0x0000000087b00000| Complete 
| 124|0x0000000087c00000, 0x0000000087d00000, 0x0000000087d00000|100%|HC|  |TAMS 0x0000000087d00000| PB 0x0000000087c00000| Complete 
| 125|0x0000000087d00000, 0x0000000087e00000, 0x0000000087e00000|100%|HC|  |TAMS 0x0000000087e00000| PB 0x0000000087d00000| Complete 
| 126|0x0000000087e00000, 0x0000000087f00000, 0x0000000087f00000|100%|HC|  |TAMS 0x0000000087f00000| PB 0x0000000087e00000| Complete 
| 127|0x0000000087f00000, 0x0000000088000000, 0x0000000088000000|100%|HC|  |TAMS 0x0000000088000000| PB 0x0000000087f00000| Complete 
| 128|0x0000000088000000, 0x0000000088100000, 0x0000000088100000|100%|HC|  |TAMS 0x0000000088100000| PB 0x0000000088000000| Complete 
| 129|0x0000000088100000, 0x0000000088200000, 0x0000000088200000|100%|HC|  |TAMS 0x0000000088200000| PB 0x0000000088100000| Complete 
| 130|0x0000000088200000, 0x0000000088300000, 0x0000000088300000|100%|HC|  |TAMS 0x0000000088300000| PB 0x0000000088200000| Complete 
| 131|0x0000000088300000, 0x0000000088400000, 0x0000000088400000|100%|HC|  |TAMS 0x0000000088400000| PB 0x0000000088300000| Complete 
| 132|0x0000000088400000, 0x0000000088500000, 0x0000000088500000|100%| O|  |TAMS 0x0000000088500000| PB 0x0000000088500000| Untracked 
| 133|0x0000000088500000, 0x0000000088600000, 0x0000000088600000|100%| O|  |TAMS 0x0000000088600000| PB 0x0000000088600000| Untracked 
| 134|0x0000000088600000, 0x0000000088700000, 0x0000000088700000|100%| O|  |TAMS 0x0000000088700000| PB 0x0000000088700000| Untracked 
| 135|0x0000000088700000, 0x0000000088800000, 0x0000000088800000|100%| O|  |TAMS 0x0000000088700000| PB 0x0000000088700000| Untracked 
| 136|0x0000000088800000, 0x0000000088900000, 0x0000000088900000|100%| O|  |TAMS 0x0000000088800000| PB 0x0000000088800000| Untracked 
| 137|0x0000000088900000, 0x0000000088a00000, 0x0000000088a00000|100%| O|  |TAMS 0x0000000088900000| PB 0x0000000088900000| Untracked 
| 138|0x0000000088a00000, 0x0000000088b00000, 0x0000000088b00000|100%| O|  |TAMS 0x0000000088a00000| PB 0x0000000088a00000| Untracked 
| 139|0x0000000088b00000, 0x0000000088c00000, 0x0000000088c00000|100%| O|  |TAMS 0x0000000088b00000| PB 0x0000000088b00000| Untracked 
| 140|0x0000000088c00000, 0x0000000088d00000, 0x0000000088d00000|100%| O|  |TAMS 0x0000000088c00000| PB 0x0000000088c00000| Untracked 
| 141|0x0000000088d00000, 0x0000000088e00000, 0x0000000088e00000|100%| O|  |TAMS 0x0000000088d00000| PB 0x0000000088d00000| Untracked 
| 142|0x0000000088e00000, 0x0000000088f00000, 0x0000000088f00000|100%| O|  |TAMS 0x0000000088f00000| PB 0x0000000088f00000| Untracked 
| 143|0x0000000088f00000, 0x0000000089000000, 0x0000000089000000|100%| O|  |TAMS 0x0000000089000000| PB 0x0000000089000000| Untracked 
| 144|0x0000000089000000, 0x0000000089100000, 0x0000000089100000|100%| O|  |TAMS 0x0000000089100000| PB 0x0000000089100000| Untracked 
| 145|0x0000000089100000, 0x0000000089200000, 0x0000000089200000|100%| O|  |TAMS 0x0000000089200000| PB 0x0000000089200000| Updating 
| 146|0x0000000089200000, 0x0000000089200000, 0x0000000089300000|  0%| F|  |TAMS 0x0000000089200000| PB 0x0000000089200000| Untracked 
| 147|0x0000000089300000, 0x0000000089300000, 0x0000000089400000|  0%| F|  |TAMS 0x0000000089300000| PB 0x0000000089300000| Untracked 
| 148|0x0000000089400000, 0x0000000089400000, 0x0000000089500000|  0%| F|  |TAMS 0x0000000089400000| PB 0x0000000089400000| Untracked 
| 149|0x0000000089500000, 0x0000000089500000, 0x0000000089600000|  0%| F|  |TAMS 0x0000000089500000| PB 0x0000000089500000| Untracked 
| 150|0x0000000089600000, 0x0000000089600000, 0x0000000089700000|  0%| F|  |TAMS 0x0000000089600000| PB 0x0000000089600000| Untracked 
| 151|0x0000000089700000, 0x0000000089700000, 0x0000000089800000|  0%| F|  |TAMS 0x0000000089700000| PB 0x0000000089700000| Untracked 
| 152|0x0000000089800000, 0x0000000089900000, 0x0000000089900000|100%| O|  |TAMS 0x0000000089800000| PB 0x0000000089800000| Untracked 
| 153|0x0000000089900000, 0x0000000089a00000, 0x0000000089a00000|100%| O|  |TAMS 0x0000000089900000| PB 0x0000000089900000| Untracked 
| 154|0x0000000089a00000, 0x0000000089b00000, 0x0000000089b00000|100%| O|  |TAMS 0x0000000089a00000| PB 0x0000000089a00000| Untracked 
| 155|0x0000000089b00000, 0x0000000089b7fc40, 0x0000000089c00000| 49%| O|  |TAMS 0x0000000089b00000| PB 0x0000000089b00000| Updating 
| 156|0x0000000089c00000, 0x0000000089d00000, 0x0000000089d00000|100%| S|CS|TAMS 0x0000000089c00000| PB 0x0000000089c00000| Complete 
| 157|0x0000000089d00000, 0x0000000089e00000, 0x0000000089e00000|100%| S|CS|TAMS 0x0000000089d00000| PB 0x0000000089d00000| Complete 
| 158|0x0000000089e00000, 0x0000000089f00000, 0x0000000089f00000|100%| S|CS|TAMS 0x0000000089e00000| PB 0x0000000089e00000| Complete 
| 159|0x0000000089f00000, 0x000000008a000000, 0x000000008a000000|100%| S|CS|TAMS 0x0000000089f00000| PB 0x0000000089f00000| Complete 
| 160|0x000000008a000000, 0x000000008a000000, 0x000000008a100000|  0%| F|  |TAMS 0x000000008a000000| PB 0x000000008a000000| Untracked 
| 161|0x000000008a100000, 0x000000008a100000, 0x000000008a200000|  0%| F|  |TAMS 0x000000008a100000| PB 0x000000008a100000| Untracked 
| 162|0x000000008a200000, 0x000000008a200000, 0x000000008a300000|  0%| F|  |TAMS 0x000000008a200000| PB 0x000000008a200000| Untracked 
| 163|0x000000008a300000, 0x000000008a300000, 0x000000008a400000|  0%| F|  |TAMS 0x000000008a300000| PB 0x000000008a300000| Untracked 
| 164|0x000000008a400000, 0x000000008a400000, 0x000000008a500000|  0%| F|  |TAMS 0x000000008a400000| PB 0x000000008a400000| Untracked 
| 165|0x000000008a500000, 0x000000008a500000, 0x000000008a600000|  0%| F|  |TAMS 0x000000008a500000| PB 0x000000008a500000| Untracked 
| 166|0x000000008a600000, 0x000000008a600000, 0x000000008a700000|  0%| F|  |TAMS 0x000000008a600000| PB 0x000000008a600000| Untracked 
| 167|0x000000008a700000, 0x000000008a700000, 0x000000008a800000|  0%| F|  |TAMS 0x000000008a700000| PB 0x000000008a700000| Untracked 
| 168|0x000000008a800000, 0x000000008a800000, 0x000000008a900000|  0%| F|  |TAMS 0x000000008a800000| PB 0x000000008a800000| Untracked 
| 169|0x000000008a900000, 0x000000008a900000, 0x000000008aa00000|  0%| F|  |TAMS 0x000000008a900000| PB 0x000000008a900000| Untracked 
| 170|0x000000008aa00000, 0x000000008aa00000, 0x000000008ab00000|  0%| F|  |TAMS 0x000000008aa00000| PB 0x000000008aa00000| Untracked 
| 171|0x000000008ab00000, 0x000000008ab00000, 0x000000008ac00000|  0%| F|  |TAMS 0x000000008ab00000| PB 0x000000008ab00000| Untracked 
| 172|0x000000008ac00000, 0x000000008ac00000, 0x000000008ad00000|  0%| F|  |TAMS 0x000000008ac00000| PB 0x000000008ac00000| Untracked 
| 173|0x000000008ad00000, 0x000000008ad00000, 0x000000008ae00000|  0%| F|  |TAMS 0x000000008ad00000| PB 0x000000008ad00000| Untracked 
| 174|0x000000008ae00000, 0x000000008ae00000, 0x000000008af00000|  0%| F|  |TAMS 0x000000008ae00000| PB 0x000000008ae00000| Untracked 
| 175|0x000000008af00000, 0x000000008af00000, 0x000000008b000000|  0%| F|  |TAMS 0x000000008af00000| PB 0x000000008af00000| Untracked 
| 176|0x000000008b000000, 0x000000008b000000, 0x000000008b100000|  0%| F|  |TAMS 0x000000008b000000| PB 0x000000008b000000| Untracked 
| 177|0x000000008b100000, 0x000000008b100000, 0x000000008b200000|  0%| F|  |TAMS 0x000000008b100000| PB 0x000000008b100000| Untracked 
| 178|0x000000008b200000, 0x000000008b200000, 0x000000008b300000|  0%| F|  |TAMS 0x000000008b200000| PB 0x000000008b200000| Untracked 
| 179|0x000000008b300000, 0x000000008b3f6128, 0x000000008b400000| 96%| E|  |TAMS 0x000000008b300000| PB 0x000000008b300000| Complete 
| 180|0x000000008b400000, 0x000000008b500000, 0x000000008b500000|100%| E|CS|TAMS 0x000000008b400000| PB 0x000000008b400000| Complete 
| 181|0x000000008b500000, 0x000000008b600000, 0x000000008b600000|100%| E|CS|TAMS 0x000000008b500000| PB 0x000000008b500000| Complete 
| 182|0x000000008b600000, 0x000000008b700000, 0x000000008b700000|100%| E|CS|TAMS 0x000000008b600000| PB 0x000000008b600000| Complete 
| 183|0x000000008b700000, 0x000000008b800000, 0x000000008b800000|100%| E|CS|TAMS 0x000000008b700000| PB 0x000000008b700000| Complete 
|2037|0x00000000ff500000, 0x00000000ff600000, 0x00000000ff600000|100%| O|  |TAMS 0x00000000ff5b8e20| PB 0x00000000ff5b8e20| Updating 
|2038|0x00000000ff600000, 0x00000000ff700000, 0x00000000ff700000|100%| O|  |TAMS 0x00000000ff700000| PB 0x00000000ff700000| Updating 
|2039|0x00000000ff700000, 0x00000000ff800000, 0x00000000ff800000|100%| O|  |TAMS 0x00000000ff800000| PB 0x00000000ff800000| Updating 
|2040|0x00000000ff800000, 0x00000000ff900000, 0x00000000ff900000|100%| O|  |TAMS 0x00000000ff900000| PB 0x00000000ff900000| Updating 
|2041|0x00000000ff900000, 0x00000000ffa00000, 0x00000000ffa00000|100%| O|  |TAMS 0x00000000ffa00000| PB 0x00000000ffa00000| Updating 
|2042|0x00000000ffa00000, 0x00000000ffb00000, 0x00000000ffb00000|100%| O|  |TAMS 0x00000000ffb00000| PB 0x00000000ffb00000| Untracked 
|2043|0x00000000ffb00000, 0x00000000ffc00000, 0x00000000ffc00000|100%| O|  |TAMS 0x00000000ffc00000| PB 0x00000000ffc00000| Untracked 
|2044|0x00000000ffc00000, 0x00000000ffd00000, 0x00000000ffd00000|100%| E|CS|TAMS 0x00000000ffc00000| PB 0x00000000ffc00000| Complete 
|2045|0x00000000ffd00000, 0x00000000ffe00000, 0x00000000ffe00000|100%| O|  |TAMS 0x00000000ffe00000| PB 0x00000000ffe00000| Untracked 
|2046|0x00000000ffe00000, 0x00000000fff00000, 0x00000000fff00000|100%| O|  |TAMS 0x00000000fff00000| PB 0x00000000fff00000| Untracked 
|2047|0x00000000fff00000, 0x0000000100000000, 0x0000000100000000|100%| E|  |TAMS 0x00000000fff00000| PB 0x00000000fff00000| Complete 

Card table byte_map: [0x00000206ce370000,0x00000206ce770000] _byte_map_base: 0x00000206cdf70000

Marking Bits: (CMBitMap*) 0x00000206b6830000
 Bits: [0x00000206ce770000, 0x00000206d0770000)

Polling page: 0x00000206b46f0000

Metaspace:

Usage:
  Non-class:     74.10 MB used.
      Class:     11.85 MB used.
       Both:     85.95 MB used.

Virtual space:
  Non-class space:      128.00 MB reserved,      75.12 MB ( 59%) committed,  2 nodes.
      Class space:        1.00 GB reserved,      12.88 MB (  1%) committed,  1 nodes.
             Both:        1.12 GB reserved,      88.00 MB (  8%) committed. 

Chunk freelists:
   Non-Class:  4.85 MB
       Class:  2.97 MB
        Both:  7.82 MB

MaxMetaspaceSize: unlimited
CompressedClassSpaceSize: 1.00 GB
Initial GC threshold: 21.00 MB
Current GC threshold: 137.62 MB
CDS: on
 - commit_granule_bytes: 65536.
 - commit_granule_words: 8192.
 - virtual_space_node_default_size: 8388608.
 - enlarge_chunks_in_place: 1.
 - use_allocation_guard: 0.


Internal statistics:

num_allocs_failed_limit: 3.
num_arena_births: 3676.
num_arena_deaths: 0.
num_vsnodes_births: 3.
num_vsnodes_deaths: 0.
num_space_committed: 1407.
num_space_uncommitted: 0.
num_chunks_returned_to_freelist: 3.
num_chunks_taken_from_freelist: 7584.
num_chunk_merges: 3.
num_chunk_splits: 5003.
num_chunks_enlarged: 3201.
num_inconsistent_stats: 0.

CodeHeap 'non-profiled nmethods': size=120000Kb used=5212Kb max_used=5348Kb free=114787Kb
 bounds [0x00000206c6700000, 0x00000206c6c40000, 0x00000206cdc30000]
CodeHeap 'profiled nmethods': size=120000Kb used=17426Kb max_used=18399Kb free=102573Kb
 bounds [0x00000206bec30000, 0x00000206bfe30000, 0x00000206c6160000]
CodeHeap 'non-nmethods': size=5760Kb used=2863Kb max_used=2900Kb free=2896Kb
 bounds [0x00000206c6160000, 0x00000206c6440000, 0x00000206c6700000]
 total_blobs=10008 nmethods=9044 adapters=867
 compilation: enabled
              stopped_count=0, restarted_count=0
 full_count=0

Compilation events (20 events):
Event: 15.814 Thread 0x000002071f1e6350 nmethod 10593 0x00000206c6c35610 code [0x00000206c6c357a0, 0x00000206c6c358a8]
Event: 15.815 Thread 0x000002071f1e6350 10596       4       java.util.stream.ReduceOps$3ReducingSink::begin (14 bytes)
Event: 15.816 Thread 0x000002071f1e6350 nmethod 10596 0x00000206c6c35990 code [0x00000206c6c35b20, 0x00000206c6c35ca0]
Event: 15.816 Thread 0x000002071f1e6350 10595       4       java.util.stream.Collectors$CollectorImpl::<init> (13 bytes)
Event: 15.818 Thread 0x00000206d3196620 10612       3       java.lang.StringLatin1::compareToCI (108 bytes)
Event: 15.819 Thread 0x00000206d3196620 nmethod 10612 0x00000206bfe27210 code [0x00000206bfe27460, 0x00000206bfe27d38]
Event: 15.822 Thread 0x000002071f1e6350 nmethod 10595 0x00000206c6c35d90 code [0x00000206c6c35f20, 0x00000206c6c36448]
Event: 15.822 Thread 0x000002071f1e6350 10611       4       java.util.ArrayDeque::dec (13 bytes)
Event: 15.822 Thread 0x000002071f1e6350 nmethod 10611 0x00000206c6c36490 code [0x00000206c6c36600, 0x00000206c6c36678]
Event: 15.823 Thread 0x000002071f1e6350 10602       4       org.gradle.internal.snapshot.ChildMapFactory::childMapFromSorted (84 bytes)
Event: 15.826 Thread 0x00000206d3193f60 nmethod 10588 0x00000206c6c36790 code [0x00000206c6c36a60, 0x00000206c6c37510]
Event: 15.826 Thread 0x00000206d3193f60 10598       4       java.util.stream.Collectors::toList (26 bytes)
Event: 15.826 Thread 0x00000206d3196620 10613       3       jdk.internal.misc.Unsafe::checkPointer (19 bytes)
Event: 15.827 Thread 0x00000206d3196620 nmethod 10613 0x00000206bfe28190 code [0x00000206bfe28360, 0x00000206bfe28700]
Event: 15.827 Thread 0x000002071f1e6350 nmethod 10602 0x00000206c6c38210 code [0x00000206c6c383e0, 0x00000206c6c387b0]
Event: 15.827 Thread 0x000002071f1e6350 10601       4       java.util.stream.Collectors$$Lambda/0x00000206d506e210::get (8 bytes)
Event: 15.828 Thread 0x00000206d3193f60 nmethod 10598 0x00000206c6c38a90 code [0x00000206c6c38c20, 0x00000206c6c38d08]
Event: 15.828 Thread 0x00000206d3193f60 10603       4       org.gradle.internal.snapshot.DirectorySnapshot::<init> (41 bytes)
Event: 15.828 Thread 0x000002071f1e6350 nmethod 10601 0x00000206c6c38e10 code [0x00000206c6c38fa0, 0x00000206c6c39090]
Event: 15.830 Thread 0x000002071f1e6350 10614       4       org.gradle.internal.file.FileHierarchySet$Node::contains (101 bytes)

GC Heap History (20 events):
Event: 8.063 GC heap before
{Heap before GC invocations=15 (full 0):
 garbage-first heap   total 126976K, used 80707K [0x0000000080000000, 0x0000000100000000)
  region size 1024K, 12 young (12288K), 6 survivors (6144K)
 Metaspace       used 48758K, committed 50496K, reserved 1114112K
  class space    used 6892K, committed 7744K, reserved 1048576K
}
Event: 8.069 GC heap after
{Heap after GC invocations=16 (full 0):
 garbage-first heap   total 152576K, used 77004K [0x0000000080000000, 0x0000000100000000)
  region size 1024K, 4 young (4096K), 4 survivors (4096K)
 Metaspace       used 48758K, committed 50496K, reserved 1114112K
  class space    used 6892K, committed 7744K, reserved 1048576K
}
Event: 9.096 GC heap before
{Heap before GC invocations=17 (full 0):
 garbage-first heap   total 152576K, used 146636K [0x0000000080000000, 0x0000000100000000)
  region size 1024K, 62 young (63488K), 4 survivors (4096K)
 Metaspace       used 56154K, committed 57856K, reserved 1114112K
  class space    used 7792K, committed 8640K, reserved 1048576K
}
Event: 9.105 GC heap after
{Heap after GC invocations=18 (full 0):
 garbage-first heap   total 158720K, used 93667K [0x0000000080000000, 0x0000000100000000)
  region size 1024K, 8 young (8192K), 8 survivors (8192K)
 Metaspace       used 56154K, committed 57856K, reserved 1114112K
  class space    used 7792K, committed 8640K, reserved 1048576K
}
Event: 9.921 GC heap before
{Heap before GC invocations=18 (full 0):
 garbage-first heap   total 158720K, used 146915K [0x0000000080000000, 0x0000000100000000)
  region size 1024K, 54 young (55296K), 8 survivors (8192K)
 Metaspace       used 61941K, committed 63936K, reserved 1114112K
  class space    used 8532K, committed 9536K, reserved 1048576K
}
Event: 9.936 GC heap after
{Heap after GC invocations=19 (full 0):
 garbage-first heap   total 163840K, used 99056K [0x0000000080000000, 0x0000000100000000)
  region size 1024K, 6 young (6144K), 6 survivors (6144K)
 Metaspace       used 61941K, committed 63936K, reserved 1114112K
  class space    used 8532K, committed 9536K, reserved 1048576K
}
Event: 10.869 GC heap before
{Heap before GC invocations=19 (full 0):
 garbage-first heap   total 163840K, used 148208K [0x0000000080000000, 0x0000000100000000)
  region size 1024K, 54 young (55296K), 6 survivors (6144K)
 Metaspace       used 67178K, committed 69120K, reserved 1114112K
  class space    used 9240K, committed 10240K, reserved 1048576K
}
Event: 10.876 GC heap after
{Heap after GC invocations=20 (full 0):
 garbage-first heap   total 163840K, used 101865K [0x0000000080000000, 0x0000000100000000)
  region size 1024K, 4 young (4096K), 4 survivors (4096K)
 Metaspace       used 67178K, committed 69120K, reserved 1114112K
  class space    used 9240K, committed 10240K, reserved 1048576K
}
Event: 11.656 GC heap before
{Heap before GC invocations=21 (full 0):
 garbage-first heap   total 178176K, used 146921K [0x0000000080000000, 0x0000000100000000)
  region size 1024K, 49 young (50176K), 4 survivors (4096K)
 Metaspace       used 71682K, committed 73664K, reserved 1114112K
  class space    used 9811K, committed 10816K, reserved 1048576K
}
Event: 11.664 GC heap after
{Heap after GC invocations=22 (full 0):
 garbage-first heap   total 178176K, used 106196K [0x0000000080000000, 0x0000000100000000)
  region size 1024K, 7 young (7168K), 7 survivors (7168K)
 Metaspace       used 71682K, committed 73664K, reserved 1114112K
  class space    used 9811K, committed 10816K, reserved 1048576K
}
Event: 12.636 GC heap before
{Heap before GC invocations=22 (full 0):
 garbage-first heap   total 178176K, used 160468K [0x0000000080000000, 0x0000000100000000)
  region size 1024K, 60 young (61440K), 7 survivors (7168K)
 Metaspace       used 77097K, committed 79040K, reserved 1179648K
  class space    used 10710K, committed 11712K, reserved 1048576K
}
Event: 12.646 GC heap after
{Heap after GC invocations=23 (full 0):
 garbage-first heap   total 178176K, used 109404K [0x0000000080000000, 0x0000000100000000)
  region size 1024K, 4 young (4096K), 4 survivors (4096K)
 Metaspace       used 77097K, committed 79040K, reserved 1179648K
  class space    used 10710K, committed 11712K, reserved 1048576K
}
Event: 13.515 GC heap before
{Heap before GC invocations=23 (full 0):
 garbage-first heap   total 178176K, used 156508K [0x0000000080000000, 0x0000000100000000)
  region size 1024K, 52 young (53248K), 4 survivors (4096K)
 Metaspace       used 81862K, committed 83840K, reserved 1179648K
  class space    used 11348K, committed 12352K, reserved 1048576K
}
Event: 13.524 GC heap after
{Heap after GC invocations=24 (full 0):
 garbage-first heap   total 178176K, used 114688K [0x0000000080000000, 0x0000000100000000)
  region size 1024K, 7 young (7168K), 7 survivors (7168K)
 Metaspace       used 81862K, committed 83840K, reserved 1179648K
  class space    used 11348K, committed 12352K, reserved 1048576K
}
Event: 15.176 GC heap before
{Heap before GC invocations=25 (full 0):
 garbage-first heap   total 196608K, used 182272K [0x0000000080000000, 0x0000000100000000)
  region size 1024K, 51 young (52224K), 7 survivors (7168K)
 Metaspace       used 86681K, committed 88768K, reserved 1179648K
  class space    used 11960K, committed 12992K, reserved 1048576K
}
Event: 15.185 GC heap after
{Heap after GC invocations=26 (full 0):
 garbage-first heap   total 198656K, used 145013K [0x0000000080000000, 0x0000000100000000)
  region size 1024K, 7 young (7168K), 7 survivors (7168K)
 Metaspace       used 86681K, committed 88768K, reserved 1179648K
  class space    used 11960K, committed 12992K, reserved 1048576K
}
Event: 15.615 GC heap before
{Heap before GC invocations=26 (full 0):
 garbage-first heap   total 198656K, used 183925K [0x0000000080000000, 0x0000000100000000)
  region size 1024K, 41 young (41984K), 7 survivors (7168K)
 Metaspace       used 88002K, committed 90112K, reserved 1179648K
  class space    used 12136K, committed 13184K, reserved 1048576K
}
Event: 15.627 GC heap after
{Heap after GC invocations=27 (full 0):
 garbage-first heap   total 199680K, used 155363K [0x0000000080000000, 0x0000000100000000)
  region size 1024K, 6 young (6144K), 6 survivors (6144K)
 Metaspace       used 88002K, committed 90112K, reserved 1179648K
  class space    used 12136K, committed 13184K, reserved 1048576K
}
Event: 15.749 GC heap before
{Heap before GC invocations=27 (full 0):
 garbage-first heap   total 199680K, used 181987K [0x0000000080000000, 0x0000000100000000)
  region size 1024K, 32 young (32768K), 6 survivors (6144K)
 Metaspace       used 88002K, committed 90112K, reserved 1179648K
  class space    used 12136K, committed 13184K, reserved 1048576K
}
Event: 15.761 GC heap after
{Heap after GC invocations=28 (full 0):
 garbage-first heap   total 199680K, used 164351K [0x0000000080000000, 0x0000000100000000)
  region size 1024K, 4 young (4096K), 4 survivors (4096K)
 Metaspace       used 88002K, committed 90112K, reserved 1179648K
  class space    used 12136K, committed 13184K, reserved 1048576K
}

Dll operation events (13 events):
Event: 0.010 Loaded shared library C:\Users\Rizky\.jdks\openjdk-21\bin\java.dll
Event: 0.056 Loaded shared library C:\Users\Rizky\.jdks\openjdk-21\bin\jsvml.dll
Event: 0.096 Loaded shared library C:\Users\Rizky\.jdks\openjdk-21\bin\net.dll
Event: 0.097 Loaded shared library C:\Users\Rizky\.jdks\openjdk-21\bin\nio.dll
Event: 0.101 Loaded shared library C:\Users\Rizky\.jdks\openjdk-21\bin\zip.dll
Event: 0.299 Loaded shared library C:\Users\Rizky\.jdks\openjdk-21\bin\jimage.dll
Event: 0.355 Loaded shared library C:\Users\Rizky\.jdks\openjdk-21\bin\verify.dll
Event: 0.520 Loaded shared library C:\Users\Rizky\.gradle\native\68d5fa5c4cc2d200863cafc0d521ce42e7d3e7ee720ec0a83991735586a16f82\windows-amd64\native-platform.dll
Event: 0.526 Loaded shared library C:\Users\Rizky\.gradle\native\e376f236ea51e6404a007f0833ffe2c6e607c4080706a723a18a27aeea778392\windows-amd64\native-platform-file-events.dll
Event: 1.390 Loaded shared library C:\Users\Rizky\.jdks\openjdk-21\bin\management.dll
Event: 1.394 Loaded shared library C:\Users\Rizky\.jdks\openjdk-21\bin\management_ext.dll
Event: 1.645 Loaded shared library C:\Users\Rizky\.jdks\openjdk-21\bin\extnet.dll
Event: 1.809 Loaded shared library C:\Users\Rizky\.jdks\openjdk-21\bin\sunmscapi.dll

Deoptimization events (20 events):
Event: 15.524 Thread 0x000002071a8a0090 Uncommon trap: trap_request=0xffffff45 fr.pc=0x00000206c6b94360 relative=0x0000000000001c00
Event: 15.524 Thread 0x000002071a8a0090 Uncommon trap: reason=unstable_if action=reinterpret pc=0x00000206c6b94360 method=com.google.common.collect.MapMakerInternalMap$Segment.drainKeyReferenceQueue(Ljava/lang/ref/ReferenceQueue;)V @ 8 c2
Event: 15.524 Thread 0x000002071a8a0090 DEOPT PACKING pc=0x00000206c6b94360 sp=0x000000c5646fe5a0
Event: 15.524 Thread 0x000002071a8a0090 DEOPT UNPACKING pc=0x00000206c61b46a2 sp=0x000000c5646fe330 mode 2
Event: 15.525 Thread 0x000002071a8a0090 Uncommon trap: trap_request=0xffffff45 fr.pc=0x00000206c6b8c270 relative=0x00000000000019d0
Event: 15.525 Thread 0x000002071a8a0090 Uncommon trap: reason=unstable_if action=reinterpret pc=0x00000206c6b8c270 method=com.google.common.collect.MapMakerInternalMap$Segment.drainKeyReferenceQueue(Ljava/lang/ref/ReferenceQueue;)V @ 8 c2
Event: 15.525 Thread 0x000002071a8a0090 DEOPT PACKING pc=0x00000206c6b8c270 sp=0x000000c5646fe530
Event: 15.525 Thread 0x000002071a8a0090 DEOPT UNPACKING pc=0x00000206c61b46a2 sp=0x000000c5646fe350 mode 2
Event: 15.525 Thread 0x000002071a8a0090 Uncommon trap: trap_request=0xffffff45 fr.pc=0x00000206c6b89628 relative=0x0000000000000588
Event: 15.525 Thread 0x000002071a8a0090 Uncommon trap: reason=unstable_if action=reinterpret pc=0x00000206c6b89628 method=com.google.common.collect.MapMakerInternalMap$Segment.drainKeyReferenceQueue(Ljava/lang/ref/ReferenceQueue;)V @ 8 c2
Event: 15.525 Thread 0x000002071a8a0090 DEOPT PACKING pc=0x00000206c6b89628 sp=0x000000c5646fe460
Event: 15.525 Thread 0x000002071a8a0090 DEOPT UNPACKING pc=0x00000206c61b46a2 sp=0x000000c5646fe358 mode 2
Event: 15.605 Thread 0x000002071a8a0090 Uncommon trap: trap_request=0xffffff45 fr.pc=0x00000206c6c0ea20 relative=0x00000000000022a0
Event: 15.605 Thread 0x000002071a8a0090 Uncommon trap: reason=unstable_if action=reinterpret pc=0x00000206c6c0ea20 method=com.google.common.collect.MapMakerInternalMap$Segment.getEntry(Ljava/lang/Object;I)Lcom/google/common/collect/MapMakerInternalMap$InternalEntry; @ 63 c2
Event: 15.605 Thread 0x000002071a8a0090 DEOPT PACKING pc=0x00000206c6c0ea20 sp=0x000000c5646fe6c0
Event: 15.605 Thread 0x000002071a8a0090 DEOPT UNPACKING pc=0x00000206c61b46a2 sp=0x000000c5646fe508 mode 2
Event: 15.818 Thread 0x000002071cd5f1a0 Uncommon trap: trap_request=0xffffff45 fr.pc=0x00000206c688c478 relative=0x00000000000003b8
Event: 15.818 Thread 0x000002071cd5f1a0 Uncommon trap: reason=unstable_if action=reinterpret pc=0x00000206c688c478 method=java.lang.StringLatin1.compareToCI([B[B)I @ 68 c2
Event: 15.818 Thread 0x000002071cd5f1a0 DEOPT PACKING pc=0x00000206c688c478 sp=0x000000c565dfbae0
Event: 15.818 Thread 0x000002071cd5f1a0 DEOPT UNPACKING pc=0x00000206c61b46a2 sp=0x000000c565dfb9d0 mode 2

Classes loaded (20 events):
Event: 15.266 Loading class java/lang/NumberBeanInfo
Event: 15.266 Loading class java/lang/NumberBeanInfo done
Event: 15.267 Loading class java/lang/NumberCustomizer
Event: 15.267 Loading class java/lang/NumberCustomizer done
Event: 15.267 Loading class java/lang/NumberCustomizer
Event: 15.267 Loading class java/lang/NumberCustomizer done
Event: 15.267 Loading class java/lang/IntegerCustomizer
Event: 15.267 Loading class java/lang/IntegerCustomizer done
Event: 15.267 Loading class java/lang/IntegerCustomizer
Event: 15.267 Loading class java/lang/IntegerCustomizer done
Event: 15.267 Loading class jdk/internal/ValueBased
Event: 15.267 Loading class jdk/internal/ValueBased done
Event: 15.324 Loading class java/util/AbstractListBeanInfo
Event: 15.324 Loading class java/util/AbstractListBeanInfo done
Event: 15.324 Loading class java/util/AbstractListBeanInfo
Event: 15.324 Loading class java/util/AbstractListBeanInfo done
Event: 15.324 Loading class java/util/AbstractListCustomizer
Event: 15.324 Loading class java/util/AbstractListCustomizer done
Event: 15.325 Loading class java/util/AbstractListCustomizer
Event: 15.325 Loading class java/util/AbstractListCustomizer done

Classes unloaded (0 events):
No events

Classes redefined (0 events):
No events

Internal exceptions (20 events):
Event: 15.289 Thread 0x0000020719c05430 Exception <a 'java/lang/ClassNotFoundException'{0x000000008af55698}: org/gradle/internal/extensibility/ExtensionsStorage$ExtensionHolderBeanInfo> (0x000000008af55698) 
thrown [s\open\src\hotspot\share\classfile\systemDictionary.cpp, line 312]
Event: 15.289 Thread 0x0000020719c05430 Exception <a 'java/lang/ClassNotFoundException'{0x000000008af5c258}: org/gradle/internal/extensibility/ExtensionsStorage$ExtensionHolderCustomizer> (0x000000008af5c258) 
thrown [s\open\src\hotspot\share\classfile\systemDictionary.cpp, line 312]
Event: 15.309 Thread 0x0000020719c05430 Exception <a 'java/lang/ClassNotFoundException'{0x000000008afb8ac8}: org/gradle/internal/service/scopes/ProjectScopeServicesBeanInfo> (0x000000008afb8ac8) 
thrown [s\open\src\hotspot\share\classfile\systemDictionary.cpp, line 312]
Event: 15.310 Thread 0x0000020719c05430 Exception <a 'java/lang/ClassNotFoundException'{0x000000008afbf5b8}: org/gradle/internal/service/scopes/ProjectScopeServicesCustomizer> (0x000000008afbf5b8) 
thrown [s\open\src\hotspot\share\classfile\systemDictionary.cpp, line 312]
Event: 15.314 Thread 0x0000020719c05430 Exception <a 'java/lang/ClassNotFoundException'{0x000000008afdd0c0}: org/gradle/api/internal/catalog/DefaultDependenciesAccessorsBeanInfo> (0x000000008afdd0c0) 
thrown [s\open\src\hotspot\share\classfile\systemDictionary.cpp, line 312]
Event: 15.314 Thread 0x0000020719c05430 Exception <a 'java/lang/ClassNotFoundException'{0x000000008afe5298}: org/gradle/api/internal/catalog/DefaultDependenciesAccessorsCustomizer> (0x000000008afe5298) 
thrown [s\open\src\hotspot\share\classfile\systemDictionary.cpp, line 312]
Event: 15.317 Thread 0x0000020719c05430 Exception <a 'java/lang/ClassNotFoundException'{0x000000008ae72b28}: org/gradle/internal/classpath/DefaultClassPathBeanInfo> (0x000000008ae72b28) 
thrown [s\open\src\hotspot\share\classfile\systemDictionary.cpp, line 312]
Event: 15.317 Thread 0x0000020719c05430 Exception <a 'java/lang/ClassNotFoundException'{0x000000008ae79520}: org/gradle/internal/classpath/DefaultClassPathCustomizer> (0x000000008ae79520) 
thrown [s\open\src\hotspot\share\classfile\systemDictionary.cpp, line 312]
Event: 15.324 Thread 0x0000020719c05430 Exception <a 'java/lang/ClassNotFoundException'{0x000000008adb68e8}: org/gradle/internal/classpath/DefaultClassPath$ImmutableUniqueListBeanInfo> (0x000000008adb68e8) 
thrown [s\open\src\hotspot\share\classfile\systemDictionary.cpp, line 312]
Event: 15.324 Thread 0x0000020719c05430 Exception <a 'java/lang/ClassNotFoundException'{0x000000008adba490}: java/util/AbstractListBeanInfo> (0x000000008adba490) 
thrown [s\open\src\hotspot\share\classfile\systemDictionary.cpp, line 312]
Event: 15.325 Thread 0x0000020719c05430 Exception <a 'java/lang/ClassNotFoundException'{0x000000008adbe010}: java/util/AbstractListCustomizer> (0x000000008adbe010) 
thrown [s\open\src\hotspot\share\classfile\systemDictionary.cpp, line 312]
Event: 15.327 Thread 0x0000020719c05430 Exception <a 'java/lang/ClassNotFoundException'{0x000000008adf0450}: org/gradle/internal/classpath/DefaultClassPath$ImmutableUniqueListCustomizer> (0x000000008adf0450) 
thrown [s\open\src\hotspot\share\classfile\systemDictionary.cpp, line 312]
Event: 15.334 Thread 0x0000020719c05430 Exception <a 'java/lang/ClassNotFoundException'{0x000000008ac35210}: org/jetbrains/plugins/gradle/model/DefaultDependencyAccessorsModelBeanInfo> (0x000000008ac35210) 
thrown [s\open\src\hotspot\share\classfile\systemDictionary.cpp, line 312]
Event: 15.335 Thread 0x0000020719c05430 Exception <a 'java/lang/ClassNotFoundException'{0x000000008ac3ca58}: org/jetbrains/plugins/gradle/model/DefaultDependencyAccessorsModelCustomizer> (0x000000008ac3ca58) 
thrown [s\open\src\hotspot\share\classfile\systemDictionary.cpp, line 312]
Event: 15.342 Thread 0x000002071f093930 Exception <a 'java/lang/NoSuchMethodError'{0x000000008ae6d178}: static Lorg/jetbrains/plugins/gradle/tooling/internal/VersionCatalogsModelImpl;.<clinit>()V> (0x000000008ae6d178) 
thrown [s\open\src\hotspot\share\prims\jni.cpp, line 1106]
Event: 15.360 Thread 0x0000020719c05430 Exception <a 'java/lang/ClassNotFoundException'{0x000000008aad1c10}: org/gradle/api/internal/tasks/DefaultSourceSetContainer_DecoratedBeanInfo> (0x000000008aad1c10) 
thrown [s\open\src\hotspot\share\classfile\systemDictionary.cpp, line 312]
Event: 15.361 Thread 0x0000020719c05430 Exception <a 'java/lang/ClassNotFoundException'{0x000000008aad9da0}: org/gradle/api/internal/tasks/DefaultSourceSetContainerBeanInfo> (0x000000008aad9da0) 
thrown [s\open\src\hotspot\share\classfile\systemDictionary.cpp, line 312]
Event: 15.361 Thread 0x0000020719c05430 Exception <a 'java/lang/ClassNotFoundException'{0x000000008aae1f40}: org/gradle/api/internal/tasks/DefaultSourceSetContainerCustomizer> (0x000000008aae1f40) 
thrown [s\open\src\hotspot\share\classfile\systemDictionary.cpp, line 312]
Event: 15.364 Thread 0x0000020719c05430 Exception <a 'java/lang/ClassNotFoundException'{0x000000008a905538}: org/gradle/api/internal/tasks/DefaultSourceSetContainer_DecoratedCustomizer> (0x000000008a905538) 
thrown [s\open\src\hotspot\share\classfile\systemDictionary.cpp, line 312]
Event: 15.510 Thread 0x000002071cd5f1a0 Exception <a 'java/lang/NoSuchMethodError'{0x000000008a3664b0}: 'java.lang.Object java.lang.invoke.DirectMethodHandle$Holder.invokeSpecialIFC(java.lang.Object, java.lang.Object, java.lang.Object)'> (0x000000008a3664b0) 
thrown [s\open\src\hotspot\share\interpreter\linkResolver.cpp, line 773]

ZGC Phase Switch (0 events):
No events

VM Operations (20 events):
Event: 15.032 Executing VM operation: HandshakeAllThreads (Deoptimize) done
Event: 15.132 Executing VM operation: ICBufferFull
Event: 15.132 Executing VM operation: ICBufferFull done
Event: 15.176 Executing VM operation: G1CollectForAllocation (G1 Evacuation Pause)
Event: 15.186 Executing VM operation: G1CollectForAllocation (G1 Evacuation Pause) done
Event: 15.479 Executing VM operation: HandshakeAllThreads (Deoptimize)
Event: 15.479 Executing VM operation: HandshakeAllThreads (Deoptimize) done
Event: 15.482 Executing VM operation: HandshakeAllThreads (Deoptimize)
Event: 15.482 Executing VM operation: HandshakeAllThreads (Deoptimize) done
Event: 15.484 Executing VM operation: HandshakeAllThreads (Deoptimize)
Event: 15.484 Executing VM operation: HandshakeAllThreads (Deoptimize) done
Event: 15.485 Executing VM operation: ICBufferFull
Event: 15.485 Executing VM operation: ICBufferFull done
Event: 15.499 Executing VM operation: HandshakeAllThreads (Deoptimize)
Event: 15.500 Executing VM operation: HandshakeAllThreads (Deoptimize) done
Event: 15.615 Executing VM operation: G1CollectForAllocation (G1 Evacuation Pause)
Event: 15.627 Executing VM operation: G1CollectForAllocation (G1 Evacuation Pause) done
Event: 15.749 Executing VM operation: G1CollectForAllocation (G1 Evacuation Pause)
Event: 15.761 Executing VM operation: G1CollectForAllocation (G1 Evacuation Pause) done
Event: 15.840 Executing VM operation: G1PauseRemark

Events (20 events):
Event: 15.846 Thread 0x00000206d3159b20 flushing nmethod 0x00000206c6a38390
Event: 15.846 Thread 0x00000206d3159b20 flushing nmethod 0x00000206c6954710
Event: 15.846 Thread 0x00000206d3159b20 flushing nmethod 0x00000206c6963410
Event: 15.846 Thread 0x00000206d3159b20 flushing nmethod 0x00000206c6951390
Event: 15.846 Thread 0x00000206d3159b20 flushing nmethod 0x00000206c691cd90
Event: 15.846 Thread 0x00000206d3159b20 flushing nmethod 0x00000206c692be10
Event: 15.846 Thread 0x00000206d3159b20 flushing nmethod 0x00000206c6832b10
Event: 15.846 Thread 0x00000206d3159b20 flushing nmethod 0x00000206c68b2690
Event: 15.846 Thread 0x00000206d3159b20 flushing nmethod 0x00000206c68fd210
Event: 15.846 Thread 0x00000206d3159b20 flushing nmethod 0x00000206c68c5e10
Event: 15.846 Thread 0x00000206d3159b20 flushing nmethod 0x00000206c68bd110
Event: 15.846 Thread 0x00000206d3159b20 flushing nmethod 0x00000206c68b9190
Event: 15.846 Thread 0x00000206d3159b20 flushing nmethod 0x00000206c688dc10
Event: 15.846 Thread 0x00000206d3159b20 flushing nmethod 0x00000206c687bf10
Event: 15.846 Thread 0x00000206d3159b20 flushing nmethod 0x00000206c6857490
Event: 15.846 Thread 0x00000206d3159b20 flushing nmethod 0x00000206c67c3690
Event: 15.846 Thread 0x00000206d3159b20 flushing nmethod 0x00000206c6785110
Event: 15.846 Thread 0x00000206d3159b20 flushing nmethod 0x00000206c6750b90
Event: 15.846 Thread 0x00000206d3159b20 flushing nmethod 0x00000206c673c510
Event: 15.846 Thread 0x00000206d3159b20 flushing nmethod 0x00000206c6739610


Dynamic libraries:
0x00007ff6bc3e0000 - 0x00007ff6bc3ee000 	C:\Users\Rizky\.jdks\openjdk-21\bin\java.exe
0x00007ffa9a5d0000 - 0x00007ffa9a7c7000 	C:\WINDOWS\SYSTEM32\ntdll.dll
0x00007ffa98a20000 - 0x00007ffa98add000 	C:\WINDOWS\System32\KERNEL32.DLL
0x00007ffa98330000 - 0x00007ffa98626000 	C:\WINDOWS\System32\KERNELBASE.dll
0x00007ffa97e20000 - 0x00007ffa97f20000 	C:\WINDOWS\System32\ucrtbase.dll
0x00007ffa8f450000 - 0x00007ffa8f468000 	C:\Users\Rizky\.jdks\openjdk-21\bin\jli.dll
0x00007ffa8f470000 - 0x00007ffa8f48b000 	C:\Users\Rizky\.jdks\openjdk-21\bin\VCRUNTIME140.dll
0x00007ffa99930000 - 0x00007ffa99ace000 	C:\WINDOWS\System32\USER32.dll
0x00007ffa97f20000 - 0x00007ffa97f42000 	C:\WINDOWS\System32\win32u.dll
0x00007ffa8abd0000 - 0x00007ffa8ae6a000 	C:\WINDOWS\WinSxS\amd64_microsoft.windows.common-controls_6595b64144ccf1df_6.0.19041.3570_none_60bb2a3971f3e41a\COMCTL32.dll
0x00007ffa99500000 - 0x00007ffa9952c000 	C:\WINDOWS\System32\GDI32.dll
0x00007ffa98910000 - 0x00007ffa989ae000 	C:\WINDOWS\System32\msvcrt.dll
0x00007ffa97d00000 - 0x00007ffa97e1a000 	C:\WINDOWS\System32\gdi32full.dll
0x00007ffa981e0000 - 0x00007ffa9827d000 	C:\WINDOWS\System32\msvcp_win.dll
0x00007ffa99470000 - 0x00007ffa994a0000 	C:\WINDOWS\System32\IMM32.DLL
0x00007ffa8cdf0000 - 0x00007ffa8cdfc000 	C:\Users\Rizky\.jdks\openjdk-21\bin\vcruntime140_1.dll
0x00007ffa70790000 - 0x00007ffa7081e000 	C:\Users\Rizky\.jdks\openjdk-21\bin\msvcp140.dll
0x00007ffa506c0000 - 0x00007ffa513d3000 	C:\Users\Rizky\.jdks\openjdk-21\bin\server\jvm.dll
0x00007ffa986c0000 - 0x00007ffa9876e000 	C:\WINDOWS\System32\ADVAPI32.dll
0x00007ffa99300000 - 0x00007ffa9939c000 	C:\WINDOWS\System32\sechost.dll
0x00007ffa99800000 - 0x00007ffa99926000 	C:\WINDOWS\System32\RPCRT4.dll
0x00007ffa989b0000 - 0x00007ffa98a1b000 	C:\WINDOWS\System32\WS2_32.dll
0x00007ffa976d0000 - 0x00007ffa9771b000 	C:\WINDOWS\SYSTEM32\POWRPROF.dll
0x00007ffa8c6d0000 - 0x00007ffa8c6f7000 	C:\WINDOWS\SYSTEM32\WINMM.dll
0x00007ffa8c770000 - 0x00007ffa8c77a000 	C:\WINDOWS\SYSTEM32\VERSION.dll
0x00007ffa976b0000 - 0x00007ffa976c2000 	C:\WINDOWS\SYSTEM32\UMPDC.dll
0x00007ffa95b30000 - 0x00007ffa95b42000 	C:\WINDOWS\SYSTEM32\kernel.appcore.dll
0x00007ffa8cde0000 - 0x00007ffa8cdea000 	C:\Users\Rizky\.jdks\openjdk-21\bin\jimage.dll
0x00007ffa90200000 - 0x00007ffa903e4000 	C:\WINDOWS\SYSTEM32\DBGHELP.DLL
0x00007ffa8c5a0000 - 0x00007ffa8c5d4000 	C:\WINDOWS\SYSTEM32\dbgcore.DLL
0x00007ffa98120000 - 0x00007ffa981a2000 	C:\WINDOWS\System32\bcryptPrimitives.dll
0x00007ffa8a090000 - 0x00007ffa8a0af000 	C:\Users\Rizky\.jdks\openjdk-21\bin\java.dll
0x00007ffa98ae0000 - 0x00007ffa99224000 	C:\WINDOWS\System32\SHELL32.dll
0x00007ffa95d30000 - 0x00007ffa964cb000 	C:\WINDOWS\SYSTEM32\windows.storage.dll
0x00007ffa99d20000 - 0x00007ffa9a074000 	C:\WINDOWS\System32\combase.dll
0x00007ffa97540000 - 0x00007ffa9756d000 	C:\WINDOWS\SYSTEM32\Wldp.dll
0x00007ffa99c70000 - 0x00007ffa99d1d000 	C:\WINDOWS\System32\SHCORE.dll
0x00007ffa994a0000 - 0x00007ffa994f5000 	C:\WINDOWS\System32\shlwapi.dll
0x00007ffa97be0000 - 0x00007ffa97c05000 	C:\WINDOWS\SYSTEM32\profapi.dll
0x00007ffa6ec80000 - 0x00007ffa6ed57000 	C:\Users\Rizky\.jdks\openjdk-21\bin\jsvml.dll
0x00007ffa8bdb0000 - 0x00007ffa8bdc0000 	C:\Users\Rizky\.jdks\openjdk-21\bin\net.dll
0x00007ffa900f0000 - 0x00007ffa901fa000 	C:\WINDOWS\SYSTEM32\WINHTTP.dll
0x00007ffa97320000 - 0x00007ffa9738a000 	C:\WINDOWS\system32\mswsock.dll
0x00007ffa89eb0000 - 0x00007ffa89ec6000 	C:\Users\Rizky\.jdks\openjdk-21\bin\nio.dll
0x00007ffa89800000 - 0x00007ffa89818000 	C:\Users\Rizky\.jdks\openjdk-21\bin\zip.dll
0x00007ffa8bd60000 - 0x00007ffa8bd70000 	C:\Users\Rizky\.jdks\openjdk-21\bin\verify.dll
0x00007ffa91ae0000 - 0x00007ffa91b07000 	C:\Users\Rizky\.gradle\native\68d5fa5c4cc2d200863cafc0d521ce42e7d3e7ee720ec0a83991735586a16f82\windows-amd64\native-platform.dll
0x00007ffa6e120000 - 0x00007ffa6e264000 	C:\Users\Rizky\.gradle\native\e376f236ea51e6404a007f0833ffe2c6e607c4080706a723a18a27aeea778392\windows-amd64\native-platform-file-events.dll
0x00007ffa8b660000 - 0x00007ffa8b66a000 	C:\Users\Rizky\.jdks\openjdk-21\bin\management.dll
0x00007ffa8a930000 - 0x00007ffa8a93b000 	C:\Users\Rizky\.jdks\openjdk-21\bin\management_ext.dll
0x00007ffa99230000 - 0x00007ffa99238000 	C:\WINDOWS\System32\PSAPI.DLL
0x00007ffa97580000 - 0x00007ffa97598000 	C:\WINDOWS\SYSTEM32\CRYPTSP.dll
0x00007ffa96c50000 - 0x00007ffa96c84000 	C:\WINDOWS\system32\rsaenh.dll
0x00007ffa981b0000 - 0x00007ffa981d7000 	C:\WINDOWS\System32\bcrypt.dll
0x00007ffa97b60000 - 0x00007ffa97b8e000 	C:\WINDOWS\SYSTEM32\USERENV.dll
0x00007ffa974b0000 - 0x00007ffa974bc000 	C:\WINDOWS\SYSTEM32\CRYPTBASE.dll
0x00007ffa97030000 - 0x00007ffa9706b000 	C:\WINDOWS\SYSTEM32\IPHLPAPI.DLL
0x00007ffa98820000 - 0x00007ffa98828000 	C:\WINDOWS\System32\NSI.dll
0x00007ffa8a8a0000 - 0x00007ffa8a8a7000 	C:\Users\Rizky\.jdks\openjdk-21\bin\extnet.dll
0x00007ffa89ea0000 - 0x00007ffa89eae000 	C:\Users\Rizky\.jdks\openjdk-21\bin\sunmscapi.dll
0x00007ffa97f50000 - 0x00007ffa980ad000 	C:\WINDOWS\System32\CRYPT32.dll
0x00007ffa97760000 - 0x00007ffa97787000 	C:\WINDOWS\SYSTEM32\ncrypt.dll
0x00007ffa97720000 - 0x00007ffa9775b000 	C:\WINDOWS\SYSTEM32\NTASN1.dll
0x00007ffa8c700000 - 0x00007ffa8c707000 	C:\WINDOWS\system32\wshunix.dll

dbghelp: loaded successfully - version: 4.0.5 - missing functions: none
symbol engine: initialized successfully - sym options: 0x614 - pdb path: .;C:\Users\Rizky\.jdks\openjdk-21\bin;C:\WINDOWS\SYSTEM32;C:\WINDOWS\WinSxS\amd64_microsoft.windows.common-controls_6595b64144ccf1df_6.0.19041.3570_none_60bb2a3971f3e41a;C:\Users\Rizky\.jdks\openjdk-21\bin\server;C:\Users\Rizky\.gradle\native\68d5fa5c4cc2d200863cafc0d521ce42e7d3e7ee720ec0a83991735586a16f82\windows-amd64;C:\Users\Rizky\.gradle\native\e376f236ea51e6404a007f0833ffe2c6e607c4080706a723a18a27aeea778392\windows-amd64

VM Arguments:
jvm_args: --add-opens=java.base/java.util=ALL-UNNAMED --add-opens=java.base/java.lang=ALL-UNNAMED --add-opens=java.base/java.lang.invoke=ALL-UNNAMED --add-opens=java.prefs/java.util.prefs=ALL-UNNAMED --add-opens=java.base/java.nio.charset=ALL-UNNAMED --add-opens=java.base/java.net=ALL-UNNAMED --add-opens=java.base/java.util.concurrent.atomic=ALL-UNNAMED -Xmx2048m -Dfile.encoding=UTF-8 -Duser.country=ID -Duser.language=en -Duser.variant 
java_command: org.gradle.launcher.daemon.bootstrap.GradleDaemon 8.0
java_class_path (initial): C:\Users\Rizky\.gradle\wrapper\dists\gradle-8.0-bin\ca5e32bp14vu59qr306oxotwh\gradle-8.0\lib\gradle-launcher-8.0.jar
Launcher Type: SUN_STANDARD

[Global flags]
     intx CICompilerCount                          = 4                                         {product} {ergonomic}
     uint ConcGCThreads                            = 2                                         {product} {ergonomic}
     uint G1ConcRefinementThreads                  = 8                                         {product} {ergonomic}
   size_t G1HeapRegionSize                         = 1048576                                   {product} {ergonomic}
    uintx GCDrainStackTargetSize                   = 64                                        {product} {ergonomic}
   size_t InitialHeapSize                          = 132120576                                 {product} {ergonomic}
   size_t MarkStackSize                            = 4194304                                   {product} {ergonomic}
   size_t MaxHeapSize                              = 2147483648                                {product} {command line}
   size_t MaxNewSize                               = 1287651328                                {product} {ergonomic}
   size_t MinHeapDeltaBytes                        = 1048576                                   {product} {ergonomic}
   size_t MinHeapSize                              = 8388608                                   {product} {ergonomic}
    uintx NonNMethodCodeHeapSize                   = 5839372                                {pd product} {ergonomic}
    uintx NonProfiledCodeHeapSize                  = 122909434                              {pd product} {ergonomic}
    uintx ProfiledCodeHeapSize                     = 122909434                              {pd product} {ergonomic}
    uintx ReservedCodeCacheSize                    = 251658240                              {pd product} {ergonomic}
     bool SegmentedCodeCache                       = true                                      {product} {ergonomic}
   size_t SoftMaxHeapSize                          = 2147483648                             {manageable} {ergonomic}
     bool UseCompressedOops                        = true                           {product lp64_product} {ergonomic}
     bool UseG1GC                                  = true                                      {product} {ergonomic}
     bool UseLargePagesIndividualAllocation        = false                                  {pd product} {ergonomic}

Logging:
Log output configuration:
 #0: stdout all=warning uptime,level,tags foldmultilines=false
 #1: stderr all=off uptime,level,tags foldmultilines=false

Environment Variables:
JAVA_HOME=C:\Program Files\Java\jdk-17.0.1
CLASSPATH=.;
PATH=C:\Program Files (x86)\Common Files\Oracle\Java\javapath;C:\Program Files (x86)\NVIDIA Corporation\PhysX\Common;C:\Python310\Scripts\;C:\Python310\;C:\Program Files\Common Files\Oracle\Java\javapath;C:\WINDOWS\system32;C:\WINDOWS;C:\WINDOWS\System32\Wbem;C:\WINDOWS\System32\WindowsPowerShell\v1.0\;C:\WINDOWS\System32\OpenSSH\;C:\ProgramData\chocolatey\bin;C:\Users\Rizky\AppData\Local\Android\Sdk;C:\Users\Rizky\AppData\Local\Android\Sdk\platform-tools;C:\Program Files\Java\jdk1.8.0_211\bin;C:\Program Files\Java\jdk1.8.0_202\bin;C:\xampp\php;C:\ProgramData\ComposerSetup\bin;C:\Users\Rizky\AppData\Local\Android\Sdk\platform-tools;C:\Program Files\nodejs\;C:\Program Files\MongoDB\Server\5.0\bin;C:\Program Files\PowerShell\7\;C:\Program Files\Git\cmd;C:\hadoop\bin;C:\Windows\system32\cmd.exe\bin;C:\hadoop\sbin;C:\Python310;C:\xampp\htdocs\frontend-programming\movie-database\node_modules;";C:\Program Files\Java\jdk-17.0.1\bin";C:\Gradle\gradle-8.1.1\bin;C:\Users\Rizky\AppData\Local\Microsoft\WindowsApps;C:\Users\Rizky\AppData\Local\Android\Sdk\platform-tools;C:\Users\Rizky\AppData\Local\Programs\Microsoft VS Code\bin;C:\Users\Rizky\AppData\Roaming\Composer\vendor\bin;C:\Users\Rizky\AppData\Roaming\npm;C:\src\flutter\bin;C:\xampp\htdocs\frontend-programming\movie-database\node_modules;
USERNAME=Rizky
OS=Windows_NT
PROCESSOR_IDENTIFIER=Intel64 Family 6 Model 58 Stepping 9, GenuineIntel
TMP=C:\Users\Rizky\AppData\Local\Temp
TEMP=C:\Users\Rizky\AppData\Local\Temp




---------------  S Y S T E M  ---------------

OS:
 Windows 10 , 64 bit Build 19041 (10.0.19041.3570)
OS uptime: 0 days 14:16 hours
Hyper-V role detected

CPU: total 8 (initial active 8) (4 cores per cpu, 2 threads per core) family 6 model 58 stepping 9 microcode 0x21, cx8, cmov, fxsr, ht, mmx, sse, sse2, sse3, ssse3, sse4.1, sse4.2, popcnt, tsc, tscinvbit, avx, aes, erms, clmul, vzeroupper, clflush, hv, rdtscp, f16c
Processor Information for all 8 processors :
  Max Mhz: 3401, Current Mhz: 3401, Mhz Limit: 3401

Memory: 4k page, system-wide physical 8063M (417M free)
TotalPageFile size 18303M (AvailPageFile size 58M)
current process WorkingSet (physical memory assigned to process): 431M, peak: 431M
current process commit charge ("private bytes"): 499M, peak: 584M

vm_info: OpenJDK 64-Bit Server VM (21+35-2513) for windows-amd64 JRE (21+35-2513), built on 2023-08-09T20:25:10Z by "mach5one" with MS VC++ 17.1 (VS2022)

END.
