#
# There is insufficient memory for the Java Runtime Environment to continue.
# Native memory allocation (mmap) failed to map 400556032 bytes for G1 virtual space
# Possible reasons:
#   The system is out of physical RAM or swap space
#   The process is running with CompressedOops enabled, and the Java Heap may be blocking the growth of the native heap
# Possible solutions:
#   Reduce memory load on the system
#   Increase physical memory or swap space
#   Check if swap backing store is full
#   Decrease Java heap size (-Xmx/-Xms)
#   Decrease number of Java threads
#   Decrease Java thread stack sizes (-Xss)
#   Set larger code cache with -XX:ReservedCodeCacheSize=
#   JVM is running with Unscaled Compressed Oops mode in which the Java heap is
#     placed in the first 4GB address space. The Java Heap base address is the
#     maximum limit for the native heap growth. Please use -XX:HeapBaseMinAddress
#     to set the Java Heap base and to place the Java Heap above 4GB virtual address.
# This output file may be truncated or incomplete.
#
#  Out of Memory Error (os_windows.cpp:3769), pid=3580, tid=7488
#
# JRE version: OpenJDK Runtime Environment (17.0.6) (build 17.0.6+0-b2043.56-10027231)
# Java VM: OpenJDK 64-Bit Server VM (17.0.6+0-b2043.56-10027231, mixed mode, tiered, compressed oops, compressed class ptrs, g1 gc, windows-amd64)
# No core dump will be written. Minidumps are not enabled by default on client versions of Windows
#

---------------  S U M M A R Y ------------

Command Line: org.jetbrains.kotlin.cli.jvm.K2JVMCompiler @C:\Users\Rizky\StudioProjects\MacroGroup6\app\build\20231019_718268865252358537.compiler.options

Host: Intel(R) Core(TM) i7-3770 CPU @ 3.40GHz, 8 cores, 7G,  Windows 10 , 64 bit Build 19041 (10.0.19041.3570)
Time: Thu Oct 19 00:07:00 2023 SE Asia Standard Time elapsed time: 27.970434 seconds (0d 0h 0m 27s)

---------------  T H R E A D  ---------------

Current thread (0x0000024854f19410):  VMThread "VM Thread" [stack: 0x000000c401f00000,0x000000c402000000] [id=7488]

Stack: [0x000000c401f00000,0x000000c402000000]
Native frames: (J=compiled Java code, j=interpreted, Vv=VM code, C=native code)
V  [jvm.dll+0x683c9a]
V  [jvm.dll+0x8427a4]
V  [jvm.dll+0x843f9e]
V  [jvm.dll+0x844603]
V  [jvm.dll+0x249b75]
V  [jvm.dll+0x680b69]
V  [jvm.dll+0x67505a]
V  [jvm.dll+0x309acb]
V  [jvm.dll+0x310f86]
V  [jvm.dll+0x3608ee]
V  [jvm.dll+0x360b1f]
V  [jvm.dll+0x2dfbf8]
V  [jvm.dll+0x2ddec4]
V  [jvm.dll+0x2dd4cc]
V  [jvm.dll+0x321f3b]
V  [jvm.dll+0x848ccb]
V  [jvm.dll+0x849a04]
V  [jvm.dll+0x849f1d]
V  [jvm.dll+0x84a2f4]
V  [jvm.dll+0x84a3c0]
V  [jvm.dll+0x7f274a]
V  [jvm.dll+0x682ad5]
C  [ucrtbase.dll+0x21bb2]
C  [KERNEL32.DLL+0x17344]
C  [ntdll.dll+0x526b1]

VM_Operation (0x000000c4019fc050): G1CollectForAllocation, mode: safepoint, requested by thread 0x00000248391e9330


---------------  P R O C E S S  ---------------

Threads class SMR info:
_java_thread_list=0x00000248561c42a0, length=13, elements={
0x00000248391e9330, 0x0000024855813260, 0x0000024854f00a40, 0x000002485582e670,
0x000002485582f4e0, 0x0000024855832eb0, 0x0000024855833860, 0x0000024855836070,
0x0000024855852290, 0x0000024855853370, 0x00000248559a3400, 0x00000248559b3ef0,
0x0000024859663ec0
}

Java Threads: ( => current thread )
  0x00000248391e9330 JavaThread "main" [_thread_blocked, id=15464, stack(0x000000c401900000,0x000000c401a00000)]
  0x0000024855813260 JavaThread "Reference Handler" daemon [_thread_blocked, id=8228, stack(0x000000c402000000,0x000000c402100000)]
  0x0000024854f00a40 JavaThread "Finalizer" daemon [_thread_blocked, id=16940, stack(0x000000c402100000,0x000000c402200000)]
  0x000002485582e670 JavaThread "Signal Dispatcher" daemon [_thread_blocked, id=5588, stack(0x000000c402200000,0x000000c402300000)]
  0x000002485582f4e0 JavaThread "Attach Listener" daemon [_thread_blocked, id=17540, stack(0x000000c402300000,0x000000c402400000)]
  0x0000024855832eb0 JavaThread "Service Thread" daemon [_thread_blocked, id=7444, stack(0x000000c402400000,0x000000c402500000)]
  0x0000024855833860 JavaThread "Monitor Deflation Thread" daemon [_thread_blocked, id=15240, stack(0x000000c402500000,0x000000c402600000)]
  0x0000024855836070 JavaThread "C2 CompilerThread0" daemon [_thread_in_native, id=664, stack(0x000000c402600000,0x000000c402700000)]
  0x0000024855852290 JavaThread "C1 CompilerThread0" daemon [_thread_blocked, id=7124, stack(0x000000c402700000,0x000000c402800000)]
  0x0000024855853370 JavaThread "Sweeper thread" daemon [_thread_blocked, id=16120, stack(0x000000c402800000,0x000000c402900000)]
  0x00000248559a3400 JavaThread "Notification Thread" daemon [_thread_blocked, id=5724, stack(0x000000c402900000,0x000000c402a00000)]
  0x00000248559b3ef0 JavaThread "Common-Cleaner" daemon [_thread_blocked, id=1976, stack(0x000000c402b00000,0x000000c402c00000)]
  0x0000024859663ec0 JavaThread "C2 CompilerThread1" daemon [_thread_blocked, id=7356, stack(0x000000c403400000,0x000000c403500000)]

Other Threads:
=>0x0000024854f19410 VMThread "VM Thread" [stack: 0x000000c401f00000,0x000000c402000000] [id=7488]
  0x0000024855926b10 WatcherThread [stack: 0x000000c402a00000,0x000000c402b00000] [id=7976]
  0x0000024839248730 GCTaskThread "GC Thread#0" [stack: 0x000000c401a00000,0x000000c401b00000] [id=11284]
  0x00000248560a82b0 GCTaskThread "GC Thread#1" [stack: 0x000000c402d00000,0x000000c402e00000] [id=6896]
  0x000002485609e430 GCTaskThread "GC Thread#2" [stack: 0x000000c402e00000,0x000000c402f00000] [id=1480]
  0x00000248560c4430 GCTaskThread "GC Thread#3" [stack: 0x000000c402f00000,0x000000c403000000] [id=9552]
  0x00000248560c46e0 GCTaskThread "GC Thread#4" [stack: 0x000000c403000000,0x000000c403100000] [id=5768]
  0x00000248571f1980 GCTaskThread "GC Thread#5" [stack: 0x000000c402c00000,0x000000c402d00000] [id=7276]
  0x00000248571f0960 GCTaskThread "GC Thread#6" [stack: 0x000000c403100000,0x000000c403200000] [id=17952]
  0x00000248571f06b0 GCTaskThread "GC Thread#7" [stack: 0x000000c403200000,0x000000c403300000] [id=15760]
  0x0000024839259a10 ConcurrentGCThread "G1 Main Marker" [stack: 0x000000c401b00000,0x000000c401c00000] [id=5568]
  0x000002483925a420 ConcurrentGCThread "G1 Conc#0" [stack: 0x000000c401c00000,0x000000c401d00000] [id=6024]
  0x00000248571f16d0 ConcurrentGCThread "G1 Conc#1" [stack: 0x000000c403300000,0x000000c403400000] [id=1532]
  0x0000024854d624b0 ConcurrentGCThread "G1 Refine#0" [stack: 0x000000c401d00000,0x000000c401e00000] [id=4240]
  0x0000024859309e80 ConcurrentGCThread "G1 Refine#1" [stack: 0x000000c403600000,0x000000c403700000] [id=14092]
  0x000002485930ace0 ConcurrentGCThread "G1 Refine#2" [stack: 0x000000c403700000,0x000000c403800000] [id=6560]
  0x000002485c49b0e0 ConcurrentGCThread "G1 Refine#3" [stack: 0x000000c403500000,0x000000c403600000] [id=14660]
  0x000002485c499420 ConcurrentGCThread "G1 Refine#4" [stack: 0x000000c403800000,0x000000c403900000] [id=6908]
  0x0000024854d62de0 ConcurrentGCThread "G1 Service" [stack: 0x000000c401e00000,0x000000c401f00000] [id=8796]

Threads with active compile tasks:
C2 CompilerThread0    27991 16011       4       org.jetbrains.kotlin.backend.jvm.mapping.MethodSignatureMapper::mapSignature (587 bytes)
C2 CompilerThread1    27991 15965       4       org.jetbrains.kotlin.backend.jvm.mapping.IrTypeMapper::computeClassInternalName (303 bytes)

VM state: at safepoint (normal execution)

VM Mutex/Monitor currently owned by a thread:  ([mutex/lock_event])
[0x00000248391e5cc0] Threads_lock - owner thread: 0x0000024854f19410
[0x00000248391e66e0] Heap_lock - owner thread: 0x00000248391e9330

Heap address: 0x0000000082000000, size: 2016 MB, Compressed Oops mode: 32-bit

CDS archive(s) not mapped
Compressed class space mapped at: 0x0000000100000000-0x0000000140000000, reserved size: 1073741824
Narrow klass base: 0x0000000000000000, Narrow klass shift: 3, Narrow klass range: 0x140000000

GC Precious Log:
 CPUs: 8 total, 8 available
 Memory: 8063M
 Large Page Support: Disabled
 NUMA Support: Disabled
 Compressed Oops: Enabled (32-bit)
 Heap Region Size: 1M
 Heap Min Capacity: 8M
 Heap Initial Capacity: 126M
 Heap Max Capacity: 2016M
 Pre-touch: Disabled
 Parallel Workers: 8
 Concurrent Workers: 2
 Concurrent Refinement Workers: 8
 Periodic GC: Disabled

Heap:
 garbage-first heap   total 195584K, used 89676K [0x0000000082000000, 0x0000000100000000)
  region size 1024K, 3 young (3072K), 3 survivors (3072K)
 Metaspace       used 87765K, committed 88064K, reserved 1130496K
  class space    used 9571K, committed 9728K, reserved 1048576K

Heap Regions: E=young(eden), S=young(survivor), O=old, HS=humongous(starts), HC=humongous(continues), CS=collection set, F=free, OA=open archive, CA=closed archive, TAMS=top-at-mark-start (previous, next)
|   0|0x0000000082000000, 0x0000000082100000, 0x0000000082100000|100%|HS|  |TAMS 0x0000000082100000, 0x0000000082000000| Complete 
|   1|0x0000000082100000, 0x0000000082200000, 0x0000000082200000|100%|HC|  |TAMS 0x0000000082200000, 0x0000000082100000| Complete 
|   2|0x0000000082200000, 0x0000000082300000, 0x0000000082300000|100%|HC|  |TAMS 0x0000000082300000, 0x0000000082200000| Complete 
|   3|0x0000000082300000, 0x0000000082400000, 0x0000000082400000|100%|HC|  |TAMS 0x0000000082400000, 0x0000000082300000| Complete 
|   4|0x0000000082400000, 0x0000000082500000, 0x0000000082500000|100%| O|  |TAMS 0x0000000082500000, 0x0000000082400000| Untracked 
|   5|0x0000000082500000, 0x0000000082600000, 0x0000000082600000|100%| O|  |TAMS 0x0000000082600000, 0x0000000082500000| Untracked 
|   6|0x0000000082600000, 0x0000000082700000, 0x0000000082700000|100%| O|  |TAMS 0x0000000082700000, 0x0000000082600000| Untracked 
|   7|0x0000000082700000, 0x0000000082800000, 0x0000000082800000|100%| O|  |TAMS 0x0000000082800000, 0x0000000082700000| Untracked 
|   8|0x0000000082800000, 0x0000000082900000, 0x0000000082900000|100%| O|  |TAMS 0x0000000082900000, 0x0000000082800000| Untracked 
|   9|0x0000000082900000, 0x0000000082a00000, 0x0000000082a00000|100%| O|  |TAMS 0x0000000082a00000, 0x0000000082900000| Untracked 
|  10|0x0000000082a00000, 0x0000000082b00000, 0x0000000082b00000|100%| O|  |TAMS 0x0000000082b00000, 0x0000000082a00000| Untracked 
|  11|0x0000000082b00000, 0x0000000082c00000, 0x0000000082c00000|100%| O|  |TAMS 0x0000000082c00000, 0x0000000082b00000| Untracked 
|  12|0x0000000082c00000, 0x0000000082d00000, 0x0000000082d00000|100%| O|  |TAMS 0x0000000082d00000, 0x0000000082c00000| Untracked 
|  13|0x0000000082d00000, 0x0000000082e00000, 0x0000000082e00000|100%| O|  |TAMS 0x0000000082e00000, 0x0000000082d00000| Untracked 
|  14|0x0000000082e00000, 0x0000000082f00000, 0x0000000082f00000|100%| O|  |TAMS 0x0000000082f00000, 0x0000000082e00000| Untracked 
|  15|0x0000000082f00000, 0x0000000083000000, 0x0000000083000000|100%| O|  |TAMS 0x0000000083000000, 0x0000000082f00000| Untracked 
|  16|0x0000000083000000, 0x0000000083100000, 0x0000000083100000|100%| O|  |TAMS 0x0000000083100000, 0x0000000083000000| Untracked 
|  17|0x0000000083100000, 0x0000000083200000, 0x0000000083200000|100%| O|  |TAMS 0x0000000083200000, 0x0000000083100000| Untracked 
|  18|0x0000000083200000, 0x0000000083300000, 0x0000000083300000|100%| O|  |TAMS 0x0000000083300000, 0x0000000083200000| Untracked 
|  19|0x0000000083300000, 0x0000000083400000, 0x0000000083400000|100%| O|  |TAMS 0x0000000083400000, 0x0000000083300000| Untracked 
|  20|0x0000000083400000, 0x0000000083500000, 0x0000000083500000|100%| O|  |TAMS 0x0000000083500000, 0x0000000083400000| Untracked 
|  21|0x0000000083500000, 0x0000000083600000, 0x0000000083600000|100%|HS|  |TAMS 0x0000000083600000, 0x0000000083500000| Complete 
|  22|0x0000000083600000, 0x0000000083700000, 0x0000000083700000|100%|HC|  |TAMS 0x0000000083700000, 0x0000000083600000| Complete 
|  23|0x0000000083700000, 0x0000000083800000, 0x0000000083800000|100%| O|  |TAMS 0x0000000083800000, 0x0000000083700000| Untracked 
|  24|0x0000000083800000, 0x0000000083900000, 0x0000000083900000|100%| O|  |TAMS 0x0000000083900000, 0x0000000083800000| Untracked 
|  25|0x0000000083900000, 0x0000000083a00000, 0x0000000083a00000|100%| O|  |TAMS 0x0000000083a00000, 0x0000000083900000| Untracked 
|  26|0x0000000083a00000, 0x0000000083b00000, 0x0000000083b00000|100%| O|  |TAMS 0x0000000083b00000, 0x0000000083a00000| Untracked 
|  27|0x0000000083b00000, 0x0000000083c00000, 0x0000000083c00000|100%| O|  |TAMS 0x0000000083c00000, 0x0000000083b00000| Untracked 
|  28|0x0000000083c00000, 0x0000000083d00000, 0x0000000083d00000|100%| O|  |TAMS 0x0000000083d00000, 0x0000000083c00000| Untracked 
|  29|0x0000000083d00000, 0x0000000083e00000, 0x0000000083e00000|100%| O|  |TAMS 0x0000000083e00000, 0x0000000083d00000| Untracked 
|  30|0x0000000083e00000, 0x0000000083f00000, 0x0000000083f00000|100%| O|  |TAMS 0x0000000083f00000, 0x0000000083e00000| Untracked 
|  31|0x0000000083f00000, 0x0000000084000000, 0x0000000084000000|100%| O|  |TAMS 0x0000000084000000, 0x0000000083f00000| Untracked 
|  32|0x0000000084000000, 0x0000000084100000, 0x0000000084100000|100%| O|  |TAMS 0x0000000084100000, 0x0000000084000000| Untracked 
|  33|0x0000000084100000, 0x0000000084200000, 0x0000000084200000|100%| O|  |TAMS 0x0000000084200000, 0x0000000084100000| Untracked 
|  34|0x0000000084200000, 0x0000000084300000, 0x0000000084300000|100%| O|  |TAMS 0x0000000084300000, 0x0000000084200000| Untracked 
|  35|0x0000000084300000, 0x0000000084400000, 0x0000000084400000|100%| O|  |TAMS 0x0000000084400000, 0x0000000084300000| Untracked 
|  36|0x0000000084400000, 0x0000000084500000, 0x0000000084500000|100%| O|  |TAMS 0x0000000084500000, 0x0000000084400000| Untracked 
|  37|0x0000000084500000, 0x0000000084600000, 0x0000000084600000|100%| O|  |TAMS 0x0000000084600000, 0x0000000084500000| Untracked 
|  38|0x0000000084600000, 0x0000000084700000, 0x0000000084700000|100%| O|  |TAMS 0x0000000084700000, 0x0000000084600000| Untracked 
|  39|0x0000000084700000, 0x0000000084800000, 0x0000000084800000|100%| O|  |TAMS 0x0000000084800000, 0x0000000084700000| Untracked 
|  40|0x0000000084800000, 0x0000000084900000, 0x0000000084900000|100%| O|  |TAMS 0x0000000084900000, 0x0000000084800000| Untracked 
|  41|0x0000000084900000, 0x0000000084a00000, 0x0000000084a00000|100%| O|  |TAMS 0x0000000084a00000, 0x0000000084900000| Untracked 
|  42|0x0000000084a00000, 0x0000000084b00000, 0x0000000084b00000|100%| O|  |TAMS 0x0000000084b00000, 0x0000000084a00000| Untracked 
|  43|0x0000000084b00000, 0x0000000084c00000, 0x0000000084c00000|100%| O|  |TAMS 0x0000000084c00000, 0x0000000084b00000| Untracked 
|  44|0x0000000084c00000, 0x0000000084d00000, 0x0000000084d00000|100%| O|  |TAMS 0x0000000084d00000, 0x0000000084c00000| Untracked 
|  45|0x0000000084d00000, 0x0000000084e00000, 0x0000000084e00000|100%| O|  |TAMS 0x0000000084e00000, 0x0000000084d00000| Untracked 
|  46|0x0000000084e00000, 0x0000000084f00000, 0x0000000084f00000|100%| O|  |TAMS 0x0000000084f00000, 0x0000000084e00000| Untracked 
|  47|0x0000000084f00000, 0x0000000085000000, 0x0000000085000000|100%| O|  |TAMS 0x0000000085000000, 0x0000000084f00000| Untracked 
|  48|0x0000000085000000, 0x0000000085100000, 0x0000000085100000|100%| O|  |TAMS 0x0000000085100000, 0x0000000085000000| Untracked 
|  49|0x0000000085100000, 0x0000000085200000, 0x0000000085200000|100%| O|  |TAMS 0x0000000085200000, 0x0000000085100000| Untracked 
|  50|0x0000000085200000, 0x0000000085300000, 0x0000000085300000|100%| O|  |TAMS 0x0000000085300000, 0x0000000085200000| Untracked 
|  51|0x0000000085300000, 0x0000000085400000, 0x0000000085400000|100%| O|  |TAMS 0x0000000085400000, 0x0000000085300000| Untracked 
|  52|0x0000000085400000, 0x0000000085500000, 0x0000000085500000|100%| O|  |TAMS 0x0000000085500000, 0x0000000085400000| Untracked 
|  53|0x0000000085500000, 0x0000000085600000, 0x0000000085600000|100%| O|  |TAMS 0x0000000085600000, 0x0000000085500000| Untracked 
|  54|0x0000000085600000, 0x0000000085700000, 0x0000000085700000|100%| O|  |TAMS 0x0000000085700000, 0x0000000085600000| Untracked 
|  55|0x0000000085700000, 0x0000000085800000, 0x0000000085800000|100%| O|  |TAMS 0x0000000085800000, 0x0000000085700000| Untracked 
|  56|0x0000000085800000, 0x0000000085900000, 0x0000000085900000|100%| O|  |TAMS 0x0000000085900000, 0x0000000085800000| Untracked 
|  57|0x0000000085900000, 0x0000000085a00000, 0x0000000085a00000|100%| O|  |TAMS 0x0000000085a00000, 0x0000000085900000| Untracked 
|  58|0x0000000085a00000, 0x0000000085a00000, 0x0000000085b00000|  0%| F|  |TAMS 0x0000000085a00000, 0x0000000085a00000| Untracked 
|  59|0x0000000085b00000, 0x0000000085c00000, 0x0000000085c00000|100%| O|  |TAMS 0x0000000085c00000, 0x0000000085b00000| Untracked 
|  60|0x0000000085c00000, 0x0000000085d00000, 0x0000000085d00000|100%| O|  |TAMS 0x0000000085c00000, 0x0000000085c00000| Untracked 
|  61|0x0000000085d00000, 0x0000000085e00000, 0x0000000085e00000|100%| O|  |TAMS 0x0000000085d00000, 0x0000000085d00000| Untracked 
|  62|0x0000000085e00000, 0x0000000085f00000, 0x0000000085f00000|100%| O|  |TAMS 0x0000000085f00000, 0x0000000085e00000| Untracked 
|  63|0x0000000085f00000, 0x0000000085f00000, 0x0000000086000000|  0%| F|  |TAMS 0x0000000085f00000, 0x0000000085f00000| Untracked 
|  64|0x0000000086000000, 0x0000000086100000, 0x0000000086100000|100%| O|  |TAMS 0x0000000086100000, 0x0000000086000000| Untracked 
|  65|0x0000000086100000, 0x0000000086200000, 0x0000000086200000|100%| O|  |TAMS 0x0000000086200000, 0x0000000086100000| Untracked 
|  66|0x0000000086200000, 0x0000000086300000, 0x0000000086300000|100%| O|  |TAMS 0x0000000086300000, 0x0000000086200000| Untracked 
|  67|0x0000000086300000, 0x0000000086400000, 0x0000000086400000|100%| O|  |TAMS 0x0000000086400000, 0x0000000086300000| Untracked 
|  68|0x0000000086400000, 0x0000000086500000, 0x0000000086500000|100%| O|  |TAMS 0x0000000086500000, 0x0000000086400000| Untracked 
|  69|0x0000000086500000, 0x0000000086600000, 0x0000000086600000|100%| O|  |TAMS 0x0000000086600000, 0x0000000086500000| Untracked 
|  70|0x0000000086600000, 0x0000000086700000, 0x0000000086700000|100%| O|  |TAMS 0x0000000086700000, 0x0000000086600000| Untracked 
|  71|0x0000000086700000, 0x0000000086800000, 0x0000000086800000|100%| O|  |TAMS 0x0000000086800000, 0x0000000086700000| Untracked 
|  72|0x0000000086800000, 0x0000000086900000, 0x0000000086900000|100%| O|  |TAMS 0x0000000086900000, 0x0000000086800000| Untracked 
|  73|0x0000000086900000, 0x0000000086a00000, 0x0000000086a00000|100%| O|  |TAMS 0x0000000086a00000, 0x0000000086900000| Untracked 
|  74|0x0000000086a00000, 0x0000000086b00000, 0x0000000086b00000|100%| O|  |TAMS 0x0000000086b00000, 0x0000000086a00000| Untracked 
|  75|0x0000000086b00000, 0x0000000086c00000, 0x0000000086c00000|100%| O|  |TAMS 0x0000000086c00000, 0x0000000086b00000| Untracked 
|  76|0x0000000086c00000, 0x0000000086d00000, 0x0000000086d00000|100%| O|  |TAMS 0x0000000086d00000, 0x0000000086c00000| Untracked 
|  77|0x0000000086d00000, 0x0000000086e00000, 0x0000000086e00000|100%| O|  |TAMS 0x0000000086e00000, 0x0000000086d00000| Untracked 
|  78|0x0000000086e00000, 0x0000000086f00000, 0x0000000086f00000|100%| O|  |TAMS 0x0000000086f00000, 0x0000000086e00000| Untracked 
|  79|0x0000000086f00000, 0x0000000087000000, 0x0000000087000000|100%| O|  |TAMS 0x0000000087000000, 0x0000000086f00000| Untracked 
|  80|0x0000000087000000, 0x0000000087100000, 0x0000000087100000|100%| O|  |TAMS 0x0000000087100000, 0x0000000087000000| Untracked 
|  81|0x0000000087100000, 0x0000000087200000, 0x0000000087200000|100%| O|  |TAMS 0x0000000087200000, 0x0000000087100000| Untracked 
|  82|0x0000000087200000, 0x0000000087300000, 0x0000000087300000|100%| O|  |TAMS 0x0000000087300000, 0x0000000087200000| Untracked 
|  83|0x0000000087300000, 0x0000000087400000, 0x0000000087400000|100%| O|  |TAMS 0x0000000087400000, 0x0000000087300000| Untracked 
|  84|0x0000000087400000, 0x0000000087500000, 0x0000000087500000|100%| O|  |TAMS 0x0000000087421000, 0x0000000087400000| Untracked 
|  85|0x0000000087500000, 0x0000000087600000, 0x0000000087600000|100%| O|  |TAMS 0x0000000087500000, 0x0000000087500000| Untracked 
|  86|0x0000000087600000, 0x00000000876ed200, 0x0000000087700000| 92%| O|  |TAMS 0x0000000087600000, 0x0000000087600000| Untracked 
|  87|0x0000000087700000, 0x0000000087700000, 0x0000000087800000|  0%| F|  |TAMS 0x0000000087700000, 0x0000000087700000| Untracked 
|  88|0x0000000087800000, 0x0000000087800000, 0x0000000087900000|  0%| F|  |TAMS 0x0000000087800000, 0x0000000087800000| Untracked 
|  89|0x0000000087900000, 0x0000000087900000, 0x0000000087a00000|  0%| F|  |TAMS 0x0000000087900000, 0x0000000087900000| Untracked 
|  90|0x0000000087a00000, 0x0000000087a00000, 0x0000000087b00000|  0%| F|  |TAMS 0x0000000087a00000, 0x0000000087a00000| Untracked 
|  91|0x0000000087b00000, 0x0000000087b00000, 0x0000000087c00000|  0%| F|  |TAMS 0x0000000087b00000, 0x0000000087b00000| Untracked 
|  92|0x0000000087c00000, 0x0000000087c00000, 0x0000000087d00000|  0%| F|  |TAMS 0x0000000087c00000, 0x0000000087c00000| Untracked 
|  93|0x0000000087d00000, 0x0000000087d00000, 0x0000000087e00000|  0%| F|  |TAMS 0x0000000087d00000, 0x0000000087d00000| Untracked 
|  94|0x0000000087e00000, 0x0000000087e00000, 0x0000000087f00000|  0%| F|  |TAMS 0x0000000087e00000, 0x0000000087e00000| Untracked 
|  95|0x0000000087f00000, 0x0000000087f00000, 0x0000000088000000|  0%| F|  |TAMS 0x0000000087f00000, 0x0000000087f00000| Untracked 
|  96|0x0000000088000000, 0x0000000088000000, 0x0000000088100000|  0%| F|  |TAMS 0x0000000088000000, 0x0000000088000000| Untracked 
|  97|0x0000000088100000, 0x0000000088100000, 0x0000000088200000|  0%| F|  |TAMS 0x0000000088100000, 0x0000000088100000| Untracked 
|  98|0x0000000088200000, 0x0000000088200000, 0x0000000088300000|  0%| F|  |TAMS 0x0000000088200000, 0x0000000088200000| Untracked 
|  99|0x0000000088300000, 0x0000000088300000, 0x0000000088400000|  0%| F|  |TAMS 0x0000000088300000, 0x0000000088300000| Untracked 
| 100|0x0000000088400000, 0x0000000088400000, 0x0000000088500000|  0%| F|  |TAMS 0x0000000088400000, 0x0000000088400000| Untracked 
| 101|0x0000000088500000, 0x0000000088500000, 0x0000000088600000|  0%| F|  |TAMS 0x0000000088500000, 0x0000000088500000| Untracked 
| 102|0x0000000088600000, 0x0000000088600000, 0x0000000088700000|  0%| F|  |TAMS 0x0000000088600000, 0x0000000088600000| Untracked 
| 103|0x0000000088700000, 0x0000000088700000, 0x0000000088800000|  0%| F|  |TAMS 0x0000000088700000, 0x0000000088700000| Untracked 
| 104|0x0000000088800000, 0x0000000088800000, 0x0000000088900000|  0%| F|  |TAMS 0x0000000088800000, 0x0000000088800000| Untracked 
| 105|0x0000000088900000, 0x0000000088900000, 0x0000000088a00000|  0%| F|  |TAMS 0x0000000088900000, 0x0000000088900000| Untracked 
| 106|0x0000000088a00000, 0x0000000088a00000, 0x0000000088b00000|  0%| F|  |TAMS 0x0000000088a00000, 0x0000000088a00000| Untracked 
| 107|0x0000000088b00000, 0x0000000088b00000, 0x0000000088c00000|  0%| F|  |TAMS 0x0000000088b00000, 0x0000000088b00000| Untracked 
| 108|0x0000000088c00000, 0x0000000088c00000, 0x0000000088d00000|  0%| F|  |TAMS 0x0000000088c00000, 0x0000000088c00000| Untracked 
| 109|0x0000000088d00000, 0x0000000088d00000, 0x0000000088e00000|  0%| F|  |TAMS 0x0000000088d00000, 0x0000000088d00000| Untracked 
| 110|0x0000000088e00000, 0x0000000088e00000, 0x0000000088f00000|  0%| F|  |TAMS 0x0000000088e00000, 0x0000000088e00000| Untracked 
| 111|0x0000000088f00000, 0x0000000088f00000, 0x0000000089000000|  0%| F|  |TAMS 0x0000000088f00000, 0x0000000088f00000| Untracked 
| 112|0x0000000089000000, 0x0000000089000000, 0x0000000089100000|  0%| F|  |TAMS 0x0000000089000000, 0x0000000089000000| Untracked 
| 113|0x0000000089100000, 0x0000000089100000, 0x0000000089200000|  0%| F|  |TAMS 0x0000000089100000, 0x0000000089100000| Untracked 
| 114|0x0000000089200000, 0x0000000089200000, 0x0000000089300000|  0%| F|  |TAMS 0x0000000089200000, 0x0000000089200000| Untracked 
| 115|0x0000000089300000, 0x0000000089300000, 0x0000000089400000|  0%| F|  |TAMS 0x0000000089300000, 0x0000000089300000| Untracked 
| 116|0x0000000089400000, 0x0000000089400000, 0x0000000089500000|  0%| F|  |TAMS 0x0000000089400000, 0x0000000089400000| Untracked 
| 117|0x0000000089500000, 0x00000000895a5ec0, 0x0000000089600000| 64%| S|CS|TAMS 0x0000000089500000, 0x0000000089500000| Complete 
| 118|0x0000000089600000, 0x0000000089700000, 0x0000000089700000|100%| S|CS|TAMS 0x0000000089600000, 0x0000000089600000| Complete 
| 119|0x0000000089700000, 0x0000000089800000, 0x0000000089800000|100%| S|CS|TAMS 0x0000000089700000, 0x0000000089700000| Complete 
| 120|0x0000000089800000, 0x0000000089800000, 0x0000000089900000|  0%| F|  |TAMS 0x0000000089800000, 0x0000000089800000| Untracked 
| 121|0x0000000089900000, 0x0000000089900000, 0x0000000089a00000|  0%| F|  |TAMS 0x0000000089900000, 0x0000000089900000| Untracked 
| 122|0x0000000089a00000, 0x0000000089a00000, 0x0000000089b00000|  0%| F|  |TAMS 0x0000000089a00000, 0x0000000089a00000| Untracked 
| 123|0x0000000089b00000, 0x0000000089b00000, 0x0000000089c00000|  0%| F|  |TAMS 0x0000000089b00000, 0x0000000089b00000| Untracked 
| 124|0x0000000089c00000, 0x0000000089c00000, 0x0000000089d00000|  0%| F|  |TAMS 0x0000000089c00000, 0x0000000089c00000| Untracked 
| 125|0x0000000089d00000, 0x0000000089d00000, 0x0000000089e00000|  0%| F|  |TAMS 0x0000000089d00000, 0x0000000089d00000| Untracked 
| 126|0x0000000089e00000, 0x0000000089e00000, 0x0000000089f00000|  0%| F|  |TAMS 0x0000000089e00000, 0x0000000089e00000| Untracked 
| 127|0x0000000089f00000, 0x0000000089f00000, 0x000000008a000000|  0%| F|  |TAMS 0x0000000089f00000, 0x0000000089f00000| Untracked 
| 128|0x000000008a000000, 0x000000008a000000, 0x000000008a100000|  0%| F|  |TAMS 0x000000008a000000, 0x000000008a000000| Untracked 
| 129|0x000000008a100000, 0x000000008a100000, 0x000000008a200000|  0%| F|  |TAMS 0x000000008a100000, 0x000000008a100000| Untracked 
| 130|0x000000008a200000, 0x000000008a200000, 0x000000008a300000|  0%| F|  |TAMS 0x000000008a200000, 0x000000008a200000| Untracked 
| 131|0x000000008a300000, 0x000000008a300000, 0x000000008a400000|  0%| F|  |TAMS 0x000000008a300000, 0x000000008a300000| Untracked 
| 132|0x000000008a400000, 0x000000008a400000, 0x000000008a500000|  0%| F|  |TAMS 0x000000008a400000, 0x000000008a400000| Untracked 
| 133|0x000000008a500000, 0x000000008a500000, 0x000000008a600000|  0%| F|  |TAMS 0x000000008a500000, 0x000000008a500000| Untracked 
| 134|0x000000008a600000, 0x000000008a600000, 0x000000008a700000|  0%| F|  |TAMS 0x000000008a600000, 0x000000008a600000| Untracked 
| 135|0x000000008a700000, 0x000000008a700000, 0x000000008a800000|  0%| F|  |TAMS 0x000000008a700000, 0x000000008a700000| Untracked 
| 136|0x000000008a800000, 0x000000008a800000, 0x000000008a900000|  0%| F|  |TAMS 0x000000008a800000, 0x000000008a800000| Untracked 
| 137|0x000000008a900000, 0x000000008a900000, 0x000000008aa00000|  0%| F|  |TAMS 0x000000008a900000, 0x000000008a900000| Untracked 
| 138|0x000000008aa00000, 0x000000008aa00000, 0x000000008ab00000|  0%| F|  |TAMS 0x000000008aa00000, 0x000000008aa00000| Untracked 
| 139|0x000000008ab00000, 0x000000008ab00000, 0x000000008ac00000|  0%| F|  |TAMS 0x000000008ab00000, 0x000000008ab00000| Untracked 
| 140|0x000000008ac00000, 0x000000008ac00000, 0x000000008ad00000|  0%| F|  |TAMS 0x000000008ac00000, 0x000000008ac00000| Untracked 
| 141|0x000000008ad00000, 0x000000008ad00000, 0x000000008ae00000|  0%| F|  |TAMS 0x000000008ad00000, 0x000000008ad00000| Untracked 
| 142|0x000000008ae00000, 0x000000008ae00000, 0x000000008af00000|  0%| F|  |TAMS 0x000000008ae00000, 0x000000008ae00000| Untracked 
| 143|0x000000008af00000, 0x000000008af00000, 0x000000008b000000|  0%| F|  |TAMS 0x000000008af00000, 0x000000008af00000| Untracked 
| 144|0x000000008b000000, 0x000000008b000000, 0x000000008b100000|  0%| F|  |TAMS 0x000000008b000000, 0x000000008b000000| Untracked 
| 145|0x000000008b100000, 0x000000008b100000, 0x000000008b200000|  0%| F|  |TAMS 0x000000008b100000, 0x000000008b100000| Untracked 
| 146|0x000000008b200000, 0x000000008b200000, 0x000000008b300000|  0%| F|  |TAMS 0x000000008b200000, 0x000000008b200000| Untracked 
| 147|0x000000008b300000, 0x000000008b300000, 0x000000008b400000|  0%| F|  |TAMS 0x000000008b300000, 0x000000008b300000| Untracked 
| 148|0x000000008b400000, 0x000000008b400000, 0x000000008b500000|  0%| F|  |TAMS 0x000000008b400000, 0x000000008b400000| Untracked 
| 149|0x000000008b500000, 0x000000008b500000, 0x000000008b600000|  0%| F|  |TAMS 0x000000008b500000, 0x000000008b500000| Untracked 
| 150|0x000000008b600000, 0x000000008b600000, 0x000000008b700000|  0%| F|  |TAMS 0x000000008b600000, 0x000000008b600000| Untracked 
| 151|0x000000008b700000, 0x000000008b700000, 0x000000008b800000|  0%| F|  |TAMS 0x000000008b700000, 0x000000008b700000| Untracked 
| 152|0x000000008b800000, 0x000000008b800000, 0x000000008b900000|  0%| F|  |TAMS 0x000000008b800000, 0x000000008b800000| Untracked 
| 153|0x000000008b900000, 0x000000008b900000, 0x000000008ba00000|  0%| F|  |TAMS 0x000000008b900000, 0x000000008b900000| Untracked 
| 154|0x000000008ba00000, 0x000000008ba00000, 0x000000008bb00000|  0%| F|  |TAMS 0x000000008ba00000, 0x000000008ba00000| Untracked 
| 155|0x000000008bb00000, 0x000000008bb00000, 0x000000008bc00000|  0%| F|  |TAMS 0x000000008bb00000, 0x000000008bb00000| Untracked 
| 156|0x000000008bc00000, 0x000000008bc00000, 0x000000008bd00000|  0%| F|  |TAMS 0x000000008bc00000, 0x000000008bc00000| Untracked 
| 157|0x000000008bd00000, 0x000000008bd00000, 0x000000008be00000|  0%| F|  |TAMS 0x000000008bd00000, 0x000000008bd00000| Untracked 
| 158|0x000000008be00000, 0x000000008be00000, 0x000000008bf00000|  0%| F|  |TAMS 0x000000008be00000, 0x000000008be00000| Untracked 
| 159|0x000000008bf00000, 0x000000008bf00000, 0x000000008c000000|  0%| F|  |TAMS 0x000000008bf00000, 0x000000008bf00000| Untracked 
| 160|0x000000008c000000, 0x000000008c000000, 0x000000008c100000|  0%| F|  |TAMS 0x000000008c000000, 0x000000008c000000| Untracked 
| 161|0x000000008c100000, 0x000000008c100000, 0x000000008c200000|  0%| F|  |TAMS 0x000000008c100000, 0x000000008c100000| Untracked 
| 162|0x000000008c200000, 0x000000008c200000, 0x000000008c300000|  0%| F|  |TAMS 0x000000008c200000, 0x000000008c200000| Untracked 
| 163|0x000000008c300000, 0x000000008c300000, 0x000000008c400000|  0%| F|  |TAMS 0x000000008c300000, 0x000000008c300000| Untracked 
| 164|0x000000008c400000, 0x000000008c400000, 0x000000008c500000|  0%| F|  |TAMS 0x000000008c400000, 0x000000008c400000| Untracked 
| 165|0x000000008c500000, 0x000000008c500000, 0x000000008c600000|  0%| F|  |TAMS 0x000000008c500000, 0x000000008c500000| Untracked 
| 166|0x000000008c600000, 0x000000008c600000, 0x000000008c700000|  0%| F|  |TAMS 0x000000008c600000, 0x000000008c600000| Untracked 
| 167|0x000000008c700000, 0x000000008c700000, 0x000000008c800000|  0%| F|  |TAMS 0x000000008c700000, 0x000000008c700000| Untracked 
| 168|0x000000008c800000, 0x000000008c800000, 0x000000008c900000|  0%| F|  |TAMS 0x000000008c800000, 0x000000008c800000| Untracked 
| 169|0x000000008c900000, 0x000000008c900000, 0x000000008ca00000|  0%| F|  |TAMS 0x000000008c900000, 0x000000008c900000| Untracked 
| 170|0x000000008ca00000, 0x000000008ca00000, 0x000000008cb00000|  0%| F|  |TAMS 0x000000008ca00000, 0x000000008ca00000| Untracked 
| 171|0x000000008cb00000, 0x000000008cb00000, 0x000000008cc00000|  0%| F|  |TAMS 0x000000008cb00000, 0x000000008cb00000| Untracked 
| 172|0x000000008cc00000, 0x000000008cc00000, 0x000000008cd00000|  0%| F|  |TAMS 0x000000008cc00000, 0x000000008cc00000| Untracked 
| 173|0x000000008cd00000, 0x000000008cd00000, 0x000000008ce00000|  0%| F|  |TAMS 0x000000008cd00000, 0x000000008cd00000| Untracked 
| 174|0x000000008ce00000, 0x000000008ce00000, 0x000000008cf00000|  0%| F|  |TAMS 0x000000008ce00000, 0x000000008ce00000| Untracked 
| 175|0x000000008cf00000, 0x000000008cf00000, 0x000000008d000000|  0%| F|  |TAMS 0x000000008cf00000, 0x000000008cf00000| Untracked 
| 176|0x000000008d000000, 0x000000008d000000, 0x000000008d100000|  0%| F|  |TAMS 0x000000008d000000, 0x000000008d000000| Untracked 
| 177|0x000000008d100000, 0x000000008d100000, 0x000000008d200000|  0%| F|  |TAMS 0x000000008d100000, 0x000000008d100000| Untracked 
| 178|0x000000008d200000, 0x000000008d200000, 0x000000008d300000|  0%| F|  |TAMS 0x000000008d200000, 0x000000008d200000| Untracked 
| 179|0x000000008d300000, 0x000000008d300000, 0x000000008d400000|  0%| F|  |TAMS 0x000000008d300000, 0x000000008d300000| Untracked 
| 180|0x000000008d400000, 0x000000008d400000, 0x000000008d500000|  0%| F|  |TAMS 0x000000008d400000, 0x000000008d400000| Untracked 
| 181|0x000000008d500000, 0x000000008d500000, 0x000000008d600000|  0%| F|  |TAMS 0x000000008d500000, 0x000000008d500000| Untracked 
| 182|0x000000008d600000, 0x000000008d600000, 0x000000008d700000|  0%| F|  |TAMS 0x000000008d600000, 0x000000008d600000| Untracked 
| 183|0x000000008d700000, 0x000000008d700000, 0x000000008d800000|  0%| F|  |TAMS 0x000000008d700000, 0x000000008d700000| Untracked 
| 184|0x000000008d800000, 0x000000008d800000, 0x000000008d900000|  0%| F|  |TAMS 0x000000008d800000, 0x000000008d800000| Untracked 
| 185|0x000000008d900000, 0x000000008d900000, 0x000000008da00000|  0%| F|  |TAMS 0x000000008d900000, 0x000000008d900000| Untracked 
| 186|0x000000008da00000, 0x000000008da00000, 0x000000008db00000|  0%| F|  |TAMS 0x000000008da00000, 0x000000008da00000| Untracked 
| 187|0x000000008db00000, 0x000000008db00000, 0x000000008dc00000|  0%| F|  |TAMS 0x000000008db00000, 0x000000008db00000| Untracked 
| 188|0x000000008dc00000, 0x000000008dc00000, 0x000000008dd00000|  0%| F|  |TAMS 0x000000008dc00000, 0x000000008dc00000| Untracked 
| 189|0x000000008dd00000, 0x000000008dd00000, 0x000000008de00000|  0%| F|  |TAMS 0x000000008dd00000, 0x000000008dd00000| Untracked 
| 190|0x000000008de00000, 0x000000008de00000, 0x000000008df00000|  0%| F|  |TAMS 0x000000008de00000, 0x000000008de00000| Untracked 

Card table byte_map: [0x000002484dd30000,0x000002484e120000] _byte_map_base: 0x000002484d920000

Marking Bits (Prev, Next): (CMBitMap*) 0x0000024839248d80, (CMBitMap*) 0x0000024839248d40
 Prev Bits: [0x0000024850490000, 0x0000024852410000)
 Next Bits: [0x000002484e510000, 0x0000024850490000)

Polling page: 0x00000248390b0000

Metaspace:

Usage:
  Non-class:     76.36 MB used.
      Class:      9.35 MB used.
       Both:     85.71 MB used.

Virtual space:
  Non-class space:       80.00 MB reserved,      76.50 MB ( 96%) committed,  10 nodes.
      Class space:        1.00 GB reserved,       9.50 MB ( <1%) committed,  1 nodes.
             Both:        1.08 GB reserved,      86.00 MB (  8%) committed. 

Chunk freelists:
   Non-Class:  3.19 MB
       Class:  2.52 MB
        Both:  5.70 MB

MaxMetaspaceSize: unlimited
CompressedClassSpaceSize: 1.00 GB
Initial GC threshold: 21.00 MB
Current GC threshold: 135.44 MB
CDS: off
MetaspaceReclaimPolicy: balanced
 - commit_granule_bytes: 65536.
 - commit_granule_words: 8192.
 - virtual_space_node_default_size: 1048576.
 - enlarge_chunks_in_place: 1.
 - new_chunks_are_fully_committed: 0.
 - uncommit_free_chunks: 1.
 - use_allocation_guard: 0.
 - handle_deallocations: 1.


Internal statistics:

num_allocs_failed_limit: 6.
num_arena_births: 346.
num_arena_deaths: 0.
num_vsnodes_births: 11.
num_vsnodes_deaths: 0.
num_space_committed: 1374.
num_space_uncommitted: 0.
num_chunks_returned_to_freelist: 6.
num_chunks_taken_from_freelist: 3142.
num_chunk_merges: 6.
num_chunk_splits: 2630.
num_chunks_enlarged: 2368.
num_purges: 0.
num_inconsistent_stats: 0.

CodeHeap 'non-profiled nmethods': size=120000Kb used=7184Kb max_used=7184Kb free=112815Kb
 bounds [0x00000248459a0000, 0x00000248460b0000, 0x000002484ced0000]
CodeHeap 'profiled nmethods': size=120000Kb used=37188Kb max_used=37196Kb free=82811Kb
 bounds [0x000002483ded0000, 0x0000024840360000, 0x0000024845400000]
CodeHeap 'non-nmethods': size=5760Kb used=1403Kb max_used=1471Kb free=4356Kb
 bounds [0x0000024845400000, 0x0000024845670000, 0x00000248459a0000]
 total_blobs=13717 nmethods=12986 adapters=638
 compilation: enabled
              stopped_count=0, restarted_count=0
 full_count=0

Compilation events (20 events):
Event: 27.937 Thread 0x0000024859663ec0 nmethod 15969 0x0000024846097990 code [0x00000248460981c0, 0x000002484609e360]
Event: 27.938 Thread 0x0000024859663ec0 16080       4       org.jetbrains.kotlin.codegen.inline.InlineCodegenUtilsKt::isInlineMarker (91 bytes)
Event: 27.938 Thread 0x0000024855852290 16152       2       org.jetbrains.kotlin.backend.jvm.JvmIrTypeSystemContext::getName (6 bytes)
Event: 27.939 Thread 0x0000024855852290 nmethod 16152 0x000002483e70a910 code [0x000002483e70ab00, 0x000002483e70ae98]
Event: 27.939 Thread 0x0000024855852290 16153       2       org.jetbrains.kotlin.ir.types.IrTypeSystemContext$DefaultImpls::getName (22 bytes)
Event: 27.939 Thread 0x0000024855852290 nmethod 16153 0x000002483e70a110 code [0x000002483e70a300, 0x000002483e70a678]
Event: 27.941 Thread 0x0000024859663ec0 nmethod 16080 0x00000248460a2f10 code [0x00000248460a30a0, 0x00000248460a3378]
Event: 27.941 Thread 0x0000024859663ec0 15934       4       org.jetbrains.kotlin.backend.jvm.mapping.MethodSignatureMapper::writeParameter (23 bytes)
Event: 27.943 Thread 0x0000024859663ec0 nmethod 15934 0x00000248460a3490 code [0x00000248460a3640, 0x00000248460a3878]
Event: 27.943 Thread 0x0000024859663ec0 15919       4       org.jetbrains.kotlin.ir.types.IrTypePredicatesKt::isMarkedNullable (45 bytes)
Event: 27.944 Thread 0x0000024859663ec0 nmethod 15919 0x00000248460a3a10 code [0x00000248460a3ba0, 0x00000248460a3c38]
Event: 27.944 Thread 0x0000024859663ec0 16016       4       org.jetbrains.kotlin.ir.types.IrTypePredicatesKt::isPrimitiveType$default (14 bytes)
Event: 27.945 Thread 0x0000024859663ec0 nmethod 16016 0x00000248460a3d10 code [0x00000248460a3ea0, 0x00000248460a3fc8]
Event: 27.945 Thread 0x0000024859663ec0 15965       4       org.jetbrains.kotlin.backend.jvm.mapping.IrTypeMapper::computeClassInternalName (303 bytes)
Event: 27.951 Thread 0x0000024855852290 16155       2       org.jetbrains.kotlin.backend.jvm.ir.JvmIrTypeUtilsKt::getRepresentativeUpperBound (205 bytes)
Event: 27.952 Thread 0x0000024855852290 nmethod 16155 0x000002483e708f10 code [0x000002483e709220, 0x000002483e709b98]
Event: 27.952 Thread 0x0000024855852290 16156       2       org.jetbrains.kotlin.backend.jvm.JvmIrTypeSystemContext::isPrimitiveType (6 bytes)
Event: 27.953 Thread 0x0000024855852290 nmethod 16156 0x000002483e708190 code [0x000002483e708400, 0x000002483e708a98]
Event: 27.953 Thread 0x0000024855852290 16157       2       org.jetbrains.kotlin.ir.types.IrTypeSystemContext$DefaultImpls::isPrimitiveType (32 bytes)
Event: 27.954 Thread 0x0000024855852290 nmethod 16157 0x000002483e707410 code [0x000002483e7076a0, 0x000002483e707d58]

GC Heap History (20 events):
Event: 9.372 GC heap after
{Heap after GC invocations=22 (full 0):
 garbage-first heap   total 195584K, used 49074K [0x0000000082000000, 0x0000000100000000)
  region size 1024K, 1 young (1024K), 1 survivors (1024K)
 Metaspace       used 55679K, committed 55936K, reserved 1105920K
  class space    used 6523K, committed 6656K, reserved 1048576K
}
Event: 14.047 GC heap before
{Heap before GC invocations=22 (full 0):
 garbage-first heap   total 195584K, used 162738K [0x0000000082000000, 0x0000000100000000)
  region size 1024K, 111 young (113664K), 1 survivors (1024K)
 Metaspace       used 64714K, committed 65024K, reserved 1114112K
  class space    used 7456K, committed 7616K, reserved 1048576K
}
Event: 14.064 GC heap after
{Heap after GC invocations=23 (full 0):
 garbage-first heap   total 195584K, used 60906K [0x0000000082000000, 0x0000000100000000)
  region size 1024K, 13 young (13312K), 13 survivors (13312K)
 Metaspace       used 64714K, committed 65024K, reserved 1114112K
  class space    used 7456K, committed 7616K, reserved 1048576K
}
Event: 15.509 GC heap before
{Heap before GC invocations=23 (full 0):
 garbage-first heap   total 195584K, used 93674K [0x0000000082000000, 0x0000000100000000)
  region size 1024K, 46 young (47104K), 13 survivors (13312K)
 Metaspace       used 66376K, committed 66688K, reserved 1114112K
  class space    used 7586K, committed 7744K, reserved 1048576K
}
Event: 15.527 GC heap after
{Heap after GC invocations=24 (full 0):
 garbage-first heap   total 195584K, used 63814K [0x0000000082000000, 0x0000000100000000)
  region size 1024K, 3 young (3072K), 3 survivors (3072K)
 Metaspace       used 66376K, committed 66688K, reserved 1114112K
  class space    used 7586K, committed 7744K, reserved 1048576K
}
Event: 19.215 GC heap before
{Heap before GC invocations=25 (full 0):
 garbage-first heap   total 195584K, used 153926K [0x0000000082000000, 0x0000000100000000)
  region size 1024K, 89 young (91136K), 3 survivors (3072K)
 Metaspace       used 72749K, committed 73088K, reserved 1114112K
  class space    used 8194K, committed 8384K, reserved 1048576K
}
Event: 19.241 GC heap after
{Heap after GC invocations=26 (full 0):
 garbage-first heap   total 195584K, used 77824K [0x0000000082000000, 0x0000000100000000)
  region size 1024K, 12 young (12288K), 12 survivors (12288K)
 Metaspace       used 72749K, committed 73088K, reserved 1114112K
  class space    used 8194K, committed 8384K, reserved 1048576K
}
Event: 19.264 GC heap before
{Heap before GC invocations=26 (full 0):
 garbage-first heap   total 195584K, used 78848K [0x0000000082000000, 0x0000000100000000)
  region size 1024K, 13 young (13312K), 12 survivors (12288K)
 Metaspace       used 72752K, committed 73088K, reserved 1114112K
  class space    used 8195K, committed 8384K, reserved 1048576K
}
Event: 19.289 GC heap after
{Heap after GC invocations=27 (full 0):
 garbage-first heap   total 195584K, used 79748K [0x0000000082000000, 0x0000000100000000)
  region size 1024K, 2 young (2048K), 2 survivors (2048K)
 Metaspace       used 72752K, committed 73088K, reserved 1114112K
  class space    used 8195K, committed 8384K, reserved 1048576K
}
Event: 22.907 GC heap before
{Heap before GC invocations=27 (full 0):
 garbage-first heap   total 195584K, used 152452K [0x0000000082000000, 0x0000000100000000)
  region size 1024K, 73 young (74752K), 2 survivors (2048K)
 Metaspace       used 81026K, committed 81408K, reserved 1122304K
  class space    used 9052K, committed 9216K, reserved 1048576K
}
Event: 22.929 GC heap after
{Heap after GC invocations=28 (full 0):
 garbage-first heap   total 195584K, used 86443K [0x0000000082000000, 0x0000000100000000)
  region size 1024K, 9 young (9216K), 9 survivors (9216K)
 Metaspace       used 81026K, committed 81408K, reserved 1122304K
  class space    used 9052K, committed 9216K, reserved 1048576K
}
Event: 24.723 GC heap before
{Heap before GC invocations=28 (full 0):
 garbage-first heap   total 195584K, used 151979K [0x0000000082000000, 0x0000000100000000)
  region size 1024K, 73 young (74752K), 9 survivors (9216K)
 Metaspace       used 82564K, committed 82944K, reserved 1130496K
  class space    used 9167K, committed 9344K, reserved 1048576K
}
Event: 24.741 GC heap after
{Heap after GC invocations=29 (full 0):
 garbage-first heap   total 195584K, used 88886K [0x0000000082000000, 0x0000000100000000)
  region size 1024K, 3 young (3072K), 3 survivors (3072K)
 Metaspace       used 82564K, committed 82944K, reserved 1130496K
  class space    used 9167K, committed 9344K, reserved 1048576K
}
Event: 25.348 GC heap before
{Heap before GC invocations=29 (full 0):
 garbage-first heap   total 195584K, used 154422K [0x0000000082000000, 0x0000000100000000)
  region size 1024K, 67 young (68608K), 3 survivors (3072K)
 Metaspace       used 82845K, committed 83200K, reserved 1130496K
  class space    used 9170K, committed 9344K, reserved 1048576K
}
Event: 25.359 GC heap after
{Heap after GC invocations=30 (full 0):
 garbage-first heap   total 195584K, used 89716K [0x0000000082000000, 0x0000000100000000)
  region size 1024K, 4 young (4096K), 4 survivors (4096K)
 Metaspace       used 82845K, committed 83200K, reserved 1130496K
  class space    used 9170K, committed 9344K, reserved 1048576K
}
Event: 26.010 GC heap before
{Heap before GC invocations=31 (full 0):
 garbage-first heap   total 195584K, used 155252K [0x0000000082000000, 0x0000000100000000)
  region size 1024K, 70 young (71680K), 4 survivors (4096K)
 Metaspace       used 82925K, committed 83264K, reserved 1130496K
  class space    used 9171K, committed 9344K, reserved 1048576K
}
Event: 26.029 GC heap after
{Heap after GC invocations=32 (full 0):
 garbage-first heap   total 195584K, used 88984K [0x0000000082000000, 0x0000000100000000)
  region size 1024K, 5 young (5120K), 5 survivors (5120K)
 Metaspace       used 82925K, committed 83264K, reserved 1130496K
  class space    used 9171K, committed 9344K, reserved 1048576K
}
Event: 26.050 GC heap before
{Heap before GC invocations=32 (full 0):
 garbage-first heap   total 195584K, used 93080K [0x0000000082000000, 0x0000000100000000)
  region size 1024K, 9 young (9216K), 5 survivors (5120K)
 Metaspace       used 82927K, committed 83264K, reserved 1130496K
  class space    used 9171K, committed 9344K, reserved 1048576K
}
Event: 26.062 GC heap after
{Heap after GC invocations=33 (full 0):
 garbage-first heap   total 195584K, used 87707K [0x0000000082000000, 0x0000000100000000)
  region size 1024K, 1 young (1024K), 1 survivors (1024K)
 Metaspace       used 82927K, committed 83264K, reserved 1130496K
  class space    used 9171K, committed 9344K, reserved 1048576K
}
Event: 27.961 GC heap before
{Heap before GC invocations=33 (full 0):
 garbage-first heap   total 195584K, used 159387K [0x0000000082000000, 0x0000000100000000)
  region size 1024K, 71 young (72704K), 1 survivors (1024K)
 Metaspace       used 87765K, committed 88064K, reserved 1130496K
  class space    used 9571K, committed 9728K, reserved 1048576K
}

Dll operation events (2 events):
Event: 0.007 Loaded shared library C:\Program Files\Android\Android Studio\jbr\bin\java.dll
Event: 2.100 Loaded shared library C:\Program Files\Android\Android Studio\jbr\bin\verify.dll

Deoptimization events (20 events):
Event: 27.645 Thread 0x00000248391e9330 Uncommon trap: trap_request=0xffffff3d fr.pc=0x0000024845ff53d0 relative=0x0000000000000b30
Event: 27.645 Thread 0x00000248391e9330 Uncommon trap: reason=unstable_fused_if action=reinterpret pc=0x0000024845ff53d0 method=org.jetbrains.kotlin.builtins.PrimitiveType$Companion.getByShortName(Ljava/lang/String;)Lorg/jetbrains/kotlin/builtins/PrimitiveType; @ 12 c2
Event: 27.645 Thread 0x00000248391e9330 DEOPT PACKING pc=0x0000024845ff53d0 sp=0x000000c4019fc570
Event: 27.645 Thread 0x00000248391e9330 DEOPT UNPACKING pc=0x00000248454569a3 sp=0x000000c4019fc3e0 mode 2
Event: 27.646 Thread 0x00000248391e9330 Uncommon trap: trap_request=0xffffff3d fr.pc=0x0000024845ff3c20 relative=0x0000000000000b00
Event: 27.646 Thread 0x00000248391e9330 Uncommon trap: reason=unstable_fused_if action=reinterpret pc=0x0000024845ff3c20 method=org.jetbrains.kotlin.builtins.PrimitiveType$Companion.getByShortName(Ljava/lang/String;)Lorg/jetbrains/kotlin/builtins/PrimitiveType; @ 12 c2
Event: 27.646 Thread 0x00000248391e9330 DEOPT PACKING pc=0x0000024845ff3c20 sp=0x000000c4019fc4a0
Event: 27.646 Thread 0x00000248391e9330 DEOPT UNPACKING pc=0x00000248454569a3 sp=0x000000c4019fc388 mode 2
Event: 27.765 Thread 0x00000248391e9330 Uncommon trap: trap_request=0xffffff45 fr.pc=0x0000024845ef93b0 relative=0x0000000000000210
Event: 27.765 Thread 0x00000248391e9330 Uncommon trap: reason=unstable_if action=reinterpret pc=0x0000024845ef93b0 method=kotlin.text.StringsKt__StringsKt.substringAfter(Ljava/lang/String;Ljava/lang/String;Ljava/lang/String;)Ljava/lang/String; @ 36 c2
Event: 27.765 Thread 0x00000248391e9330 DEOPT PACKING pc=0x0000024845ef93b0 sp=0x000000c4019fca90
Event: 27.765 Thread 0x00000248391e9330 DEOPT UNPACKING pc=0x00000248454569a3 sp=0x000000c4019fc990 mode 2
Event: 27.768 Thread 0x00000248391e9330 Uncommon trap: trap_request=0xffffffde fr.pc=0x0000024846083cb8 relative=0x0000000000008838
Event: 27.768 Thread 0x00000248391e9330 Uncommon trap: reason=class_check action=maybe_recompile pc=0x0000024846083cb8 method=org.jetbrains.org.objectweb.asm.ClassReader.readMethod(Lorg/jetbrains/org/objectweb/asm/ClassVisitor;Lorg/jetbrains/org/objectweb/asm/Context;I)I @ 1041 c2
Event: 27.768 Thread 0x00000248391e9330 DEOPT PACKING pc=0x0000024846083cb8 sp=0x000000c4019fc570
Event: 27.768 Thread 0x00000248391e9330 DEOPT UNPACKING pc=0x00000248454569a3 sp=0x000000c4019fc5b8 mode 2
Event: 27.908 Thread 0x00000248391e9330 Uncommon trap: trap_request=0xffffff45 fr.pc=0x0000024845a154a4 relative=0x0000000000000284
Event: 27.908 Thread 0x00000248391e9330 Uncommon trap: reason=unstable_if action=reinterpret pc=0x0000024845a154a4 method=gnu.trove.TObjectHash.index(Ljava/lang/Object;)I @ 54 c2
Event: 27.908 Thread 0x00000248391e9330 DEOPT PACKING pc=0x0000024845a154a4 sp=0x000000c4019fd590
Event: 27.908 Thread 0x00000248391e9330 DEOPT UNPACKING pc=0x00000248454569a3 sp=0x000000c4019fd508 mode 2

Classes unloaded (0 events):
No events

Classes redefined (0 events):
No events

Internal exceptions (20 events):
Event: 10.042 Thread 0x00000248391e9330 Exception <a 'java/lang/NoSuchMethodError'{0x000000008cde6278}: 'void java.lang.invoke.DirectMethodHandle$Holder.invokeInterface(java.lang.Object, java.lang.Object)'> (0x000000008cde6278) 
thrown [s\src\hotspot\share\interpreter\linkResolver.cpp, line 771]
Event: 10.099 Thread 0x00000248391e9330 Exception <a 'java/lang/IncompatibleClassChangeError'{0x000000008cb30fb0}: Found class java.lang.Object, but interface was expected> (0x000000008cb30fb0) 
thrown [s\src\hotspot\share\interpreter\linkResolver.cpp, line 838]
Event: 10.107 Thread 0x00000248391e9330 Implicit null exception at 0x0000024845acae4c to 0x0000024845acaf28
Event: 10.588 Thread 0x00000248391e9330 Implicit null exception at 0x0000024845aa8489 to 0x0000024845aa8570
Event: 10.589 Thread 0x00000248391e9330 Implicit null exception at 0x0000024845a046d8 to 0x0000024845a0476a
Event: 10.634 Thread 0x00000248391e9330 Exception <a 'java/lang/NoSuchMethodError'{0x000000008b752aa8}: 'java.lang.Object java.lang.invoke.DirectMethodHandle$Holder.invokeStatic(java.lang.Object, int, java.lang.Object)'> (0x000000008b752aa8) 
thrown [s\src\hotspot\share\interpreter\linkResolver.cpp, line 771]
Event: 10.695 Thread 0x00000248391e9330 Exception <a 'java/lang/NoSuchMethodError'{0x000000008b679920}: 'java.lang.Object java.lang.invoke.DirectMethodHandle$Holder.invokeInterface(java.lang.Object, java.lang.Object, java.lang.Object)'> (0x000000008b679920) 
thrown [s\src\hotspot\share\interpreter\linkResolver.cpp, line 771]
Event: 10.695 Thread 0x00000248391e9330 Exception <a 'java/lang/IncompatibleClassChangeError'{0x000000008b67d290}: Found class java.lang.Object, but interface was expected> (0x000000008b67d290) 
thrown [s\src\hotspot\share\interpreter\linkResolver.cpp, line 838]
Event: 10.928 Thread 0x00000248391e9330 Exception <a 'java/lang/NoSuchMethodError'{0x000000008b35be30}: 'int java.lang.invoke.DirectMethodHandle$Holder.invokeStaticInit(java.lang.Object, int)'> (0x000000008b35be30) 
thrown [s\src\hotspot\share\interpreter\linkResolver.cpp, line 771]
Event: 11.464 Thread 0x00000248391e9330 Implicit null exception at 0x0000024845c80e3c to 0x0000024845c816dc
Event: 13.126 Thread 0x00000248391e9330 Exception <a 'java/lang/NoSuchMethodError'{0x00000000887b6670}: 'java.lang.Object java.lang.invoke.DirectMethodHandle$Holder.newInvokeSpecial(java.lang.Object, int, java.lang.Object, java.lang.Object)'> (0x00000000887b6670) 
thrown [s\src\hotspot\share\interpreter\linkResolver.cpp, line 771]
Event: 13.166 Thread 0x00000248391e9330 Exception <a 'java/lang/NoSuchMethodError'{0x00000000886e7a18}: 'java.lang.Object java.lang.invoke.DirectMethodHandle$Holder.newInvokeSpecial(java.lang.Object, java.lang.Object, java.lang.Object, java.lang.Object, java.lang.Object, java.lang.Object, java.lang.Object)'> (0x00000000886e7a18) 
thrown [s\src\hotspot\share\interpreter\linkResolver.cpp, line 771]
Event: 13.167 Thread 0x00000248391e9330 Exception <a 'java/lang/NoSuchMethodError'{0x00000000886ec5d0}: 'java.lang.Object java.lang.invoke.Invokers$Holder.linkToTargetMethod(java.lang.Object, java.lang.Object, java.lang.Object, java.lang.Object, java.lang.Object, java.lang.Object, java.lang.Object)'> (0x00000000886ec5d0) 
thrown [s\src\hotspot\share\interpreter\linkResolver.cpp, line 771]
Event: 14.447 Thread 0x00000248391e9330 Implicit null exception at 0x0000024845af1af0 to 0x0000024845af1fac
Event: 15.364 Thread 0x00000248391e9330 Implicit null exception at 0x0000024845a5b40c to 0x0000024845a5b614
Event: 16.008 Thread 0x00000248391e9330 Exception <a 'java/lang/NoSuchMethodError'{0x000000008d3da5a0}: 'java.lang.Object java.lang.invoke.DirectMethodHandle$Holder.invokeStaticInit(java.lang.Object, java.lang.Object, java.lang.Object, java.lang.Object)'> (0x000000008d3da5a0) 
thrown [s\src\hotspot\share\interpreter\linkResolver.cpp, line 771]
Event: 16.382 Thread 0x00000248391e9330 Exception <a 'java/lang/NoSuchMethodError'{0x000000008c41f3a8}: 'java.lang.Object java.lang.invoke.DirectMethodHandle$Holder.newInvokeSpecial(java.lang.Object, java.lang.Object, java.lang.Object, int, int)'> (0x000000008c41f3a8) 
thrown [s\src\hotspot\share\interpreter\linkResolver.cpp, line 771]
Event: 16.382 Thread 0x00000248391e9330 Exception <a 'java/lang/NoSuchMethodError'{0x000000008c4231e8}: 'java.lang.Object java.lang.invoke.DirectMethodHandle$Holder.invokeSpecial(java.lang.Object, java.lang.Object, java.lang.Object, java.lang.Object, int, int)'> (0x000000008c4231e8) 
thrown [s\src\hotspot\share\interpreter\linkResolver.cpp, line 771]
Event: 16.426 Thread 0x00000248391e9330 Exception <a 'java/lang/NoSuchMethodError'{0x000000008c3757a8}: 'java.lang.Object java.lang.invoke.Invokers$Holder.linkToTargetMethod(java.lang.Object, java.lang.Object, int, int, java.lang.Object, java.lang.Object, java.lang.Object, java.lang.Object, java.lang.Object)'> (0x000000008c3757a8) 
thrown [s\src\hotspot\share\interpreter\linkResolver.cpp, line 771]
Event: 18.778 Thread 0x00000248391e9330 Implicit null exception at 0x0000024845a0b692 to 0x0000024845a0b8e8

VM Operations (20 events):
Event: 26.385 Executing VM operation: HandshakeAllThreads done
Event: 26.420 Executing VM operation: HandshakeAllThreads
Event: 26.420 Executing VM operation: HandshakeAllThreads done
Event: 26.633 Executing VM operation: HandshakeAllThreads
Event: 26.633 Executing VM operation: HandshakeAllThreads done
Event: 26.692 Executing VM operation: HandshakeAllThreads
Event: 26.692 Executing VM operation: HandshakeAllThreads done
Event: 26.692 Executing VM operation: ICBufferFull
Event: 26.693 Executing VM operation: ICBufferFull done
Event: 26.881 Executing VM operation: ICBufferFull
Event: 26.881 Executing VM operation: ICBufferFull done
Event: 27.424 Executing VM operation: ICBufferFull
Event: 27.424 Executing VM operation: ICBufferFull done
Event: 27.451 Executing VM operation: HandshakeAllThreads
Event: 27.451 Executing VM operation: HandshakeAllThreads done
Event: 27.459 Executing VM operation: HandshakeAllThreads
Event: 27.459 Executing VM operation: HandshakeAllThreads done
Event: 27.657 Executing VM operation: ICBufferFull
Event: 27.658 Executing VM operation: ICBufferFull done
Event: 27.961 Executing VM operation: G1CollectForAllocation

Events (20 events):
Event: 27.485 Thread 0x0000024855853370 flushing nmethod 0x000002483fdd2610
Event: 27.485 Thread 0x0000024855853370 flushing nmethod 0x000002483fde2990
Event: 27.485 Thread 0x0000024855853370 flushing nmethod 0x000002483fde4a10
Event: 27.485 Thread 0x0000024855853370 flushing nmethod 0x000002483fdf5910
Event: 27.485 Thread 0x0000024855853370 flushing nmethod 0x000002483fdf8410
Event: 27.485 Thread 0x0000024855853370 flushing nmethod 0x000002483fdf8910
Event: 27.485 Thread 0x0000024855853370 flushing nmethod 0x000002483fdfd690
Event: 27.485 Thread 0x0000024855853370 flushing nmethod 0x000002483fe0d110
Event: 27.485 Thread 0x0000024855853370 flushing nmethod 0x000002483fe13e90
Event: 27.485 Thread 0x0000024855853370 flushing nmethod 0x000002483fe16f10
Event: 27.485 Thread 0x0000024855853370 flushing nmethod 0x000002483fe18990
Event: 27.485 Thread 0x0000024855853370 flushing nmethod 0x000002483fe19510
Event: 27.485 Thread 0x0000024855853370 flushing nmethod 0x000002483fe1bd10
Event: 27.485 Thread 0x0000024855853370 flushing nmethod 0x000002483fe3c110
Event: 27.485 Thread 0x0000024855853370 flushing nmethod 0x000002483fe3fa90
Event: 27.485 Thread 0x0000024855853370 flushing nmethod 0x000002483fec5190
Event: 27.486 Thread 0x0000024855853370 flushing nmethod 0x000002483fedf910
Event: 27.486 Thread 0x0000024855853370 flushing nmethod 0x000002483ffade10
Event: 27.489 Thread 0x0000024855853370 flushing nmethod 0x000002484026cc10
Event: 27.489 Thread 0x0000024855853370 flushing nmethod 0x0000024840273890


Dynamic libraries:
0x00007ff775ee0000 - 0x00007ff775eea000 	C:\Program Files\Android\Android Studio\jbr\bin\java.exe
0x00007ffb12670000 - 0x00007ffb12867000 	C:\WINDOWS\SYSTEM32\ntdll.dll
0x00007ffb12570000 - 0x00007ffb1262d000 	C:\WINDOWS\System32\KERNEL32.DLL
0x00007ffb100c0000 - 0x00007ffb103b6000 	C:\WINDOWS\System32\KERNELBASE.dll
0x00007ffb0ff30000 - 0x00007ffb10030000 	C:\WINDOWS\System32\ucrtbase.dll
0x00007ffb07430000 - 0x00007ffb07447000 	C:\Program Files\Android\Android Studio\jbr\bin\jli.dll
0x00007ffb07410000 - 0x00007ffb0742b000 	C:\Program Files\Android\Android Studio\jbr\bin\VCRUNTIME140.dll
0x00007ffb12200000 - 0x00007ffb1239e000 	C:\WINDOWS\System32\USER32.dll
0x00007ffb10460000 - 0x00007ffb10482000 	C:\WINDOWS\System32\win32u.dll
0x00007ffb0f130000 - 0x00007ffb0f3ca000 	C:\WINDOWS\WinSxS\amd64_microsoft.windows.common-controls_6595b64144ccf1df_6.0.19041.3570_none_60bb2a3971f3e41a\COMCTL32.dll
0x00007ffb111e0000 - 0x00007ffb1120c000 	C:\WINDOWS\System32\GDI32.dll
0x00007ffb10d00000 - 0x00007ffb10d9e000 	C:\WINDOWS\System32\msvcrt.dll
0x00007ffb0fda0000 - 0x00007ffb0feba000 	C:\WINDOWS\System32\gdi32full.dll
0x00007ffb103c0000 - 0x00007ffb1045d000 	C:\WINDOWS\System32\msvcp_win.dll
0x00007ffb10da0000 - 0x00007ffb10dd0000 	C:\WINDOWS\System32\IMM32.DLL
0x00007ffb09d90000 - 0x00007ffb09d9c000 	C:\Program Files\Android\Android Studio\jbr\bin\vcruntime140_1.dll
0x00007ffaeb8b0000 - 0x00007ffaeb93d000 	C:\Program Files\Android\Android Studio\jbr\bin\msvcp140.dll
0x00007ffad7600000 - 0x00007ffad826e000 	C:\Program Files\Android\Android Studio\jbr\bin\server\jvm.dll
0x00007ffb11220000 - 0x00007ffb112ce000 	C:\WINDOWS\System32\ADVAPI32.dll
0x00007ffb12470000 - 0x00007ffb1250c000 	C:\WINDOWS\System32\sechost.dll
0x00007ffb112d0000 - 0x00007ffb113f6000 	C:\WINDOWS\System32\RPCRT4.dll
0x00007ffb05850000 - 0x00007ffb05859000 	C:\WINDOWS\SYSTEM32\WSOCK32.dll
0x00007ffb03000000 - 0x00007ffb03027000 	C:\WINDOWS\SYSTEM32\WINMM.dll
0x00007ffb06520000 - 0x00007ffb0652a000 	C:\WINDOWS\SYSTEM32\VERSION.dll
0x00007ffb11170000 - 0x00007ffb111db000 	C:\WINDOWS\System32\WS2_32.dll
0x00007ffb0ced0000 - 0x00007ffb0cee2000 	C:\WINDOWS\SYSTEM32\kernel.appcore.dll
0x00007ffb0f740000 - 0x00007ffb0f74a000 	C:\Program Files\Android\Android Studio\jbr\bin\jimage.dll
0x00007ffb0f7b0000 - 0x00007ffb0f994000 	C:\WINDOWS\SYSTEM32\DBGHELP.DLL
0x00007ffb0f6a0000 - 0x00007ffb0f6d4000 	C:\WINDOWS\SYSTEM32\dbgcore.DLL
0x00007ffb10030000 - 0x00007ffb100b2000 	C:\WINDOWS\System32\bcryptPrimitives.dll
0x00007ffb0a030000 - 0x00007ffb0a055000 	C:\Program Files\Android\Android Studio\jbr\bin\java.dll
0x00007ffb08710000 - 0x00007ffb08728000 	C:\Program Files\Android\Android Studio\jbr\bin\zip.dll
0x00007ffb11490000 - 0x00007ffb11bd4000 	C:\WINDOWS\System32\SHELL32.dll
0x00007ffb0d760000 - 0x00007ffb0defb000 	C:\WINDOWS\SYSTEM32\windows.storage.dll
0x00007ffb106d0000 - 0x00007ffb10a24000 	C:\WINDOWS\System32\combase.dll
0x00007ffb0ef50000 - 0x00007ffb0ef7d000 	C:\WINDOWS\SYSTEM32\Wldp.dll
0x00007ffb123c0000 - 0x00007ffb1246d000 	C:\WINDOWS\System32\SHCORE.dll
0x00007ffb12510000 - 0x00007ffb12565000 	C:\WINDOWS\System32\shlwapi.dll
0x00007ffb0fc80000 - 0x00007ffb0fca5000 	C:\WINDOWS\SYSTEM32\profapi.dll
0x00007ffb07f90000 - 0x00007ffb07fa9000 	C:\Program Files\Android\Android Studio\jbr\bin\net.dll
0x00007ffb07140000 - 0x00007ffb0724a000 	C:\WINDOWS\SYSTEM32\WINHTTP.dll
0x00007ffb0ed30000 - 0x00007ffb0ed9a000 	C:\WINDOWS\system32\mswsock.dll
0x00007ffb07c30000 - 0x00007ffb07c46000 	C:\Program Files\Android\Android Studio\jbr\bin\nio.dll
0x00007ffb0f6e0000 - 0x00007ffb0f6f0000 	C:\Program Files\Android\Android Studio\jbr\bin\verify.dll

dbghelp: loaded successfully - version: 4.0.5 - missing functions: none
symbol engine: initialized successfully - sym options: 0x614 - pdb path: .;C:\Program Files\Android\Android Studio\jbr\bin;C:\WINDOWS\SYSTEM32;C:\WINDOWS\WinSxS\amd64_microsoft.windows.common-controls_6595b64144ccf1df_6.0.19041.3570_none_60bb2a3971f3e41a;C:\Program Files\Android\Android Studio\jbr\bin\server

VM Arguments:
java_command: org.jetbrains.kotlin.cli.jvm.K2JVMCompiler @C:\Users\Rizky\StudioProjects\MacroGroup6\app\build\20231019_718268865252358537.compiler.options
java_class_path (initial): C:\Users\Rizky\.gradle\caches\modules-2\files-2.1\org.jetbrains.kotlin\kotlin-compiler-embeddable\1.9.0\2c8c3a7402becca891f12739b3e9fd2dc2adbd7a\kotlin-compiler-embeddable-1.9.0.jar;C:\Users\Rizky\.gradle\caches\modules-2\files-2.1\org.jetbrains.kotlin\kotlin-stdlib\1.9.0\8ee15ef0c67dc83d874f412d84378d7f0eb50b63\kotlin-stdlib-1.9.0.jar;C:\Users\Rizky\.gradle\caches\modules-2\files-2.1\org.jetbrains.kotlin\kotlin-script-runtime\1.9.0\4b3102cbbb7e1b58d9d1adf89563f00069ffa7d1\kotlin-script-runtime-1.9.0.jar;C:\Users\Rizky\.gradle\caches\modules-2\files-2.1\org.jetbrains.kotlin\kotlin-reflect\1.6.10\1cbe9c92c12a94eea200d23c2bbaedaf3daf5132\kotlin-reflect-1.6.10.jar;C:\Users\Rizky\.gradle\caches\modules-2\files-2.1\org.jetbrains.kotlin\kotlin-daemon-embeddable\1.9.0\186543f5e28cf8d9a0290fecc2cf34301c40a65c\kotlin-daemon-embeddable-1.9.0.jar;C:\Users\Rizky\.gradle\caches\modules-2\files-2.1\org.jetbrains.intellij.deps\trove4j\1.0.20200330\3afb14d5f9ceb459d724e907a21145e8ff394f02\trove4j-1.0.20200330.jar;C:\Users\Rizky\.gradle\caches\modules-2\files-2.1\org.jetbrains.kotlin\kotlin-stdlib-common\1.9.0\cd65c21cfd1eec4d44ef09f9f52b6d9f8a720636\kotlin-stdlib-common-1.9.0.jar;C:\Users\Rizky\.gradle\caches\modules-2\files-2.1\org.jetbrains\annotations\13.0\919f0dfe192fb4e063e7dacadee7f8bb9a2672a9\annotations-13.0.jar
Launcher Type: SUN_STANDARD

[Global flags]
     intx CICompilerCount                          = 4                                         {product} {ergonomic}
     uint ConcGCThreads                            = 2                                         {product} {ergonomic}
     uint G1ConcRefinementThreads                  = 8                                         {product} {ergonomic}
   size_t G1HeapRegionSize                         = 1048576                                   {product} {ergonomic}
    uintx GCDrainStackTargetSize                   = 64                                        {product} {ergonomic}
   size_t InitialHeapSize                          = 132120576                                 {product} {ergonomic}
   size_t MarkStackSize                            = 4194304                                   {product} {ergonomic}
   size_t MaxHeapSize                              = 2113929216                                {product} {ergonomic}
   size_t MaxNewSize                               = 1267728384                                {product} {ergonomic}
   size_t MinHeapDeltaBytes                        = 1048576                                   {product} {ergonomic}
   size_t MinHeapSize                              = 8388608                                   {product} {ergonomic}
    uintx NonNMethodCodeHeapSize                   = 5839372                                {pd product} {ergonomic}
    uintx NonProfiledCodeHeapSize                  = 122909434                              {pd product} {ergonomic}
    uintx ProfiledCodeHeapSize                     = 122909434                              {pd product} {ergonomic}
    uintx ReservedCodeCacheSize                    = 251658240                              {pd product} {ergonomic}
     bool SegmentedCodeCache                       = true                                      {product} {ergonomic}
   size_t SoftMaxHeapSize                          = 2113929216                             {manageable} {ergonomic}
     bool UseCompressedClassPointers               = true                           {product lp64_product} {ergonomic}
     bool UseCompressedOops                        = true                           {product lp64_product} {ergonomic}
     bool UseG1GC                                  = true                                      {product} {ergonomic}
     bool UseLargePagesIndividualAllocation        = false                                  {pd product} {ergonomic}

Logging:
Log output configuration:
 #0: stdout all=warning uptime,level,tags
 #1: stderr all=off uptime,level,tags

Environment Variables:
JAVA_HOME=C:\Program Files\Java\jdk-17.0.1
CLASSPATH=.;
PATH=C:\Program Files (x86)\Common Files\Oracle\Java\javapath;C:\Program Files (x86)\NVIDIA Corporation\PhysX\Common;C:\Python310\Scripts\;C:\Python310\;C:\Program Files\Common Files\Oracle\Java\javapath;C:\WINDOWS\system32;C:\WINDOWS;C:\WINDOWS\System32\Wbem;C:\WINDOWS\System32\WindowsPowerShell\v1.0\;C:\WINDOWS\System32\OpenSSH\;C:\ProgramData\chocolatey\bin;C:\Users\Rizky\AppData\Local\Android\Sdk;C:\Users\Rizky\AppData\Local\Android\Sdk\platform-tools;C:\Program Files\Java\jdk1.8.0_211\bin;C:\Program Files\Java\jdk1.8.0_202\bin;C:\xampp\php;C:\ProgramData\ComposerSetup\bin;C:\Users\Rizky\AppData\Local\Android\Sdk\platform-tools;C:\Program Files\nodejs\;C:\Program Files\MongoDB\Server\5.0\bin;C:\Program Files\PowerShell\7\;C:\Program Files\Git\cmd;C:\hadoop\bin;C:\Windows\system32\cmd.exe\bin;C:\hadoop\sbin;C:\Python310;C:\xampp\htdocs\frontend-programming\movie-database\node_modules;";C:\Program Files\Java\jdk-17.0.1\bin";C:\Gradle\gradle-8.1.1\bin;C:\Users\Rizky\AppData\Local\Microsoft\WindowsApps;C:\Users\Rizky\AppData\Local\Android\Sdk\platform-tools;C:\Users\Rizky\AppData\Local\Programs\Microsoft VS Code\bin;C:\Users\Rizky\AppData\Roaming\Composer\vendor\bin;C:\Users\Rizky\AppData\Roaming\npm;C:\src\flutter\bin;C:\xampp\htdocs\frontend-programming\movie-database\node_modules;
USERNAME=Rizky
OS=Windows_NT
PROCESSOR_IDENTIFIER=Intel64 Family 6 Model 58 Stepping 9, GenuineIntel
TMP=C:\Users\Rizky\AppData\Local\Temp
TEMP=C:\Users\Rizky\AppData\Local\Temp


JNI global refs:
JNI global refs: 11, weak refs: 21

JNI global refs memory usage: 843, weak refs: 841


---------------  S Y S T E M  ---------------

OS:
 Windows 10 , 64 bit Build 19041 (10.0.19041.3570)
OS uptime: 1 days 12:41 hours
Hyper-V role detected

CPU: total 8 (initial active 8) (4 cores per cpu, 2 threads per core) family 6 model 58 stepping 9 microcode 0x21, cx8, cmov, fxsr, ht, mmx, sse, sse2, sse3, ssse3, sse4.1, sse4.2, popcnt, tsc, tscinvbit, avx, aes, erms, clmul, vzeroupper, clflush, hv

Memory: 4k page, system-wide physical 8063M (451M free)
TotalPageFile size 18303M (AvailPageFile size 302M)
current process WorkingSet (physical memory assigned to process): 434M, peak: 435M
current process commit charge ("private bytes"): 470M, peak: 849M

vm_info: OpenJDK 64-Bit Server VM (17.0.6+0-b2043.56-10027231) for windows-amd64 JRE (17.0.6+0-b2043.56-10027231), built on Apr 28 2023 00:43:19 by "androidbuild" with MS VC++ 16.10 / 16.11 (VS2019)

END.
