#
# There is insufficient memory for the Java Runtime Environment to continue.
# Native memory allocation (malloc) failed to allocate 1092496 bytes for Chunk::new
# Possible reasons:
#   The system is out of physical RAM or swap space
#   The process is running with CompressedOops enabled, and the Java Heap may be blocking the growth of the native heap
# Possible solutions:
#   Reduce memory load on the system
#   Increase physical memory or swap space
#   Check if swap backing store is full
#   Decrease Java heap size (-Xmx/-Xms)
#   Decrease number of Java threads
#   Decrease Java thread stack sizes (-Xss)
#   Set larger code cache with -XX:ReservedCodeCacheSize=
#   JVM is running with Unscaled Compressed Oops mode in which the Java heap is
#     placed in the first 4GB address space. The Java Heap base address is the
#     maximum limit for the native heap growth. Please use -XX:HeapBaseMinAddress
#     to set the Java Heap base and to place the Java Heap above 4GB virtual address.
# This output file may be truncated or incomplete.
#
#  Out of Memory Error (arena.cpp:189), pid=2396, tid=16688
#
# JRE version: OpenJDK Runtime Environment (17.0.6) (build 17.0.6+0-b2043.56-10027231)
# Java VM: OpenJDK 64-Bit Server VM (17.0.6+0-b2043.56-10027231, mixed mode, tiered, compressed oops, compressed class ptrs, g1 gc, windows-amd64)
# No core dump will be written. Minidumps are not enabled by default on client versions of Windows
#

---------------  S U M M A R Y ------------

Command Line: org.jetbrains.kotlin.cli.jvm.K2JVMCompiler @C:\Users\Rizky\StudioProjects\MacroGroup6\app\build\20231019_15465660446754704202.compiler.options

Host: Intel(R) Core(TM) i7-3770 CPU @ 3.40GHz, 8 cores, 7G,  Windows 10 , 64 bit Build 19041 (10.0.19041.3570)
Time: Thu Oct 19 03:54:34 2023 SE Asia Standard Time elapsed time: 19.811359 seconds (0d 0h 0m 19s)

---------------  T H R E A D  ---------------

Current thread (0x0000024e06961700):  JavaThread "C2 CompilerThread1" daemon [_thread_in_native, id=16688, stack(0x000000cef3a00000,0x000000cef3b00000)]


Current CompileTask:
C2:  19811 11667       4       jdk.internal.org.objectweb.asm.Frame::execute (2305 bytes)

Stack: [0x000000cef3a00000,0x000000cef3b00000]
Native frames: (J=compiled Java code, j=interpreted, Vv=VM code, C=native code)
V  [jvm.dll+0x683c9a]
V  [jvm.dll+0x8427a4]
V  [jvm.dll+0x843f9e]
V  [jvm.dll+0x844603]
V  [jvm.dll+0x249b75]
V  [jvm.dll+0xabcac]
V  [jvm.dll+0xac27c]
V  [jvm.dll+0x2b0eef]
V  [jvm.dll+0x58a267]
V  [jvm.dll+0x2243b2]
V  [jvm.dll+0x22478f]
V  [jvm.dll+0x21e055]
V  [jvm.dll+0x21b51b]
V  [jvm.dll+0x1a4fdd]
V  [jvm.dll+0x22b098]
V  [jvm.dll+0x229159]
V  [jvm.dll+0x7f81ec]
V  [jvm.dll+0x7f274a]
V  [jvm.dll+0x682ad5]
C  [ucrtbase.dll+0x21bb2]
C  [KERNEL32.DLL+0x17344]
C  [ntdll.dll+0x526b1]


---------------  P R O C E S S  ---------------

Threads class SMR info:
_java_thread_list=0x0000024e0a6950a0, length=14, elements={
0x0000024e69abc780, 0x0000024e7f999250, 0x0000024e7f963030, 0x0000024e7f986af0,
0x0000024e7f9876a0, 0x0000024e0682f400, 0x0000024e0682fdb0, 0x0000024e06846010,
0x0000024e0684e920, 0x0000024e06851a10, 0x0000024e0699dbb0, 0x0000024e069c2830,
0x0000024e06961700, 0x0000024e06d02a60
}

Java Threads: ( => current thread )
  0x0000024e69abc780 JavaThread "main" [_thread_in_Java, id=14396, stack(0x000000cef1f00000,0x000000cef2000000)]
  0x0000024e7f999250 JavaThread "Reference Handler" daemon [_thread_blocked, id=4224, stack(0x000000cef2600000,0x000000cef2700000)]
  0x0000024e7f963030 JavaThread "Finalizer" daemon [_thread_blocked, id=12584, stack(0x000000cef2700000,0x000000cef2800000)]
  0x0000024e7f986af0 JavaThread "Signal Dispatcher" daemon [_thread_blocked, id=9880, stack(0x000000cef2800000,0x000000cef2900000)]
  0x0000024e7f9876a0 JavaThread "Attach Listener" daemon [_thread_blocked, id=13812, stack(0x000000cef2900000,0x000000cef2a00000)]
  0x0000024e0682f400 JavaThread "Service Thread" daemon [_thread_blocked, id=14720, stack(0x000000cef2a00000,0x000000cef2b00000)]
  0x0000024e0682fdb0 JavaThread "Monitor Deflation Thread" daemon [_thread_blocked, id=9660, stack(0x000000cef2b00000,0x000000cef2c00000)]
  0x0000024e06846010 JavaThread "C2 CompilerThread0" daemon [_thread_in_native, id=14920, stack(0x000000cef2c00000,0x000000cef2d00000)]
  0x0000024e0684e920 JavaThread "C1 CompilerThread0" daemon [_thread_in_native, id=13300, stack(0x000000cef2d00000,0x000000cef2e00000)]
  0x0000024e06851a10 JavaThread "Sweeper thread" daemon [_thread_blocked, id=12436, stack(0x000000cef2e00000,0x000000cef2f00000)]
  0x0000024e0699dbb0 JavaThread "Notification Thread" daemon [_thread_blocked, id=10768, stack(0x000000cef2f00000,0x000000cef3000000)]
  0x0000024e069c2830 JavaThread "Common-Cleaner" daemon [_thread_blocked, id=17268, stack(0x000000cef3100000,0x000000cef3200000)]
=>0x0000024e06961700 JavaThread "C2 CompilerThread1" daemon [_thread_in_native, id=16688, stack(0x000000cef3a00000,0x000000cef3b00000)]
  0x0000024e06d02a60 JavaThread "C2 CompilerThread2" daemon [_thread_blocked, id=11092, stack(0x000000cef3b00000,0x000000cef3c00000)]

Other Threads:
  0x0000024e7f95e320 VMThread "VM Thread" [stack: 0x000000cef2500000,0x000000cef2600000] [id=868]
  0x0000024e6bbb9630 WatcherThread [stack: 0x000000cef3000000,0x000000cef3100000] [id=5008]
  0x0000024e6bb97390 GCTaskThread "GC Thread#0" [stack: 0x000000cef2000000,0x000000cef2100000] [id=13536]
  0x0000024e06f08b90 GCTaskThread "GC Thread#1" [stack: 0x000000cef3300000,0x000000cef3400000] [id=9544]
  0x0000024e06f08e40 GCTaskThread "GC Thread#2" [stack: 0x000000cef3400000,0x000000cef3500000] [id=2760]
  0x0000024e06faa730 GCTaskThread "GC Thread#3" [stack: 0x000000cef3500000,0x000000cef3600000] [id=13332]
  0x0000024e06faa9e0 GCTaskThread "GC Thread#4" [stack: 0x000000cef3600000,0x000000cef3700000] [id=7708]
  0x0000024e08b48390 GCTaskThread "GC Thread#5" [stack: 0x000000cef3200000,0x000000cef3300000] [id=1820]
  0x0000024e08b47e30 GCTaskThread "GC Thread#6" [stack: 0x000000cef3700000,0x000000cef3800000] [id=6944]
  0x0000024e08b48e50 GCTaskThread "GC Thread#7" [stack: 0x000000cef3800000,0x000000cef3900000] [id=16692]
  0x0000024e6bba7ed0 ConcurrentGCThread "G1 Main Marker" [stack: 0x000000cef2100000,0x000000cef2200000] [id=10276]
  0x0000024e6bba9080 ConcurrentGCThread "G1 Conc#0" [stack: 0x000000cef2200000,0x000000cef2300000] [id=12404]
  0x0000024e08b49100 ConcurrentGCThread "G1 Conc#1" [stack: 0x000000cef3900000,0x000000cef3a00000] [id=3884]
  0x0000024e6bc0d550 ConcurrentGCThread "G1 Refine#0" [stack: 0x000000cef2300000,0x000000cef2400000] [id=1096]
  0x0000024e0a5395d0 ConcurrentGCThread "G1 Refine#1" [stack: 0x000000cef3c00000,0x000000cef3d00000] [id=11968]
  0x0000024e0a53a9f0 ConcurrentGCThread "G1 Refine#2" [stack: 0x000000cef3d00000,0x000000cef3e00000] [id=13480]
  0x0000024e6bc0df70 ConcurrentGCThread "G1 Service" [stack: 0x000000cef2400000,0x000000cef2500000] [id=6756]

Threads with active compile tasks:
C2 CompilerThread0    19836 11649       4       org.jetbrains.kotlin.cli.jvm.index.JvmDependenciesIndexImpl::search (386 bytes)
C1 CompilerThread0    19837 11815       3       org.jetbrains.kotlin.ir.util.TypeTranslator::translateTypeArguments (152 bytes)
C2 CompilerThread1    19837 11667       4       jdk.internal.org.objectweb.asm.Frame::execute (2305 bytes)

VM state: not at safepoint (normal execution)

VM Mutex/Monitor currently owned by a thread: None

Heap address: 0x0000000082000000, size: 2016 MB, Compressed Oops mode: 32-bit

CDS archive(s) not mapped
Compressed class space mapped at: 0x0000000100000000-0x0000000140000000, reserved size: 1073741824
Narrow klass base: 0x0000000000000000, Narrow klass shift: 3, Narrow klass range: 0x140000000

GC Precious Log:
 CPUs: 8 total, 8 available
 Memory: 8063M
 Large Page Support: Disabled
 NUMA Support: Disabled
 Compressed Oops: Enabled (32-bit)
 Heap Region Size: 1M
 Heap Min Capacity: 8M
 Heap Initial Capacity: 126M
 Heap Max Capacity: 2016M
 Pre-touch: Disabled
 Parallel Workers: 8
 Concurrent Workers: 2
 Concurrent Refinement Workers: 8
 Periodic GC: Disabled

Heap:
 garbage-first heap   total 192512K, used 94859K [0x0000000082000000, 0x0000000100000000)
  region size 1024K, 40 young (40960K), 12 survivors (12288K)
 Metaspace       used 71455K, committed 71808K, reserved 1114112K
  class space    used 8057K, committed 8256K, reserved 1048576K

Heap Regions: E=young(eden), S=young(survivor), O=old, HS=humongous(starts), HC=humongous(continues), CS=collection set, F=free, OA=open archive, CA=closed archive, TAMS=top-at-mark-start (previous, next)
|   0|0x0000000082000000, 0x0000000082100000, 0x0000000082100000|100%|HS|  |TAMS 0x0000000082100000, 0x0000000082000000| Complete 
|   1|0x0000000082100000, 0x0000000082200000, 0x0000000082200000|100%|HC|  |TAMS 0x0000000082200000, 0x0000000082100000| Complete 
|   2|0x0000000082200000, 0x0000000082300000, 0x0000000082300000|100%|HC|  |TAMS 0x0000000082300000, 0x0000000082200000| Complete 
|   3|0x0000000082300000, 0x0000000082400000, 0x0000000082400000|100%|HC|  |TAMS 0x0000000082400000, 0x0000000082300000| Complete 
|   4|0x0000000082400000, 0x0000000082500000, 0x0000000082500000|100%| O|  |TAMS 0x0000000082500000, 0x0000000082400000| Untracked 
|   5|0x0000000082500000, 0x0000000082600000, 0x0000000082600000|100%| O|  |TAMS 0x0000000082600000, 0x0000000082500000| Untracked 
|   6|0x0000000082600000, 0x0000000082700000, 0x0000000082700000|100%| O|  |TAMS 0x0000000082700000, 0x0000000082600000| Untracked 
|   7|0x0000000082700000, 0x0000000082800000, 0x0000000082800000|100%| O|  |TAMS 0x0000000082800000, 0x0000000082700000| Untracked 
|   8|0x0000000082800000, 0x0000000082800000, 0x0000000082900000|  0%| F|  |TAMS 0x0000000082800000, 0x0000000082800000| Untracked 
|   9|0x0000000082900000, 0x0000000082a00000, 0x0000000082a00000|100%| O|  |TAMS 0x0000000082900000, 0x0000000082900000| Untracked 
|  10|0x0000000082a00000, 0x0000000082b00000, 0x0000000082b00000|100%| O|  |TAMS 0x0000000082b00000, 0x0000000082a00000| Untracked 
|  11|0x0000000082b00000, 0x0000000082c00000, 0x0000000082c00000|100%| O|  |TAMS 0x0000000082c00000, 0x0000000082b00000| Untracked 
|  12|0x0000000082c00000, 0x0000000082d00000, 0x0000000082d00000|100%| O|  |TAMS 0x0000000082d00000, 0x0000000082c00000| Untracked 
|  13|0x0000000082d00000, 0x0000000082e00000, 0x0000000082e00000|100%| O|  |TAMS 0x0000000082e00000, 0x0000000082d00000| Untracked 
|  14|0x0000000082e00000, 0x0000000082f00000, 0x0000000082f00000|100%| O|  |TAMS 0x0000000082f00000, 0x0000000082e00000| Untracked 
|  15|0x0000000082f00000, 0x0000000083000000, 0x0000000083000000|100%| O|  |TAMS 0x0000000083000000, 0x0000000082f00000| Untracked 
|  16|0x0000000083000000, 0x0000000083100000, 0x0000000083100000|100%| O|  |TAMS 0x0000000083100000, 0x0000000083000000| Untracked 
|  17|0x0000000083100000, 0x0000000083200000, 0x0000000083200000|100%| O|  |TAMS 0x0000000083200000, 0x0000000083100000| Untracked 
|  18|0x0000000083200000, 0x0000000083300000, 0x0000000083300000|100%| O|  |TAMS 0x0000000083300000, 0x0000000083200000| Untracked 
|  19|0x0000000083300000, 0x0000000083400000, 0x0000000083400000|100%| O|  |TAMS 0x0000000083400000, 0x0000000083300000| Untracked 
|  20|0x0000000083400000, 0x0000000083500000, 0x0000000083500000|100%| O|  |TAMS 0x0000000083500000, 0x0000000083400000| Untracked 
|  21|0x0000000083500000, 0x0000000083600000, 0x0000000083600000|100%|HS|  |TAMS 0x0000000083600000, 0x0000000083500000| Complete 
|  22|0x0000000083600000, 0x0000000083700000, 0x0000000083700000|100%|HC|  |TAMS 0x0000000083700000, 0x0000000083600000| Complete 
|  23|0x0000000083700000, 0x0000000083800000, 0x0000000083800000|100%| O|  |TAMS 0x0000000083800000, 0x0000000083700000| Untracked 
|  24|0x0000000083800000, 0x0000000083900000, 0x0000000083900000|100%| O|  |TAMS 0x0000000083900000, 0x0000000083800000| Untracked 
|  25|0x0000000083900000, 0x0000000083a00000, 0x0000000083a00000|100%| O|  |TAMS 0x0000000083a00000, 0x0000000083900000| Untracked 
|  26|0x0000000083a00000, 0x0000000083b00000, 0x0000000083b00000|100%| O|  |TAMS 0x0000000083b00000, 0x0000000083a00000| Untracked 
|  27|0x0000000083b00000, 0x0000000083c00000, 0x0000000083c00000|100%| O|  |TAMS 0x0000000083c00000, 0x0000000083b00000| Untracked 
|  28|0x0000000083c00000, 0x0000000083d00000, 0x0000000083d00000|100%| O|  |TAMS 0x0000000083d00000, 0x0000000083c00000| Untracked 
|  29|0x0000000083d00000, 0x0000000083e00000, 0x0000000083e00000|100%| O|  |TAMS 0x0000000083e00000, 0x0000000083d00000| Untracked 
|  30|0x0000000083e00000, 0x0000000083f00000, 0x0000000083f00000|100%| O|  |TAMS 0x0000000083f00000, 0x0000000083e00000| Untracked 
|  31|0x0000000083f00000, 0x0000000084000000, 0x0000000084000000|100%| O|  |TAMS 0x0000000084000000, 0x0000000083f00000| Untracked 
|  32|0x0000000084000000, 0x0000000084100000, 0x0000000084100000|100%| O|  |TAMS 0x0000000084100000, 0x0000000084000000| Untracked 
|  33|0x0000000084100000, 0x0000000084200000, 0x0000000084200000|100%| O|  |TAMS 0x0000000084200000, 0x0000000084100000| Untracked 
|  34|0x0000000084200000, 0x0000000084300000, 0x0000000084300000|100%| O|  |TAMS 0x0000000084300000, 0x0000000084200000| Untracked 
|  35|0x0000000084300000, 0x0000000084400000, 0x0000000084400000|100%| O|  |TAMS 0x0000000084400000, 0x0000000084300000| Untracked 
|  36|0x0000000084400000, 0x0000000084500000, 0x0000000084500000|100%| O|  |TAMS 0x0000000084500000, 0x0000000084400000| Untracked 
|  37|0x0000000084500000, 0x0000000084600000, 0x0000000084600000|100%| O|  |TAMS 0x0000000084600000, 0x0000000084500000| Untracked 
|  38|0x0000000084600000, 0x0000000084700000, 0x0000000084700000|100%| O|  |TAMS 0x0000000084700000, 0x0000000084600000| Untracked 
|  39|0x0000000084700000, 0x0000000084800000, 0x0000000084800000|100%| O|  |TAMS 0x0000000084800000, 0x0000000084700000| Untracked 
|  40|0x0000000084800000, 0x0000000084900000, 0x0000000084900000|100%| O|  |TAMS 0x0000000084900000, 0x0000000084800000| Untracked 
|  41|0x0000000084900000, 0x0000000084a00000, 0x0000000084a00000|100%| O|  |TAMS 0x0000000084a00000, 0x0000000084900000| Untracked 
|  42|0x0000000084a00000, 0x0000000084b00000, 0x0000000084b00000|100%| O|  |TAMS 0x0000000084b00000, 0x0000000084a00000| Untracked 
|  43|0x0000000084b00000, 0x0000000084c00000, 0x0000000084c00000|100%| O|  |TAMS 0x0000000084c00000, 0x0000000084b00000| Untracked 
|  44|0x0000000084c00000, 0x0000000084d00000, 0x0000000084d00000|100%| O|  |TAMS 0x0000000084d00000, 0x0000000084c00000| Untracked 
|  45|0x0000000084d00000, 0x0000000084e00000, 0x0000000084e00000|100%| O|  |TAMS 0x0000000084e00000, 0x0000000084d00000| Untracked 
|  46|0x0000000084e00000, 0x0000000084f00000, 0x0000000084f00000|100%| O|  |TAMS 0x0000000084f00000, 0x0000000084e00000| Untracked 
|  47|0x0000000084f00000, 0x0000000085000000, 0x0000000085000000|100%| O|  |TAMS 0x0000000085000000, 0x0000000084f00000| Untracked 
|  48|0x0000000085000000, 0x0000000085100000, 0x0000000085100000|100%| O|  |TAMS 0x0000000085100000, 0x0000000085000000| Untracked 
|  49|0x0000000085100000, 0x0000000085200000, 0x0000000085200000|100%| O|  |TAMS 0x00000000851ce600, 0x0000000085100000| Untracked 
|  50|0x0000000085200000, 0x0000000085300000, 0x0000000085300000|100%| O|  |TAMS 0x0000000085200000, 0x0000000085200000| Untracked 
|  51|0x0000000085300000, 0x0000000085400000, 0x0000000085400000|100%| O|  |TAMS 0x0000000085300000, 0x0000000085300000| Untracked 
|  52|0x0000000085400000, 0x00000000854d7a00, 0x0000000085500000| 84%| O|  |TAMS 0x0000000085400000, 0x0000000085400000| Untracked 
|  53|0x0000000085500000, 0x0000000085600000, 0x0000000085600000|100%|HS|  |TAMS 0x0000000085500000, 0x0000000085500000| Complete 
|  54|0x0000000085600000, 0x0000000085700000, 0x0000000085700000|100%|HC|  |TAMS 0x0000000085600000, 0x0000000085600000| Complete 
|  55|0x0000000085700000, 0x0000000085700000, 0x0000000085800000|  0%| F|  |TAMS 0x0000000085700000, 0x0000000085700000| Untracked 
|  56|0x0000000085800000, 0x0000000085800000, 0x0000000085900000|  0%| F|  |TAMS 0x0000000085800000, 0x0000000085800000| Untracked 
|  57|0x0000000085900000, 0x0000000085900000, 0x0000000085a00000|  0%| F|  |TAMS 0x0000000085900000, 0x0000000085900000| Untracked 
|  58|0x0000000085a00000, 0x0000000085a00000, 0x0000000085b00000|  0%| F|  |TAMS 0x0000000085a00000, 0x0000000085a00000| Untracked 
|  59|0x0000000085b00000, 0x0000000085b00000, 0x0000000085c00000|  0%| F|  |TAMS 0x0000000085b00000, 0x0000000085b00000| Untracked 
|  60|0x0000000085c00000, 0x0000000085c00000, 0x0000000085d00000|  0%| F|  |TAMS 0x0000000085c00000, 0x0000000085c00000| Untracked 
|  61|0x0000000085d00000, 0x0000000085d00000, 0x0000000085e00000|  0%| F|  |TAMS 0x0000000085d00000, 0x0000000085d00000| Untracked 
|  62|0x0000000085e00000, 0x0000000085e00000, 0x0000000085f00000|  0%| F|  |TAMS 0x0000000085e00000, 0x0000000085e00000| Untracked 
|  63|0x0000000085f00000, 0x0000000085f00000, 0x0000000086000000|  0%| F|  |TAMS 0x0000000085f00000, 0x0000000085f00000| Untracked 
|  64|0x0000000086000000, 0x0000000086000000, 0x0000000086100000|  0%| F|  |TAMS 0x0000000086000000, 0x0000000086000000| Untracked 
|  65|0x0000000086100000, 0x0000000086100000, 0x0000000086200000|  0%| F|  |TAMS 0x0000000086100000, 0x0000000086100000| Untracked 
|  66|0x0000000086200000, 0x0000000086200000, 0x0000000086300000|  0%| F|  |TAMS 0x0000000086200000, 0x0000000086200000| Untracked 
|  67|0x0000000086300000, 0x0000000086300000, 0x0000000086400000|  0%| F|  |TAMS 0x0000000086300000, 0x0000000086300000| Untracked 
|  68|0x0000000086400000, 0x0000000086400000, 0x0000000086500000|  0%| F|  |TAMS 0x0000000086400000, 0x0000000086400000| Untracked 
|  69|0x0000000086500000, 0x00000000865cb310, 0x0000000086600000| 79%| S|CS|TAMS 0x0000000086500000, 0x0000000086500000| Complete 
|  70|0x0000000086600000, 0x0000000086700000, 0x0000000086700000|100%| S|CS|TAMS 0x0000000086600000, 0x0000000086600000| Complete 
|  71|0x0000000086700000, 0x0000000086800000, 0x0000000086800000|100%| S|CS|TAMS 0x0000000086700000, 0x0000000086700000| Complete 
|  72|0x0000000086800000, 0x0000000086900000, 0x0000000086900000|100%| S|CS|TAMS 0x0000000086800000, 0x0000000086800000| Complete 
|  73|0x0000000086900000, 0x0000000086a00000, 0x0000000086a00000|100%| S|CS|TAMS 0x0000000086900000, 0x0000000086900000| Complete 
|  74|0x0000000086a00000, 0x0000000086b00000, 0x0000000086b00000|100%| S|CS|TAMS 0x0000000086a00000, 0x0000000086a00000| Complete 
|  75|0x0000000086b00000, 0x0000000086c00000, 0x0000000086c00000|100%| S|CS|TAMS 0x0000000086b00000, 0x0000000086b00000| Complete 
|  76|0x0000000086c00000, 0x0000000086d00000, 0x0000000086d00000|100%| S|CS|TAMS 0x0000000086c00000, 0x0000000086c00000| Complete 
|  77|0x0000000086d00000, 0x0000000086e00000, 0x0000000086e00000|100%| S|CS|TAMS 0x0000000086d00000, 0x0000000086d00000| Complete 
|  78|0x0000000086e00000, 0x0000000086f00000, 0x0000000086f00000|100%| S|CS|TAMS 0x0000000086e00000, 0x0000000086e00000| Complete 
|  79|0x0000000086f00000, 0x0000000087000000, 0x0000000087000000|100%| S|CS|TAMS 0x0000000086f00000, 0x0000000086f00000| Complete 
|  80|0x0000000087000000, 0x0000000087100000, 0x0000000087100000|100%| S|CS|TAMS 0x0000000087000000, 0x0000000087000000| Complete 
|  81|0x0000000087100000, 0x0000000087100000, 0x0000000087200000|  0%| F|  |TAMS 0x0000000087100000, 0x0000000087100000| Untracked 
|  82|0x0000000087200000, 0x0000000087200000, 0x0000000087300000|  0%| F|  |TAMS 0x0000000087200000, 0x0000000087200000| Untracked 
|  83|0x0000000087300000, 0x0000000087300000, 0x0000000087400000|  0%| F|  |TAMS 0x0000000087300000, 0x0000000087300000| Untracked 
|  84|0x0000000087400000, 0x0000000087400000, 0x0000000087500000|  0%| F|  |TAMS 0x0000000087400000, 0x0000000087400000| Untracked 
|  85|0x0000000087500000, 0x0000000087500000, 0x0000000087600000|  0%| F|  |TAMS 0x0000000087500000, 0x0000000087500000| Untracked 
|  86|0x0000000087600000, 0x0000000087600000, 0x0000000087700000|  0%| F|  |TAMS 0x0000000087600000, 0x0000000087600000| Untracked 
|  87|0x0000000087700000, 0x0000000087700000, 0x0000000087800000|  0%| F|  |TAMS 0x0000000087700000, 0x0000000087700000| Untracked 
|  88|0x0000000087800000, 0x0000000087800000, 0x0000000087900000|  0%| F|  |TAMS 0x0000000087800000, 0x0000000087800000| Untracked 
|  89|0x0000000087900000, 0x0000000087900000, 0x0000000087a00000|  0%| F|  |TAMS 0x0000000087900000, 0x0000000087900000| Untracked 
|  90|0x0000000087a00000, 0x0000000087a00000, 0x0000000087b00000|  0%| F|  |TAMS 0x0000000087a00000, 0x0000000087a00000| Untracked 
|  91|0x0000000087b00000, 0x0000000087b00000, 0x0000000087c00000|  0%| F|  |TAMS 0x0000000087b00000, 0x0000000087b00000| Untracked 
|  92|0x0000000087c00000, 0x0000000087c00000, 0x0000000087d00000|  0%| F|  |TAMS 0x0000000087c00000, 0x0000000087c00000| Untracked 
|  93|0x0000000087d00000, 0x0000000087d00000, 0x0000000087e00000|  0%| F|  |TAMS 0x0000000087d00000, 0x0000000087d00000| Untracked 
|  94|0x0000000087e00000, 0x0000000087e00000, 0x0000000087f00000|  0%| F|  |TAMS 0x0000000087e00000, 0x0000000087e00000| Untracked 
|  95|0x0000000087f00000, 0x0000000087f00000, 0x0000000088000000|  0%| F|  |TAMS 0x0000000087f00000, 0x0000000087f00000| Untracked 
|  96|0x0000000088000000, 0x0000000088000000, 0x0000000088100000|  0%| F|  |TAMS 0x0000000088000000, 0x0000000088000000| Untracked 
|  97|0x0000000088100000, 0x0000000088100000, 0x0000000088200000|  0%| F|  |TAMS 0x0000000088100000, 0x0000000088100000| Untracked 
|  98|0x0000000088200000, 0x0000000088200000, 0x0000000088300000|  0%| F|  |TAMS 0x0000000088200000, 0x0000000088200000| Untracked 
|  99|0x0000000088300000, 0x0000000088300000, 0x0000000088400000|  0%| F|  |TAMS 0x0000000088300000, 0x0000000088300000| Untracked 
| 100|0x0000000088400000, 0x0000000088400000, 0x0000000088500000|  0%| F|  |TAMS 0x0000000088400000, 0x0000000088400000| Untracked 
| 101|0x0000000088500000, 0x0000000088500000, 0x0000000088600000|  0%| F|  |TAMS 0x0000000088500000, 0x0000000088500000| Untracked 
| 102|0x0000000088600000, 0x0000000088600000, 0x0000000088700000|  0%| F|  |TAMS 0x0000000088600000, 0x0000000088600000| Untracked 
| 103|0x0000000088700000, 0x0000000088700000, 0x0000000088800000|  0%| F|  |TAMS 0x0000000088700000, 0x0000000088700000| Untracked 
| 104|0x0000000088800000, 0x0000000088800000, 0x0000000088900000|  0%| F|  |TAMS 0x0000000088800000, 0x0000000088800000| Untracked 
| 105|0x0000000088900000, 0x0000000088900000, 0x0000000088a00000|  0%| F|  |TAMS 0x0000000088900000, 0x0000000088900000| Untracked 
| 106|0x0000000088a00000, 0x0000000088a00000, 0x0000000088b00000|  0%| F|  |TAMS 0x0000000088a00000, 0x0000000088a00000| Untracked 
| 107|0x0000000088b00000, 0x0000000088b00000, 0x0000000088c00000|  0%| F|  |TAMS 0x0000000088b00000, 0x0000000088b00000| Untracked 
| 108|0x0000000088c00000, 0x0000000088c00000, 0x0000000088d00000|  0%| F|  |TAMS 0x0000000088c00000, 0x0000000088c00000| Untracked 
| 109|0x0000000088d00000, 0x0000000088d00000, 0x0000000088e00000|  0%| F|  |TAMS 0x0000000088d00000, 0x0000000088d00000| Untracked 
| 110|0x0000000088e00000, 0x0000000088e00000, 0x0000000088f00000|  0%| F|  |TAMS 0x0000000088e00000, 0x0000000088e00000| Untracked 
| 111|0x0000000088f00000, 0x0000000088f00000, 0x0000000089000000|  0%| F|  |TAMS 0x0000000088f00000, 0x0000000088f00000| Untracked 
| 112|0x0000000089000000, 0x0000000089000000, 0x0000000089100000|  0%| F|  |TAMS 0x0000000089000000, 0x0000000089000000| Untracked 
| 113|0x0000000089100000, 0x0000000089100000, 0x0000000089200000|  0%| F|  |TAMS 0x0000000089100000, 0x0000000089100000| Untracked 
| 114|0x0000000089200000, 0x0000000089200000, 0x0000000089300000|  0%| F|  |TAMS 0x0000000089200000, 0x0000000089200000| Untracked 
| 115|0x0000000089300000, 0x0000000089300000, 0x0000000089400000|  0%| F|  |TAMS 0x0000000089300000, 0x0000000089300000| Untracked 
| 116|0x0000000089400000, 0x0000000089400000, 0x0000000089500000|  0%| F|  |TAMS 0x0000000089400000, 0x0000000089400000| Untracked 
| 117|0x0000000089500000, 0x0000000089500000, 0x0000000089600000|  0%| F|  |TAMS 0x0000000089500000, 0x0000000089500000| Untracked 
| 118|0x0000000089600000, 0x0000000089600000, 0x0000000089700000|  0%| F|  |TAMS 0x0000000089600000, 0x0000000089600000| Untracked 
| 119|0x0000000089700000, 0x0000000089700000, 0x0000000089800000|  0%| F|  |TAMS 0x0000000089700000, 0x0000000089700000| Untracked 
| 120|0x0000000089800000, 0x0000000089800000, 0x0000000089900000|  0%| F|  |TAMS 0x0000000089800000, 0x0000000089800000| Untracked 
| 121|0x0000000089900000, 0x0000000089900000, 0x0000000089a00000|  0%| F|  |TAMS 0x0000000089900000, 0x0000000089900000| Untracked 
| 122|0x0000000089a00000, 0x0000000089a00000, 0x0000000089b00000|  0%| F|  |TAMS 0x0000000089a00000, 0x0000000089a00000| Untracked 
| 123|0x0000000089b00000, 0x0000000089b00000, 0x0000000089c00000|  0%| F|  |TAMS 0x0000000089b00000, 0x0000000089b00000| Untracked 
| 124|0x0000000089c00000, 0x0000000089c00000, 0x0000000089d00000|  0%| F|  |TAMS 0x0000000089c00000, 0x0000000089c00000| Untracked 
| 125|0x0000000089d00000, 0x0000000089d00000, 0x0000000089e00000|  0%| F|  |TAMS 0x0000000089d00000, 0x0000000089d00000| Untracked 
| 126|0x0000000089e00000, 0x0000000089e00000, 0x0000000089f00000|  0%| F|  |TAMS 0x0000000089e00000, 0x0000000089e00000| Untracked 
| 127|0x0000000089f00000, 0x0000000089f00000, 0x000000008a000000|  0%| F|  |TAMS 0x0000000089f00000, 0x0000000089f00000| Untracked 
| 128|0x000000008a000000, 0x000000008a000000, 0x000000008a100000|  0%| F|  |TAMS 0x000000008a000000, 0x000000008a000000| Untracked 
| 129|0x000000008a100000, 0x000000008a100000, 0x000000008a200000|  0%| F|  |TAMS 0x000000008a100000, 0x000000008a100000| Untracked 
| 130|0x000000008a200000, 0x000000008a200000, 0x000000008a300000|  0%| F|  |TAMS 0x000000008a200000, 0x000000008a200000| Untracked 
| 131|0x000000008a300000, 0x000000008a300000, 0x000000008a400000|  0%| F|  |TAMS 0x000000008a300000, 0x000000008a300000| Untracked 
| 132|0x000000008a400000, 0x000000008a400000, 0x000000008a500000|  0%| F|  |TAMS 0x000000008a400000, 0x000000008a400000| Untracked 
| 133|0x000000008a500000, 0x000000008a500000, 0x000000008a600000|  0%| F|  |TAMS 0x000000008a500000, 0x000000008a500000| Untracked 
| 134|0x000000008a600000, 0x000000008a600000, 0x000000008a700000|  0%| F|  |TAMS 0x000000008a600000, 0x000000008a600000| Untracked 
| 135|0x000000008a700000, 0x000000008a700000, 0x000000008a800000|  0%| F|  |TAMS 0x000000008a700000, 0x000000008a700000| Untracked 
| 136|0x000000008a800000, 0x000000008a800000, 0x000000008a900000|  0%| F|  |TAMS 0x000000008a800000, 0x000000008a800000| Untracked 
| 137|0x000000008a900000, 0x000000008a900000, 0x000000008aa00000|  0%| F|  |TAMS 0x000000008a900000, 0x000000008a900000| Untracked 
| 138|0x000000008aa00000, 0x000000008aa00000, 0x000000008ab00000|  0%| F|  |TAMS 0x000000008aa00000, 0x000000008aa00000| Untracked 
| 139|0x000000008ab00000, 0x000000008ab00000, 0x000000008ac00000|  0%| F|  |TAMS 0x000000008ab00000, 0x000000008ab00000| Untracked 
| 140|0x000000008ac00000, 0x000000008ac00000, 0x000000008ad00000|  0%| F|  |TAMS 0x000000008ac00000, 0x000000008ac00000| Untracked 
| 141|0x000000008ad00000, 0x000000008ad00000, 0x000000008ae00000|  0%| F|  |TAMS 0x000000008ad00000, 0x000000008ad00000| Untracked 
| 142|0x000000008ae00000, 0x000000008ae00000, 0x000000008af00000|  0%| F|  |TAMS 0x000000008ae00000, 0x000000008ae00000| Untracked 
| 143|0x000000008af00000, 0x000000008af00000, 0x000000008b000000|  0%| F|  |TAMS 0x000000008af00000, 0x000000008af00000| Untracked 
| 144|0x000000008b000000, 0x000000008b000000, 0x000000008b100000|  0%| F|  |TAMS 0x000000008b000000, 0x000000008b000000| Untracked 
| 145|0x000000008b100000, 0x000000008b100000, 0x000000008b200000|  0%| F|  |TAMS 0x000000008b100000, 0x000000008b100000| Untracked 
| 146|0x000000008b200000, 0x000000008b200000, 0x000000008b300000|  0%| F|  |TAMS 0x000000008b200000, 0x000000008b200000| Untracked 
| 147|0x000000008b300000, 0x000000008b300000, 0x000000008b400000|  0%| F|  |TAMS 0x000000008b300000, 0x000000008b300000| Untracked 
| 148|0x000000008b400000, 0x000000008b400000, 0x000000008b500000|  0%| F|  |TAMS 0x000000008b400000, 0x000000008b400000| Untracked 
| 149|0x000000008b500000, 0x000000008b500000, 0x000000008b600000|  0%| F|  |TAMS 0x000000008b500000, 0x000000008b500000| Untracked 
| 150|0x000000008b600000, 0x000000008b600000, 0x000000008b700000|  0%| F|  |TAMS 0x000000008b600000, 0x000000008b600000| Untracked 
| 151|0x000000008b700000, 0x000000008b700000, 0x000000008b800000|  0%| F|  |TAMS 0x000000008b700000, 0x000000008b700000| Untracked 
| 152|0x000000008b800000, 0x000000008b800000, 0x000000008b900000|  0%| F|  |TAMS 0x000000008b800000, 0x000000008b800000| Untracked 
| 153|0x000000008b900000, 0x000000008b900000, 0x000000008ba00000|  0%| F|  |TAMS 0x000000008b900000, 0x000000008b900000| Untracked 
| 154|0x000000008ba00000, 0x000000008ba00000, 0x000000008bb00000|  0%| F|  |TAMS 0x000000008ba00000, 0x000000008ba00000| Untracked 
| 155|0x000000008bb00000, 0x000000008bb00000, 0x000000008bc00000|  0%| F|  |TAMS 0x000000008bb00000, 0x000000008bb00000| Untracked 
| 156|0x000000008bc00000, 0x000000008bc00000, 0x000000008bd00000|  0%| F|  |TAMS 0x000000008bc00000, 0x000000008bc00000| Untracked 
| 157|0x000000008bd00000, 0x000000008bd00000, 0x000000008be00000|  0%| F|  |TAMS 0x000000008bd00000, 0x000000008bd00000| Untracked 
| 158|0x000000008be00000, 0x000000008be00000, 0x000000008bf00000|  0%| F|  |TAMS 0x000000008be00000, 0x000000008be00000| Untracked 
| 159|0x000000008bf00000, 0x000000008bf00000, 0x000000008c000000|  0%| F|  |TAMS 0x000000008bf00000, 0x000000008bf00000| Untracked 
| 160|0x000000008c000000, 0x000000008c080800, 0x000000008c100000| 50%| E|  |TAMS 0x000000008c000000, 0x000000008c000000| Complete 
| 161|0x000000008c100000, 0x000000008c200000, 0x000000008c200000|100%| E|CS|TAMS 0x000000008c100000, 0x000000008c100000| Complete 
| 162|0x000000008c200000, 0x000000008c300000, 0x000000008c300000|100%| E|CS|TAMS 0x000000008c200000, 0x000000008c200000| Complete 
| 163|0x000000008c300000, 0x000000008c400000, 0x000000008c400000|100%| E|CS|TAMS 0x000000008c300000, 0x000000008c300000| Complete 
| 164|0x000000008c400000, 0x000000008c500000, 0x000000008c500000|100%| E|CS|TAMS 0x000000008c400000, 0x000000008c400000| Complete 
| 165|0x000000008c500000, 0x000000008c600000, 0x000000008c600000|100%| E|CS|TAMS 0x000000008c500000, 0x000000008c500000| Complete 
| 166|0x000000008c600000, 0x000000008c700000, 0x000000008c700000|100%| E|CS|TAMS 0x000000008c600000, 0x000000008c600000| Complete 
| 167|0x000000008c700000, 0x000000008c800000, 0x000000008c800000|100%| E|CS|TAMS 0x000000008c700000, 0x000000008c700000| Complete 
| 168|0x000000008c800000, 0x000000008c900000, 0x000000008c900000|100%| E|CS|TAMS 0x000000008c800000, 0x000000008c800000| Complete 
| 169|0x000000008c900000, 0x000000008ca00000, 0x000000008ca00000|100%| E|CS|TAMS 0x000000008c900000, 0x000000008c900000| Complete 
| 170|0x000000008ca00000, 0x000000008cb00000, 0x000000008cb00000|100%| E|CS|TAMS 0x000000008ca00000, 0x000000008ca00000| Complete 
| 171|0x000000008cb00000, 0x000000008cc00000, 0x000000008cc00000|100%| E|CS|TAMS 0x000000008cb00000, 0x000000008cb00000| Complete 
| 172|0x000000008cc00000, 0x000000008cd00000, 0x000000008cd00000|100%| E|CS|TAMS 0x000000008cc00000, 0x000000008cc00000| Complete 
| 173|0x000000008cd00000, 0x000000008ce00000, 0x000000008ce00000|100%| E|CS|TAMS 0x000000008cd00000, 0x000000008cd00000| Complete 
| 174|0x000000008ce00000, 0x000000008cf00000, 0x000000008cf00000|100%| E|CS|TAMS 0x000000008ce00000, 0x000000008ce00000| Complete 
| 175|0x000000008cf00000, 0x000000008d000000, 0x000000008d000000|100%| E|CS|TAMS 0x000000008cf00000, 0x000000008cf00000| Complete 
| 176|0x000000008d000000, 0x000000008d100000, 0x000000008d100000|100%| E|CS|TAMS 0x000000008d000000, 0x000000008d000000| Complete 
| 177|0x000000008d100000, 0x000000008d200000, 0x000000008d200000|100%| E|CS|TAMS 0x000000008d100000, 0x000000008d100000| Complete 
| 178|0x000000008d200000, 0x000000008d300000, 0x000000008d300000|100%| E|CS|TAMS 0x000000008d200000, 0x000000008d200000| Complete 
| 179|0x000000008d300000, 0x000000008d400000, 0x000000008d400000|100%| E|CS|TAMS 0x000000008d300000, 0x000000008d300000| Complete 
| 180|0x000000008d400000, 0x000000008d500000, 0x000000008d500000|100%| E|CS|TAMS 0x000000008d400000, 0x000000008d400000| Complete 
| 181|0x000000008d500000, 0x000000008d600000, 0x000000008d600000|100%| E|CS|TAMS 0x000000008d500000, 0x000000008d500000| Complete 
| 182|0x000000008d600000, 0x000000008d700000, 0x000000008d700000|100%| E|CS|TAMS 0x000000008d600000, 0x000000008d600000| Complete 
| 183|0x000000008d700000, 0x000000008d800000, 0x000000008d800000|100%| E|CS|TAMS 0x000000008d700000, 0x000000008d700000| Complete 
| 184|0x000000008d800000, 0x000000008d900000, 0x000000008d900000|100%| E|CS|TAMS 0x000000008d800000, 0x000000008d800000| Complete 
| 185|0x000000008d900000, 0x000000008da00000, 0x000000008da00000|100%| E|CS|TAMS 0x000000008d900000, 0x000000008d900000| Complete 
| 186|0x000000008da00000, 0x000000008db00000, 0x000000008db00000|100%| E|CS|TAMS 0x000000008da00000, 0x000000008da00000| Complete 
| 187|0x000000008db00000, 0x000000008dc00000, 0x000000008dc00000|100%| E|CS|TAMS 0x000000008db00000, 0x000000008db00000| Complete 

Card table byte_map: [0x0000024e7e730000,0x0000024e7eb20000] _byte_map_base: 0x0000024e7e320000

Marking Bits (Prev, Next): (CMBitMap*) 0x0000024e6bb979a0, (CMBitMap*) 0x0000024e6bb979e0
 Prev Bits: [0x0000024e00000000, 0x0000024e01f80000)
 Next Bits: [0x0000024e01f80000, 0x0000024e03f00000)

Polling page: 0x0000024e699b0000

Metaspace:

Usage:
  Non-class:     61.93 MB used.
      Class:      7.87 MB used.
       Both:     69.80 MB used.

Virtual space:
  Non-class space:       64.00 MB reserved,      62.12 MB ( 97%) committed,  8 nodes.
      Class space:        1.00 GB reserved,       8.06 MB ( <1%) committed,  1 nodes.
             Both:        1.06 GB reserved,      70.19 MB (  6%) committed. 

Chunk freelists:
   Non-Class:  1.48 MB
       Class:  3.98 MB
        Both:  5.47 MB

MaxMetaspaceSize: unlimited
CompressedClassSpaceSize: 1.00 GB
Initial GC threshold: 21.00 MB
Current GC threshold: 90.94 MB
CDS: off
MetaspaceReclaimPolicy: balanced
 - commit_granule_bytes: 65536.
 - commit_granule_words: 8192.
 - virtual_space_node_default_size: 1048576.
 - enlarge_chunks_in_place: 1.
 - new_chunks_are_fully_committed: 0.
 - uncommit_free_chunks: 1.
 - use_allocation_guard: 0.
 - handle_deallocations: 1.


Internal statistics:

num_allocs_failed_limit: 6.
num_arena_births: 348.
num_arena_deaths: 0.
num_vsnodes_births: 9.
num_vsnodes_deaths: 0.
num_space_committed: 1121.
num_space_uncommitted: 0.
num_chunks_returned_to_freelist: 6.
num_chunks_taken_from_freelist: 2639.
num_chunk_merges: 6.
num_chunk_splits: 2130.
num_chunks_enlarged: 1871.
num_purges: 0.
num_inconsistent_stats: 0.

CodeHeap 'non-profiled nmethods': size=120000Kb used=6120Kb max_used=6128Kb free=113879Kb
 bounds [0x0000024e76ae0000, 0x0000024e770f0000, 0x0000024e7e010000]
CodeHeap 'profiled nmethods': size=120000Kb used=29002Kb max_used=29002Kb free=90998Kb
 bounds [0x0000024e6f010000, 0x0000024e70c70000, 0x0000024e76540000]
CodeHeap 'non-nmethods': size=5760Kb used=1362Kb max_used=1382Kb free=4397Kb
 bounds [0x0000024e76540000, 0x0000024e767b0000, 0x0000024e76ae0000]
 total_blobs=10533 nmethods=9846 adapters=597
 compilation: enabled
              stopped_count=0, restarted_count=0
 full_count=0

Compilation events (20 events):
Event: 19.805 Thread 0x0000024e0684e920 nmethod 11750 0x0000024e70c33210 code [0x0000024e70c334c0, 0x0000024e70c34128]
Event: 19.805 Thread 0x0000024e0684e920 11751       3       org.jetbrains.kotlin.ir.declarations.IrSimpleFunction::accept (15 bytes)
Event: 19.805 Thread 0x0000024e0684e920 nmethod 11751 0x0000024e70c34590 code [0x0000024e70c347a0, 0x0000024e70c34e28]
Event: 19.805 Thread 0x0000024e0684e920 11753       3       org.jetbrains.kotlin.psi2ir.generators.DeclarationGeneratorExtension::getContext (8 bytes)
Event: 19.805 Thread 0x0000024e0684e920 nmethod 11753 0x0000024e701e7690 code [0x0000024e701e7820, 0x0000024e701e7958]
Event: 19.806 Thread 0x0000024e0684e920 11752       1       org.jetbrains.kotlin.psi2ir.generators.GeneratorContext::getBindingContext (5 bytes)
Event: 19.806 Thread 0x0000024e0684e920 nmethod 11752 0x0000024e76fba590 code [0x0000024e76fba720, 0x0000024e76fba7f8]
Event: 19.806 Thread 0x0000024e0684e920 11757       3       org.jetbrains.kotlin.com.intellij.openapi.util.TextRange::assertProperRange (35 bytes)
Event: 19.806 Thread 0x0000024e0684e920 nmethod 11757 0x0000024e70c35090 code [0x0000024e70c35260, 0x0000024e70c35508]
Event: 19.806 Thread 0x0000024e0684e920 11755       3       org.jetbrains.kotlin.com.intellij.openapi.util.TextRange::assertProperRange (63 bytes)
Event: 19.807 Thread 0x0000024e0684e920 nmethod 11755 0x0000024e70c35690 code [0x0000024e70c35960, 0x0000024e70c36538]
Event: 19.807 Thread 0x0000024e0684e920 11756       3       org.jetbrains.kotlin.com.intellij.openapi.util.TextRange::isProperRange (15 bytes)
Event: 19.807 Thread 0x0000024e0684e920 nmethod 11756 0x0000024e70208b10 code [0x0000024e70208ca0, 0x0000024e70208e18]
Event: 19.807 Thread 0x0000024e0684e920 11758       3       org.jetbrains.kotlin.com.intellij.psi.impl.source.tree.TreeElement::getTextRange (20 bytes)
Event: 19.808 Thread 0x0000024e0684e920 nmethod 11758 0x0000024e70c36990 code [0x0000024e70c36b80, 0x0000024e70c371a8]
Event: 19.808 Thread 0x0000024e0684e920 11760       3       org.jetbrains.kotlin.backend.jvm.JvmGeneratorExtensionsImpl::getEnhancedNullability (7 bytes)
Event: 19.808 Thread 0x0000024e0684e920 nmethod 11760 0x0000024e70821e90 code [0x0000024e70822020, 0x0000024e70822138]
Event: 19.808 Thread 0x0000024e0684e920 11759       3       org.jetbrains.kotlin.serialization.deserialization.descriptors.DeserializedClassDescriptor::isFun (24 bytes)
Event: 19.809 Thread 0x0000024e0684e920 nmethod 11759 0x0000024e70c37410 code [0x0000024e70c375e0, 0x0000024e70c37978]
Event: 19.809 Thread 0x0000024e0684e920 11761       3       org.jetbrains.kotlin.ir.util.TypeTranslator::approximate (50 bytes)

GC Heap History (20 events):
Event: 9.357 GC heap before
{Heap before GC invocations=17 (full 0):
 garbage-first heap   total 78848K, used 59318K [0x0000000082000000, 0x0000000100000000)
  region size 1024K, 23 young (23552K), 3 survivors (3072K)
 Metaspace       used 55315K, committed 55552K, reserved 1105920K
  class space    used 6499K, committed 6592K, reserved 1048576K
}
Event: 9.378 GC heap after
{Heap after GC invocations=18 (full 0):
 garbage-first heap   total 78848K, used 42929K [0x0000000082000000, 0x0000000100000000)
  region size 1024K, 3 young (3072K), 3 survivors (3072K)
 Metaspace       used 55315K, committed 55552K, reserved 1105920K
  class space    used 6499K, committed 6592K, reserved 1048576K
}
Event: 9.800 GC heap before
{Heap before GC invocations=18 (full 0):
 garbage-first heap   total 78848K, used 61361K [0x0000000082000000, 0x0000000100000000)
  region size 1024K, 21 young (21504K), 3 survivors (3072K)
 Metaspace       used 55395K, committed 55616K, reserved 1105920K
  class space    used 6500K, committed 6592K, reserved 1048576K
}
Event: 9.820 GC heap after
{Heap after GC invocations=19 (full 0):
 garbage-first heap   total 78848K, used 46405K [0x0000000082000000, 0x0000000100000000)
  region size 1024K, 3 young (3072K), 3 survivors (3072K)
 Metaspace       used 55395K, committed 55616K, reserved 1105920K
  class space    used 6500K, committed 6592K, reserved 1048576K
}
Event: 10.151 GC heap before
{Heap before GC invocations=20 (full 0):
 garbage-first heap   total 83968K, used 61765K [0x0000000082000000, 0x0000000100000000)
  region size 1024K, 18 young (18432K), 3 survivors (3072K)
 Metaspace       used 55431K, committed 55616K, reserved 1105920K
  class space    used 6504K, committed 6592K, reserved 1048576K
}
Event: 10.163 GC heap after
{Heap after GC invocations=21 (full 0):
 garbage-first heap   total 83968K, used 49690K [0x0000000082000000, 0x0000000100000000)
  region size 1024K, 3 young (3072K), 3 survivors (3072K)
 Metaspace       used 55431K, committed 55616K, reserved 1105920K
  class space    used 6504K, committed 6592K, reserved 1048576K
}
Event: 10.391 GC heap before
{Heap before GC invocations=21 (full 0):
 garbage-first heap   total 83968K, used 66074K [0x0000000082000000, 0x0000000100000000)
  region size 1024K, 19 young (19456K), 3 survivors (3072K)
 Metaspace       used 55632K, committed 55872K, reserved 1105920K
  class space    used 6525K, committed 6656K, reserved 1048576K
}
Event: 10.400 GC heap after
{Heap after GC invocations=22 (full 0):
 garbage-first heap   total 83968K, used 51059K [0x0000000082000000, 0x0000000100000000)
  region size 1024K, 2 young (2048K), 2 survivors (2048K)
 Metaspace       used 55632K, committed 55872K, reserved 1105920K
  class space    used 6525K, committed 6656K, reserved 1048576K
}
Event: 10.639 GC heap before
{Heap before GC invocations=23 (full 0):
 garbage-first heap   total 96256K, used 66419K [0x0000000082000000, 0x0000000100000000)
  region size 1024K, 17 young (17408K), 2 survivors (2048K)
 Metaspace       used 55632K, committed 55872K, reserved 1105920K
  class space    used 6525K, committed 6656K, reserved 1048576K
}
Event: 10.643 GC heap after
{Heap after GC invocations=24 (full 0):
 garbage-first heap   total 96256K, used 50928K [0x0000000082000000, 0x0000000100000000)
  region size 1024K, 2 young (2048K), 2 survivors (2048K)
 Metaspace       used 55632K, committed 55872K, reserved 1105920K
  class space    used 6525K, committed 6656K, reserved 1048576K
}
Event: 10.653 GC heap before
{Heap before GC invocations=24 (full 0):
 garbage-first heap   total 96256K, used 52976K [0x0000000082000000, 0x0000000100000000)
  region size 1024K, 4 young (4096K), 2 survivors (2048K)
 Metaspace       used 55632K, committed 55872K, reserved 1105920K
  class space    used 6525K, committed 6656K, reserved 1048576K
}
Event: 10.658 GC heap after
{Heap after GC invocations=25 (full 0):
 garbage-first heap   total 96256K, used 50199K [0x0000000082000000, 0x0000000100000000)
  region size 1024K, 1 young (1024K), 1 survivors (1024K)
 Metaspace       used 55632K, committed 55872K, reserved 1105920K
  class space    used 6525K, committed 6656K, reserved 1048576K
}
Event: 10.759 GC heap before
{Heap before GC invocations=25 (full 0):
 garbage-first heap   total 96256K, used 75799K [0x0000000082000000, 0x0000000100000000)
  region size 1024K, 26 young (26624K), 1 survivors (1024K)
 Metaspace       used 55632K, committed 55872K, reserved 1105920K
  class space    used 6525K, committed 6656K, reserved 1048576K
}
Event: 10.762 GC heap after
{Heap after GC invocations=26 (full 0):
 garbage-first heap   total 192512K, used 50006K [0x0000000082000000, 0x0000000100000000)
  region size 1024K, 1 young (1024K), 1 survivors (1024K)
 Metaspace       used 55632K, committed 55872K, reserved 1105920K
  class space    used 6525K, committed 6656K, reserved 1048576K
}
Event: 12.648 GC heap before
{Heap before GC invocations=27 (full 0):
 garbage-first heap   total 192512K, used 145238K [0x0000000082000000, 0x0000000100000000)
  region size 1024K, 94 young (96256K), 1 survivors (1024K)
 Metaspace       used 60997K, committed 61248K, reserved 1105920K
  class space    used 7296K, committed 7424K, reserved 1048576K
}
Event: 12.657 GC heap after
{Heap after GC invocations=28 (full 0):
 garbage-first heap   total 192512K, used 53914K [0x0000000082000000, 0x0000000100000000)
  region size 1024K, 4 young (4096K), 4 survivors (4096K)
 Metaspace       used 60997K, committed 61248K, reserved 1105920K
  class space    used 7296K, committed 7424K, reserved 1048576K
}
Event: 13.005 GC heap before
{Heap before GC invocations=28 (full 0):
 garbage-first heap   total 192512K, used 59034K [0x0000000082000000, 0x0000000100000000)
  region size 1024K, 9 young (9216K), 4 survivors (4096K)
 Metaspace       used 61528K, committed 61760K, reserved 1105920K
  class space    used 7312K, committed 7424K, reserved 1048576K
}
Event: 13.012 GC heap after
{Heap after GC invocations=29 (full 0):
 garbage-first heap   total 192512K, used 53939K [0x0000000082000000, 0x0000000100000000)
  region size 1024K, 1 young (1024K), 1 survivors (1024K)
 Metaspace       used 61528K, committed 61760K, reserved 1105920K
  class space    used 7312K, committed 7424K, reserved 1048576K
}
Event: 19.022 GC heap before
{Heap before GC invocations=29 (full 0):
 garbage-first heap   total 192512K, used 165555K [0x0000000082000000, 0x0000000100000000)
  region size 1024K, 107 young (109568K), 1 survivors (1024K)
 Metaspace       used 66865K, committed 67200K, reserved 1114112K
  class space    used 7624K, committed 7808K, reserved 1048576K
}
Event: 19.040 GC heap after
{Heap after GC invocations=30 (full 0):
 garbage-first heap   total 192512K, used 67211K [0x0000000082000000, 0x0000000100000000)
  region size 1024K, 12 young (12288K), 12 survivors (12288K)
 Metaspace       used 66865K, committed 67200K, reserved 1114112K
  class space    used 7624K, committed 7808K, reserved 1048576K
}

Dll operation events (2 events):
Event: 0.007 Loaded shared library C:\Program Files\Android\Android Studio\jbr\bin\java.dll
Event: 1.742 Loaded shared library C:\Program Files\Android\Android Studio\jbr\bin\verify.dll

Deoptimization events (20 events):
Event: 19.518 Thread 0x0000024e69abc780 Uncommon trap: trap_request=0xffffffc6 fr.pc=0x0000024e76eefde8 relative=0x00000000000007c8
Event: 19.518 Thread 0x0000024e69abc780 Uncommon trap: reason=bimorphic_or_optimized_type_check action=maybe_recompile pc=0x0000024e76eefde8 method=org.jetbrains.kotlin.storage.LockBasedStorageManager$LockBasedLazyValue.invoke()Ljava/lang/Object; @ 181 c2
Event: 19.518 Thread 0x0000024e69abc780 DEOPT PACKING pc=0x0000024e76eefde8 sp=0x000000cef1ffe540
Event: 19.518 Thread 0x0000024e69abc780 DEOPT UNPACKING pc=0x0000024e765969a3 sp=0x000000cef1ffe490 mode 2
Event: 19.799 Thread 0x0000024e69abc780 Uncommon trap: trap_request=0xffffffc6 fr.pc=0x0000024e76f80cf8 relative=0x0000000000000238
Event: 19.799 Thread 0x0000024e69abc780 Uncommon trap: reason=bimorphic_or_optimized_type_check action=maybe_recompile pc=0x0000024e76f80cf8 method=kotlin.collections.CollectionsKt___CollectionsKt.singleOrNull(Ljava/lang/Iterable;)Ljava/lang/Object; @ 31 c2
Event: 19.799 Thread 0x0000024e69abc780 DEOPT PACKING pc=0x0000024e76f80cf8 sp=0x000000cef1ffd4d0
Event: 19.800 Thread 0x0000024e69abc780 DEOPT UNPACKING pc=0x0000024e765969a3 sp=0x000000cef1ffd458 mode 2
Event: 19.800 Thread 0x0000024e69abc780 Uncommon trap: trap_request=0xffffffc6 fr.pc=0x0000024e76f80cf8 relative=0x0000000000000238
Event: 19.800 Thread 0x0000024e69abc780 Uncommon trap: reason=bimorphic_or_optimized_type_check action=maybe_recompile pc=0x0000024e76f80cf8 method=kotlin.collections.CollectionsKt___CollectionsKt.singleOrNull(Ljava/lang/Iterable;)Ljava/lang/Object; @ 31 c2
Event: 19.800 Thread 0x0000024e69abc780 DEOPT PACKING pc=0x0000024e76f80cf8 sp=0x000000cef1ffd2f0
Event: 19.800 Thread 0x0000024e69abc780 DEOPT UNPACKING pc=0x0000024e765969a3 sp=0x000000cef1ffd278 mode 2
Event: 19.800 Thread 0x0000024e69abc780 Uncommon trap: trap_request=0xffffffc6 fr.pc=0x0000024e76f80cf8 relative=0x0000000000000238
Event: 19.800 Thread 0x0000024e69abc780 Uncommon trap: reason=bimorphic_or_optimized_type_check action=maybe_recompile pc=0x0000024e76f80cf8 method=kotlin.collections.CollectionsKt___CollectionsKt.singleOrNull(Ljava/lang/Iterable;)Ljava/lang/Object; @ 31 c2
Event: 19.800 Thread 0x0000024e69abc780 DEOPT PACKING pc=0x0000024e76f80cf8 sp=0x000000cef1ffd2f0
Event: 19.800 Thread 0x0000024e69abc780 DEOPT UNPACKING pc=0x0000024e765969a3 sp=0x000000cef1ffd278 mode 2
Event: 19.800 Thread 0x0000024e69abc780 Uncommon trap: trap_request=0xffffffc6 fr.pc=0x0000024e76f80cf8 relative=0x0000000000000238
Event: 19.800 Thread 0x0000024e69abc780 Uncommon trap: reason=bimorphic_or_optimized_type_check action=maybe_recompile pc=0x0000024e76f80cf8 method=kotlin.collections.CollectionsKt___CollectionsKt.singleOrNull(Ljava/lang/Iterable;)Ljava/lang/Object; @ 31 c2
Event: 19.800 Thread 0x0000024e69abc780 DEOPT PACKING pc=0x0000024e76f80cf8 sp=0x000000cef1ffd8d0
Event: 19.800 Thread 0x0000024e69abc780 DEOPT UNPACKING pc=0x0000024e765969a3 sp=0x000000cef1ffd858 mode 2

Classes unloaded (0 events):
No events

Classes redefined (0 events):
No events

Internal exceptions (20 events):
Event: 11.690 Thread 0x0000024e69abc780 Exception <a 'java/lang/NoSuchMethodError'{0x0000000089ac1a58}: 'java.lang.Object java.lang.invoke.DirectMethodHandle$Holder.invokeStatic(java.lang.Object, java.lang.Object, java.lang.Object, java.lang.Object, int)'> (0x0000000089ac1a58) 
thrown [s\src\hotspot\share\interpreter\linkResolver.cpp, line 771]
Event: 11.691 Thread 0x0000024e69abc780 Exception <a 'java/lang/NoSuchMethodError'{0x0000000089acb740}: 'java.lang.Object java.lang.invoke.DirectMethodHandle$Holder.newInvokeSpecial(java.lang.Object, java.lang.Object, java.lang.Object, java.lang.Object, int)'> (0x0000000089acb740) 
thrown [s\src\hotspot\share\interpreter\linkResolver.cpp, line 771]
Event: 11.692 Thread 0x0000024e69abc780 Exception <a 'java/lang/NoSuchMethodError'{0x0000000089ad3810}: 'java.lang.Object java.lang.invoke.Invokers$Holder.linkToTargetMethod(java.lang.Object, java.lang.Object, java.lang.Object, int, java.lang.Object)'> (0x0000000089ad3810) 
thrown [s\src\hotspot\share\interpreter\linkResolver.cpp, line 771]
Event: 11.776 Thread 0x0000024e69abc780 Exception <a 'java/lang/NoSuchMethodError'{0x00000000898759c8}: 'void java.lang.invoke.DirectMethodHandle$Holder.invokeInterface(java.lang.Object, java.lang.Object)'> (0x00000000898759c8) 
thrown [s\src\hotspot\share\interpreter\linkResolver.cpp, line 771]
Event: 11.836 Thread 0x0000024e69abc780 Exception <a 'java/lang/IncompatibleClassChangeError'{0x00000000897bf1d8}: Found class java.lang.Object, but interface was expected> (0x00000000897bf1d8) 
thrown [s\src\hotspot\share\interpreter\linkResolver.cpp, line 838]
Event: 11.844 Thread 0x0000024e69abc780 Implicit null exception at 0x0000024e76c0aecc to 0x0000024e76c0afa8
Event: 12.573 Thread 0x0000024e69abc780 Exception <a 'java/lang/NoSuchMethodError'{0x00000000880e6ec0}: 'java.lang.Object java.lang.invoke.DirectMethodHandle$Holder.invokeStatic(java.lang.Object, int, java.lang.Object)'> (0x00000000880e6ec0) 
thrown [s\src\hotspot\share\interpreter\linkResolver.cpp, line 771]
Event: 12.636 Thread 0x0000024e69abc780 Exception <a 'java/lang/NoSuchMethodError'{0x0000000087fcaaa0}: 'java.lang.Object java.lang.invoke.DirectMethodHandle$Holder.invokeInterface(java.lang.Object, java.lang.Object, java.lang.Object)'> (0x0000000087fcaaa0) 
thrown [s\src\hotspot\share\interpreter\linkResolver.cpp, line 771]
Event: 12.637 Thread 0x0000024e69abc780 Exception <a 'java/lang/IncompatibleClassChangeError'{0x0000000087fce410}: Found class java.lang.Object, but interface was expected> (0x0000000087fce410) 
thrown [s\src\hotspot\share\interpreter\linkResolver.cpp, line 838]
Event: 12.860 Thread 0x0000024e69abc780 Exception <a 'java/lang/NoSuchMethodError'{0x000000008d9739c0}: 'int java.lang.invoke.DirectMethodHandle$Holder.invokeStaticInit(java.lang.Object, int)'> (0x000000008d9739c0) 
thrown [s\src\hotspot\share\interpreter\linkResolver.cpp, line 771]
Event: 13.396 Thread 0x0000024e69abc780 Implicit null exception at 0x0000024e76d09a3c to 0x0000024e76d0a2f8
Event: 14.235 Thread 0x0000024e69abc780 Implicit null exception at 0x0000024e76f49ed7 to 0x0000024e76f4a698
Event: 15.714 Thread 0x0000024e69abc780 Exception <a 'java/lang/NoSuchMethodError'{0x000000008ab13268}: 'java.lang.Object java.lang.invoke.DirectMethodHandle$Holder.newInvokeSpecial(java.lang.Object, int, java.lang.Object, java.lang.Object)'> (0x000000008ab13268) 
thrown [s\src\hotspot\share\interpreter\linkResolver.cpp, line 771]
Event: 15.751 Thread 0x0000024e69abc780 Exception <a 'java/lang/NoSuchMethodError'{0x000000008abe8aa0}: 'java.lang.Object java.lang.invoke.DirectMethodHandle$Holder.newInvokeSpecial(java.lang.Object, java.lang.Object, java.lang.Object, java.lang.Object, java.lang.Object, java.lang.Object, java.lang.Object)'> (0x000000008abe8aa0) 
thrown [s\src\hotspot\share\interpreter\linkResolver.cpp, line 771]
Event: 15.752 Thread 0x0000024e69abc780 Exception <a 'java/lang/NoSuchMethodError'{0x000000008abed220}: 'java.lang.Object java.lang.invoke.Invokers$Holder.linkToTargetMethod(java.lang.Object, java.lang.Object, java.lang.Object, java.lang.Object, java.lang.Object, java.lang.Object, java.lang.Object)'> (0x000000008abed220) 
thrown [s\src\hotspot\share\interpreter\linkResolver.cpp, line 771]
Event: 17.527 Thread 0x0000024e69abc780 Implicit null exception at 0x0000024e76fa5a4c to 0x0000024e76fa5f4c
Event: 18.745 Thread 0x0000024e69abc780 Implicit null exception at 0x0000024e76b86571 to 0x0000024e76b86754
Event: 19.642 Thread 0x0000024e69abc780 Exception <a 'java/lang/NoSuchMethodError'{0x000000008c5685f8}: 'java.lang.Object java.lang.invoke.DirectMethodHandle$Holder.newInvokeSpecial(java.lang.Object, java.lang.Object, java.lang.Object, int, int)'> (0x000000008c5685f8) 
thrown [s\src\hotspot\share\interpreter\linkResolver.cpp, line 771]
Event: 19.643 Thread 0x0000024e69abc780 Exception <a 'java/lang/NoSuchMethodError'{0x000000008c56c438}: 'java.lang.Object java.lang.invoke.DirectMethodHandle$Holder.invokeSpecial(java.lang.Object, java.lang.Object, java.lang.Object, java.lang.Object, int, int)'> (0x000000008c56c438) 
thrown [s\src\hotspot\share\interpreter\linkResolver.cpp, line 771]
Event: 19.689 Thread 0x0000024e69abc780 Exception <a 'java/lang/NoSuchMethodError'{0x000000008c4bea70}: 'java.lang.Object java.lang.invoke.Invokers$Holder.linkToTargetMethod(java.lang.Object, java.lang.Object, int, int, java.lang.Object, java.lang.Object, java.lang.Object, java.lang.Object, java.lang.Object)'> (0x000000008c4bea70) 
thrown [s\src\hotspot\share\interpreter\linkResolver.cpp, line 771]

VM Operations (20 events):
Event: 19.207 Executing VM operation: HandshakeAllThreads
Event: 19.207 Executing VM operation: HandshakeAllThreads done
Event: 19.230 Executing VM operation: HandshakeAllThreads
Event: 19.230 Executing VM operation: HandshakeAllThreads done
Event: 19.321 Executing VM operation: ICBufferFull
Event: 19.321 Executing VM operation: ICBufferFull done
Event: 19.478 Executing VM operation: HandshakeAllThreads
Event: 19.478 Executing VM operation: HandshakeAllThreads done
Event: 19.495 Executing VM operation: HandshakeAllThreads
Event: 19.495 Executing VM operation: HandshakeAllThreads done
Event: 19.497 Executing VM operation: HandshakeAllThreads
Event: 19.497 Executing VM operation: HandshakeAllThreads done
Event: 19.497 Executing VM operation: HandshakeAllThreads
Event: 19.497 Executing VM operation: HandshakeAllThreads done
Event: 19.507 Executing VM operation: HandshakeAllThreads
Event: 19.507 Executing VM operation: HandshakeAllThreads done
Event: 19.569 Executing VM operation: ICBufferFull
Event: 19.569 Executing VM operation: ICBufferFull done
Event: 19.726 Executing VM operation: HandshakeAllThreads
Event: 19.726 Executing VM operation: HandshakeAllThreads done

Events (20 events):
Event: 18.829 Thread 0x0000024e06851a10 flushing nmethod 0x0000024e7065b390
Event: 18.830 Thread 0x0000024e06851a10 flushing nmethod 0x0000024e7069a310
Event: 18.831 Thread 0x0000024e06851a10 flushing nmethod 0x0000024e7073c110
Event: 18.831 Thread 0x0000024e06851a10 flushing nmethod 0x0000024e707a0a10
Event: 18.831 Thread 0x0000024e06851a10 flushing nmethod 0x0000024e707c3d10
Event: 18.832 Thread 0x0000024e06851a10 flushing nmethod 0x0000024e70821e90
Event: 18.832 Thread 0x0000024e06851a10 flushing nmethod 0x0000024e70832b90
Event: 18.834 Thread 0x0000024e06851a10 flushing nmethod 0x0000024e70972210
Event: 18.834 Thread 0x0000024e06851a10 flushing nmethod 0x0000024e7097b490
Event: 18.834 Thread 0x0000024e06851a10 flushing nmethod 0x0000024e709eb690
Event: 18.835 Thread 0x0000024e06851a10 flushing nmethod 0x0000024e70a20c90
Event: 18.835 Thread 0x0000024e06851a10 flushing nmethod 0x0000024e70ac3e90
Event: 18.835 Thread 0x0000024e06851a10 flushing nmethod 0x0000024e70acbe90
Event: 19.508 Thread 0x0000024e06851a10 flushing nmethod 0x0000024e6f9ebe10
Event: 19.511 Thread 0x0000024e06851a10 flushing nmethod 0x0000024e6fe55390
Event: 19.511 Thread 0x0000024e06851a10 flushing nmethod 0x0000024e6fe7b790
Event: 19.511 Thread 0x0000024e06851a10 flushing nmethod 0x0000024e6fe7f390
Event: 19.512 Thread 0x0000024e06851a10 flushing nmethod 0x0000024e6ffd9990
Event: 19.516 Thread 0x0000024e06851a10 flushing nmethod 0x0000024e70564010
Event: 19.517 Thread 0x0000024e06851a10 flushing nmethod 0x0000024e70787410


Dynamic libraries:
0x00007ff775ee0000 - 0x00007ff775eea000 	C:\Program Files\Android\Android Studio\jbr\bin\java.exe
0x00007ffb12670000 - 0x00007ffb12867000 	C:\WINDOWS\SYSTEM32\ntdll.dll
0x00007ffb12570000 - 0x00007ffb1262d000 	C:\WINDOWS\System32\KERNEL32.DLL
0x00007ffb100c0000 - 0x00007ffb103b6000 	C:\WINDOWS\System32\KERNELBASE.dll
0x00007ffb0ff30000 - 0x00007ffb10030000 	C:\WINDOWS\System32\ucrtbase.dll
0x00007ffb07c30000 - 0x00007ffb07c4b000 	C:\Program Files\Android\Android Studio\jbr\bin\VCRUNTIME140.dll
0x00007ffb09d90000 - 0x00007ffb09da7000 	C:\Program Files\Android\Android Studio\jbr\bin\jli.dll
0x00007ffb12200000 - 0x00007ffb1239e000 	C:\WINDOWS\System32\USER32.dll
0x00007ffb0f130000 - 0x00007ffb0f3ca000 	C:\WINDOWS\WinSxS\amd64_microsoft.windows.common-controls_6595b64144ccf1df_6.0.19041.3570_none_60bb2a3971f3e41a\COMCTL32.dll
0x00007ffb10460000 - 0x00007ffb10482000 	C:\WINDOWS\System32\win32u.dll
0x00007ffb10d00000 - 0x00007ffb10d9e000 	C:\WINDOWS\System32\msvcrt.dll
0x00007ffb111e0000 - 0x00007ffb1120c000 	C:\WINDOWS\System32\GDI32.dll
0x00007ffb0fda0000 - 0x00007ffb0feba000 	C:\WINDOWS\System32\gdi32full.dll
0x00007ffb103c0000 - 0x00007ffb1045d000 	C:\WINDOWS\System32\msvcp_win.dll
0x00007ffb10da0000 - 0x00007ffb10dd0000 	C:\WINDOWS\System32\IMM32.DLL
0x00007ffb07ce0000 - 0x00007ffb07cec000 	C:\Program Files\Android\Android Studio\jbr\bin\vcruntime140_1.dll
0x00007ffaebdc0000 - 0x00007ffaebe4d000 	C:\Program Files\Android\Android Studio\jbr\bin\msvcp140.dll
0x00007ffad7600000 - 0x00007ffad826e000 	C:\Program Files\Android\Android Studio\jbr\bin\server\jvm.dll
0x00007ffb11220000 - 0x00007ffb112ce000 	C:\WINDOWS\System32\ADVAPI32.dll
0x00007ffb12470000 - 0x00007ffb1250c000 	C:\WINDOWS\System32\sechost.dll
0x00007ffb112d0000 - 0x00007ffb113f6000 	C:\WINDOWS\System32\RPCRT4.dll
0x00007ffb05850000 - 0x00007ffb05859000 	C:\WINDOWS\SYSTEM32\WSOCK32.dll
0x00007ffb03000000 - 0x00007ffb03027000 	C:\WINDOWS\SYSTEM32\WINMM.dll
0x00007ffb11170000 - 0x00007ffb111db000 	C:\WINDOWS\System32\WS2_32.dll
0x00007ffb06520000 - 0x00007ffb0652a000 	C:\WINDOWS\SYSTEM32\VERSION.dll
0x00007ffb0ced0000 - 0x00007ffb0cee2000 	C:\WINDOWS\SYSTEM32\kernel.appcore.dll
0x00007ffb0f740000 - 0x00007ffb0f74a000 	C:\Program Files\Android\Android Studio\jbr\bin\jimage.dll
0x00007ffb0f7b0000 - 0x00007ffb0f994000 	C:\WINDOWS\SYSTEM32\DBGHELP.DLL
0x00007ffb0f6a0000 - 0x00007ffb0f6d4000 	C:\WINDOWS\SYSTEM32\dbgcore.DLL
0x00007ffb10030000 - 0x00007ffb100b2000 	C:\WINDOWS\System32\bcryptPrimitives.dll
0x00007ffb0a9e0000 - 0x00007ffb0aa05000 	C:\Program Files\Android\Android Studio\jbr\bin\java.dll
0x00007ffb0a9c0000 - 0x00007ffb0a9d8000 	C:\Program Files\Android\Android Studio\jbr\bin\zip.dll
0x00007ffb11490000 - 0x00007ffb11bd4000 	C:\WINDOWS\System32\SHELL32.dll
0x00007ffb0d760000 - 0x00007ffb0defb000 	C:\WINDOWS\SYSTEM32\windows.storage.dll
0x00007ffb106d0000 - 0x00007ffb10a24000 	C:\WINDOWS\System32\combase.dll
0x00007ffb0ef50000 - 0x00007ffb0ef7d000 	C:\WINDOWS\SYSTEM32\Wldp.dll
0x00007ffb123c0000 - 0x00007ffb1246d000 	C:\WINDOWS\System32\SHCORE.dll
0x00007ffb12510000 - 0x00007ffb12565000 	C:\WINDOWS\System32\shlwapi.dll
0x00007ffb0fc80000 - 0x00007ffb0fca5000 	C:\WINDOWS\SYSTEM32\profapi.dll
0x00007ffb0a040000 - 0x00007ffb0a059000 	C:\Program Files\Android\Android Studio\jbr\bin\net.dll
0x00007ffb07140000 - 0x00007ffb0724a000 	C:\WINDOWS\SYSTEM32\WINHTTP.dll
0x00007ffb0ed30000 - 0x00007ffb0ed9a000 	C:\WINDOWS\system32\mswsock.dll
0x00007ffb09db0000 - 0x00007ffb09dc6000 	C:\Program Files\Android\Android Studio\jbr\bin\nio.dll
0x00007ffb0f6e0000 - 0x00007ffb0f6f0000 	C:\Program Files\Android\Android Studio\jbr\bin\verify.dll

dbghelp: loaded successfully - version: 4.0.5 - missing functions: none
symbol engine: initialized successfully - sym options: 0x614 - pdb path: .;C:\Program Files\Android\Android Studio\jbr\bin;C:\WINDOWS\SYSTEM32;C:\WINDOWS\WinSxS\amd64_microsoft.windows.common-controls_6595b64144ccf1df_6.0.19041.3570_none_60bb2a3971f3e41a;C:\Program Files\Android\Android Studio\jbr\bin\server

VM Arguments:
java_command: org.jetbrains.kotlin.cli.jvm.K2JVMCompiler @C:\Users\Rizky\StudioProjects\MacroGroup6\app\build\20231019_15465660446754704202.compiler.options
java_class_path (initial): C:\Users\Rizky\.gradle\caches\modules-2\files-2.1\org.jetbrains.kotlin\kotlin-compiler-embeddable\1.9.0\2c8c3a7402becca891f12739b3e9fd2dc2adbd7a\kotlin-compiler-embeddable-1.9.0.jar;C:\Users\Rizky\.gradle\caches\modules-2\files-2.1\org.jetbrains.kotlin\kotlin-stdlib\1.9.0\8ee15ef0c67dc83d874f412d84378d7f0eb50b63\kotlin-stdlib-1.9.0.jar;C:\Users\Rizky\.gradle\caches\modules-2\files-2.1\org.jetbrains.kotlin\kotlin-script-runtime\1.9.0\4b3102cbbb7e1b58d9d1adf89563f00069ffa7d1\kotlin-script-runtime-1.9.0.jar;C:\Users\Rizky\.gradle\caches\modules-2\files-2.1\org.jetbrains.kotlin\kotlin-reflect\1.6.10\1cbe9c92c12a94eea200d23c2bbaedaf3daf5132\kotlin-reflect-1.6.10.jar;C:\Users\Rizky\.gradle\caches\modules-2\files-2.1\org.jetbrains.kotlin\kotlin-daemon-embeddable\1.9.0\186543f5e28cf8d9a0290fecc2cf34301c40a65c\kotlin-daemon-embeddable-1.9.0.jar;C:\Users\Rizky\.gradle\caches\modules-2\files-2.1\org.jetbrains.intellij.deps\trove4j\1.0.20200330\3afb14d5f9ceb459d724e907a21145e8ff394f02\trove4j-1.0.20200330.jar;C:\Users\Rizky\.gradle\caches\modules-2\files-2.1\org.jetbrains.kotlin\kotlin-stdlib-common\1.9.0\cd65c21cfd1eec4d44ef09f9f52b6d9f8a720636\kotlin-stdlib-common-1.9.0.jar;C:\Users\Rizky\.gradle\caches\modules-2\files-2.1\org.jetbrains\annotations\13.0\919f0dfe192fb4e063e7dacadee7f8bb9a2672a9\annotations-13.0.jar
Launcher Type: SUN_STANDARD

[Global flags]
     intx CICompilerCount                          = 4                                         {product} {ergonomic}
     uint ConcGCThreads                            = 2                                         {product} {ergonomic}
     uint G1ConcRefinementThreads                  = 8                                         {product} {ergonomic}
   size_t G1HeapRegionSize                         = 1048576                                   {product} {ergonomic}
    uintx GCDrainStackTargetSize                   = 64                                        {product} {ergonomic}
   size_t InitialHeapSize                          = 132120576                                 {product} {ergonomic}
   size_t MarkStackSize                            = 4194304                                   {product} {ergonomic}
   size_t MaxHeapSize                              = 2113929216                                {product} {ergonomic}
   size_t MaxNewSize                               = 1267728384                                {product} {ergonomic}
   size_t MinHeapDeltaBytes                        = 1048576                                   {product} {ergonomic}
   size_t MinHeapSize                              = 8388608                                   {product} {ergonomic}
    uintx NonNMethodCodeHeapSize                   = 5839372                                {pd product} {ergonomic}
    uintx NonProfiledCodeHeapSize                  = 122909434                              {pd product} {ergonomic}
    uintx ProfiledCodeHeapSize                     = 122909434                              {pd product} {ergonomic}
    uintx ReservedCodeCacheSize                    = 251658240                              {pd product} {ergonomic}
     bool SegmentedCodeCache                       = true                                      {product} {ergonomic}
   size_t SoftMaxHeapSize                          = 2113929216                             {manageable} {ergonomic}
     bool UseCompressedClassPointers               = true                           {product lp64_product} {ergonomic}
     bool UseCompressedOops                        = true                           {product lp64_product} {ergonomic}
     bool UseG1GC                                  = true                                      {product} {ergonomic}
     bool UseLargePagesIndividualAllocation        = false                                  {pd product} {ergonomic}

Logging:
Log output configuration:
 #0: stdout all=warning uptime,level,tags
 #1: stderr all=off uptime,level,tags

Environment Variables:
JAVA_HOME=C:\Program Files\Java\jdk-17.0.1
CLASSPATH=.;
PATH=C:\Program Files (x86)\Common Files\Oracle\Java\javapath;C:\Program Files (x86)\NVIDIA Corporation\PhysX\Common;C:\Python310\Scripts\;C:\Python310\;C:\Program Files\Common Files\Oracle\Java\javapath;C:\WINDOWS\system32;C:\WINDOWS;C:\WINDOWS\System32\Wbem;C:\WINDOWS\System32\WindowsPowerShell\v1.0\;C:\WINDOWS\System32\OpenSSH\;C:\ProgramData\chocolatey\bin;C:\Users\Rizky\AppData\Local\Android\Sdk;C:\Users\Rizky\AppData\Local\Android\Sdk\platform-tools;C:\Program Files\Java\jdk1.8.0_211\bin;C:\Program Files\Java\jdk1.8.0_202\bin;C:\xampp\php;C:\ProgramData\ComposerSetup\bin;C:\Users\Rizky\AppData\Local\Android\Sdk\platform-tools;C:\Program Files\nodejs\;C:\Program Files\MongoDB\Server\5.0\bin;C:\Program Files\PowerShell\7\;C:\Program Files\Git\cmd;C:\hadoop\bin;C:\Windows\system32\cmd.exe\bin;C:\hadoop\sbin;C:\Python310;C:\xampp\htdocs\frontend-programming\movie-database\node_modules;";C:\Program Files\Java\jdk-17.0.1\bin";C:\Gradle\gradle-8.1.1\bin;C:\Users\Rizky\AppData\Local\Microsoft\WindowsApps;C:\Users\Rizky\AppData\Local\Android\Sdk\platform-tools;C:\Users\Rizky\AppData\Local\Programs\Microsoft VS Code\bin;C:\Users\Rizky\AppData\Roaming\Composer\vendor\bin;C:\Users\Rizky\AppData\Roaming\npm;C:\src\flutter\bin;C:\xampp\htdocs\frontend-programming\movie-database\node_modules;
USERNAME=Rizky
OS=Windows_NT
PROCESSOR_IDENTIFIER=Intel64 Family 6 Model 58 Stepping 9, GenuineIntel
TMP=C:\Users\Rizky\AppData\Local\Temp
TEMP=C:\Users\Rizky\AppData\Local\Temp


JNI global refs:
JNI global refs: 11, weak refs: 14

JNI global refs memory usage: 843, weak refs: 841


---------------  S Y S T E M  ---------------

OS:
 Windows 10 , 64 bit Build 19041 (10.0.19041.3570)
OS uptime: 1 days 16:28 hours
Hyper-V role detected

CPU: total 8 (initial active 8) (4 cores per cpu, 2 threads per core) family 6 model 58 stepping 9 microcode 0x21, cx8, cmov, fxsr, ht, mmx, sse, sse2, sse3, ssse3, sse4.1, sse4.2, popcnt, tsc, tscinvbit, avx, aes, erms, clmul, vzeroupper, clflush, hv

Memory: 4k page, system-wide physical 8063M (824M free)
TotalPageFile size 18303M (AvailPageFile size 6M)
current process WorkingSet (physical memory assigned to process): 409M, peak: 410M
current process commit charge ("private bytes"): 446M, peak: 448M

vm_info: OpenJDK 64-Bit Server VM (17.0.6+0-b2043.56-10027231) for windows-amd64 JRE (17.0.6+0-b2043.56-10027231), built on Apr 28 2023 00:43:19 by "androidbuild" with MS VC++ 16.10 / 16.11 (VS2019)

END.
