#
# There is insufficient memory for the Java Runtime Environment to continue.
# Native memory allocation (mmap) failed to map 20971520 bytes for G1 virtual space
# Possible reasons:
#   The system is out of physical RAM or swap space
#   The process is running with CompressedOops enabled, and the Java Heap may be blocking the growth of the native heap
# Possible solutions:
#   Reduce memory load on the system
#   Increase physical memory or swap space
#   Check if swap backing store is full
#   Decrease Java heap size (-Xmx/-Xms)
#   Decrease number of Java threads
#   Decrease Java thread stack sizes (-Xss)
#   Set larger code cache with -XX:ReservedCodeCacheSize=
#   JVM is running with Unscaled Compressed Oops mode in which the Java heap is
#     placed in the first 4GB address space. The Java Heap base address is the
#     maximum limit for the native heap growth. Please use -XX:HeapBaseMinAddress
#     to set the Java Heap base and to place the Java Heap above 4GB virtual address.
# This output file may be truncated or incomplete.
#
#  Out of Memory Error (os_windows.cpp:3469), pid=3876, tid=14704
#
# JRE version: Java(TM) SE Runtime Environment (17.0.1+12) (build 17.0.1+12-LTS-39)
# Java VM: Java HotSpot(TM) 64-Bit Server VM (17.0.1+12-LTS-39, mixed mode, sharing, tiered, compressed oops, compressed class ptrs, g1 gc, windows-amd64)
# No core dump will be written. Minidumps are not enabled by default on client versions of Windows
#

---------------  S U M M A R Y ------------

Command Line: --add-opens=java.base/java.util=ALL-UNNAMED --add-opens=java.base/java.lang=ALL-UNNAMED --add-opens=java.base/java.lang.invoke=ALL-UNNAMED --add-opens=java.prefs/java.util.prefs=ALL-UNNAMED --add-opens=java.base/java.nio.charset=ALL-UNNAMED --add-opens=java.base/java.net=ALL-UNNAMED --add-opens=java.base/java.util.concurrent.atomic=ALL-UNNAMED -Xmx2048m -Dfile.encoding=UTF-8 -Duser.country=ID -Duser.language=en -Duser.variant org.gradle.launcher.daemon.bootstrap.GradleDaemon 8.0

Host: Intel(R) Core(TM) i7-3770 CPU @ 3.40GHz, 8 cores, 7G,  Windows 10 , 64 bit Build 19041 (10.0.19041.3393)
Time: Wed Oct 11 21:46:01 2023 SE Asia Standard Time elapsed time: 32.340598 seconds (0d 0h 0m 32s)

---------------  T H R E A D  ---------------

Current thread (0x000001f3c5da7bb0):  VMThread "VM Thread" [stack: 0x000000b61b700000,0x000000b61b800000] [id=14704]

Stack: [0x000000b61b700000,0x000000b61b800000]
Native frames: (J=compiled Java code, j=interpreted, Vv=VM code, C=native code)
V  [jvm.dll+0x66fa1a]
V  [jvm.dll+0x7ce5a4]
V  [jvm.dll+0x7cfd4e]
V  [jvm.dll+0x7d03b3]
V  [jvm.dll+0x242b05]
V  [jvm.dll+0x66ca39]
V  [jvm.dll+0x661502]
V  [jvm.dll+0x30081b]
V  [jvm.dll+0x307da6]
V  [jvm.dll+0x357a1e]
V  [jvm.dll+0x357c4f]
V  [jvm.dll+0x2d7ad8]
V  [jvm.dll+0x2dab56]
V  [jvm.dll+0x2e5198]
V  [jvm.dll+0x318f20]
V  [jvm.dll+0x7d484b]
V  [jvm.dll+0x7d5584]
V  [jvm.dll+0x7d5a9c]
V  [jvm.dll+0x7d5e74]
V  [jvm.dll+0x7d5f40]
V  [jvm.dll+0x77e91a]
V  [jvm.dll+0x66e845]
C  [ucrtbase.dll+0x21bb2]
C  [KERNEL32.DLL+0x17344]
C  [ntdll.dll+0x526b1]

VM_Operation (0x000000b61b3ff6c0): G1Concurrent, mode: safepoint, requested by thread 0x000001f3a7cc3a50


---------------  P R O C E S S  ---------------

Threads class SMR info:
_java_thread_list=0x000001f3c6b1a320, length=127, elements={
0x000001f3a7c72060, 0x000001f3c5dabf70, 0x000001f3c5daed00, 0x000001f3c5dbd2f0,
0x000001f3c5dbddb0, 0x000001f3c5dc0680, 0x000001f3c5dc0f40, 0x000001f3c5dc6040,
0x000001f3c5de6950, 0x000001f3c5df1270, 0x000001f3c68c6f20, 0x000001f3c68c9800,
0x000001f3c8870420, 0x000001f3c8026730, 0x000001f3c792b030, 0x000001f3c89da060,
0x000001f3c896c710, 0x000001f3c8666280, 0x000001f3c7d5d9b0, 0x000001f3c8337120,
0x000001f3c8b51dd0, 0x000001f3c8d0a2f0, 0x000001f3c8d0ac90, 0x000001f3c8d0a7c0,
0x000001f3c8d07c70, 0x000001f3c8d0b160, 0x000001f3c8d08610, 0x000001f3c8d077a0,
0x000001f3c8d09480, 0x000001f3c8d08ae0, 0x000001f3c8d08fb0, 0x000001f3c8d08140,
0x000001f3c8d09950, 0x000001f3c8d09e20, 0x000001f3c859e440, 0x000001f3c85a1930,
0x000001f3c859fc50, 0x000001f3c859b8f0, 0x000001f3c859a0e0, 0x000001f3c85a05f0,
0x000001f3c85a0120, 0x000001f3c859bdc0, 0x000001f3c859c760, 0x000001f3c85a0ac0,
0x000001f3c85a0f90, 0x000001f3c859aa80, 0x000001f3c859af50, 0x000001f3c859cc30,
0x000001f3c859b420, 0x000001f3c859d5d0, 0x000001f3c859df70, 0x000001f3c859e910,
0x000001f3c859f780, 0x000001f3c859ede0, 0x000001f3c859f2b0, 0x000001f3cb9e29c0,
0x000001f3cb9e0340, 0x000001f3cb9e6d20, 0x000001f3cb9e5eb0, 0x000001f3cb9e5510,
0x000001f3cb9e76c0, 0x000001f3cb9e59e0, 0x000001f3cb9e6380, 0x000001f3cb9e41d0,
0x000001f3cb9e11b0, 0x000001f3cb9e6850, 0x000001f3cb9e46a0, 0x000001f3cb9e0810,
0x000001f3cb9e1680, 0x000001f3cb9e71f0, 0x000001f3cb9e2e90, 0x000001f3cb9e1b50,
0x000001f3cb9dfe70, 0x000001f3cb9e0ce0, 0x000001f3cb9e3d00, 0x000001f3cb9e4b70,
0x000001f3cb9e2020, 0x000001f3cb9e5040, 0x000001f3cb9e24f0, 0x000001f3cb9e3360,
0x000001f3cb9e3830, 0x000001f3cb7823a0, 0x000001f3cb781ed0, 0x000001f3cb7806c0,
0x000001f3cb77fd20, 0x000001f3cb77f380, 0x000001f3cb7836e0, 0x000001f3cb784080,
0x000001f3cb77d1d0, 0x000001f3cb77cd00, 0x000001f3cb7801f0, 0x000001f3cb780b90,
0x000001f3cb77e510, 0x000001f3cb77f850, 0x000001f3cb77e9e0, 0x000001f3cb77eeb0,
0x000001f3cb781060, 0x000001f3cb781530, 0x000001f3cb781a00, 0x000001f3cb77d6a0,
0x000001f3cb784550, 0x000001f3cb782870, 0x000001f3cb77db70, 0x000001f3cb782d40,
0x000001f3cb783210, 0x000001f3cb783bb0, 0x000001f3cb77e040, 0x000001f3cbb7ad10,
0x000001f3cbb7cec0, 0x000001f3cbb79500, 0x000001f3cbb79ea0, 0x000001f3cbb7c050,
0x000001f3cbb7b1e0, 0x000001f3cbb7dd30, 0x000001f3cbb7e6d0, 0x000001f3cbb7fee0,
0x000001f3cbb7eba0, 0x000001f3cbb7c520, 0x000001f3cbb7fa10, 0x000001f3cbb7a370,
0x000001f3cbb7c9f0, 0x000001f3cbb799d0, 0x000001f3cbb7a840, 0x000001f3cbb7b6b0,
0x000001f3cbb7d390, 0x000001f3cbb7d860, 0x000001f3cbb803b0
}

Java Threads: ( => current thread )
  0x000001f3a7c72060 JavaThread "main" [_thread_blocked, id=13220, stack(0x000000b61b100000,0x000000b61b200000)]
  0x000001f3c5dabf70 JavaThread "Reference Handler" daemon [_thread_blocked, id=6756, stack(0x000000b61b800000,0x000000b61b900000)]
  0x000001f3c5daed00 JavaThread "Finalizer" daemon [_thread_blocked, id=12684, stack(0x000000b61b900000,0x000000b61ba00000)]
  0x000001f3c5dbd2f0 JavaThread "Signal Dispatcher" daemon [_thread_blocked, id=4260, stack(0x000000b61ba00000,0x000000b61bb00000)]
  0x000001f3c5dbddb0 JavaThread "Attach Listener" daemon [_thread_blocked, id=15220, stack(0x000000b61bb00000,0x000000b61bc00000)]
  0x000001f3c5dc0680 JavaThread "Service Thread" daemon [_thread_blocked, id=8608, stack(0x000000b61bc00000,0x000000b61bd00000)]
  0x000001f3c5dc0f40 JavaThread "Monitor Deflation Thread" daemon [_thread_blocked, id=1940, stack(0x000000b61bd00000,0x000000b61be00000)]
  0x000001f3c5dc6040 JavaThread "C2 CompilerThread0" daemon [_thread_blocked, id=8296, stack(0x000000b61be00000,0x000000b61bf00000)]
  0x000001f3c5de6950 JavaThread "C1 CompilerThread0" daemon [_thread_blocked, id=2584, stack(0x000000b61bf00000,0x000000b61c000000)]
  0x000001f3c5df1270 JavaThread "Sweeper thread" daemon [_thread_blocked, id=2796, stack(0x000000b61c000000,0x000000b61c100000)]
  0x000001f3c68c6f20 JavaThread "Common-Cleaner" daemon [_thread_blocked, id=13844, stack(0x000000b61c100000,0x000000b61c200000)]
  0x000001f3c68c9800 JavaThread "Notification Thread" daemon [_thread_blocked, id=1812, stack(0x000000b61c200000,0x000000b61c300000)]
  0x000001f3c8870420 JavaThread "Daemon health stats" [_thread_blocked, id=3060, stack(0x000000b61c900000,0x000000b61ca00000)]
  0x000001f3c8026730 JavaThread "Incoming local TCP Connector on port 54580" [_thread_in_native, id=3656, stack(0x000000b61c800000,0x000000b61c900000)]
  0x000001f3c792b030 JavaThread "Daemon periodic checks" [_thread_blocked, id=15352, stack(0x000000b61ca00000,0x000000b61cb00000)]
  0x000001f3c89da060 JavaThread "Daemon" [_thread_blocked, id=9164, stack(0x000000b61cb00000,0x000000b61cc00000)]
  0x000001f3c896c710 JavaThread "Handler for socket connection from /127.0.0.1:54580 to /127.0.0.1:54581" [_thread_in_native, id=14588, stack(0x000000b61cc00000,0x000000b61cd00000)]
  0x000001f3c8666280 JavaThread "Cancel handler" [_thread_blocked, id=2692, stack(0x000000b61cd00000,0x000000b61ce00000)]
  0x000001f3c7d5d9b0 JavaThread "Daemon worker" [_thread_blocked, id=6960, stack(0x000000b61ce00000,0x000000b61cf00000)]
  0x000001f3c8337120 JavaThread "Asynchronous log dispatcher for DefaultDaemonConnection: socket connection from /127.0.0.1:54580 to /127.0.0.1:54581" [_thread_blocked, id=14736, stack(0x000000b61cf00000,0x000000b61d000000)]
  0x000001f3c8b51dd0 JavaThread "Stdin handler" [_thread_blocked, id=5360, stack(0x000000b61d000000,0x000000b61d100000)]
  0x000001f3c8d0a2f0 JavaThread "Daemon client event forwarder" [_thread_blocked, id=12008, stack(0x000000b61d100000,0x000000b61d200000)]
  0x000001f3c8d0ac90 JavaThread "Cache worker for journal cache (C:\Users\Rizky\.gradle\caches\journal-1)" [_thread_blocked, id=8436, stack(0x000000b61d200000,0x000000b61d300000)]
  0x000001f3c8d0a7c0 JavaThread "File lock request listener" [_thread_in_native, id=14808, stack(0x000000b61d300000,0x000000b61d400000)]
  0x000001f3c8d07c70 JavaThread "Cache worker for file hash cache (C:\Users\Rizky\.gradle\caches\8.0\fileHashes)" [_thread_blocked, id=6212, stack(0x000000b61d500000,0x000000b61d600000)]
  0x000001f3c8d0b160 JavaThread "File watcher server" daemon [_thread_in_native, id=1156, stack(0x000000b61d900000,0x000000b61da00000)]
  0x000001f3c8d08610 JavaThread "File watcher consumer" daemon [_thread_blocked, id=5292, stack(0x000000b61da00000,0x000000b61db00000)]
  0x000001f3c8d077a0 JavaThread "jar transforms" [_thread_blocked, id=5164, stack(0x000000b61db00000,0x000000b61dc00000)]
  0x000001f3c8d09480 JavaThread "jar transforms Thread 2" [_thread_blocked, id=14628, stack(0x000000b61dc00000,0x000000b61dd00000)]
  0x000001f3c8d08ae0 JavaThread "jar transforms Thread 3" [_thread_blocked, id=8604, stack(0x000000b61dd00000,0x000000b61de00000)]
  0x000001f3c8d08fb0 JavaThread "jar transforms Thread 4" [_thread_blocked, id=8304, stack(0x000000b61de00000,0x000000b61df00000)]
  0x000001f3c8d08140 JavaThread "jar transforms Thread 5" [_thread_blocked, id=14688, stack(0x000000b61df00000,0x000000b61e000000)]
  0x000001f3c8d09950 JavaThread "jar transforms Thread 6" [_thread_blocked, id=13296, stack(0x000000b61e000000,0x000000b61e100000)]
  0x000001f3c8d09e20 JavaThread "jar transforms Thread 7" [_thread_blocked, id=12664, stack(0x000000b61e100000,0x000000b61e200000)]
  0x000001f3c859e440 JavaThread "jar transforms Thread 8" [_thread_blocked, id=4104, stack(0x000000b61e200000,0x000000b61e300000)]
  0x000001f3c85a1930 JavaThread "Cache worker for checksums cache (C:\Users\Rizky\StudioProjects\MacroGroup6\.gradle\8.0\checksums)" [_thread_blocked, id=13892, stack(0x000000b61e400000,0x000000b61e500000)]
  0x000001f3c859fc50 JavaThread "Cache worker for cache directory md-rule (C:\Users\Rizky\.gradle\caches\8.0\md-rule)" [_thread_blocked, id=14268, stack(0x000000b61e500000,0x000000b61e600000)]
  0x000001f3c859b8f0 JavaThread "Cache worker for file content cache (C:\Users\Rizky\.gradle\caches\8.0\fileContent)" [_thread_blocked, id=3412, stack(0x000000b61e600000,0x000000b61e700000)]
  0x000001f3c859a0e0 JavaThread "Cache worker for file hash cache (C:\Users\Rizky\StudioProjects\MacroGroup6\.gradle\8.0\fileHashes)" [_thread_blocked, id=4892, stack(0x000000b61d400000,0x000000b61d500000)]
  0x000001f3c85a05f0 JavaThread "Cache worker for cache directory md-supplier (C:\Users\Rizky\.gradle\caches\8.0\md-supplier)" [_thread_blocked, id=3684, stack(0x000000b61e700000,0x000000b61e800000)]
  0x000001f3c85a0120 JavaThread "Cache worker for execution history cache (C:\Users\Rizky\.gradle\caches\8.0\executionHistory)" [_thread_blocked, id=13476, stack(0x000000b61e800000,0x000000b61e900000)]
  0x000001f3c859bdc0 JavaThread "Cache worker for kotlin-dsl (C:\Users\Rizky\.gradle\caches\8.0\kotlin-dsl)" [_thread_blocked, id=10564, stack(0x000000b61ea00000,0x000000b61eb00000)]
  0x000001f3c859c760 JavaThread "Cache worker for dependencies-accessors (C:\Users\Rizky\StudioProjects\MacroGroup6\.gradle\8.0\dependencies-accessors)" [_thread_blocked, id=4852, stack(0x000000b61eb00000,0x000000b61ec00000)]
  0x000001f3c85a0ac0 JavaThread "Cache worker for Build Output Cleanup Cache (C:\Users\Rizky\StudioProjects\MacroGroup6\.gradle\buildOutputCleanup)" [_thread_blocked, id=13448, stack(0x000000b61ec00000,0x000000b61ed00000)]
  0x000001f3c85a0f90 JavaThread "Unconstrained build operations" [_thread_blocked, id=9904, stack(0x000000b61ed00000,0x000000b61ee00000)]
  0x000001f3c859aa80 JavaThread "Unconstrained build operations Thread 2" [_thread_blocked, id=9132, stack(0x000000b61ee00000,0x000000b61ef00000)]
  0x000001f3c859af50 JavaThread "Unconstrained build operations Thread 3" [_thread_blocked, id=584, stack(0x000000b61ef00000,0x000000b61f000000)]
  0x000001f3c859cc30 JavaThread "Unconstrained build operations Thread 4" [_thread_blocked, id=12768, stack(0x000000b61f000000,0x000000b61f100000)]
  0x000001f3c859b420 JavaThread "Unconstrained build operations Thread 5" [_thread_blocked, id=15012, stack(0x000000b61f100000,0x000000b61f200000)]
  0x000001f3c859d5d0 JavaThread "Unconstrained build operations Thread 6" [_thread_blocked, id=3280, stack(0x000000b61f200000,0x000000b61f300000)]
  0x000001f3c859df70 JavaThread "Unconstrained build operations Thread 7" [_thread_blocked, id=276, stack(0x000000b61f300000,0x000000b61f400000)]
  0x000001f3c859e910 JavaThread "Unconstrained build operations Thread 8" [_thread_blocked, id=10340, stack(0x000000b61f400000,0x000000b61f500000)]
  0x000001f3c859f780 JavaThread "Unconstrained build operations Thread 9" [_thread_blocked, id=13984, stack(0x000000b61f500000,0x000000b61f600000)]
  0x000001f3c859ede0 JavaThread "Unconstrained build operations Thread 10" [_thread_blocked, id=15280, stack(0x000000b61f600000,0x000000b61f700000)]
  0x000001f3c859f2b0 JavaThread "Unconstrained build operations Thread 11" [_thread_blocked, id=2764, stack(0x000000b61f700000,0x000000b61f800000)]
  0x000001f3cb9e29c0 JavaThread "Unconstrained build operations Thread 12" [_thread_blocked, id=13852, stack(0x000000b61f800000,0x000000b61f900000)]
  0x000001f3cb9e0340 JavaThread "Unconstrained build operations Thread 13" [_thread_blocked, id=5352, stack(0x000000b61f900000,0x000000b61fa00000)]
  0x000001f3cb9e6d20 JavaThread "Unconstrained build operations Thread 14" [_thread_blocked, id=13064, stack(0x000000b61fa00000,0x000000b61fb00000)]
  0x000001f3cb9e5eb0 JavaThread "Unconstrained build operations Thread 15" [_thread_blocked, id=2076, stack(0x000000b61fb00000,0x000000b61fc00000)]
  0x000001f3cb9e5510 JavaThread "Unconstrained build operations Thread 16" [_thread_blocked, id=9428, stack(0x000000b61fc00000,0x000000b61fd00000)]
  0x000001f3cb9e76c0 JavaThread "Unconstrained build operations Thread 17" [_thread_blocked, id=13540, stack(0x000000b61fd00000,0x000000b61fe00000)]
  0x000001f3cb9e59e0 JavaThread "Unconstrained build operations Thread 18" [_thread_blocked, id=12748, stack(0x000000b61fe00000,0x000000b61ff00000)]
  0x000001f3cb9e6380 JavaThread "Unconstrained build operations Thread 19" [_thread_blocked, id=15096, stack(0x000000b61ff00000,0x000000b620000000)]
  0x000001f3cb9e41d0 JavaThread "Unconstrained build operations Thread 20" [_thread_blocked, id=14864, stack(0x000000b620000000,0x000000b620100000)]
  0x000001f3cb9e11b0 JavaThread "Unconstrained build operations Thread 21" [_thread_blocked, id=9972, stack(0x000000b620100000,0x000000b620200000)]
  0x000001f3cb9e6850 JavaThread "Unconstrained build operations Thread 22" [_thread_blocked, id=9160, stack(0x000000b620200000,0x000000b620300000)]
  0x000001f3cb9e46a0 JavaThread "Unconstrained build operations Thread 23" [_thread_blocked, id=11196, stack(0x000000b620300000,0x000000b620400000)]
  0x000001f3cb9e0810 JavaThread "Unconstrained build operations Thread 24" [_thread_blocked, id=7804, stack(0x000000b620400000,0x000000b620500000)]
  0x000001f3cb9e1680 JavaThread "Unconstrained build operations Thread 25" [_thread_blocked, id=2620, stack(0x000000b620500000,0x000000b620600000)]
  0x000001f3cb9e71f0 JavaThread "Unconstrained build operations Thread 26" [_thread_blocked, id=2820, stack(0x000000b620600000,0x000000b620700000)]
  0x000001f3cb9e2e90 JavaThread "Unconstrained build operations Thread 27" [_thread_blocked, id=1304, stack(0x000000b620700000,0x000000b620800000)]
  0x000001f3cb9e1b50 JavaThread "Unconstrained build operations Thread 28" [_thread_blocked, id=8620, stack(0x000000b620800000,0x000000b620900000)]
  0x000001f3cb9dfe70 JavaThread "Unconstrained build operations Thread 29" [_thread_blocked, id=13400, stack(0x000000b620900000,0x000000b620a00000)]
  0x000001f3cb9e0ce0 JavaThread "Unconstrained build operations Thread 30" [_thread_blocked, id=2144, stack(0x000000b620a00000,0x000000b620b00000)]
  0x000001f3cb9e3d00 JavaThread "Unconstrained build operations Thread 31" [_thread_blocked, id=7340, stack(0x000000b620b00000,0x000000b620c00000)]
  0x000001f3cb9e4b70 JavaThread "Unconstrained build operations Thread 32" [_thread_blocked, id=9364, stack(0x000000b620c00000,0x000000b620d00000)]
  0x000001f3cb9e2020 JavaThread "Unconstrained build operations Thread 33" [_thread_blocked, id=4244, stack(0x000000b620d00000,0x000000b620e00000)]
  0x000001f3cb9e5040 JavaThread "Unconstrained build operations Thread 34" [_thread_blocked, id=11600, stack(0x000000b620e00000,0x000000b620f00000)]
  0x000001f3cb9e24f0 JavaThread "Unconstrained build operations Thread 35" [_thread_blocked, id=13528, stack(0x000000b620f00000,0x000000b621000000)]
  0x000001f3cb9e3360 JavaThread "Unconstrained build operations Thread 36" [_thread_blocked, id=11508, stack(0x000000b621000000,0x000000b621100000)]
  0x000001f3cb9e3830 JavaThread "Unconstrained build operations Thread 37" [_thread_blocked, id=15328, stack(0x000000b621100000,0x000000b621200000)]
  0x000001f3cb7823a0 JavaThread "Unconstrained build operations Thread 38" [_thread_blocked, id=2360, stack(0x000000b621200000,0x000000b621300000)]
  0x000001f3cb781ed0 JavaThread "Unconstrained build operations Thread 39" [_thread_blocked, id=6872, stack(0x000000b621300000,0x000000b621400000)]
  0x000001f3cb7806c0 JavaThread "Unconstrained build operations Thread 40" [_thread_blocked, id=12296, stack(0x000000b621400000,0x000000b621500000)]
  0x000001f3cb77fd20 JavaThread "Unconstrained build operations Thread 41" [_thread_blocked, id=13116, stack(0x000000b621500000,0x000000b621600000)]
  0x000001f3cb77f380 JavaThread "Unconstrained build operations Thread 42" [_thread_blocked, id=1072, stack(0x000000b621600000,0x000000b621700000)]
  0x000001f3cb7836e0 JavaThread "Unconstrained build operations Thread 43" [_thread_blocked, id=9256, stack(0x000000b621700000,0x000000b621800000)]
  0x000001f3cb784080 JavaThread "Unconstrained build operations Thread 44" [_thread_blocked, id=13688, stack(0x000000b621800000,0x000000b621900000)]
  0x000001f3cb77d1d0 JavaThread "Unconstrained build operations Thread 45" [_thread_blocked, id=12896, stack(0x000000b621900000,0x000000b621a00000)]
  0x000001f3cb77cd00 JavaThread "Unconstrained build operations Thread 46" [_thread_blocked, id=11228, stack(0x000000b621a00000,0x000000b621b00000)]
  0x000001f3cb7801f0 JavaThread "Unconstrained build operations Thread 47" [_thread_blocked, id=13216, stack(0x000000b621b00000,0x000000b621c00000)]
  0x000001f3cb780b90 JavaThread "Unconstrained build operations Thread 48" [_thread_blocked, id=3692, stack(0x000000b621c00000,0x000000b621d00000)]
  0x000001f3cb77e510 JavaThread "Unconstrained build operations Thread 49" [_thread_blocked, id=2652, stack(0x000000b621d00000,0x000000b621e00000)]
  0x000001f3cb77f850 JavaThread "Unconstrained build operations Thread 50" [_thread_blocked, id=4336, stack(0x000000b621e00000,0x000000b621f00000)]
  0x000001f3cb77e9e0 JavaThread "Unconstrained build operations Thread 51" [_thread_blocked, id=11772, stack(0x000000b621f00000,0x000000b622000000)]
  0x000001f3cb77eeb0 JavaThread "Unconstrained build operations Thread 52" [_thread_blocked, id=3256, stack(0x000000b622000000,0x000000b622100000)]
  0x000001f3cb781060 JavaThread "Unconstrained build operations Thread 53" [_thread_blocked, id=7668, stack(0x000000b622100000,0x000000b622200000)]
  0x000001f3cb781530 JavaThread "Unconstrained build operations Thread 54" [_thread_blocked, id=10524, stack(0x000000b622200000,0x000000b622300000)]
  0x000001f3cb781a00 JavaThread "Unconstrained build operations Thread 55" [_thread_blocked, id=11156, stack(0x000000b622300000,0x000000b622400000)]
  0x000001f3cb77d6a0 JavaThread "Unconstrained build operations Thread 56" [_thread_blocked, id=13764, stack(0x000000b622400000,0x000000b622500000)]
  0x000001f3cb784550 JavaThread "Unconstrained build operations Thread 57" [_thread_blocked, id=7756, stack(0x000000b622500000,0x000000b622600000)]
  0x000001f3cb782870 JavaThread "Unconstrained build operations Thread 58" [_thread_blocked, id=4076, stack(0x000000b622600000,0x000000b622700000)]
  0x000001f3cb77db70 JavaThread "Unconstrained build operations Thread 59" [_thread_blocked, id=10200, stack(0x000000b622700000,0x000000b622800000)]
  0x000001f3cb782d40 JavaThread "Unconstrained build operations Thread 60" [_thread_blocked, id=7144, stack(0x000000b622800000,0x000000b622900000)]
  0x000001f3cb783210 JavaThread "Unconstrained build operations Thread 61" [_thread_blocked, id=13564, stack(0x000000b622900000,0x000000b622a00000)]
  0x000001f3cb783bb0 JavaThread "Unconstrained build operations Thread 62" [_thread_blocked, id=1292, stack(0x000000b622a00000,0x000000b622b00000)]
  0x000001f3cb77e040 JavaThread "Unconstrained build operations Thread 63" [_thread_blocked, id=14392, stack(0x000000b622b00000,0x000000b622c00000)]
  0x000001f3cbb7ad10 JavaThread "Unconstrained build operations Thread 64" [_thread_blocked, id=15188, stack(0x000000b622c00000,0x000000b622d00000)]
  0x000001f3cbb7cec0 JavaThread "Unconstrained build operations Thread 65" [_thread_blocked, id=14836, stack(0x000000b622d00000,0x000000b622e00000)]
  0x000001f3cbb79500 JavaThread "Unconstrained build operations Thread 66" [_thread_blocked, id=10100, stack(0x000000b622e00000,0x000000b622f00000)]
  0x000001f3cbb79ea0 JavaThread "Unconstrained build operations Thread 67" [_thread_blocked, id=15060, stack(0x000000b622f00000,0x000000b623000000)]
  0x000001f3cbb7c050 JavaThread "Unconstrained build operations Thread 68" [_thread_blocked, id=2812, stack(0x000000b623000000,0x000000b623100000)]
  0x000001f3cbb7b1e0 JavaThread "Unconstrained build operations Thread 69" [_thread_blocked, id=13676, stack(0x000000b623100000,0x000000b623200000)]
  0x000001f3cbb7dd30 JavaThread "Unconstrained build operations Thread 70" [_thread_blocked, id=14460, stack(0x000000b623200000,0x000000b623300000)]
  0x000001f3cbb7e6d0 JavaThread "Unconstrained build operations Thread 71" [_thread_blocked, id=4592, stack(0x000000b623300000,0x000000b623400000)]
  0x000001f3cbb7fee0 JavaThread "Unconstrained build operations Thread 72" [_thread_blocked, id=4212, stack(0x000000b623400000,0x000000b623500000)]
  0x000001f3cbb7eba0 JavaThread "Unconstrained build operations Thread 73" [_thread_blocked, id=13956, stack(0x000000b623500000,0x000000b623600000)]
  0x000001f3cbb7c520 JavaThread "Unconstrained build operations Thread 74" [_thread_blocked, id=2488, stack(0x000000b623600000,0x000000b623700000)]
  0x000001f3cbb7fa10 JavaThread "Unconstrained build operations Thread 75" [_thread_blocked, id=9140, stack(0x000000b623700000,0x000000b623800000)]
  0x000001f3cbb7a370 JavaThread "Unconstrained build operations Thread 76" [_thread_blocked, id=14988, stack(0x000000b623800000,0x000000b623900000)]
  0x000001f3cbb7c9f0 JavaThread "Unconstrained build operations Thread 77" [_thread_blocked, id=7096, stack(0x000000b623900000,0x000000b623a00000)]
  0x000001f3cbb799d0 JavaThread "Unconstrained build operations Thread 78" [_thread_blocked, id=11132, stack(0x000000b623a00000,0x000000b623b00000)]
  0x000001f3cbb7a840 JavaThread "Unconstrained build operations Thread 79" [_thread_blocked, id=2004, stack(0x000000b623b00000,0x000000b623c00000)]
  0x000001f3cbb7b6b0 JavaThread "Unconstrained build operations Thread 80" [_thread_blocked, id=15052, stack(0x000000b623c00000,0x000000b623d00000)]
  0x000001f3cbb7d390 JavaThread "Memory manager" [_thread_blocked, id=1188, stack(0x000000b623e00000,0x000000b623f00000)]
  0x000001f3cbb7d860 JavaThread "build event listener" [_thread_blocked, id=3124, stack(0x000000b623f00000,0x000000b624000000)]
  0x000001f3cbb803b0 JavaThread "build event listener" [_thread_blocked, id=4980, stack(0x000000b624000000,0x000000b624100000)]

Other Threads:
=>0x000001f3c5da7bb0 VMThread "VM Thread" [stack: 0x000000b61b700000,0x000000b61b800000] [id=14704]
  0x000001f3c68cad00 WatcherThread [stack: 0x000000b61c300000,0x000000b61c400000] [id=14164]
  0x000001f3a7cb2460 GCTaskThread "GC Thread#0" [stack: 0x000000b61b200000,0x000000b61b300000] [id=13936]
  0x000001f3c7a35e10 GCTaskThread "GC Thread#1" [stack: 0x000000b61c500000,0x000000b61c600000] [id=7588]
  0x000001f3c7373070 GCTaskThread "GC Thread#2" [stack: 0x000000b61c600000,0x000000b61c700000] [id=13316]
  0x000001f3c73219f0 GCTaskThread "GC Thread#3" [stack: 0x000000b61c700000,0x000000b61c800000] [id=12632]
  0x000001f3c71face0 GCTaskThread "GC Thread#4" [stack: 0x000000b61c400000,0x000000b61c500000] [id=6560]
  0x000001f3c79cdb10 GCTaskThread "GC Thread#5" [stack: 0x000000b61d600000,0x000000b61d700000] [id=9368]
  0x000001f3c9ee15c0 GCTaskThread "GC Thread#6" [stack: 0x000000b61d700000,0x000000b61d800000] [id=10940]
  0x000001f3cb6b3df0 GCTaskThread "GC Thread#7" [stack: 0x000000b61d800000,0x000000b61d900000] [id=13140]
  0x000001f3a7cc3a50 ConcurrentGCThread "G1 Main Marker" [stack: 0x000000b61b300000,0x000000b61b400000] [id=3316]
  0x000001f3a7cc4370 ConcurrentGCThread "G1 Conc#0" [stack: 0x000000b61b400000,0x000000b61b500000] [id=6896]
  0x000001f3cb6b4600 ConcurrentGCThread "G1 Conc#1" [stack: 0x000000b61e300000,0x000000b61e400000] [id=9900]
  0x000001f3a7d4b280 ConcurrentGCThread "G1 Refine#0" [stack: 0x000000b61b500000,0x000000b61b600000] [id=8944]
  0x000001f3c9df0c10 ConcurrentGCThread "G1 Refine#1" [stack: 0x000000b623d00000,0x000000b623e00000] [id=3972]
  0x000001f3c9152990 ConcurrentGCThread "G1 Refine#2" [stack: 0x000000b61e900000,0x000000b61ea00000] [id=9056]
  0x000001f3c9152f50 ConcurrentGCThread "G1 Refine#3" [stack: 0x000000b624100000,0x000000b624200000] [id=10772]
  0x000001f3c9154090 ConcurrentGCThread "G1 Refine#4" [stack: 0x000000b624200000,0x000000b624300000] [id=14612]
  0x000001f3c9155a70 ConcurrentGCThread "G1 Refine#5" [stack: 0x000000b624300000,0x000000b624400000] [id=12776]
  0x000001f3c9153db0 ConcurrentGCThread "G1 Refine#6" [stack: 0x000000b624400000,0x000000b624500000] [id=7564]
  0x000001f3c9153230 ConcurrentGCThread "G1 Refine#7" [stack: 0x000000b624500000,0x000000b624600000] [id=3384]
  0x000001f3a7d4bbb0 ConcurrentGCThread "G1 Service" [stack: 0x000000b61b600000,0x000000b61b700000] [id=13252]

Threads with active compile tasks:
C2 CompilerThread0    32390 10503       4       org.jetbrains.kotlin.metadata.ProtoBuf$Function::getSerializedSize (512 bytes)

VM state: at safepoint (normal execution)

VM Mutex/Monitor currently owned by a thread:  ([mutex/lock_event])
[0x000001f3a7c6ecf0] Threads_lock - owner thread: 0x000001f3c5da7bb0
[0x000001f3a7c6ee10] Heap_lock - owner thread: 0x000001f3a7cc3a50

Heap address: 0x0000000080000000, size: 2048 MB, Compressed Oops mode: 32-bit

CDS archive(s) mapped at: [0x0000000800000000-0x0000000800bc0000-0x0000000800bc0000), size 12320768, SharedBaseAddress: 0x0000000800000000, ArchiveRelocationMode: 0.
Compressed class space mapped at: 0x0000000800c00000-0x0000000840c00000, reserved size: 1073741824
Narrow klass base: 0x0000000800000000, Narrow klass shift: 0, Narrow klass range: 0x100000000

GC Precious Log:
 CPUs: 8 total, 8 available
 Memory: 8063M
 Large Page Support: Disabled
 NUMA Support: Disabled
 Compressed Oops: Enabled (32-bit)
 Heap Region Size: 1M
 Heap Min Capacity: 8M
 Heap Initial Capacity: 126M
 Heap Max Capacity: 2G
 Pre-touch: Disabled
 Parallel Workers: 8
 Concurrent Workers: 2
 Concurrent Refinement Workers: 8
 Periodic GC: Disabled

Heap:
 garbage-first heap   total 261120K, used 167331K [0x0000000080000000, 0x0000000100000000)
  region size 1024K, 12 young (12288K), 6 survivors (6144K)
 Metaspace       used 102727K, committed 103552K, reserved 1138688K
  class space    used 13629K, committed 14016K, reserved 1048576K

Heap Regions: E=young(eden), S=young(survivor), O=old, HS=humongous(starts), HC=humongous(continues), CS=collection set, F=free, OA=open archive, CA=closed archive, TAMS=top-at-mark-start (previous, next)
|   0|0x0000000080000000, 0x0000000080100000, 0x0000000080100000|100%|HS|  |TAMS 0x0000000080100000, 0x0000000080000000| Complete 
|   1|0x0000000080100000, 0x0000000080200000, 0x0000000080200000|100%|HC|  |TAMS 0x0000000080200000, 0x0000000080100000| Complete 
|   2|0x0000000080200000, 0x0000000080300000, 0x0000000080300000|100%|HC|  |TAMS 0x0000000080300000, 0x0000000080200000| Complete 
|   3|0x0000000080300000, 0x0000000080400000, 0x0000000080400000|100%|HC|  |TAMS 0x0000000080400000, 0x0000000080300000| Complete 
|   4|0x0000000080400000, 0x0000000080500000, 0x0000000080500000|100%| O|  |TAMS 0x0000000080500000, 0x0000000080400000| Untracked 
|   5|0x0000000080500000, 0x0000000080600000, 0x0000000080600000|100%| O|  |TAMS 0x0000000080600000, 0x0000000080500000| Untracked 
|   6|0x0000000080600000, 0x0000000080700000, 0x0000000080700000|100%| O|  |TAMS 0x0000000080700000, 0x0000000080600000| Untracked 
|   7|0x0000000080700000, 0x0000000080800000, 0x0000000080800000|100%| O|  |TAMS 0x0000000080800000, 0x0000000080700000| Untracked 
|   8|0x0000000080800000, 0x0000000080900000, 0x0000000080900000|100%| O|  |TAMS 0x0000000080900000, 0x0000000080800000| Untracked 
|   9|0x0000000080900000, 0x0000000080a00000, 0x0000000080a00000|100%| O|  |TAMS 0x0000000080a00000, 0x0000000080900000| Untracked 
|  10|0x0000000080a00000, 0x0000000080b00000, 0x0000000080b00000|100%| O|  |TAMS 0x0000000080b00000, 0x0000000080a00000| Untracked 
|  11|0x0000000080b00000, 0x0000000080c00000, 0x0000000080c00000|100%| O|  |TAMS 0x0000000080c00000, 0x0000000080b00000| Untracked 
|  12|0x0000000080c00000, 0x0000000080d00000, 0x0000000080d00000|100%|HS|  |TAMS 0x0000000080d00000, 0x0000000080c00000| Complete 
|  13|0x0000000080d00000, 0x0000000080e00000, 0x0000000080e00000|100%|HC|  |TAMS 0x0000000080e00000, 0x0000000080d00000| Complete 
|  14|0x0000000080e00000, 0x0000000080f00000, 0x0000000080f00000|100%|HS|  |TAMS 0x0000000080f00000, 0x0000000080e00000| Complete 
|  15|0x0000000080f00000, 0x0000000081000000, 0x0000000081000000|100%|HC|  |TAMS 0x0000000081000000, 0x0000000080f00000| Complete 
|  16|0x0000000081000000, 0x0000000081100000, 0x0000000081100000|100%|HC|  |TAMS 0x0000000081100000, 0x0000000081000000| Complete 
|  17|0x0000000081100000, 0x0000000081200000, 0x0000000081200000|100%|HS|  |TAMS 0x0000000081200000, 0x0000000081100000| Complete 
|  18|0x0000000081200000, 0x0000000081300000, 0x0000000081300000|100%|HC|  |TAMS 0x0000000081300000, 0x0000000081200000| Complete 
|  19|0x0000000081300000, 0x0000000081400000, 0x0000000081400000|100%|HC|  |TAMS 0x0000000081400000, 0x0000000081300000| Complete 
|  20|0x0000000081400000, 0x0000000081500000, 0x0000000081500000|100%|HS|  |TAMS 0x0000000081500000, 0x0000000081400000| Complete 
|  21|0x0000000081500000, 0x0000000081600000, 0x0000000081600000|100%|HC|  |TAMS 0x0000000081600000, 0x0000000081500000| Complete 
|  22|0x0000000081600000, 0x0000000081700000, 0x0000000081700000|100%|HC|  |TAMS 0x0000000081700000, 0x0000000081600000| Complete 
|  23|0x0000000081700000, 0x0000000081800000, 0x0000000081800000|100%|HC|  |TAMS 0x0000000081800000, 0x0000000081700000| Complete 
|  24|0x0000000081800000, 0x0000000081900000, 0x0000000081900000|100%|HC|  |TAMS 0x0000000081900000, 0x0000000081800000| Complete 
|  25|0x0000000081900000, 0x0000000081a00000, 0x0000000081a00000|100%|HC|  |TAMS 0x0000000081a00000, 0x0000000081900000| Complete 
|  26|0x0000000081a00000, 0x0000000081b00000, 0x0000000081b00000|100%|HC|  |TAMS 0x0000000081b00000, 0x0000000081a00000| Complete 
|  27|0x0000000081b00000, 0x0000000081c00000, 0x0000000081c00000|100%|HC|  |TAMS 0x0000000081c00000, 0x0000000081b00000| Complete 
|  28|0x0000000081c00000, 0x0000000081d00000, 0x0000000081d00000|100%|HC|  |TAMS 0x0000000081d00000, 0x0000000081c00000| Complete 
|  29|0x0000000081d00000, 0x0000000081e00000, 0x0000000081e00000|100%|HC|  |TAMS 0x0000000081e00000, 0x0000000081d00000| Complete 
|  30|0x0000000081e00000, 0x0000000081f00000, 0x0000000081f00000|100%|HC|  |TAMS 0x0000000081f00000, 0x0000000081e00000| Complete 
|  31|0x0000000081f00000, 0x0000000082000000, 0x0000000082000000|100%|HC|  |TAMS 0x0000000082000000, 0x0000000081f00000| Complete 
|  32|0x0000000082000000, 0x0000000082100000, 0x0000000082100000|100%|HS|  |TAMS 0x0000000082100000, 0x0000000082000000| Complete 
|  33|0x0000000082100000, 0x0000000082200000, 0x0000000082200000|100%|HC|  |TAMS 0x0000000082200000, 0x0000000082100000| Complete 
|  34|0x0000000082200000, 0x0000000082300000, 0x0000000082300000|100%| O|  |TAMS 0x0000000082300000, 0x0000000082200000| Untracked 
|  35|0x0000000082300000, 0x0000000082400000, 0x0000000082400000|100%| O|  |TAMS 0x0000000082400000, 0x0000000082300000| Untracked 
|  36|0x0000000082400000, 0x0000000082500000, 0x0000000082500000|100%| O|  |TAMS 0x0000000082500000, 0x0000000082400000| Untracked 
|  37|0x0000000082500000, 0x0000000082600000, 0x0000000082600000|100%| O|  |TAMS 0x0000000082600000, 0x0000000082500000| Updating 
|  38|0x0000000082600000, 0x0000000082700000, 0x0000000082700000|100%| O|  |TAMS 0x0000000082700000, 0x0000000082600000| Untracked 
|  39|0x0000000082700000, 0x0000000082800000, 0x0000000082800000|100%| O|  |TAMS 0x0000000082800000, 0x0000000082700000| Untracked 
|  40|0x0000000082800000, 0x0000000082900000, 0x0000000082900000|100%| O|  |TAMS 0x0000000082900000, 0x0000000082800000| Untracked 
|  41|0x0000000082900000, 0x0000000082a00000, 0x0000000082a00000|100%| O|  |TAMS 0x0000000082a00000, 0x0000000082900000| Updating 
|  42|0x0000000082a00000, 0x0000000082b00000, 0x0000000082b00000|100%| O|  |TAMS 0x0000000082b00000, 0x0000000082a00000| Untracked 
|  43|0x0000000082b00000, 0x0000000082c00000, 0x0000000082c00000|100%| O|  |TAMS 0x0000000082c00000, 0x0000000082b00000| Untracked 
|  44|0x0000000082c00000, 0x0000000082d00000, 0x0000000082d00000|100%| O|  |TAMS 0x0000000082d00000, 0x0000000082c00000| Updating 
|  45|0x0000000082d00000, 0x0000000082e00000, 0x0000000082e00000|100%| O|  |TAMS 0x0000000082e00000, 0x0000000082d00000| Untracked 
|  46|0x0000000082e00000, 0x0000000082f00000, 0x0000000082f00000|100%| O|  |TAMS 0x0000000082f00000, 0x0000000082e00000| Updating 
|  47|0x0000000082f00000, 0x0000000083000000, 0x0000000083000000|100%| O|  |TAMS 0x0000000083000000, 0x0000000082f00000| Untracked 
|  48|0x0000000083000000, 0x0000000083100000, 0x0000000083100000|100%| O|  |TAMS 0x0000000083100000, 0x0000000083000000| Untracked 
|  49|0x0000000083100000, 0x0000000083200000, 0x0000000083200000|100%| O|  |TAMS 0x0000000083200000, 0x0000000083100000| Untracked 
|  50|0x0000000083200000, 0x0000000083300000, 0x0000000083300000|100%| O|  |TAMS 0x0000000083300000, 0x0000000083200000| Untracked 
|  51|0x0000000083300000, 0x0000000083400000, 0x0000000083400000|100%| O|  |TAMS 0x0000000083400000, 0x0000000083300000| Untracked 
|  52|0x0000000083400000, 0x0000000083500000, 0x0000000083500000|100%| O|  |TAMS 0x0000000083500000, 0x0000000083400000| Updating 
|  53|0x0000000083500000, 0x0000000083600000, 0x0000000083600000|100%| O|  |TAMS 0x0000000083600000, 0x0000000083500000| Untracked 
|  54|0x0000000083600000, 0x0000000083700000, 0x0000000083700000|100%| O|  |TAMS 0x0000000083700000, 0x0000000083600000| Untracked 
|  55|0x0000000083700000, 0x0000000083800000, 0x0000000083800000|100%| O|  |TAMS 0x0000000083800000, 0x0000000083700000| Untracked 
|  56|0x0000000083800000, 0x0000000083900000, 0x0000000083900000|100%|HS|  |TAMS 0x0000000083900000, 0x0000000083800000| Complete 
|  57|0x0000000083900000, 0x0000000083a00000, 0x0000000083a00000|100%|HC|  |TAMS 0x0000000083a00000, 0x0000000083900000| Complete 
|  58|0x0000000083a00000, 0x0000000083b00000, 0x0000000083b00000|100%|HC|  |TAMS 0x0000000083b00000, 0x0000000083a00000| Complete 
|  59|0x0000000083b00000, 0x0000000083c00000, 0x0000000083c00000|100%|HS|  |TAMS 0x0000000083c00000, 0x0000000083b00000| Complete 
|  60|0x0000000083c00000, 0x0000000083d00000, 0x0000000083d00000|100%|HC|  |TAMS 0x0000000083d00000, 0x0000000083c00000| Complete 
|  61|0x0000000083d00000, 0x0000000083e00000, 0x0000000083e00000|100%|HC|  |TAMS 0x0000000083e00000, 0x0000000083d00000| Complete 
|  62|0x0000000083e00000, 0x0000000083f00000, 0x0000000083f00000|100%| O|  |TAMS 0x0000000083f00000, 0x0000000083e00000| Untracked 
|  63|0x0000000083f00000, 0x0000000084000000, 0x0000000084000000|100%| O|  |TAMS 0x0000000084000000, 0x0000000083f00000| Updating 
|  64|0x0000000084000000, 0x0000000084100000, 0x0000000084100000|100%|HS|  |TAMS 0x0000000084100000, 0x0000000084000000| Complete 
|  65|0x0000000084100000, 0x0000000084200000, 0x0000000084200000|100%|HS|  |TAMS 0x0000000084200000, 0x0000000084100000| Complete 
|  66|0x0000000084200000, 0x0000000084300000, 0x0000000084300000|100%|HS|  |TAMS 0x0000000084300000, 0x0000000084200000| Complete 
|  67|0x0000000084300000, 0x0000000084400000, 0x0000000084400000|100%|HC|  |TAMS 0x0000000084400000, 0x0000000084300000| Complete 
|  68|0x0000000084400000, 0x0000000084500000, 0x0000000084500000|100%|HS|  |TAMS 0x0000000084500000, 0x0000000084400000| Complete 
|  69|0x0000000084500000, 0x0000000084600000, 0x0000000084600000|100%| O|  |TAMS 0x0000000084600000, 0x0000000084500000| Untracked 
|  70|0x0000000084600000, 0x0000000084700000, 0x0000000084700000|100%| O|  |TAMS 0x0000000084700000, 0x0000000084600000| Untracked 
|  71|0x0000000084700000, 0x0000000084800000, 0x0000000084800000|100%| O|  |TAMS 0x0000000084800000, 0x0000000084700000| Untracked 
|  72|0x0000000084800000, 0x0000000084900000, 0x0000000084900000|100%| O|  |TAMS 0x0000000084900000, 0x0000000084800000| Untracked 
|  73|0x0000000084900000, 0x0000000084a00000, 0x0000000084a00000|100%|HS|  |TAMS 0x0000000084a00000, 0x0000000084900000| Complete 
|  74|0x0000000084a00000, 0x0000000084b00000, 0x0000000084b00000|100%|HC|  |TAMS 0x0000000084b00000, 0x0000000084a00000| Complete 
|  75|0x0000000084b00000, 0x0000000084c00000, 0x0000000084c00000|100%|HC|  |TAMS 0x0000000084c00000, 0x0000000084b00000| Complete 
|  76|0x0000000084c00000, 0x0000000084d00000, 0x0000000084d00000|100%|HC|  |TAMS 0x0000000084d00000, 0x0000000084c00000| Complete 
|  77|0x0000000084d00000, 0x0000000084e00000, 0x0000000084e00000|100%| O|  |TAMS 0x0000000084e00000, 0x0000000084d00000| Untracked 
|  78|0x0000000084e00000, 0x0000000084f00000, 0x0000000084f00000|100%| O|  |TAMS 0x0000000084f00000, 0x0000000084e00000| Untracked 
|  79|0x0000000084f00000, 0x0000000085000000, 0x0000000085000000|100%| O|  |TAMS 0x0000000085000000, 0x0000000084f00000| Untracked 
|  80|0x0000000085000000, 0x0000000085100000, 0x0000000085100000|100%| O|  |TAMS 0x0000000085100000, 0x0000000085000000| Untracked 
|  81|0x0000000085100000, 0x0000000085200000, 0x0000000085200000|100%| O|  |TAMS 0x0000000085200000, 0x0000000085100000| Untracked 
|  82|0x0000000085200000, 0x0000000085300000, 0x0000000085300000|100%| O|  |TAMS 0x0000000085300000, 0x0000000085200000| Untracked 
|  83|0x0000000085300000, 0x0000000085300000, 0x0000000085400000|  0%| F|  |TAMS 0x0000000085300000, 0x0000000085300000| Untracked 
|  84|0x0000000085400000, 0x0000000085500000, 0x0000000085500000|100%| O|  |TAMS 0x0000000085500000, 0x0000000085400000| Untracked 
|  85|0x0000000085500000, 0x0000000085600000, 0x0000000085600000|100%| O|  |TAMS 0x0000000085600000, 0x0000000085500000| Untracked 
|  86|0x0000000085600000, 0x0000000085700000, 0x0000000085700000|100%| O|  |TAMS 0x0000000085700000, 0x0000000085600000| Untracked 
|  87|0x0000000085700000, 0x0000000085800000, 0x0000000085800000|100%| O|  |TAMS 0x0000000085800000, 0x0000000085700000| Untracked 
|  88|0x0000000085800000, 0x0000000085900000, 0x0000000085900000|100%| O|  |TAMS 0x0000000085900000, 0x0000000085800000| Untracked 
|  89|0x0000000085900000, 0x0000000085a00000, 0x0000000085a00000|100%| O|  |TAMS 0x0000000085a00000, 0x0000000085900000| Untracked 
|  90|0x0000000085a00000, 0x0000000085b00000, 0x0000000085b00000|100%| O|  |TAMS 0x0000000085b00000, 0x0000000085a00000| Untracked 
|  91|0x0000000085b00000, 0x0000000085c00000, 0x0000000085c00000|100%| O|  |TAMS 0x0000000085c00000, 0x0000000085b00000| Untracked 
|  92|0x0000000085c00000, 0x0000000085d00000, 0x0000000085d00000|100%| O|  |TAMS 0x0000000085d00000, 0x0000000085c00000| Updating 
|  93|0x0000000085d00000, 0x0000000085e00000, 0x0000000085e00000|100%| O|  |TAMS 0x0000000085e00000, 0x0000000085d00000| Untracked 
|  94|0x0000000085e00000, 0x0000000085f00000, 0x0000000085f00000|100%| O|  |TAMS 0x0000000085f00000, 0x0000000085e00000| Untracked 
|  95|0x0000000085f00000, 0x0000000086000000, 0x0000000086000000|100%| O|  |TAMS 0x0000000086000000, 0x0000000085f00000| Untracked 
|  96|0x0000000086000000, 0x0000000086100000, 0x0000000086100000|100%| O|  |TAMS 0x0000000086100000, 0x0000000086000000| Untracked 
|  97|0x0000000086100000, 0x0000000086200000, 0x0000000086200000|100%| O|  |TAMS 0x0000000086200000, 0x0000000086100000| Untracked 
|  98|0x0000000086200000, 0x0000000086300000, 0x0000000086300000|100%| O|  |TAMS 0x0000000086300000, 0x0000000086200000| Updating 
|  99|0x0000000086300000, 0x0000000086400000, 0x0000000086400000|100%|HS|  |TAMS 0x0000000086400000, 0x0000000086300000| Complete 
| 100|0x0000000086400000, 0x0000000086500000, 0x0000000086500000|100%|HC|  |TAMS 0x0000000086500000, 0x0000000086400000| Complete 
| 101|0x0000000086500000, 0x0000000086600000, 0x0000000086600000|100%|HC|  |TAMS 0x0000000086600000, 0x0000000086500000| Complete 
| 102|0x0000000086600000, 0x0000000086700000, 0x0000000086700000|100%|HC|  |TAMS 0x0000000086700000, 0x0000000086600000| Complete 
| 103|0x0000000086700000, 0x0000000086800000, 0x0000000086800000|100%| O|  |TAMS 0x0000000086800000, 0x0000000086700000| Untracked 
| 104|0x0000000086800000, 0x0000000086900000, 0x0000000086900000|100%| O|  |TAMS 0x0000000086900000, 0x0000000086800000| Untracked 
| 105|0x0000000086900000, 0x0000000086a00000, 0x0000000086a00000|100%| O|  |TAMS 0x0000000086a00000, 0x0000000086900000| Untracked 
| 106|0x0000000086a00000, 0x0000000086b00000, 0x0000000086b00000|100%| O|  |TAMS 0x0000000086b00000, 0x0000000086a00000| Untracked 
| 107|0x0000000086b00000, 0x0000000086c00000, 0x0000000086c00000|100%| O|  |TAMS 0x0000000086c00000, 0x0000000086b00000| Updating 
| 108|0x0000000086c00000, 0x0000000086d00000, 0x0000000086d00000|100%| O|  |TAMS 0x0000000086d00000, 0x0000000086c00000| Untracked 
| 109|0x0000000086d00000, 0x0000000086e00000, 0x0000000086e00000|100%| O|  |TAMS 0x0000000086e00000, 0x0000000086d00000| Untracked 
| 110|0x0000000086e00000, 0x0000000086f00000, 0x0000000086f00000|100%| O|  |TAMS 0x0000000086f00000, 0x0000000086e00000| Untracked 
| 111|0x0000000086f00000, 0x0000000087000000, 0x0000000087000000|100%| O|  |TAMS 0x0000000087000000, 0x0000000086f00000| Untracked 
| 112|0x0000000087000000, 0x0000000087100000, 0x0000000087100000|100%| O|  |TAMS 0x0000000087100000, 0x0000000087000000| Untracked 
| 113|0x0000000087100000, 0x0000000087200000, 0x0000000087200000|100%| O|  |TAMS 0x0000000087200000, 0x0000000087100000| Untracked 
| 114|0x0000000087200000, 0x0000000087300000, 0x0000000087300000|100%| O|  |TAMS 0x0000000087300000, 0x0000000087200000| Untracked 
| 115|0x0000000087300000, 0x0000000087400000, 0x0000000087400000|100%| O|  |TAMS 0x0000000087400000, 0x0000000087300000| Untracked 
| 116|0x0000000087400000, 0x0000000087500000, 0x0000000087500000|100%| O|  |TAMS 0x0000000087500000, 0x0000000087400000| Untracked 
| 117|0x0000000087500000, 0x0000000087600000, 0x0000000087600000|100%| O|  |TAMS 0x0000000087600000, 0x0000000087500000| Untracked 
| 118|0x0000000087600000, 0x0000000087700000, 0x0000000087700000|100%| O|  |TAMS 0x0000000087700000, 0x0000000087600000| Untracked 
| 119|0x0000000087700000, 0x0000000087800000, 0x0000000087800000|100%| O|  |TAMS 0x0000000087800000, 0x0000000087700000| Untracked 
| 120|0x0000000087800000, 0x0000000087900000, 0x0000000087900000|100%| O|  |TAMS 0x0000000087900000, 0x0000000087800000| Untracked 
| 121|0x0000000087900000, 0x0000000087a00000, 0x0000000087a00000|100%| O|  |TAMS 0x0000000087a00000, 0x0000000087900000| Untracked 
| 122|0x0000000087a00000, 0x0000000087b00000, 0x0000000087b00000|100%| O|  |TAMS 0x0000000087b00000, 0x0000000087a00000| Untracked 
| 123|0x0000000087b00000, 0x0000000087c00000, 0x0000000087c00000|100%| O|  |TAMS 0x0000000087c00000, 0x0000000087b00000| Untracked 
| 124|0x0000000087c00000, 0x0000000087d00000, 0x0000000087d00000|100%| O|  |TAMS 0x0000000087d00000, 0x0000000087c00000| Untracked 
| 125|0x0000000087d00000, 0x0000000087e00000, 0x0000000087e00000|100%| O|  |TAMS 0x0000000087e00000, 0x0000000087d00000| Untracked 
| 126|0x0000000087e00000, 0x0000000087f00000, 0x0000000087f00000|100%| O|  |TAMS 0x0000000087f00000, 0x0000000087e00000| Untracked 
| 127|0x0000000087f00000, 0x0000000088000000, 0x0000000088000000|100%| O|  |TAMS 0x0000000088000000, 0x0000000087f00000| Untracked 
| 128|0x0000000088000000, 0x0000000088100000, 0x0000000088100000|100%| O|  |TAMS 0x0000000088100000, 0x0000000088000000| Untracked 
| 129|0x0000000088100000, 0x0000000088200000, 0x0000000088200000|100%| O|  |TAMS 0x0000000088200000, 0x0000000088100000| Updating 
| 130|0x0000000088200000, 0x0000000088300000, 0x0000000088300000|100%| O|  |TAMS 0x0000000088300000, 0x0000000088200000| Untracked 
| 131|0x0000000088300000, 0x0000000088400000, 0x0000000088400000|100%| O|  |TAMS 0x0000000088400000, 0x0000000088300000| Untracked 
| 132|0x0000000088400000, 0x0000000088500000, 0x0000000088500000|100%| O|  |TAMS 0x0000000088500000, 0x0000000088400000| Untracked 
| 133|0x0000000088500000, 0x0000000088600000, 0x0000000088600000|100%| O|  |TAMS 0x0000000088600000, 0x0000000088500000| Untracked 
| 134|0x0000000088600000, 0x0000000088700000, 0x0000000088700000|100%| O|  |TAMS 0x0000000088700000, 0x0000000088600000| Updating 
| 135|0x0000000088700000, 0x0000000088800000, 0x0000000088800000|100%| O|  |TAMS 0x0000000088800000, 0x0000000088700000| Updating 
| 136|0x0000000088800000, 0x0000000088900000, 0x0000000088900000|100%|HS|  |TAMS 0x0000000088900000, 0x0000000088800000| Complete 
| 137|0x0000000088900000, 0x0000000088a00000, 0x0000000088a00000|100%|HC|  |TAMS 0x0000000088a00000, 0x0000000088900000| Complete 
| 138|0x0000000088a00000, 0x0000000088b00000, 0x0000000088b00000|100%|HC|  |TAMS 0x0000000088b00000, 0x0000000088a00000| Complete 
| 139|0x0000000088b00000, 0x0000000088c00000, 0x0000000088c00000|100%|HC|  |TAMS 0x0000000088c00000, 0x0000000088b00000| Complete 
| 140|0x0000000088c00000, 0x0000000088d00000, 0x0000000088d00000|100%|HC|  |TAMS 0x0000000088d00000, 0x0000000088c00000| Complete 
| 141|0x0000000088d00000, 0x0000000088e00000, 0x0000000088e00000|100%|HC|  |TAMS 0x0000000088e00000, 0x0000000088d00000| Complete 
| 142|0x0000000088e00000, 0x0000000088f00000, 0x0000000088f00000|100%| O|  |TAMS 0x0000000088f00000, 0x0000000088e00000| Untracked 
| 143|0x0000000088f00000, 0x0000000089000000, 0x0000000089000000|100%| O|  |TAMS 0x0000000089000000, 0x0000000088f00000| Untracked 
| 144|0x0000000089000000, 0x0000000089100000, 0x0000000089100000|100%| O|  |TAMS 0x0000000089100000, 0x0000000089000000| Untracked 
| 145|0x0000000089100000, 0x0000000089200000, 0x0000000089200000|100%| O|  |TAMS 0x0000000089200000, 0x0000000089100000| Untracked 
| 146|0x0000000089200000, 0x0000000089300000, 0x0000000089300000|100%| O|  |TAMS 0x0000000089300000, 0x0000000089200000| Untracked 
| 147|0x0000000089300000, 0x0000000089400000, 0x0000000089400000|100%| O|  |TAMS 0x0000000089400000, 0x0000000089300000| Untracked 
| 148|0x0000000089400000, 0x0000000089500000, 0x0000000089500000|100%| O|  |TAMS 0x0000000089500000, 0x0000000089400000| Untracked 
| 149|0x0000000089500000, 0x0000000089600000, 0x0000000089600000|100%| O|  |TAMS 0x0000000089600000, 0x0000000089500000| Untracked 
| 150|0x0000000089600000, 0x0000000089700000, 0x0000000089700000|100%| O|  |TAMS 0x0000000089700000, 0x0000000089600000| Untracked 
| 151|0x0000000089700000, 0x0000000089800000, 0x0000000089800000|100%| O|  |TAMS 0x0000000089800000, 0x0000000089700000| Untracked 
| 152|0x0000000089800000, 0x0000000089900000, 0x0000000089900000|100%| O|  |TAMS 0x0000000089900000, 0x0000000089800000| Untracked 
| 153|0x0000000089900000, 0x00000000899a7000, 0x0000000089a00000| 65%| O|  |TAMS 0x00000000899a7000, 0x0000000089900000| Updating 
| 154|0x0000000089a00000, 0x0000000089a00000, 0x0000000089b00000|  0%| F|  |TAMS 0x0000000089a00000, 0x0000000089a00000| Untracked 
| 155|0x0000000089b00000, 0x0000000089b00000, 0x0000000089c00000|  0%| F|  |TAMS 0x0000000089b00000, 0x0000000089b00000| Untracked 
| 156|0x0000000089c00000, 0x0000000089c00000, 0x0000000089d00000|  0%| F|  |TAMS 0x0000000089c00000, 0x0000000089c00000| Untracked 
| 157|0x0000000089d00000, 0x0000000089d00000, 0x0000000089e00000|  0%| F|  |TAMS 0x0000000089d00000, 0x0000000089d00000| Untracked 
| 158|0x0000000089e00000, 0x0000000089e00000, 0x0000000089f00000|  0%| F|  |TAMS 0x0000000089e00000, 0x0000000089e00000| Untracked 
| 159|0x0000000089f00000, 0x0000000089f00000, 0x000000008a000000|  0%| F|  |TAMS 0x0000000089f00000, 0x0000000089f00000| Untracked 
| 160|0x000000008a000000, 0x000000008a000000, 0x000000008a100000|  0%| F|  |TAMS 0x000000008a000000, 0x000000008a000000| Untracked 
| 161|0x000000008a100000, 0x000000008a100000, 0x000000008a200000|  0%| F|  |TAMS 0x000000008a100000, 0x000000008a100000| Untracked 
| 162|0x000000008a200000, 0x000000008a200000, 0x000000008a300000|  0%| F|  |TAMS 0x000000008a200000, 0x000000008a200000| Untracked 
| 163|0x000000008a300000, 0x000000008a300000, 0x000000008a400000|  0%| F|  |TAMS 0x000000008a300000, 0x000000008a300000| Untracked 
| 164|0x000000008a400000, 0x000000008a400000, 0x000000008a500000|  0%| F|  |TAMS 0x000000008a400000, 0x000000008a400000| Untracked 
| 165|0x000000008a500000, 0x000000008a500000, 0x000000008a600000|  0%| F|  |TAMS 0x000000008a500000, 0x000000008a500000| Untracked 
| 166|0x000000008a600000, 0x000000008a600000, 0x000000008a700000|  0%| F|  |TAMS 0x000000008a600000, 0x000000008a600000| Untracked 
| 167|0x000000008a700000, 0x000000008a700000, 0x000000008a800000|  0%| F|  |TAMS 0x000000008a700000, 0x000000008a700000| Untracked 
| 168|0x000000008a800000, 0x000000008a800000, 0x000000008a900000|  0%| F|  |TAMS 0x000000008a800000, 0x000000008a800000| Untracked 
| 169|0x000000008a900000, 0x000000008a900000, 0x000000008aa00000|  0%| F|  |TAMS 0x000000008a900000, 0x000000008a900000| Untracked 
| 170|0x000000008aa00000, 0x000000008aa00000, 0x000000008ab00000|  0%| F|  |TAMS 0x000000008aa00000, 0x000000008aa00000| Untracked 
| 171|0x000000008ab00000, 0x000000008ab00000, 0x000000008ac00000|  0%| F|  |TAMS 0x000000008ab00000, 0x000000008ab00000| Untracked 
| 172|0x000000008ac00000, 0x000000008ac00000, 0x000000008ad00000|  0%| F|  |TAMS 0x000000008ac00000, 0x000000008ac00000| Untracked 
| 173|0x000000008ad00000, 0x000000008ad00000, 0x000000008ae00000|  0%| F|  |TAMS 0x000000008ad00000, 0x000000008ad00000| Untracked 
| 174|0x000000008ae00000, 0x000000008ae00000, 0x000000008af00000|  0%| F|  |TAMS 0x000000008ae00000, 0x000000008ae00000| Untracked 
| 175|0x000000008af00000, 0x000000008af00000, 0x000000008b000000|  0%| F|  |TAMS 0x000000008af00000, 0x000000008af00000| Untracked 
| 176|0x000000008b000000, 0x000000008b000000, 0x000000008b100000|  0%| F|  |TAMS 0x000000008b000000, 0x000000008b000000| Untracked 
| 177|0x000000008b100000, 0x000000008b100000, 0x000000008b200000|  0%| F|  |TAMS 0x000000008b100000, 0x000000008b100000| Untracked 
| 178|0x000000008b200000, 0x000000008b200000, 0x000000008b300000|  0%| F|  |TAMS 0x000000008b200000, 0x000000008b200000| Untracked 
| 179|0x000000008b300000, 0x000000008b300000, 0x000000008b400000|  0%| F|  |TAMS 0x000000008b300000, 0x000000008b300000| Untracked 
| 180|0x000000008b400000, 0x000000008b400000, 0x000000008b500000|  0%| F|  |TAMS 0x000000008b400000, 0x000000008b400000| Untracked 
| 181|0x000000008b500000, 0x000000008b500000, 0x000000008b600000|  0%| F|  |TAMS 0x000000008b500000, 0x000000008b500000| Untracked 
| 182|0x000000008b600000, 0x000000008b600000, 0x000000008b700000|  0%| F|  |TAMS 0x000000008b600000, 0x000000008b600000| Untracked 
| 183|0x000000008b700000, 0x000000008b700000, 0x000000008b800000|  0%| F|  |TAMS 0x000000008b700000, 0x000000008b700000| Untracked 
| 184|0x000000008b800000, 0x000000008b800000, 0x000000008b900000|  0%| F|  |TAMS 0x000000008b800000, 0x000000008b800000| Untracked 
| 185|0x000000008b900000, 0x000000008b900000, 0x000000008ba00000|  0%| F|  |TAMS 0x000000008b900000, 0x000000008b900000| Untracked 
| 186|0x000000008ba00000, 0x000000008ba00000, 0x000000008bb00000|  0%| F|  |TAMS 0x000000008ba00000, 0x000000008ba00000| Untracked 
| 187|0x000000008bb00000, 0x000000008bb00000, 0x000000008bc00000|  0%| F|  |TAMS 0x000000008bb00000, 0x000000008bb00000| Untracked 
| 188|0x000000008bc00000, 0x000000008bc00000, 0x000000008bd00000|  0%| F|  |TAMS 0x000000008bc00000, 0x000000008bc00000| Untracked 
| 189|0x000000008bd00000, 0x000000008bd00000, 0x000000008be00000|  0%| F|  |TAMS 0x000000008bd00000, 0x000000008bd00000| Untracked 
| 190|0x000000008be00000, 0x000000008be00000, 0x000000008bf00000|  0%| F|  |TAMS 0x000000008be00000, 0x000000008be00000| Untracked 
| 191|0x000000008bf00000, 0x000000008bf00000, 0x000000008c000000|  0%| F|  |TAMS 0x000000008bf00000, 0x000000008bf00000| Untracked 
| 192|0x000000008c000000, 0x000000008c0c1f68, 0x000000008c100000| 75%| S|CS|TAMS 0x000000008c000000, 0x000000008c000000| Complete 
| 193|0x000000008c100000, 0x000000008c200000, 0x000000008c200000|100%| S|CS|TAMS 0x000000008c100000, 0x000000008c100000| Complete 
| 194|0x000000008c200000, 0x000000008c300000, 0x000000008c300000|100%| S|CS|TAMS 0x000000008c200000, 0x000000008c200000| Complete 
| 195|0x000000008c300000, 0x000000008c400000, 0x000000008c400000|100%| S|CS|TAMS 0x000000008c300000, 0x000000008c300000| Complete 
| 196|0x000000008c400000, 0x000000008c500000, 0x000000008c500000|100%| S|CS|TAMS 0x000000008c400000, 0x000000008c400000| Complete 
| 197|0x000000008c500000, 0x000000008c600000, 0x000000008c600000|100%| S|CS|TAMS 0x000000008c500000, 0x000000008c500000| Complete 
| 198|0x000000008c600000, 0x000000008c600000, 0x000000008c700000|  0%| F|  |TAMS 0x000000008c600000, 0x000000008c600000| Untracked 
| 199|0x000000008c700000, 0x000000008c700000, 0x000000008c800000|  0%| F|  |TAMS 0x000000008c700000, 0x000000008c700000| Untracked 
| 200|0x000000008c800000, 0x000000008c800000, 0x000000008c900000|  0%| F|  |TAMS 0x000000008c800000, 0x000000008c800000| Untracked 
| 201|0x000000008c900000, 0x000000008c900000, 0x000000008ca00000|  0%| F|  |TAMS 0x000000008c900000, 0x000000008c900000| Untracked 
| 202|0x000000008ca00000, 0x000000008ca00000, 0x000000008cb00000|  0%| F|  |TAMS 0x000000008ca00000, 0x000000008ca00000| Untracked 
| 203|0x000000008cb00000, 0x000000008cb00000, 0x000000008cc00000|  0%| F|  |TAMS 0x000000008cb00000, 0x000000008cb00000| Untracked 
| 204|0x000000008cc00000, 0x000000008cc00000, 0x000000008cd00000|  0%| F|  |TAMS 0x000000008cc00000, 0x000000008cc00000| Untracked 
| 205|0x000000008cd00000, 0x000000008cd00000, 0x000000008ce00000|  0%| F|  |TAMS 0x000000008cd00000, 0x000000008cd00000| Untracked 
| 206|0x000000008ce00000, 0x000000008ce00000, 0x000000008cf00000|  0%| F|  |TAMS 0x000000008ce00000, 0x000000008ce00000| Untracked 
| 207|0x000000008cf00000, 0x000000008cf00000, 0x000000008d000000|  0%| F|  |TAMS 0x000000008cf00000, 0x000000008cf00000| Untracked 
| 208|0x000000008d000000, 0x000000008d000000, 0x000000008d100000|  0%| F|  |TAMS 0x000000008d000000, 0x000000008d000000| Untracked 
| 209|0x000000008d100000, 0x000000008d100000, 0x000000008d200000|  0%| F|  |TAMS 0x000000008d100000, 0x000000008d100000| Untracked 
| 210|0x000000008d200000, 0x000000008d200000, 0x000000008d300000|  0%| F|  |TAMS 0x000000008d200000, 0x000000008d200000| Untracked 
| 211|0x000000008d300000, 0x000000008d300000, 0x000000008d400000|  0%| F|  |TAMS 0x000000008d300000, 0x000000008d300000| Untracked 
| 212|0x000000008d400000, 0x000000008d400000, 0x000000008d500000|  0%| F|  |TAMS 0x000000008d400000, 0x000000008d400000| Untracked 
| 213|0x000000008d500000, 0x000000008d500000, 0x000000008d600000|  0%| F|  |TAMS 0x000000008d500000, 0x000000008d500000| Untracked 
| 214|0x000000008d600000, 0x000000008d600000, 0x000000008d700000|  0%| F|  |TAMS 0x000000008d600000, 0x000000008d600000| Untracked 
| 215|0x000000008d700000, 0x000000008d700000, 0x000000008d800000|  0%| F|  |TAMS 0x000000008d700000, 0x000000008d700000| Untracked 
| 216|0x000000008d800000, 0x000000008d800000, 0x000000008d900000|  0%| F|  |TAMS 0x000000008d800000, 0x000000008d800000| Untracked 
| 217|0x000000008d900000, 0x000000008d900000, 0x000000008da00000|  0%| F|  |TAMS 0x000000008d900000, 0x000000008d900000| Untracked 
| 218|0x000000008da00000, 0x000000008da00000, 0x000000008db00000|  0%| F|  |TAMS 0x000000008da00000, 0x000000008da00000| Untracked 
| 219|0x000000008db00000, 0x000000008db00000, 0x000000008dc00000|  0%| F|  |TAMS 0x000000008db00000, 0x000000008db00000| Untracked 
| 220|0x000000008dc00000, 0x000000008dc00000, 0x000000008dd00000|  0%| F|  |TAMS 0x000000008dc00000, 0x000000008dc00000| Untracked 
| 221|0x000000008dd00000, 0x000000008dd00000, 0x000000008de00000|  0%| F|  |TAMS 0x000000008dd00000, 0x000000008dd00000| Untracked 
| 222|0x000000008de00000, 0x000000008de00000, 0x000000008df00000|  0%| F|  |TAMS 0x000000008de00000, 0x000000008de00000| Untracked 
| 223|0x000000008df00000, 0x000000008df00000, 0x000000008e000000|  0%| F|  |TAMS 0x000000008df00000, 0x000000008df00000| Untracked 
| 224|0x000000008e000000, 0x000000008e000000, 0x000000008e100000|  0%| F|  |TAMS 0x000000008e000000, 0x000000008e000000| Untracked 
| 225|0x000000008e100000, 0x000000008e100000, 0x000000008e200000|  0%| F|  |TAMS 0x000000008e100000, 0x000000008e100000| Untracked 
| 226|0x000000008e200000, 0x000000008e200000, 0x000000008e300000|  0%| F|  |TAMS 0x000000008e200000, 0x000000008e200000| Untracked 
| 227|0x000000008e300000, 0x000000008e300000, 0x000000008e400000|  0%| F|  |TAMS 0x000000008e300000, 0x000000008e300000| Untracked 
| 228|0x000000008e400000, 0x000000008e400000, 0x000000008e500000|  0%| F|  |TAMS 0x000000008e400000, 0x000000008e400000| Untracked 
| 229|0x000000008e500000, 0x000000008e500000, 0x000000008e600000|  0%| F|  |TAMS 0x000000008e500000, 0x000000008e500000| Untracked 
| 230|0x000000008e600000, 0x000000008e600000, 0x000000008e700000|  0%| F|  |TAMS 0x000000008e600000, 0x000000008e600000| Untracked 
| 231|0x000000008e700000, 0x000000008e700000, 0x000000008e800000|  0%| F|  |TAMS 0x000000008e700000, 0x000000008e700000| Untracked 
| 232|0x000000008e800000, 0x000000008e800000, 0x000000008e900000|  0%| F|  |TAMS 0x000000008e800000, 0x000000008e800000| Untracked 
| 233|0x000000008e900000, 0x000000008e900000, 0x000000008ea00000|  0%| F|  |TAMS 0x000000008e900000, 0x000000008e900000| Untracked 
| 234|0x000000008ea00000, 0x000000008ea00000, 0x000000008eb00000|  0%| F|  |TAMS 0x000000008ea00000, 0x000000008ea00000| Untracked 
| 235|0x000000008eb00000, 0x000000008eb00000, 0x000000008ec00000|  0%| F|  |TAMS 0x000000008eb00000, 0x000000008eb00000| Untracked 
| 236|0x000000008ec00000, 0x000000008ec00000, 0x000000008ed00000|  0%| F|  |TAMS 0x000000008ec00000, 0x000000008ec00000| Untracked 
| 237|0x000000008ed00000, 0x000000008ed00000, 0x000000008ee00000|  0%| F|  |TAMS 0x000000008ed00000, 0x000000008ed00000| Untracked 
| 238|0x000000008ee00000, 0x000000008ee00000, 0x000000008ef00000|  0%| F|  |TAMS 0x000000008ee00000, 0x000000008ee00000| Untracked 
| 239|0x000000008ef00000, 0x000000008ef00000, 0x000000008f000000|  0%| F|  |TAMS 0x000000008ef00000, 0x000000008ef00000| Untracked 
| 240|0x000000008f000000, 0x000000008f000000, 0x000000008f100000|  0%| F|  |TAMS 0x000000008f000000, 0x000000008f000000| Untracked 
| 241|0x000000008f100000, 0x000000008f100000, 0x000000008f200000|  0%| F|  |TAMS 0x000000008f100000, 0x000000008f100000| Untracked 
| 242|0x000000008f200000, 0x000000008f200000, 0x000000008f300000|  0%| F|  |TAMS 0x000000008f200000, 0x000000008f200000| Untracked 
| 243|0x000000008f300000, 0x000000008f300000, 0x000000008f400000|  0%| F|  |TAMS 0x000000008f300000, 0x000000008f300000| Untracked 
| 244|0x000000008f400000, 0x000000008f400000, 0x000000008f500000|  0%| F|  |TAMS 0x000000008f400000, 0x000000008f400000| Untracked 
| 245|0x000000008f500000, 0x000000008f500000, 0x000000008f600000|  0%| F|  |TAMS 0x000000008f500000, 0x000000008f500000| Untracked 
| 246|0x000000008f600000, 0x000000008f600000, 0x000000008f700000|  0%| F|  |TAMS 0x000000008f600000, 0x000000008f600000| Untracked 
| 247|0x000000008f700000, 0x000000008f700000, 0x000000008f800000|  0%| F|  |TAMS 0x000000008f700000, 0x000000008f700000| Untracked 
| 248|0x000000008f800000, 0x000000008f800000, 0x000000008f900000|  0%| F|  |TAMS 0x000000008f800000, 0x000000008f800000| Untracked 
| 249|0x000000008f900000, 0x000000008f980a80, 0x000000008fa00000| 50%| E|  |TAMS 0x000000008f900000, 0x000000008f900000| Complete 
| 250|0x000000008fa00000, 0x000000008fb00000, 0x000000008fb00000|100%| E|CS|TAMS 0x000000008fa00000, 0x000000008fa00000| Complete 
| 251|0x000000008fb00000, 0x000000008fc00000, 0x000000008fc00000|100%| E|CS|TAMS 0x000000008fb00000, 0x000000008fb00000| Complete 
| 252|0x000000008fc00000, 0x000000008fd00000, 0x000000008fd00000|100%| E|CS|TAMS 0x000000008fc00000, 0x000000008fc00000| Complete 
| 253|0x000000008fd00000, 0x000000008fe00000, 0x000000008fe00000|100%| E|CS|TAMS 0x000000008fd00000, 0x000000008fd00000| Complete 
| 254|0x000000008fe00000, 0x000000008ff00000, 0x000000008ff00000|100%| E|CS|TAMS 0x000000008fe00000, 0x000000008fe00000| Complete 

Card table byte_map: [0x000001f3bebb0000,0x000001f3befb0000] _byte_map_base: 0x000001f3be7b0000

Marking Bits (Prev, Next): (CMBitMap*) 0x000001f3a7cb2980, (CMBitMap*) 0x000001f3a7cb29c0
 Prev Bits: [0x000001f3bf3b0000, 0x000001f3c13b0000)
 Next Bits: [0x000001f3c13b0000, 0x000001f3c33b0000)

Polling page: 0x000001f3a5e20000

Metaspace:

Usage:
  Non-class:     87.01 MB used.
      Class:     13.31 MB used.
       Both:    100.32 MB used.

Virtual space:
  Non-class space:       88.00 MB reserved,      87.44 MB (>99%) committed,  11 nodes.
      Class space:        1.00 GB reserved,      13.69 MB (  1%) committed,  1 nodes.
             Both:        1.09 GB reserved,     101.12 MB (  9%) committed. 

Chunk freelists:
   Non-Class:  416.00 KB
       Class:  2.27 MB
        Both:  2.67 MB

MaxMetaspaceSize: unlimited
CompressedClassSpaceSize: 1.00 GB
Initial GC threshold: 21.00 MB
Current GC threshold: 159.81 MB
CDS: on
MetaspaceReclaimPolicy: balanced
 - commit_granule_bytes: 65536.
 - commit_granule_words: 8192.
 - virtual_space_node_default_size: 1048576.
 - enlarge_chunks_in_place: 1.
 - new_chunks_are_fully_committed: 0.
 - uncommit_free_chunks: 1.
 - use_allocation_guard: 0.
 - handle_deallocations: 1.


Internal statistics:

num_allocs_failed_limit: 6.
num_arena_births: 958.
num_arena_deaths: 0.
num_vsnodes_births: 12.
num_vsnodes_deaths: 0.
num_space_committed: 1616.
num_space_uncommitted: 0.
num_chunks_returned_to_freelist: 6.
num_chunks_taken_from_freelist: 4800.
num_chunk_merges: 6.
num_chunk_splits: 3506.
num_chunks_enlarged: 2677.
num_purges: 0.
num_inconsistent_stats: 0.

CodeHeap 'non-profiled nmethods': size=120000Kb used=5200Kb max_used=5200Kb free=114800Kb
 bounds [0x000001f3b6f50000, 0x000001f3b7470000, 0x000001f3be480000]
CodeHeap 'profiled nmethods': size=120000Kb used=18333Kb max_used=18333Kb free=101667Kb
 bounds [0x000001f3afa20000, 0x000001f3b0c10000, 0x000001f3b6f50000]
CodeHeap 'non-nmethods': size=5760Kb used=2437Kb max_used=2480Kb free=3322Kb
 bounds [0x000001f3af480000, 0x000001f3af6f0000, 0x000001f3afa20000]
 total_blobs=10183 nmethods=9198 adapters=897
 compilation: enabled
              stopped_count=0, restarted_count=0
 full_count=0

Compilation events (20 events):
Event: 32.324 Thread 0x000001f3c5de6950 10804       2       org.jetbrains.kotlin.types.AbstractStrictEqualityTypeChecker::strictEqualSimpleTypes (248 bytes)
Event: 32.324 Thread 0x000001f3c5de6950 nmethod 10804 0x000001f3b0c03c10 code [0x000001f3b0c03f00, 0x000001f3b0c047e8]
Event: 32.324 Thread 0x000001f3c5de6950 10806       2       org.jetbrains.kotlin.types.AbstractStrictEqualityTypeChecker::strictEqualTypesInternal (129 bytes)
Event: 32.325 Thread 0x000001f3c5de6950 nmethod 10806 0x000001f3b0c04c10 code [0x000001f3b0c04e40, 0x000001f3b0c05248]
Event: 32.325 Thread 0x000001f3c5de6950 10805       2       org.jetbrains.kotlin.builtins.KotlinBuiltIns::isConstructedFromGivenClass (27 bytes)
Event: 32.325 Thread 0x000001f3c5de6950 nmethod 10805 0x000001f3b0c05490 code [0x000001f3b0c05640, 0x000001f3b0c057d8]
Event: 32.325 Thread 0x000001f3c5de6950 10803       1       org.jetbrains.kotlin.types.checker.NewKotlinTypeCheckerImpl::getOverridingUtil (5 bytes)
Event: 32.325 Thread 0x000001f3c5de6950 nmethod 10803 0x000001f3b7463110 code [0x000001f3b74632a0, 0x000001f3b7463378]
Event: 32.325 Thread 0x000001f3c5de6950 10808       1       org.jetbrains.kotlin.resolve.calls.tower.PSIKotlinCallImpl::getCallKind (5 bytes)
Event: 32.325 Thread 0x000001f3c5de6950 nmethod 10808 0x000001f3b7463410 code [0x000001f3b74635a0, 0x000001f3b7463678]
Event: 32.325 Thread 0x000001f3c5de6950 10807       1       org.jetbrains.kotlin.descriptors.annotations.Annotations$Companion$EMPTY$1::isEmpty (2 bytes)
Event: 32.325 Thread 0x000001f3c5de6950 nmethod 10807 0x000001f3b7463710 code [0x000001f3b74638a0, 0x000001f3b7463978]
Event: 32.325 Thread 0x000001f3c5de6950 10809       1       org.jetbrains.kotlin.resolve.calls.components.candidate.SimpleResolutionCandidate::getCallComponents (5 bytes)
Event: 32.325 Thread 0x000001f3c5de6950 nmethod 10809 0x000001f3b7463a10 code [0x000001f3b7463ba0, 0x000001f3b7463c78]
Event: 32.325 Thread 0x000001f3c5de6950 10810       2       org.jetbrains.kotlin.utils.SmartList::iterator (49 bytes)
Event: 32.326 Thread 0x000001f3c5de6950 nmethod 10810 0x000001f3b0c05910 code [0x000001f3b0c05ac0, 0x000001f3b0c05db8]
Event: 32.326 Thread 0x000001f3c5de6950 10811       1       org.jetbrains.kotlin.resolve.calls.model.MutableResolvedCallAtom::getCandidateDescriptor (5 bytes)
Event: 32.326 Thread 0x000001f3c5de6950 nmethod 10811 0x000001f3b7463d10 code [0x000001f3b7463ea0, 0x000001f3b7463f78]
Event: 32.326 Thread 0x000001f3c5de6950 10812       2       org.jetbrains.kotlin.types.TypeWithEnhancementKt::wrapEnhancement (102 bytes)
Event: 32.327 Thread 0x000001f3c5de6950 nmethod 10812 0x000001f3b0c05e90 code [0x000001f3b0c06220, 0x000001f3b0c07208]

GC Heap History (20 events):
Event: 19.724 GC heap before
{Heap before GC invocations=34 (full 0):
 garbage-first heap   total 221184K, used 155780K [0x0000000080000000, 0x0000000100000000)
  region size 1024K, 51 young (52224K), 4 survivors (4096K)
 Metaspace       used 80305K, committed 81152K, reserved 1122304K
  class space    used 11208K, committed 11648K, reserved 1048576K
}
Event: 19.730 GC heap after
{Heap after GC invocations=35 (full 0):
 garbage-first heap   total 221184K, used 109780K [0x0000000080000000, 0x0000000100000000)
  region size 1024K, 5 young (5120K), 5 survivors (5120K)
 Metaspace       used 80305K, committed 81152K, reserved 1122304K
  class space    used 11208K, committed 11648K, reserved 1048576K
}
Event: 20.147 GC heap before
{Heap before GC invocations=36 (full 0):
 garbage-first heap   total 221184K, used 188628K [0x0000000080000000, 0x0000000100000000)
  region size 1024K, 76 young (77824K), 5 survivors (5120K)
 Metaspace       used 80490K, committed 81344K, reserved 1122304K
  class space    used 11217K, committed 11648K, reserved 1048576K
}
Event: 20.167 GC heap after
{Heap after GC invocations=37 (full 0):
 garbage-first heap   total 221184K, used 131839K [0x0000000080000000, 0x0000000100000000)
  region size 1024K, 10 young (10240K), 10 survivors (10240K)
 Metaspace       used 80490K, committed 81344K, reserved 1122304K
  class space    used 11217K, committed 11648K, reserved 1048576K
}
Event: 20.867 GC heap before
{Heap before GC invocations=37 (full 0):
 garbage-first heap   total 221184K, used 176895K [0x0000000080000000, 0x0000000100000000)
  region size 1024K, 54 young (55296K), 10 survivors (10240K)
 Metaspace       used 84029K, committed 84864K, reserved 1122304K
  class space    used 11616K, committed 12032K, reserved 1048576K
}
Event: 20.881 GC heap after
{Heap after GC invocations=38 (full 0):
 garbage-first heap   total 221184K, used 138240K [0x0000000080000000, 0x0000000100000000)
  region size 1024K, 6 young (6144K), 6 survivors (6144K)
 Metaspace       used 84029K, committed 84864K, reserved 1122304K
  class space    used 11616K, committed 12032K, reserved 1048576K
}
Event: 21.039 GC heap before
{Heap before GC invocations=39 (full 0):
 garbage-first heap   total 239616K, used 143360K [0x0000000080000000, 0x0000000100000000)
  region size 1024K, 12 young (12288K), 6 survivors (6144K)
 Metaspace       used 84598K, committed 85376K, reserved 1122304K
  class space    used 11687K, committed 12096K, reserved 1048576K
}
Event: 21.046 GC heap after
{Heap after GC invocations=40 (full 0):
 garbage-first heap   total 239616K, used 140125K [0x0000000080000000, 0x0000000100000000)
  region size 1024K, 2 young (2048K), 2 survivors (2048K)
 Metaspace       used 84598K, committed 85376K, reserved 1122304K
  class space    used 11687K, committed 12096K, reserved 1048576K
}
Event: 22.173 GC heap before
{Heap before GC invocations=41 (full 0):
 garbage-first heap   total 250880K, used 198493K [0x0000000080000000, 0x0000000100000000)
  region size 1024K, 53 young (54272K), 2 survivors (2048K)
 Metaspace       used 89968K, committed 90816K, reserved 1130496K
  class space    used 12144K, committed 12544K, reserved 1048576K
}
Event: 22.182 GC heap after
{Heap after GC invocations=42 (full 0):
 garbage-first heap   total 250880K, used 151582K [0x0000000080000000, 0x0000000100000000)
  region size 1024K, 7 young (7168K), 7 survivors (7168K)
 Metaspace       used 89968K, committed 90816K, reserved 1130496K
  class space    used 12144K, committed 12544K, reserved 1048576K
}
Event: 22.617 GC heap before
{Heap before GC invocations=42 (full 0):
 garbage-first heap   total 250880K, used 156702K [0x0000000080000000, 0x0000000100000000)
  region size 1024K, 12 young (12288K), 7 survivors (7168K)
 Metaspace       used 90574K, committed 91392K, reserved 1130496K
  class space    used 12206K, committed 12608K, reserved 1048576K
}
Event: 22.623 GC heap after
{Heap after GC invocations=43 (full 0):
 garbage-first heap   total 250880K, used 152206K [0x0000000080000000, 0x0000000100000000)
  region size 1024K, 2 young (2048K), 2 survivors (2048K)
 Metaspace       used 90574K, committed 91392K, reserved 1130496K
  class space    used 12206K, committed 12608K, reserved 1048576K
}
Event: 24.849 GC heap before
{Heap before GC invocations=43 (full 0):
 garbage-first heap   total 250880K, used 203406K [0x0000000080000000, 0x0000000100000000)
  region size 1024K, 52 young (53248K), 2 survivors (2048K)
 Metaspace       used 97280K, committed 98112K, reserved 1138688K
  class space    used 13038K, committed 13440K, reserved 1048576K
}
Event: 24.853 GC heap after
{Heap after GC invocations=44 (full 0):
 garbage-first heap   total 250880K, used 154275K [0x0000000080000000, 0x0000000100000000)
  region size 1024K, 4 young (4096K), 4 survivors (4096K)
 Metaspace       used 97280K, committed 98112K, reserved 1138688K
  class space    used 13038K, committed 13440K, reserved 1048576K
}
Event: 31.143 GC heap before
{Heap before GC invocations=45 (full 0):
 garbage-first heap   total 261120K, used 206499K [0x0000000080000000, 0x0000000100000000)
  region size 1024K, 54 young (55296K), 4 survivors (4096K)
 Metaspace       used 99703K, committed 100480K, reserved 1138688K
  class space    used 13314K, committed 13696K, reserved 1048576K
}
Event: 31.149 GC heap after
{Heap after GC invocations=46 (full 0):
 garbage-first heap   total 261120K, used 157023K [0x0000000080000000, 0x0000000100000000)
  region size 1024K, 6 young (6144K), 6 survivors (6144K)
 Metaspace       used 99703K, committed 100480K, reserved 1138688K
  class space    used 13314K, committed 13696K, reserved 1048576K
}
Event: 31.522 GC heap before
{Heap before GC invocations=46 (full 0):
 garbage-first heap   total 261120K, used 163167K [0x0000000080000000, 0x0000000100000000)
  region size 1024K, 12 young (12288K), 6 survivors (6144K)
 Metaspace       used 100453K, committed 101312K, reserved 1138688K
  class space    used 13398K, committed 13824K, reserved 1048576K
}
Event: 31.528 GC heap after
{Heap after GC invocations=47 (full 0):
 garbage-first heap   total 261120K, used 157340K [0x0000000080000000, 0x0000000100000000)
  region size 1024K, 1 young (1024K), 1 survivors (1024K)
 Metaspace       used 100453K, committed 101312K, reserved 1138688K
  class space    used 13398K, committed 13824K, reserved 1048576K
}
Event: 32.214 GC heap before
{Heap before GC invocations=47 (full 0):
 garbage-first heap   total 261120K, used 214684K [0x0000000080000000, 0x0000000100000000)
  region size 1024K, 57 young (58368K), 1 survivors (1024K)
 Metaspace       used 102002K, committed 102848K, reserved 1138688K
  class space    used 13554K, committed 13952K, reserved 1048576K
}
Event: 32.222 GC heap after
{Heap after GC invocations=48 (full 0):
 garbage-first heap   total 261120K, used 162211K [0x0000000080000000, 0x0000000100000000)
  region size 1024K, 6 young (6144K), 6 survivors (6144K)
 Metaspace       used 102002K, committed 102848K, reserved 1138688K
  class space    used 13554K, committed 13952K, reserved 1048576K
}

Deoptimization events (20 events):
Event: 31.620 Thread 0x000001f3c7d5d9b0 Uncommon trap: trap_request=0xffffff45 fr.pc=0x000001f3b71bbbd8 relative=0x0000000000000138
Event: 31.620 Thread 0x000001f3c7d5d9b0 Uncommon trap: reason=unstable_if action=reinterpret pc=0x000001f3b71bbbd8 method=org.jetbrains.kotlin.metadata.ProtoBuf$Annotation$Argument$Value$Type.valueOf(I)Lorg/jetbrains/kotlin/metadata/ProtoBuf$Annotation$Argument$Value$Type; @ 1 c2
Event: 31.620 Thread 0x000001f3c7d5d9b0 DEOPT PACKING pc=0x000001f3b71bbbd8 sp=0x000000b61cef1d10
Event: 31.620 Thread 0x000001f3c7d5d9b0 DEOPT UNPACKING pc=0x000001f3af4d23a3 sp=0x000000b61cef1c98 mode 2
Event: 31.935 Thread 0x000001f3c7d5d9b0 DEOPT PACKING pc=0x000001f3b092d5ad sp=0x000000b61cef25d0
Event: 31.936 Thread 0x000001f3c7d5d9b0 DEOPT UNPACKING pc=0x000001f3af4d2b43 sp=0x000000b61cef1a60 mode 0
Event: 31.949 Thread 0x000001f3c7d5d9b0 Uncommon trap: trap_request=0xffffff45 fr.pc=0x000001f3b6fb6d64 relative=0x0000000000000e84
Event: 31.949 Thread 0x000001f3c7d5d9b0 Uncommon trap: reason=unstable_if action=reinterpret pc=0x000001f3b6fb6d64 method=org.jetbrains.kotlin.metadata.ProtoBuf$Type.getSerializedSize()I @ 108 c2
Event: 31.949 Thread 0x000001f3c7d5d9b0 DEOPT PACKING pc=0x000001f3b6fb6d64 sp=0x000000b61cef2800
Event: 31.949 Thread 0x000001f3c7d5d9b0 DEOPT UNPACKING pc=0x000001f3af4d23a3 sp=0x000000b61cef27c0 mode 2
Event: 31.949 Thread 0x000001f3c7d5d9b0 Uncommon trap: trap_request=0xffffff45 fr.pc=0x000001f3b743c43c relative=0x000000000000187c
Event: 31.949 Thread 0x000001f3c7d5d9b0 Uncommon trap: reason=unstable_if action=reinterpret pc=0x000001f3b743c43c method=org.jetbrains.kotlin.metadata.ProtoBuf$Type.writeTo(Lorg/jetbrains/kotlin/protobuf/CodedOutputStream;)V @ 98 c2
Event: 31.949 Thread 0x000001f3c7d5d9b0 DEOPT PACKING pc=0x000001f3b743c43c sp=0x000000b61cef27f0
Event: 31.949 Thread 0x000001f3c7d5d9b0 DEOPT UNPACKING pc=0x000001f3af4d23a3 sp=0x000000b61cef27d8 mode 2
Event: 32.252 Thread 0x000001f3c7d5d9b0 DEOPT PACKING pc=0x000001f3afbc9788 sp=0x000000b61cef0a70
Event: 32.252 Thread 0x000001f3c7d5d9b0 DEOPT UNPACKING pc=0x000001f3af4d2b43 sp=0x000000b61ceeffe8 mode 0
Event: 32.320 Thread 0x000001f3c7d5d9b0 Uncommon trap: trap_request=0xffffff45 fr.pc=0x000001f3b71e0230 relative=0x0000000000000210
Event: 32.320 Thread 0x000001f3c7d5d9b0 Uncommon trap: reason=unstable_if action=reinterpret pc=0x000001f3b71e0230 method=org.jetbrains.kotlin.name.Name.hashCode()I @ 16 c2
Event: 32.320 Thread 0x000001f3c7d5d9b0 DEOPT PACKING pc=0x000001f3b71e0230 sp=0x000000b61cef26d0
Event: 32.320 Thread 0x000001f3c7d5d9b0 DEOPT UNPACKING pc=0x000001f3af4d23a3 sp=0x000000b61cef2668 mode 2

Classes unloaded (0 events):
No events

Classes redefined (0 events):
No events

Internal exceptions (20 events):
Event: 17.755 Thread 0x000001f3c7d5d9b0 Exception <a 'java/lang/ClassNotFoundException'{0x000000008a662c50}: org/jetbrains/kotlin/gradle/targets/js/npm/DefaultPeerNpmDependencyExtensionBeanInfo> (0x000000008a662c50) 
thrown [t:\workspace\open\src\hotspot\share\classfile\systemDictionary.cpp, line 256]
Event: 17.756 Thread 0x000001f3c7d5d9b0 Exception <a 'java/lang/ClassNotFoundException'{0x000000008a66f408}: org/jetbrains/kotlin/gradle/targets/js/npm/DefaultPeerNpmDependencyExtensionCustomizer> (0x000000008a66f408) 
thrown [t:\workspace\open\src\hotspot\share\classfile\systemDictionary.cpp, line 256]
Event: 17.758 Thread 0x000001f3c7d5d9b0 Exception <a 'java/lang/ClassNotFoundException'{0x000000008a6b16c0}: org/jetbrains/kotlin/gradle/targets/js/npm/DefaultPeerNpmDependencyExtension$delegate$1BeanInfo> (0x000000008a6b16c0) 
thrown [t:\workspace\open\src\hotspot\share\classfile\systemDictionary.cpp, line 256]
Event: 17.759 Thread 0x000001f3c7d5d9b0 Exception <a 'java/lang/ClassNotFoundException'{0x000000008a6be140}: org/jetbrains/kotlin/gradle/targets/js/npm/DefaultPeerNpmDependencyExtension$delegate$1Customizer> (0x000000008a6be140) 
thrown [t:\workspace\open\src\hotspot\share\classfile\systemDictionary.cpp, line 256]
Event: 18.117 Thread 0x000001f3c7d5d9b0 Exception <a 'java/lang/NoSuchMethodError'{0x000000008912d2c0}: 'void java.lang.invoke.DirectMethodHandle$Holder.invokeVirtual(java.lang.Object, java.lang.Object)'> (0x000000008912d2c0) 
thrown [t:\workspace\open\src\hotspot\share\interpreter\linkResolver.cpp, line 766]
Event: 18.299 Thread 0x000001f3c7d5d9b0 Exception <a 'java/lang/NoSuchMethodError'{0x0000000088b5f608}: 'int java.lang.invoke.DelegatingMethodHandle$Holder.reinvoke_L(java.lang.Object, java.lang.Object, java.lang.Object, long, int, int)'> (0x0000000088b5f608) 
thrown [t:\workspace\open\src\hotspot\share\interpreter\linkResolver.cpp, line 766]
Event: 18.301 Thread 0x000001f3c7d5d9b0 Exception <a 'java/lang/NoSuchMethodError'{0x0000000088b6f3b0}: 'int java.lang.invoke.DelegatingMethodHandle$Holder.reinvoke_L(java.lang.Object, java.lang.Object, java.lang.Object, long, long, long)'> (0x0000000088b6f3b0) 
thrown [t:\workspace\open\src\hotspot\share\interpreter\linkResolver.cpp, line 766]
Event: 18.302 Thread 0x000001f3c7d5d9b0 Exception <a 'java/lang/NoSuchMethodError'{0x0000000088b7f460}: 'int java.lang.invoke.DelegatingMethodHandle$Holder.reinvoke_L(java.lang.Object, java.lang.Object, java.lang.Object, long, java.lang.Object, java.lang.Object)'> (0x0000000088b7f460) 
thrown [t:\workspace\open\src\hotspot\share\interpreter\linkResolver.cpp, line 766]
Event: 18.304 Thread 0x000001f3c7d5d9b0 Exception <a 'java/lang/NoSuchMethodError'{0x0000000088b8f5d8}: 'void java.lang.invoke.DelegatingMethodHandle$Holder.reinvoke_L(java.lang.Object, java.lang.Object, java.lang.Object, long, java.lang.Object)'> (0x0000000088b8f5d8) 
thrown [t:\workspace\open\src\hotspot\share\interpreter\linkResolver.cpp, line 766]
Event: 18.305 Thread 0x000001f3c7d5d9b0 Exception <a 'java/lang/NoSuchMethodError'{0x0000000088b97ec8}: 'java.lang.Object java.lang.invoke.DirectMethodHandle$Holder.invokeSpecial(java.lang.Object, java.lang.Object, java.lang.Object, java.lang.Object, long)'> (0x0000000088b97ec8) 
thrown [t:\workspace\open\src\hotspot\share\interpreter\linkResolver.cpp, line 766]
Event: 18.308 Thread 0x000001f3c7d5d9b0 Exception <a 'java/lang/NoSuchMethodError'{0x0000000088bbcd70}: 'long java.lang.invoke.Invokers$Holder.invoke_MT(java.lang.Object, java.lang.Object, java.lang.Object, java.lang.Object)'> (0x0000000088bbcd70) 
thrown [t:\workspace\open\src\hotspot\share\interpreter\linkResolver.cpp, line 766]
Event: 18.309 Thread 0x000001f3c7d5d9b0 Exception <a 'java/lang/NoSuchMethodError'{0x0000000088bc5e38}: 'int java.lang.invoke.Invokers$Holder.invoke_MT(java.lang.Object, java.lang.Object, java.lang.Object, java.lang.Object)'> (0x0000000088bc5e38) 
thrown [t:\workspace\open\src\hotspot\share\interpreter\linkResolver.cpp, line 766]
Event: 18.311 Thread 0x000001f3c7d5d9b0 Exception <a 'java/lang/NoSuchMethodError'{0x0000000088bd6d80}: 'int java.lang.invoke.DelegatingMethodHandle$Holder.reinvoke_L(java.lang.Object, java.lang.Object, java.lang.Object, long, int)'> (0x0000000088bd6d80) 
thrown [t:\workspace\open\src\hotspot\share\interpreter\linkResolver.cpp, line 766]
Event: 18.313 Thread 0x000001f3c7d5d9b0 Exception <a 'java/lang/NoSuchMethodError'{0x0000000088bea6d0}: 'java.lang.Object java.lang.invoke.Invokers$Holder.invokeExact_MT(java.lang.Object, java.lang.Object, long, java.lang.Object)'> (0x0000000088bea6d0) 
thrown [t:\workspace\open\src\hotspot\share\interpreter\linkResolver.cpp, line 766]
Event: 18.489 Thread 0x000001f3c7d5d9b0 Exception <a 'java/lang/NoSuchMethodError'{0x000000008b0f7eb8}: 'java.lang.Object java.lang.invoke.DirectMethodHandle$Holder.invokeStaticInit(java.lang.Object, int)'> (0x000000008b0f7eb8) 
thrown [t:\workspace\open\src\hotspot\share\interpreter\linkResolver.cpp, line 766]
Event: 18.528 Thread 0x000001f3c7d5d9b0 Exception <a 'java/lang/NoSuchMethodError'{0x000000008add73a0}: 'long java.lang.invoke.DirectMethodHandle$Holder.invokeStatic(java.lang.Object)'> (0x000000008add73a0) 
thrown [t:\workspace\open\src\hotspot\share\interpreter\linkResolver.cpp, line 766]
Event: 18.529 Thread 0x000001f3c7d5d9b0 Exception <a 'java/lang/NoSuchMethodError'{0x000000008addbf40}: 'long java.lang.invoke.DirectMethodHandle$Holder.invokeStaticInit(java.lang.Object)'> (0x000000008addbf40) 
thrown [t:\workspace\open\src\hotspot\share\interpreter\linkResolver.cpp, line 766]
Event: 19.698 Thread 0x000001f3c7d5d9b0 Exception <a 'java/lang/NoSuchMethodError'{0x000000008abb39a0}: 'java.lang.Object java.lang.invoke.Invokers$Holder.invoke_MT(java.lang.Object, java.lang.Object, java.lang.Object)'> (0x000000008abb39a0) 
thrown [t:\workspace\open\src\hotspot\share\interpreter\linkResolver.cpp, line 766]
Event: 24.754 Thread 0x000001f3c7d5d9b0 Exception <a 'java/lang/NoSuchMethodError'{0x000000008c4f72e8}: 'java.lang.Object java.lang.invoke.DirectMethodHandle$Holder.invokeStatic(java.lang.Object, java.lang.Object, java.lang.Object, java.lang.Object, int)'> (0x000000008c4f72e8) 
thrown [t:\workspace\open\src\hotspot\share\interpreter\linkResolver.cpp, line 766]
Event: 32.315 Thread 0x000001f3c7d5d9b0 Exception <a 'java/lang/IncompatibleClassChangeError'{0x000000008fa885c0}: Found class java.lang.Object, but interface was expected> (0x000000008fa885c0) 
thrown [t:\workspace\open\src\hotspot\share\interpreter\linkResolver.cpp, line 833]

VM Operations (20 events):
Event: 25.013 Executing VM operation: G1Concurrent done
Event: 26.013 Executing VM operation: Cleanup
Event: 26.013 Executing VM operation: Cleanup done
Event: 28.013 Executing VM operation: Cleanup
Event: 28.013 Executing VM operation: Cleanup done
Event: 30.013 Executing VM operation: Cleanup
Event: 30.014 Executing VM operation: Cleanup done
Event: 31.014 Executing VM operation: Cleanup
Event: 31.014 Executing VM operation: Cleanup done
Event: 31.143 Executing VM operation: G1CollectForAllocation
Event: 31.149 Executing VM operation: G1CollectForAllocation done
Event: 31.522 Executing VM operation: G1CollectForAllocation
Event: 31.528 Executing VM operation: G1CollectForAllocation done
Event: 32.094 Executing VM operation: ICBufferFull
Event: 32.094 Executing VM operation: ICBufferFull done
Event: 32.214 Executing VM operation: G1CollectForAllocation
Event: 32.222 Executing VM operation: G1CollectForAllocation done
Event: 32.276 Executing VM operation: HandshakeAllThreads
Event: 32.277 Executing VM operation: HandshakeAllThreads done
Event: 32.330 Executing VM operation: G1Concurrent

Events (20 events):
Event: 23.350 Thread 0x000001f3c5df1270 flushing nmethod 0x000001f3b09e8290
Event: 23.350 Thread 0x000001f3c5df1270 flushing nmethod 0x000001f3b09e9c90
Event: 23.350 Thread 0x000001f3c5df1270 flushing nmethod 0x000001f3b0a57110
Event: 23.350 Thread 0x000001f3c5df1270 flushing nmethod 0x000001f3b0a75710
Event: 23.698 loading class java/text/StringCharacterIterator
Event: 23.698 loading class java/text/CharacterIterator
Event: 23.698 loading class java/text/CharacterIterator done
Event: 23.698 loading class java/text/StringCharacterIterator done
Event: 23.800 loading class java/io/NotSerializableException
Event: 23.800 loading class java/io/NotSerializableException done
Event: 24.596 loading class java/util/function/IntUnaryOperator
Event: 24.597 loading class java/util/function/IntUnaryOperator done
Event: 24.689 loading class java/util/AbstractList$SubList
Event: 24.690 loading class java/util/AbstractList$SubList done
Event: 24.690 loading class java/util/AbstractList$SubList$1
Event: 24.690 loading class java/util/AbstractList$SubList$1 done
Event: 24.690 loading class java/util/AbstractList$ListItr
Event: 24.691 loading class java/util/AbstractList$ListItr done
Event: 32.078 loading class java/util/AbstractList$RandomAccessSubList
Event: 32.078 loading class java/util/AbstractList$RandomAccessSubList done


Dynamic libraries:
0x00007ff716200000 - 0x00007ff716210000 	C:\Program Files\Java\jdk-17.0.1\bin\java.exe
0x00007ffc88610000 - 0x00007ffc88808000 	C:\WINDOWS\SYSTEM32\ntdll.dll
0x00007ffc87380000 - 0x00007ffc8743d000 	C:\WINDOWS\System32\KERNEL32.DLL
0x00007ffc861e0000 - 0x00007ffc864d6000 	C:\WINDOWS\System32\KERNELBASE.dll
0x00007ffc860e0000 - 0x00007ffc861e0000 	C:\WINDOWS\System32\ucrtbase.dll
0x00007ffc5dcb0000 - 0x00007ffc5dcc8000 	C:\Program Files\Java\jdk-17.0.1\bin\jli.dll
0x00007ffc86e70000 - 0x00007ffc86f1e000 	C:\WINDOWS\System32\ADVAPI32.dll
0x00007ffc5dc90000 - 0x00007ffc5dcaa000 	C:\Program Files\Java\jdk-17.0.1\bin\VCRUNTIME140.dll
0x00007ffc86f20000 - 0x00007ffc86fbe000 	C:\WINDOWS\System32\msvcrt.dll
0x00007ffc880a0000 - 0x00007ffc8813c000 	C:\WINDOWS\System32\sechost.dll
0x00007ffc88140000 - 0x00007ffc88266000 	C:\WINDOWS\System32\RPCRT4.dll
0x00007ffc870f0000 - 0x00007ffc8728e000 	C:\WINDOWS\System32\USER32.dll
0x00007ffc85d90000 - 0x00007ffc85db2000 	C:\WINDOWS\System32\win32u.dll
0x00007ffc88070000 - 0x00007ffc8809c000 	C:\WINDOWS\System32\GDI32.dll
0x00007ffc727d0000 - 0x00007ffc72a6a000 	C:\WINDOWS\WinSxS\amd64_microsoft.windows.common-controls_6595b64144ccf1df_6.0.19041.1110_none_60b5254171f9507e\COMCTL32.dll
0x00007ffc864e0000 - 0x00007ffc865fa000 	C:\WINDOWS\System32\gdi32full.dll
0x00007ffc85cf0000 - 0x00007ffc85d8d000 	C:\WINDOWS\System32\msvcp_win.dll
0x00007ffc7f940000 - 0x00007ffc7f94a000 	C:\WINDOWS\SYSTEM32\VERSION.dll
0x00007ffc866f0000 - 0x00007ffc86720000 	C:\WINDOWS\System32\IMM32.DLL
0x00007ffc79240000 - 0x00007ffc7924c000 	C:\Program Files\Java\jdk-17.0.1\bin\vcruntime140_1.dll
0x00007ffc5c640000 - 0x00007ffc5c6cd000 	C:\Program Files\Java\jdk-17.0.1\bin\msvcp140.dll
0x00007ffc4d3c0000 - 0x00007ffc4df7e000 	C:\Program Files\Java\jdk-17.0.1\bin\server\jvm.dll
0x00007ffc87960000 - 0x00007ffc87968000 	C:\WINDOWS\System32\PSAPI.DLL
0x00007ffc79370000 - 0x00007ffc79379000 	C:\WINDOWS\SYSTEM32\WSOCK32.dll
0x00007ffc7b7e0000 - 0x00007ffc7b807000 	C:\WINDOWS\SYSTEM32\WINMM.dll
0x00007ffc874a0000 - 0x00007ffc8750b000 	C:\WINDOWS\System32\WS2_32.dll
0x00007ffc83b60000 - 0x00007ffc83b72000 	C:\WINDOWS\SYSTEM32\kernel.appcore.dll
0x00007ffc74630000 - 0x00007ffc7463a000 	C:\Program Files\Java\jdk-17.0.1\bin\jimage.dll
0x00007ffc7e840000 - 0x00007ffc7ea24000 	C:\WINDOWS\SYSTEM32\DBGHELP.DLL
0x00007ffc70890000 - 0x00007ffc708c4000 	C:\WINDOWS\SYSTEM32\dbgcore.DLL
0x00007ffc86000000 - 0x00007ffc86082000 	C:\WINDOWS\System32\bcryptPrimitives.dll
0x00007ffc5dc60000 - 0x00007ffc5dc85000 	C:\Program Files\Java\jdk-17.0.1\bin\java.dll
0x00007ffc55ec0000 - 0x00007ffc55f96000 	C:\Program Files\Java\jdk-17.0.1\bin\svml.dll
0x00007ffc86720000 - 0x00007ffc86e65000 	C:\WINDOWS\System32\SHELL32.dll
0x00007ffc83d60000 - 0x00007ffc844fb000 	C:\WINDOWS\SYSTEM32\windows.storage.dll
0x00007ffc88270000 - 0x00007ffc885c4000 	C:\WINDOWS\System32\combase.dll
0x00007ffc85580000 - 0x00007ffc855ae000 	C:\WINDOWS\SYSTEM32\Wldp.dll
0x00007ffc87640000 - 0x00007ffc876ed000 	C:\WINDOWS\System32\SHCORE.dll
0x00007ffc87440000 - 0x00007ffc87495000 	C:\WINDOWS\System32\shlwapi.dll
0x00007ffc85c20000 - 0x00007ffc85c45000 	C:\WINDOWS\SYSTEM32\profapi.dll
0x00007ffc5db90000 - 0x00007ffc5dba9000 	C:\Program Files\Java\jdk-17.0.1\bin\net.dll
0x00007ffc7df70000 - 0x00007ffc7e07a000 	C:\WINDOWS\SYSTEM32\WINHTTP.dll
0x00007ffc85360000 - 0x00007ffc853ca000 	C:\WINDOWS\system32\mswsock.dll
0x00007ffc5db70000 - 0x00007ffc5db85000 	C:\Program Files\Java\jdk-17.0.1\bin\nio.dll
0x00007ffc5d6e0000 - 0x00007ffc5d6f8000 	C:\Program Files\Java\jdk-17.0.1\bin\zip.dll
0x00007ffc73f60000 - 0x00007ffc73f70000 	C:\Program Files\Java\jdk-17.0.1\bin\verify.dll
0x00007ffc5db30000 - 0x00007ffc5db57000 	C:\Users\Rizky\.gradle\native\68d5fa5c4cc2d200863cafc0d521ce42e7d3e7ee720ec0a83991735586a16f82\windows-amd64\native-platform.dll
0x00007ffc5c6d0000 - 0x00007ffc5c814000 	C:\Users\Rizky\.gradle\native\e376f236ea51e6404a007f0833ffe2c6e607c4080706a723a18a27aeea778392\windows-amd64\native-platform-file-events.dll
0x00007ffc730e0000 - 0x00007ffc730e9000 	C:\Program Files\Java\jdk-17.0.1\bin\management.dll
0x00007ffc72d10000 - 0x00007ffc72d1b000 	C:\Program Files\Java\jdk-17.0.1\bin\management_ext.dll
0x00007ffc855c0000 - 0x00007ffc855d8000 	C:\WINDOWS\SYSTEM32\CRYPTSP.dll
0x00007ffc84c90000 - 0x00007ffc84cc4000 	C:\WINDOWS\system32\rsaenh.dll
0x00007ffc85dc0000 - 0x00007ffc85de7000 	C:\WINDOWS\System32\bcrypt.dll
0x00007ffc85be0000 - 0x00007ffc85c0e000 	C:\WINDOWS\SYSTEM32\USERENV.dll
0x00007ffc854f0000 - 0x00007ffc854fc000 	C:\WINDOWS\SYSTEM32\CRYPTBASE.dll
0x00007ffc85070000 - 0x00007ffc850ab000 	C:\WINDOWS\SYSTEM32\IPHLPAPI.DLL
0x00007ffc87290000 - 0x00007ffc87298000 	C:\WINDOWS\System32\NSI.dll
0x00007ffc7f1e0000 - 0x00007ffc7f1f7000 	C:\WINDOWS\SYSTEM32\dhcpcsvc6.DLL
0x00007ffc7f1c0000 - 0x00007ffc7f1dd000 	C:\WINDOWS\SYSTEM32\dhcpcsvc.DLL
0x00007ffc850b0000 - 0x00007ffc8517a000 	C:\WINDOWS\SYSTEM32\DNSAPI.dll
0x00007ffc6d550000 - 0x00007ffc6d55e000 	C:\Program Files\Java\jdk-17.0.1\bin\sunmscapi.dll
0x00007ffc85df0000 - 0x00007ffc85f4e000 	C:\WINDOWS\System32\CRYPT32.dll
0x00007ffc857a0000 - 0x00007ffc857c8000 	C:\WINDOWS\SYSTEM32\ncrypt.dll
0x00007ffc85760000 - 0x00007ffc8579b000 	C:\WINDOWS\SYSTEM32\NTASN1.dll
0x00007ffc81920000 - 0x00007ffc81927000 	C:\WINDOWS\system32\wshunix.dll

dbghelp: loaded successfully - version: 4.0.5 - missing functions: none
symbol engine: initialized successfully - sym options: 0x614 - pdb path: .;C:\Program Files\Java\jdk-17.0.1\bin;C:\WINDOWS\SYSTEM32;C:\WINDOWS\WinSxS\amd64_microsoft.windows.common-controls_6595b64144ccf1df_6.0.19041.1110_none_60b5254171f9507e;C:\Program Files\Java\jdk-17.0.1\bin\server;C:\Users\Rizky\.gradle\native\68d5fa5c4cc2d200863cafc0d521ce42e7d3e7ee720ec0a83991735586a16f82\windows-amd64;C:\Users\Rizky\.gradle\native\e376f236ea51e6404a007f0833ffe2c6e607c4080706a723a18a27aeea778392\windows-amd64

VM Arguments:
jvm_args: --add-opens=java.base/java.util=ALL-UNNAMED --add-opens=java.base/java.lang=ALL-UNNAMED --add-opens=java.base/java.lang.invoke=ALL-UNNAMED --add-opens=java.prefs/java.util.prefs=ALL-UNNAMED --add-opens=java.base/java.nio.charset=ALL-UNNAMED --add-opens=java.base/java.net=ALL-UNNAMED --add-opens=java.base/java.util.concurrent.atomic=ALL-UNNAMED -Xmx2048m -Dfile.encoding=UTF-8 -Duser.country=ID -Duser.language=en -Duser.variant 
java_command: org.gradle.launcher.daemon.bootstrap.GradleDaemon 8.0
java_class_path (initial): C:\Users\Rizky\.gradle\wrapper\dists\gradle-8.0-bin\ca5e32bp14vu59qr306oxotwh\gradle-8.0\lib\gradle-launcher-8.0.jar
Launcher Type: SUN_STANDARD

[Global flags]
     intx CICompilerCount                          = 4                                         {product} {ergonomic}
     uint ConcGCThreads                            = 2                                         {product} {ergonomic}
     uint G1ConcRefinementThreads                  = 8                                         {product} {ergonomic}
   size_t G1HeapRegionSize                         = 1048576                                   {product} {ergonomic}
    uintx GCDrainStackTargetSize                   = 64                                        {product} {ergonomic}
   size_t InitialHeapSize                          = 132120576                                 {product} {ergonomic}
   size_t MarkStackSize                            = 4194304                                   {product} {ergonomic}
   size_t MaxHeapSize                              = 2147483648                                {product} {command line}
   size_t MaxNewSize                               = 1287651328                                {product} {ergonomic}
   size_t MinHeapDeltaBytes                        = 1048576                                   {product} {ergonomic}
   size_t MinHeapSize                              = 8388608                                   {product} {ergonomic}
    uintx NonNMethodCodeHeapSize                   = 5839372                                {pd product} {ergonomic}
    uintx NonProfiledCodeHeapSize                  = 122909434                              {pd product} {ergonomic}
    uintx ProfiledCodeHeapSize                     = 122909434                              {pd product} {ergonomic}
    uintx ReservedCodeCacheSize                    = 251658240                              {pd product} {ergonomic}
     bool SegmentedCodeCache                       = true                                      {product} {ergonomic}
   size_t SoftMaxHeapSize                          = 2147483648                             {manageable} {ergonomic}
     bool UseCompressedClassPointers               = true                           {product lp64_product} {ergonomic}
     bool UseCompressedOops                        = true                           {product lp64_product} {ergonomic}
     bool UseG1GC                                  = true                                      {product} {ergonomic}
     bool UseLargePagesIndividualAllocation        = false                                  {pd product} {ergonomic}

Logging:
Log output configuration:
 #0: stdout all=warning uptime,level,tags
 #1: stderr all=off uptime,level,tags

Environment Variables:
JAVA_HOME=C:\Program Files\Java\jdk-17.0.1
CLASSPATH=.;
PATH=C:\Program Files\Eclipse Adoptium\jdk-17.0.7.7-hotspot\bin;C:\Program Files (x86)\Common Files\Oracle\Java\javapath;C:\Program Files (x86)\NVIDIA Corporation\PhysX\Common;C:\Python310\Scripts\;C:\Python310\;C:\Program Files\Common Files\Oracle\Java\javapath;C:\WINDOWS\system32;C:\WINDOWS;C:\WINDOWS\System32\Wbem;C:\WINDOWS\System32\WindowsPowerShell\v1.0\;C:\WINDOWS\System32\OpenSSH\;C:\ProgramData\chocolatey\bin;C:\Users\Rizky\AppData\Local\Android\Sdk;C:\Users\Rizky\AppData\Local\Android\Sdk\platform-tools;C:\Program Files\Java\jdk1.8.0_211\bin;C:\Program Files\Java\jdk1.8.0_202\bin;C:\xampp\php;C:\ProgramData\ComposerSetup\bin;C:\Users\Rizky\AppData\Local\Android\Sdk\platform-tools;C:\Program Files\nodejs\;C:\Program Files\MongoDB\Server\5.0\bin;C:\Program Files\PowerShell\7\;C:\Program Files\Git\cmd;C:\hadoop\bin;C:\Windows\system32\cmd.exe\bin;C:\hadoop\sbin;C:\Python310;C:\xampp\htdocs\frontend-programming\movie-database\node_modules;";C:\Program Files\Java\jdk-17.0.1\bin";C:\Gradle\gradle-8.1.1\bin;C:\Users\Rizky\AppData\Local\Microsoft\WindowsApps;C:\Users\Rizky\AppData\Local\Android\Sdk\platform-tools;C:\Users\Rizky\AppData\Local\Programs\Microsoft VS Code\bin;C:\Users\Rizky\AppData\Roaming\Composer\vendor\bin;C:\Users\Rizky\AppData\Roaming\npm;C:\src\flutter\bin;C:\xampp\htdocs\frontend-programming\movie-database\node_modules;
USERNAME=Rizky
OS=Windows_NT
PROCESSOR_IDENTIFIER=Intel64 Family 6 Model 58 Stepping 9, GenuineIntel



---------------  S Y S T E M  ---------------

OS:
 Windows 10 , 64 bit Build 19041 (10.0.19041.3393)
OS uptime: 0 days 11:49 hours
Hyper-V role detected

CPU: total 8 (initial active 8) (4 cores per cpu, 2 threads per core) family 6 model 58 stepping 9 microcode 0x21, cx8, cmov, fxsr, ht, mmx, sse, sse2, sse3, ssse3, sse4.1, sse4.2, popcnt, tsc, tscinvbit, avx, aes, erms, clmul, vzeroupper, clflush, hv

Memory: 4k page, system-wide physical 8063M (309M free)
TotalPageFile size 18303M (AvailPageFile size 12M)
current process WorkingSet (physical memory assigned to process): 498M, peak: 498M
current process commit charge ("private bytes"): 564M, peak: 584M

vm_info: Java HotSpot(TM) 64-Bit Server VM (17.0.1+12-LTS-39) for windows-amd64 JRE (17.0.1+12-LTS-39), built on Sep 27 2021 18:41:35 by "mach5one" with MS VC++ 16.8 (VS2019)

END.
